1572242658618	mozrunner::runner	INFO	Running command: "C:\\Program Files (x86)\\Mozilla Firefox\\firefox.exe" "-marionette" "-foreground" "-no-remote" "-profile" "C:\\Users\\ADMINI~1\\AppData\\Local\\Temp\\rust_mozprofileM2VurQ"
1572242661538	addons.webextension.screenshots@mozilla.org	WARN	Loading extension 'screenshots@mozilla.org': Reading manifest: Invalid extension permission: mozillaAddons
1572242661538	addons.webextension.screenshots@mozilla.org	WARN	Loading extension 'screenshots@mozilla.org': Reading manifest: Invalid extension permission: telemetry
1572242661538	addons.webextension.screenshots@mozilla.org	WARN	Loading extension 'screenshots@mozilla.org': Reading manifest: Invalid extension permission: resource://pdf.js/
1572242661538	addons.webextension.screenshots@mozilla.org	WARN	Loading extension 'screenshots@mozilla.org': Reading manifest: Invalid extension permission: about:reader*
JavaScript error: resource://gre/modules/XULStore.jsm, line 66: Error: Can't find profile directory.
1572242667408	Marionette	INFO	Listening on port 55037
1572242667431	Marionette	WARN	TLS certificate errors will be ignored for this session
JavaScript error: https://ss1.bdstatic.com/5eN1bjq8AAUYm2zgoY3K/r/www/cache/static/protocol/https/plugins/every_cookie_4644b13.js, line 4: ReferenceError: c is not defined
[Child 12892, Chrome_ChildThread] WARNING: pipe error: 109: file z:/task_1571244707/build/src/ipc/chromium/src/chrome/common/ipc_channel_win.cc, line 341
[Child 12892, Chrome_ChildThread] WARNING: pipe error: 109: file z:/task_1571244707/build/src/ipc/chromium/src/chrome/common/ipc_channel_win.cc, line 341[Child 12820, Chrome_ChildThread] WARNING: pipe error: 1
09: file z:/task_1571244707/build/src/ipc/chromium/src/chrome/common/ipc_channel_win.cc, line 341
[Child 12820, Chrome_ChildThread] WARNING: pipe error: 109: file z:/task_1571244707/build/src/ipc[Child 12640, Chrome_ChildThread] WARNING: pipe error: 109: file z:/task_1571244707/build/src/ipc/chromium/src/chrome/common/ipc_channel_win.cc, line 341
1572242745001	Marionette	INFO	Stopped listening on port 55037
[GPU 12448, Chla.org	WARN	Loading extension 'screenshots@mozilla.org': Reading manifest: Invalid extension permission: about:reader*
JavaScript error: resource://gre/modules/XULStore.jsm, line 66: Error: Can't find profile directory.
1572242733380	Marionette	INFO	Listening on port 55192
1572242733521	Marionette	WARN	TLS certificate errors will be ignored for this session
JavaScript warning: http://mcmscloud_test.jingyougroup.com/mcms2/js/jquery.js, line 3686: unreachable code after return statement
JavaScript warning: http://mcmscloud_test.jingyougroup.com/mcms2/js/jquery.js, line 3686: unreachable code after return statement
[Child 12468, Chrome_ChildThread] WARNING: pipe error: 109: file z:/task_1571244707/build/src/ipc/chromium/src/chrome/common/ipc_channel_win.cc, line 341
[Child 12468, Chrome_ChildThread] WARNING: pipe error: 109: file z:/task_1571244707/build/src/ipc/chromium/src/chrome/common/ipc_channel_win.cc, line 341
[Child 5812, Chrome_ChildThread] WARNING: pipe error: 109: file z:/task_1571244707/build/src/ipc/chromium/src/chrome/common/ipc_channel_win.cc, line 341
[Child 5812, Chrome_ChildThread] WARNING: pipe error: 109: file z:/task_1571244707/build/src/ipc/chromium/src/chrome/common/ipc_channel_win.cc, line 341
[Parent 2700, Gecko_IOThread] WARNING: pipe error: 109: file z:/task_1571244707/build/src/ipc/chromium/src/chrome/common/ipc_channel_win.cc, line 341
[Child 12304, Chrome_ChildThread] WARNING: pipe error: 109: file z:/task_1571244707/build/src/ipc/chromium/src/chrome/common/ipc_channel_win.cc, line 341
[Child 12304, Chrome_ChildThread] WARNING: pipe error: 109: file z:/task_1571244707/build/src/ipc/chromium/src/chrome/common/ipc_channel_win.cc, line 341
1572243674591	Marionette	INFO	Stopped listening on port 55192
[GPU 11560, Ch
###!!! [Child][RunMessage] Error: Channel closing: too late to send/recv, messages will be lost


###!!! [Child][MessageChannel::SendAndWait] Error: Channel error: cannot send/recv

om/mcms2/js/jquery.js, line 3686: unreachable code after return statement
SourceActor threw an exception: [Exception... "Failed to open input source 'file:///'"  nsresult: "0x80004005 (NS_ERROR_FAILURE)"  location: "JS frame :: resource://devtools/shared/DevToolsUtils.js :: mainThreadFetch/< :: line 678"  data: yes]
Stack: mainThreadFetch/<@resource://devtools/shared/DevToolsUtils.js:678:15
mainThreadFetch@resource://devtools/shared/DevToolsUtils.js:530:10
_fetchURLContents@resource://devtools/server/actors/utils/TabSources.js:580:22
urlContents@resource://devtools/server/actors/utils/TabSources.js:547:17
_resurrectSource@resource://devtools/server/actors/thread.js:2033:69
addAllSources@resource://devtools/server/actors/thread.js:1334:14
onSources@resource://devtools/server/actors/thread.js:1340:10
onPacket@resource://devtools/server/debugger-server-connection.js:378:58
receiveMessage@resource://devtools/shared/transport/child-transport.js:66:16
Line: 678, column: 0
console.error: ({})
JavaScript error: resource://devtools/shared/DevToolsUtils.js, line 678: NS_ERROR_FAILURE: Failed to open input source 'file:///'
[Child 14228, Chrome_ChildThread] WARNING: pipe error: 109: file z:/task_1571244707/build/src/ipc/chromium/src/chrome/common/ipc_channel_win.cc, line 341
[Child 14228, Chrome_ChildThread] WARNING: pipe error: 109: file z:/task_1571244707/build/src/ipc/[Child 13252, Chrome_ChildThread] WARNING: pipe error: 109: file z:/task_1571244707/build/src/ipc/chromium/src/chrome/common/ipc_channel_win.cc, line 341
[Child 13252, Chrome_ChildThread] WARNING: pipe error: 109: file z:/task_1571244707/build/src/ipc/chromium/src/chrome/common/ipc_channel_win.cc, line 341
[Child 9776, Chrome_ChildThread] WARNING: pipe error: 109: file z:/task_1571244707/build/src/ipc/chromium/src/chrome/common/ipc_channel_win.cc, line 341
[Child 9776, Chrome_ChildThread] WARNING: pipe error: 109: file z:/task_1571244707/build/src/ipc/chromium/src/chrome/common/ipc_channel_win.cc, line 341
1572243671501	Marionette	INFO	Stopped listening on port 55370

###!!! [Child][RunMessage] Error: Channel closing: too late to send/recv, messages will be lost

[GPU 14160, Chrome_Chi1572243719660	mozrunner::runner	INFO	Running command: "C:\\Program Files (x86)\\Mozilla Firefox\\firefox.exe" "-marionette" "-foreground" "-no-remote" "-profile" "C:\\Users\\ADMINI~1\\AppData\\Local\\Temp\\rust_mozprofileHeZ59E"
1572243720922	addons.webextension.screenshots@mozilla.org	WARN	Loading extension 'screenshots@mozilla.org': Reading manifest: Invalid extension permission: mozillaAddons
1572243720922	addons.webextension.screenshots@mozilla.org	WARN	Loading extension 'screenshots@mozilla.org': Reading manifest: Invalid extension permission: telemetry
1572243720922	addons.webextension.screenshots@mozilla.org	WARN	Loading extension 'screenshots@mozilla.org': Reading manifest: Invalid extension permission: resource://pdf.js/
1572243720923	addons.webextension.screenshots@mozilla.org	WARN	Loading extension 'screenshots@mozilla.org': Reading manifest: Invalid extension permission: about:reader*
JavaScript error: resource://gre/modules/XULStore.jsm, line 66: Error: Can't find profile directory.
1572243724991	Marionette	INFO	Listening on port 56606
1572243725081	Marionette	WARN	TLS certificate errors will be ignored for this session
JavaScript warning: http://mcmscloud_test.jingyougroup.com/mcms2/js/jquery.js, line 3686: unreachable code after return statement
JavaScript warning: http://mcmscloud_test.jingyougroup.com/mcms2/js/jquery.js, line 3686: unreachable code after return statement
[Child 13984, Chrome_ChildThread] WARNING: pipe error: 109: file z:/task_1571244707/build/src/ipc/chromium/src/chrome/common/ipc_channel_win.cc, line 341
[Child 13984, Chrome_ChildThread] WARNING: pipe error: 109: file z:/task_1571244707/build/src/ipc[Child 13996, Chrome_ChildThread] WARNING: pipe error: 109: file z:/task_1571244707/build/src/ipc/chromium/src/chrome/common/ipc_channel_win.cc, line 341
[Child 13996, Chrome_ChildThread] WARNING: pipe error: 109: file z:/task_1571244707/build/src/ipc/chromium/src/chrome/common/ipc_channel_w[Child 8792, Chrome_ChildThread] WARNING: pipe error: 109: file z:/task_1571244707/build/src/ipc/chromium/src/chrome/common/ipc_channel_win.cc, line 341
[Child 8792, Chrome_ChildThread] WARNING: pipe error: 109: file z:/task_1571244707/build/src/ipc/chromium/src/chrome/common/ipc_channel_win.cc, line 341
1572243817016	Marionette	INFO	Stopped listening on port 56606
[GPU 12548, Chrome_ChildThr
###!!! [Child][RunMessage] Error: Channel closing: too late to send/recv, messages will be lost

ead] WARNING: pipe error: 1091572243821327	mozrunner::runner	INFO	Running command: "C:\\Program Files (x86)\\Mozilla Firefox\\firefox.exe" "-marionette" "-foreground" "-no-remote" "-profile" "C:\\Users\\ADMINI~1\\AppData\\Local\\Temp\\rust_mozprofile3Wc7ar"
1572243821991	addons.webextension.screenshots@mozilla.org	WARN	Loading extension 'screenshots@mozilla.org': Reading manifest: Invalid extension permission: mozillaAddons
1572243821991	addons.webextension.screenshots@mozilla.org	WARN	Loading extension 'screenshots@mozilla.org': Reading manifest: Invalid extension permission: telemetry
1572243821992	addons.webextension.screenshots@mozilla.org	WARN	Loading extension 'screenshots@mozilla.org': Reading manifest: Invalid extension permission: resource://pdf.js/
1572243821992	addons.webextension.screenshots@mozilla.org	WARN	Loading extension 'screenshots@mozilla.org': Reading manifest: Invalid extension permission: about:reader*
JavaScript error: resource://gre/modules/XULStore.jsm, line 66: Error: Can't find profile directory.
[Child 9356, Chrome_ChildThread] WARNING: pipe error: 109: file z:/task_1571244707/build/src/ipc/chromium/src/chrome/common/ipc_channel_win.cc, line 341
[Child 9356, Chrome_ChildThread] WARNING: pipe error: 109: file z:/task_1571244707/build/src/ipc/chromium/src/chrome/common/ipc_channel_win.cc, line 341
1572243825579	Marionette	INFO	Listening on port 56775
1572243825647	Marionette	WARN	TLS certificate errors will be ignored for this session
JavaScript warning: http://mcmscloud_test.jingyougroup.com/mcms2/js/jquery.js, line 3686: unreachable code after return statement
JavaScript warning: http://mcmscloud_test.jingyougroup.com/mcms2/js/jquery.js, line 3686: unreachable code after return statement
1572243891848	Marionette	WARN	TimedPromise timed out after 500 ms: stacktrace:
bail@chrome://marionette/content/sync.js:237:64
send@http://mcmscloud_test.jingyougroup.com/mcms2/js/jquery-1.9.1.js:8526:10
ajax@http://mcmscloud_test.jingyougroup.com/mcms2/js/jquery-1.9.1.js:7978:15
doAjax@http://mcmscloud_test.jingyougroup.com/mcms2/js/commonData.js?v=0.6778520302185613:865:4
historyCaseInfo@http://mcmscloud_test.jingyougroup.com/mcms2/js/commonData.js?v=0.6778520302185613:134:9
firstDiagnoseRadio@http://mcmscloud_test.jingyougroup.com/mcms2/js/firstSurvey.js?v=0.9649290479461564:2075:18
onclick@http://mcmscloud_test.jingyougroup.com/mcms2/firstLook/loadFirstLookInfo.do?flowId=8EE41CC4B3F5C890E050A8C07C5A70E6&actionType=edit&listLoadFlag=1:1:19
trigger@http://mcmscloud_test.jingyougroup.com/mcms2/js/jquery-1.9.1.js:3246:11
trigger@http://mcmscloud_test.jingyougroup.com/mcms2/js/jquery-1.9.1.js:2952:60
trigger/<@http://mcmscloud_test.jingyougroup.com/mcms2/js/jquery-1.9.1.js:3677:17
each@http://mcmscloud_test.jingyougroup.com/mcms2/js/jquery-1.9.1.js:648:23
each@http://mcmscloud_test.jingyougroup.com/mcms2/js/jquery-1.9.1.js:270:17
trigger@http://mcmscloud_test.jingyougroup.com/mcms2/js/jquery-1.9.1.js:3676:15
jQuery.fn[name]@http://mcmscloud_test.jingyougroup.com/mcms2/js/jquery-1.9.1.js:7403:9
setFirstYgInjureChecked@http://mcmscloud_test.jingyougroup.com/mcms2/js/firstSurvey.js?v=0.9649290479461564:3544:20
setYgInjureItem@http://mcmscloud_test.jingyougroup.com/mcms2/js/firstSurvey.js?v=0.9649290479461564:2200:29
returnYgInjureInfo@http://mcmscloud_test.jingyougroup.com/mcms2/jsp/common/survey_injureItem_bottom.jsp:67:38
add@http://mcmscloud_test.jingyougroup.com/mcms2/jsp/common/survey_injureItem_bottom.jsp:55:35
onclick@http://mcmscloud_test.jingyougroup.com/mcms2/jsp/common/survey_injureItem_bottom.jsp:1:1
event.synthesizeMouseAtPoint@chrome://marionette/content/event.js:213:14
webdriverClickElement@chrome://marionette/content/interaction.js:192:11
[Child 11344, Chrome_ChildThread] WARNING: pipe error: 109: file z:/task_1571244707/build/src/ipc/chromium/src/chrome/common/ipc_channel_win.cc, line 341
[Child 11344, Chrome_ChildThread] WARNING: pipe error: 109: file z:/task_1571244707/build/src/ipc/chromium/src/chrome/common/ipc_channel_win.cc, line 341
[Child 8624, Chrome_ChildThread] WARNING: pipe error: 109: file z:/task_1571244707/build/src/ipc/chromium/src/chrome/common/ipc_channel_win.cc, line 341
[Child 8624, Chrome_ChildThread] WARNING: pipe error: 109: file z:/task_157124470[Parent 9292, Gecko_IOThread] WARNING: pipe error: 109: file z:/task_1571244707/build/src/ipc/chromium/src/chrome/common/ipc_channel_win.cc, line 341
[Child 13308, Chrome_ChildThread] WARNING: pipe error: 109: file z:/task_1571244707/build/src/ipc/chromium/src/chrome/common/ipc_channel_win.cc, line 341
[Child 13308, Chrome_ChildThread] WARNING: pipe error: 109: file z:/task_1571244707/build/src/ipc/chromium/src/chrome/common/ipc_channel_win.cc, line 341
1572244642796	Marionette	INFO	Stopped listening on port 56775

###!!! [Child][RunMessage] Error: Channel closing: too late to send/recv, messages will be lost

[rning: http://mcmscloud_test.jingyougroup.com/mcms2/js/jquery.js, line 3686: unreachable code after return statement
JavaScript warning: http://mcmscloud_test.jingyougroup.com/mcms2/js/jquery.js, line 3686: unreachable code after return statement
1572244478846	Marionette	WARN	TimedPromise timed out after 500 ms: stacktrace:
bail@chrome://marionette/content/sync.js:237:64
send@http://mcmscloud_test.jingyougroup.com/mcms2/js/jquery-1.9.1.js:8526:10
ajax@http://mcmscloud_test.jingyougroup.com/mcms2/js/jquery-1.9.1.js:7978:15
autoSaveDisabilityItem@http://mcmscloud_test.jingyougroup.com/mcms2/js/commonData.js?v=0.7494681558091034:431:4
automaticTakeOutDisability@http://mcmscloud_test.jingyougroup.com/mcms2/js/commonData.js?v=0.7494681558091034:339:24
historyCaseInfo/<@http://mcmscloud_test.jingyougroup.com/mcms2/js/commonData.js?v=0.7494681558091034:143:32
fire@http://mcmscloud_test.jingyougroup.com/mcms2/js/jquery-1.9.1.js:1037:30
fireWith@http://mcmscloud_test.jingyougroup.com/mcms2/js/jquery-1.9.1.js:1148:11
done@http://mcmscloud_test.jingyougroup.com/mcms2/js/jquery-1.9.1.js:8074:14
callback@http://mcmscloud_test.jingyougroup.com/mcms2/js/jquery-1.9.1.js:8598:16
send@http://mcmscloud_test.jingyougroup.com/mcms2/js/jquery-1.9.1.js:8604:7
ajax@http://mcmscloud_test.jingyougroup.com/mcms2/js/jquery-1.9.1.js:7978:15
doAjax@http://mcmscloud_test.jingyougroup.com/mcms2/js/commonData.js?v=0.7494681558091034:865:4
historyCaseInfo@http://mcmscloud_test.jingyougroup.com/mcms2/js/commonData.js?v=0.7494681558091034:134:9
firstDiagnoseRadio@http://mcmscloud_test.jingyougroup.com/mcms2/js/firstSurvey.js?v=0.8375774570179643:2075:18
onclick@http://mcmscloud_test.jingyougroup.com/mcms2/firstLook/loadFirstLookInfo.do?flowId=8EE41CC4B3F5C890E050A8C07C5A70E6&actionType=edit&listLoadFlag=1:1:19
trigger@http://mcmscloud_test.jingyougroup.com/mcms2/js/jquery-1.9.1.js:3246:11
trigger@http://mcmscloud_test.jingyougroup.com/mcms2/js/jquery-1.9.1.js:2952:60
trigger/<@http://mcmscloud_test.jingyougroup.com/mcms2/js/jquery-1.9.1.js:3677:17
each@http://mcmscloud_test.jingyougroup.com/mcms2/js/jquery-1.9.1.js:648:23
each@http://mcmscloud_test.jingyougroup.com/mcms2/js/jquery-1.9.1.js:270:17
trigger@http://mcmscloud_test.jingyougroup.com/mcms2/js/jquery-1.9.1.js:3676:15
jQuery.fn[name]@http://mcmscloud_test.jingyougroup.com/mcms2/js/jquery-1.9.1.js:7403:9
setFirstYgInjureChecked@http://mcmscloud_test.jingyougroup.com/mcms2/js/firstSurvey.js?v=0.8375774570179643:3544:20
setYgInjureItem@http://mcmscloud_test.jingyougroup.com/mcms2/js/firstSurvey.js?v=0.8375774570179643:2200:29
returnYgInjureInfo@http://mcmscloud_test.jingyougroup.com/mcms2/jsp/common/survey_injureItem_bottom.jsp:67:38
add@http://mcmscloud_test.jingyougroup.com/mcms2/jsp/common/survey_injureItem_bottom.jsp:55:35
onclick@http://mcmscloud_test.jingyougroup.com/mcms2/jsp/common/survey_injureItem_bottom.jsp:1:1
event.synthesizeMouseAtPoint@chrome://marionette/content/event.js:213:14
webdriverClickElement@chrome://marionette/content/interaction.js:192:11
1572244642234	mozrunner::runner	INFO	Running command: "C:\\Program Files (x86)\\Mozilla Firefox\\firefox.exe" "-marionette" "-foreground" "-no-remote" "-profile" "C:\\Users\\ADMINI~1\\AppData\\Local\\Temp\\rust_mozprofileJIrfsB"
1572244643079	addons.webextension.screenshots@mozilla.org	WARN	Loading extension 'screenshots@mozilla.org': Reading manifest: Invalid extension permission: mozillaAddons
1572244643079	addons.webextension.screenshots@mozilla.org	WARN	Loading extension 'screenshots@mozilla.org': Reading manifest: Invalid extension permission: telemetry
1572244643080	addons.webextension.screenshots@mozilla.org	WARN	Loading extension 'screenshots@mozilla.org': Reading manifest: Invalid extension permission: resource://pdf.js/
1572244643080	addons.webextension.screenshots@mozilla.org	WARN	Loading extension 'screenshots@mozilla.org': Reading manifest: Invalid extension permission: about:reader*
JavaScript error: resource://gre/modules/XULStore.jsm, line 66: Error: Can't find profile directory.
1572244646210	Marionette	INFO	Listening on port 58077
1572244646585	Marionette	WARN	TLS certificate errors will be ignored for this session
JavaScript warning: http://mcmscloud_test.jingyougroup.com/mcms2/js/jquery.js, line 3686: unreachable code after return statement
JavaScript warning: http://mcmscloud_test.jingyougroup.com/mcms2/js/jquery.js, line 3686: unreachable code after return statement
1572244711590	Marionette	WARN	TimedPromise timed out after 500 ms: stacktrace:
bail@chrome://marionette/content/sync.js:237:64
send@http://mcmscloud_test.jingyougroup.com/mcms2/js/jquery-1.9.1.js:8526:10
ajax@http://mcmscloud_test.jingyougroup.com/mcms2/js/jquery-1.9.1.js:7978:15
doAjax@http://mcmscloud_test.jingyougroup.com/mcms2/js/commonData.js?v=0.1376058629795529:865:4
historyCaseInfo@http://mcmscloud_test.jingyougroup.com/mcms2/js/commonData.js?v=0.1376058629795529:134:9
firstDiagnoseRadio@http://mcmscloud_test.jingyougroup.com/mcms2/js/firstSurvey.js?v=0.08058071946820322:2075:18
onclick@http://mcmscloud_test.jingyougroup.com/mcms2/firstLook/loadFirstLookInfo.do?flowId=8EE41CC4B3F5C890E050A8C07C5A70E6&actionType=edit&listLoadFlag=1:1:19
trigger@http://mcmscloud_test.jingyougroup.com/mcms2/js/jquery-1.9.1.js:3246:11
trigger@http://mcmscloud_test.jingyougroup.com/mcms2/js/jquery-1.9.1.js:2952:60
trigger/<@http://mcmscloud_test.jingyougroup.com/mcms2/js/jquery-1.9.1.js:3677:17
each@http://mcmscloud_test.jingyougroup.com/mcms2/js/jquery-1.9.1.js:648:23
each@http://mcmscloud_test.jingyougroup.com/mcms2/js/jquery-1.9.1.js:270:17
trigger@http://mcmscloud_test.jingyougroup.com/mcms2/js/jquery-1.9.1.js:3676:15
jQuery.fn[name]@http://mcmscloud_test.jingyougroup.com/mcms2/js/jquery-1.9.1.js:7403:9
setFirstYgInjureChecked@http://mcmscloud_test.jingyougroup.com/mcms2/js/firstSurvey.js?v=0.08058071946820322:3544:20
setYgInjureItem@http://mcmscloud_test.jingyougroup.com/mcms2/js/firstSurvey.js?v=0.08058071946820322:2200:29
returnYgInjureInfo@http://mcmscloud_test.jingyougroup.com/mcms2/jsp/common/survey_injureItem_bottom.jsp:67:38
add@http://mcmscloud_test.jingyougroup.com/mcms2/jsp/common/survey_injureItem_bottom.jsp:55:35
onclick@http://mcmscloud_test.jingyougroup.com/mcms2/jsp/common/survey_injureItem_bottom.jsp:1:1
event.synthesizeMouseAtPoint@chrome://marionette/content/event.js:213:14
webdriverClickElement@chrome://marionette/content/interaction.js:192:11
SourceActor threw an exception: [Exception... "Failed to open input source 'file:///'"  nsresult: "0x80004005 (NS_ERROR_FAILURE)"  location: "JS frame :: resource://devtools/shared/DevToolsUtils.js :: mainThreadFetch/< :: line 678"  data: yes]
Stack: mainThreadFetch/<@resource://devtools/shared/DevToolsUtils.js:678:15
mainThreadFetch@resource://devtools/shared/DevToolsUtils.js:530:10
_fetchURLContents@resource://devtools/server/actors/utils/TabSources.js:580:22
urlContents@resource://devtools/server/actors/utils/TabSources.js:547:17
_resurrectSource@resource://devtools/server/actors/thread.js:2033:69
addAllSources@resource://devtools/server/actors/thread.js:1334:14
onSources@resource://devtools/server/actors/thread.js:1340:10
onPacket@resource://devtools/server/debugger-server-connection.js:378:58
receiveMessage@resource://devtools/shared/transport/child-transport.js:66:16
Line: 678, column: 0
console.error: ({})
JavaScript error: resource://devtools/shared/DevToolsUtils.js, line 678: NS_ERROR_FAILURE: Failed to open input source 'file:///'
IPDL protocol error: Handler returned error code!

###!!! [Parent][DispatchAsyncMessage] Error: PLayerTransaction::Msg_ReleaseLayer Processing error: message was deserialized, but the handler returned false (indicating failure)

[Child 4648, Chrome_ChildThread] WARNING: pipe error: 109: file z:/task_1571244707/build/src[/ipc/chromium/src/chrome/common/ipc_channel_win.cc, line 341
Child 9480, [Child 4648, Chrome_ChildThrChrome_ChildThead] WARNread] WARNING: pipe error: 109: file z:/task_1571244707/build/src/ipc/chromium/src/chrome/common/ipc_channel_win.cc, line 341
[Child 9480, Chrome_ChildThread] WARNING: pipe error: 109: file z:/task_1571244707/build/src/ipc/chromium/src/chrome/common/ipc_channel_win.cc, line 341
[Child 10880, Chrome_ChildThread] WARNING: pipe error: 109: file z:/task_1571244707/build/src/ipc/chromium/src/chrome/common/ipc_channel_win.cc, line 341
[Child 10880, Chrome_ChildThread] WARNING: pipe error: 109: file z:/task_1571244707/build/src/ipc/chromium/src/chrome/common/ipc_channel_win.cc, line 341
1572244967598	Marionette	INFO	Stopped listening on port 58077

###!!! [Child][RunMessage] Error: Channel closing: too late to send/recv, messages will be lost

[GPU 3144,
###!!! [Child][MessageChannel::SendAndWait] Error: (msgtype=0x590005,name=PImageBridge::Msg_WillClose) Channel error: cannot send/recv

1572401447493	mozrunner::runner	INFO	Running command: "C:\\Program Files (x86)\\Mozilla Firefox\\firefox.exe" "-marionette" "-foreground" "-no-remote" "-profile" "C:\\Users\\ADMINI~1\\AppData\\Local\\Temp\\rust_mozprofile3R0i3c"
1572401450340	addons.webextension.screenshots@mozilla.org	WARN	Loading extension 'screenshots@mozilla.org': Reading manifest: Invalid extension permission: mozillaAddons
1572401450340	addons.webextension.screenshots@mozilla.org	WARN	Loading extension 'screenshots@mozilla.org': Reading manifest: Invalid extension permission: telemetry
1572401450341	addons.webextension.screenshots@mozilla.org	WARN	Loading extension 'screenshots@mozilla.org': Reading manifest: Invalid extension permission: resource://pdf.js/
1572401450341	addons.webextension.screenshots@mozilla.org	WARN	Loading extension 'screenshots@mozilla.org': Reading manifest: Invalid extension permission: about:reader*
JavaScript error: resource://gre/modules/XULStore.jsm, line 66: Error: Can't find profile directory.
1572401455929	Marionette	INFO	Listening on port 4024
1572401456228	Marionette	WARN	TLS certificate errors will be ignored for this session
JavaScript warning: http://mcmscloud_test.jingyougroup.com/mcms2/js/jquery.js, line 3686: unreachable code after return statement
JavaScript warning: http://mcmscloud_test.jingyougroup.com/mcms2/js/jquery.js, line 3686: unreachable code after return statement
1572401470236	Marionette	WARN	TimedPromise timed out after 500 ms: stacktrace:
bail@chrome://marionette/content/sync.js:237:64
send@http://mcmscloud_test.jingyougroup.com/mcms2/js/jquery-1.9.1.js:8526:10
ajax@http://mcmscloud_test.jingyougroup.com/mcms2/js/jquery-1.9.1.js:7978:15
validaFlowStateNew@http://mcmscloud_test.jingyougroup.com/mcms2/js/common.js:2022:4
success@http://mcmscloud_test.jingyougroup.com/mcms2/firstLook/loadFirstLookList.do:67:22
fire@http://mcmscloud_test.jingyougroup.com/mcms2/js/jquery-1.9.1.js:1037:30
fireWith@http://mcmscloud_test.jingyougroup.com/mcms2/js/jquery-1.9.1.js:1148:11
done@http://mcmscloud_test.jingyougroup.com/mcms2/js/jquery-1.9.1.js:8074:14
callback@http://mcmscloud_test.jingyougroup.com/mcms2/js/jquery-1.9.1.js:8598:16
send@http://mcmscloud_test.jingyougroup.com/mcms2/js/jquery-1.9.1.js:8604:7
ajax@http://mcmscloud_test.jingyougroup.com/mcms2/js/jquery-1.9.1.js:7978:15
showDetail@http://mcmscloud_test.jingyougroup.com/mcms2/firstLook/loadFirstLookList.do:60:5
onclick@http://mcmscloud_test.jingyougroup.com/mcms2/firstLook/loadFirstLookList.do:1:11
event.synthesizeMouseAtPoint@chrome://marionette/content/event.js:213:14
webdriverClickElement@chrome://marionette/content/interaction.js:192:11
[Child 8912, Chrome_ChildThread] WARNING: pipe error: 109: file z:/task_[Child 11028, Chrome_ChildThread] WARNING: pipe1571244707/build/src/ipc/chromium/src/chrome/common/ipc_ error: 109: file z:/task_1571244707/build/src/ipc/chromium/src/chrome/common/ipc_channel_win.cc, line 341
channe[Child 11028, Chrome_ChildThread] WARNING: pipe error: 109: file z:/task_157124470l_win.cc, line 341
[Child 8912, Chrome_ChildThread] WARNING: pipe error: 109: file z:/task_1571244707/build/src/ipc/chromium/src/chrome/common/ipc_channel_win.cc, line 341
[Child 2648, Chrome_ChildThread] WARNING: pipe error: 109: file z:/task_1571244707/build/src/ipc/chromium/src/chrome/common/ipc_channel_win.cc, line 341
[Child 2648, Chrome_ChildThread] WARNING: pipe error: 109: file z:/task_1571244707/build/src/ipc/chromium/src/chrome/common/ipc_channel_win.cc, line 341
1572402796358	Marionette	INFO	Stopped listening on port 4024
[GPU 2
###!!! [Child][RunMessage] Error: Channel closing: too late to send/recv, messages will be lost

5
###!!! [Child][MessageChannel::SendAndWait] Error: Channel error: cannot send/recv

cate errors will be ignored for this session
JavaScript warning: http://mcmscloud_test.jingyougroup.com/mcms2/js/jquery.js, line 3686: unreachable code after return statement
JavaScript warning: http://mcmscloud_test.jingyougroup.com/mcms2/js/jquery.js, line 3686: unreachable code after return statement
1572402027829	Marionette	WARN	TimedPromise timed out after 500 ms: stacktrace:
bail@chrome://marionette/content/sync.js:237:64
1572402049745	Marionette	WARN	TimedPromise timed out after 500 ms: stacktrace:
bail@chrome://marionette/content/sync.js:237:64
send@http://mcmscloud_test.jingyougroup.com/mcms2/js/jquery-1.9.1.js:8526:10
ajax@http://mcmscloud_test.jingyougroup.com/mcms2/js/jquery-1.9.1.js:7978:15
getInjureBelongInfo@http://mcmscloud_test.jingyougroup.com/mcms2/js/common.js?v=0.052926499769681334:97:7
injureTypeClick@http://mcmscloud_test.jingyougroup.com/mcms2/js/common.js?v=0.052926499769681334:995:9
onclick@http://mcmscloud_test.jingyougroup.com/mcms2/firstLook/loadFirstLookInfo.do?flowId=8EE41CC4B3F5C890E050A8C07C5A70E6&actionType=edit&listLoadFlag=1:1:16
event.synthesizeMouseAtPoint@chrome://marionette/content/event.js:213:14
webdriverClickElement@chrome://marionette/content/interaction.js:192:11
[Child 11440, Chrome_ChildThread] WARNING: pipe error: 109: file z:/task_1571244707/build/src/ipc/chromium/src/chrome/common/ipc_channel_win.cc, line 341
[Child 11440, Chrome_ChildThread] WARNING: pipe error: 109: file z:/task_1571244707/build/src/ipc/chromium/src/chrom[Child 11568, Chrome_ChildThread] WARNING: pipe error: 109: file z:/task_1571244707/build/src/ipc/chromium/src/chrome/common/ipc_channel_win.cc, line 341
[Child 11568, Chrome_ChildThread] WAR[Child 11332, Chrome_ChildThread] WARNING: pipe error: 109: file z:/task_1571244707/build/src/ipc/chromium/src/chrome/common/ipc_channel_win.cc, line 341
[Child 11332, Chrome_ChildThread] WARNING: pipe error: 109: file z:/task_1571244707/build/src/ipc/chromium/src/chrome/common/ipc_channel_win.cc, line 341
1572402797147	Marionette	INFO	Stopped listening on port 4671
1577785505550	mozrunner::runner	INFO	Running command: "C:\\Program Files (x86)\\Mozilla Firefox\\firefox.exe" "-marionette" "-foreground" "-no-remote" "-profile" "C:\\Users\\ADMINI~1\\AppData\\Local\\Temp\\rust_mozprofile1BVDKP"
1577785511553	addons.webextension.screenshots@mozilla.org	WARN	Loading extension 'screenshots@mozilla.org': Reading manifest: Invalid extension permission: mozillaAddons
1577785511554	addons.webextension.screenshots@mozilla.org	WARN	Loading extension 'screenshots@mozilla.org': Reading manifest: Invalid extension permission: telemetry
1577785511554	addons.webextension.screenshots@mozilla.org	WARN	Loading extension 'screenshots@mozilla.org': Reading manifest: Invalid extension permission: resource://pdf.js/
1577785511554	addons.webextension.screenshots@mozilla.org	WARN	Loading extension 'screenshots@mozilla.org': Reading manifest: Invalid extension permission: about:reader*
JavaScript error: resource://gre/modules/XULStore.jsm, line 66: Error: Can't find profile directory.
1577785519043	Marionette	INFO	Listening on port 56961
1577785519166	Marionette	WARN	TLS certificate errors will be ignored for this session
JavaScript warning: https://testmcmscloud.iclaim.cn:6443/mcms2/js/jquery.js, line 3686: unreachable code after return statement
JavaScript warning: https://testmcmscloud.iclaim.cn:6443/mcms2/js/jquery.js, line 3686: unreachable code after return statement
[Child 12004, Chrome_ChildThread] WARNING: pipe error: 109: file z:/task_1575282935/build/src/ipc/chromium/src/chrome/common/ipc_channel_win.cc, line 341
[Child 15768, Chrome_ChildThread] WARNING: pipe error: 109: file z:/task_1575282935/build/src/ipc/chromium/src/chrome/common/ipc_channel_win.cc, line 341
[Child 15768, Chrome_ChildThread] WARNING: pipe error: 109: file z:/task_1575282935/build/src/ipc/chromium/src/chrome/common/ipc_channel_win.cc, line 341
[Child 15628, Chrome_ChildThread] WARNING: pipe error: 109: file z:/task_1575282935/build/src/ipc/chromium/src/chrome/common/ipc_channel_win.cc, line 341
[Child 15628, Chrome_ChildThread] WARNING: pipe error: 109: file z:/task_1575282935/build/src/ipc/chromium/src/chrome/common/ipc_channel_win.cc, line 31577785549727	Marionette	INFO	Stopped listening on port 56961

###!!! [Child][RunMessage] Error: Channel closing: too late to send/recv, messages will be lost

[GPU 7192, Chrome_Ch1577785767381	mozrunner::runner	INFO	Running command: "C:\\Program Files (x86)\\Mozilla Firefox\\firefox.exe" "-marionette" "-foreground" "-no-remote" "-profile" "C:\\Users\\ADMINI~1\\AppData\\Local\\Temp\\rust_mozprofileBy79Eu"
1577785768021	addons.webextension.screenshots@mozilla.org	WARN	Loading extension 'screenshots@mozilla.org': Reading manifest: Invalid extension permission: mozillaAddons
1577785768021	addons.webextension.screenshots@mozilla.org	WARN	Loading extension 'screenshots@mozilla.org': Reading manifest: Invalid extension permission: telemetry
1577785768021	addons.webextension.screenshots@mozilla.org	WARN	Loading extension 'screenshots@mozilla.org': Reading manifest: Invalid extension permission: resource://pdf.js/
1577785768021	addons.webextension.screenshots@mozilla.org	WARN	Loading extension 'screenshots@mozilla.org': Reading manifest: Invalid extension permission: about:reader*
JavaScript error: resource://gre/modules/XULStore.jsm, line 66: Error: Can't find profile directory.
1577785771706	Marionette	INFO	Listening on port 57652
1577785771831	Marionette	WARN	TLS certificate errors will be ignored for this session
JavaScript warning: https://testmcmscloud.iclaim.cn:6443/mcms2/js/jquery.js, line 3686: unreachable code after return statement
JavaScript warning: https://testmcmscloud.iclaim.cn:6443/mcms2/js/jquery.js, line 3686: unreachable code after return statement
[Parent 15024, Gecko_IOThread] WARNING: pipe error: 109: file z:/task_1575282935/build/src/ipc/chromium/src/chrome/common/ipc_channel_win.cc, line 341
[Parent 15024, Gecko_IOThread] WARNING: pipe error: 109: file z:/task_1575282935/build/src/ipc/chromium/src/chrome/common/ipc_channel_win.cc, line 341
[Child 14660, Chrome_ChildThread] WARNING: pipe error: 109: file z:/task_1575282935/build/src/ipc/chromium/src/chrome/common/ipc_channel_win.cc, line 341
[Child 14660, Chrome_ChildThread] WARNING: pipe error: 109: file z:/task_1575282935/build/src/ipc/chromium/src/chrome/[Child 15864, Chrome_ChildThread] WARNING: pipe error: 109: file z:/task_1575282935/build/src/ipc/chromium/src/chrome/common/ipc_channel_win.cc, line 341
[Child 15864, Chrome_Ch[Child 6116, Chrome_ChildThread] WARNING: pipe error: 109: file z:/task_1575282935/build/src/ipc/chromium/src/chrome/common/ipc_channel_win.cc, line 341
[Child 6116, Chrome_ChildThread] WARNING: pipe error: 109: file z:/task_1575282935/build/src/ipc/chromium/src/c1577785795464	Marionette	INFO	Stopped listening on port 57652

###!!! [Child][RunMessage] Error: Channel closing: too late to send/recv, messages will be lost

[GPU 15268, Chrome_Chil
###!!! [Child][MessageChannel::SendAndWait] Error: Channel error: cannot send/recv

1577786061080	mozrunner::runner	INFO	Running command: "C:\\Program Files (x86)\\Mozilla Firefox\\firefox.exe" "-marionette" "-foreground" "-no-remote" "-profile" "C:\\Users\\ADMINI~1\\AppData\\Local\\Temp\\rust_mozprofileFJ3DO7"
1577786061770	addons.webextension.screenshots@mozilla.org	WARN	Loading extension 'screenshots@mozilla.org': Reading manifest: Invalid extension permission: mozillaAddons
1577786061770	addons.webextension.screenshots@mozilla.org	WARN	Loading extension 'screenshots@mozilla.org': Reading manifest: Invalid extension permission: telemetry
1577786061770	addons.webextension.screenshots@mozilla.org	WARN	Loading extension 'screenshots@mozilla.org': Reading manifest: Invalid extension permission: resource://pdf.js/
1577786061770	addons.webextension.screenshots@mozilla.org	WARN	Loading extension 'screenshots@mozilla.org': Reading manifest: Invalid extension permission: about:reader*
JavaScript error: resource://gre/modules/XULStore.jsm, line 66: Error: Can't find profile directory.
1577786064641	Marionette	INFO	Listening on port 58353
1577786064893	Marionette	WARN	TLS certificate errors will be ignored for this session
JavaScript warning: https://testmcmscloud.iclaim.cn:6443/mcms2/js/jquery.js, line 3686: unreachable code after return statement
JavaScript warning: https://testmcmscloud.iclaim.cn:6443/mcms2/js/jquery.js, line 3686: unreachable code after return statement
[Parent 16436, Gecko_IOThread] WARNING: pipe error: 109: file z:/task_1575282935/build/src/ipc/chromium/src/chrome/common/ipc_channel_win.cc, line 341
[Child 9980, Chrome_ChildThread] WARNING: pipe error: 109: file z:/task_1575282935/build/src/ipc/chromium/src/chrome/common/ipc_channel_win.cc, line 341
[Child 9980, Chrome_ChildThread] WARNING: pipe error: 109: file z:/task_1575282935/build/src/ipc/chro[Parent 16436, Gecko_IOThread] WARNING: pipe error: 109: file z:/task_1575282935/build/src/ipc/chromium/src/chrome/common/ipc_channel_win.cc, line 341
[Child 17204, Chrome_ChildThread] WARNING: pipe error: 109: file z:/task_1575282935/build/src/ipc/chromium/src/chrome/common/ipc_channel_win.cc, line 341
[Child 17204, Chrome_ChildThread] WARNING: pipe error: 109: file z:/task_1575282935/build/src/ipc/chromium/src/chrome/common/ipc_channel_win.cc, 1577788714402	Marionette	INFO	Stopped listening on port 58353

###!!! [Child][RunMessage] Error: Channel closing: too late to send/recv, messages will be lost

[1577924881621	mozrunner::runner	INFO	Running command: "C:\\Program Files (x86)\\Mozilla Firefox\\firefox.exe" "-marionette" "-foreground" "-no-remote" "-profile" "C:\\Users\\ADMINI~1\\AppData\\Local\\Temp\\rust_mozprofilefuJw9r"
1577924883994	addons.webextension.screenshots@mozilla.org	WARN	Loading extension 'screenshots@mozilla.org': Reading manifest: Invalid extension permission: mozillaAddons
1577924883994	addons.webextension.screenshots@mozilla.org	WARN	Loading extension 'screenshots@mozilla.org': Reading manifest: Invalid extension permission: telemetry
1577924883994	addons.webextension.screenshots@mozilla.org	WARN	Loading extension 'screenshots@mozilla.org': Reading manifest: Invalid extension permission: resource://pdf.js/
1577924883994	addons.webextension.screenshots@mozilla.org	WARN	Loading extension 'screenshots@mozilla.org': Reading manifest: Invalid extension permission: about:reader*
JavaScript error: resource://gre/modules/XULStore.jsm, line 66: Error: Can't find profile directory.
1577924894766	Marionette	INFO	Listening on port 3559
1577924895727	Marionette	WARN	TLS certificate errors will be ignored for this session
JavaScript warning: https://testmcmscloud.iclaim.cn:6443/mcms2/js/jquery.js, line 3686: unreachable code after return statement
JavaScript warning: https://testmcmscloud.iclaim.cn:6443/mcms2/js/jquery.js, line 3686: unreachable code after return statement
[Parent 7572, Gecko_IOThread] WARNING: pipe error: 109: file z:/task_1575282935/build/src/ipc/chromium/src/chrome/common/ipc_channel_win.cc, line 341
[Child 9904, Chrome_ChildThread] WARNING: pipe error: 109: file z:/task_1575282935/build/src/ipc/chromium/src/chrome/common/ipc_channel_win.cc, line 341
[Child 9904, Chrome_ChildThread] WARNING: pipe error: 109: file z:/task_[1575282935/Chbuild/src/ipc/chromium/ildsrc/chrome/common 5388, Chrome_ChildThread] WARNING: pipe error: 109: file z:/task_1575282935/build/src/ipc/chromium/src/chrome/common/ipc_channel_win.cc, line 341
[Child 5388, Chrome_ChildThread] WARNING: pipe error: 109: file z:/task_1575282935/build/src/ipc/chromium/src/chrome/common/ipc_channel_win.cc, line 341
[Parent 7572, Gecko_IOThread] WARNING: pipe error: 109: file z:/task_1575282935/build/src/ipc/chromium/src/chrome/common/ipc_channel_win.cc, line 341
[Child 4396, Chrome_ChildThread] WARNING: pipe error: 109: file z:/task_1575282935/build/src/ipc/chromium/src/chrome/common/ipc_channel_win.cc, line 341
[Child 4396, Chrome_ChildThread] WARNING: pipe error: 109: file z:/task_1575282935/build/src/ipc/chromium/src/chrome/common/ipc_channel_win.cc, line 3411577927525469	Marionette	INFO	Stopped listening on port 3559

###!!! [Child][RunMessage] Error: Channel closing: too late to send/recv, messages will be lost

[GPU 7856, Chrome_ChildThread] WAR after return statement
[Parent 9552, Gecko_IOThread] WARNING: pipe error: 109: file z:/task_1575282935/build/src/ipc/chromium/src/chrome/common/ipc_channel_win.cc, line 341
[Child 7588, Chrome_ChildThread] WARNING: pipe error: 109: file z:/task_1575282935/build/src/ipc/chromium/src/chrome/common/ipc_channel_win.cc, line 341[
Ch[Child 7588, Chrome_ChildThread] WARNING: pipe error: 109: file z:/task_1575282935/build/sild 7496, Chrome_ChildThread] WARNING: pipe error: 109: file z:/task_1575282935/build/src/ipc/chromium/src/chrome/common/ipc_channel_win.cc, line 341
[Child 7496, Chrome_ChildThread] WARNING: pipe error: 109: file z:/task_1575282935/build/src/ipc/chromium/src/chrome/common/ipc_channel_win.cc, line 341
[Parent 9552, Gecko_IOThread] WARNING: pipe error: 109: file z:/task_1575282935/build/src/ipc/chromium/src/chrome/common/ipc_channel_win.cc, line 341
[Child 3640, Chrome_ChildThread] WARNING: pipe error: 109: file z:/task_1575282935/build/src/ipc/chromium/src/chrome/common1577928112345	Marionette	INFO	Stopped listening on port 4991
[GPU 9612, Chrome_ChildThread] W
###!!! [Child][RunMessage] Error: Channel closing: too late to send/recv, messages will be lost


###!!! [Child][MessageChannel::SendAndWait] Error: Channel error: cannot send/recv

e after return statement
JavaScript warning: https://testmcmscloud.iclaim.cn:6443/mcms2/js/jquery.js, line 3686: unreachable code after return statement
JavaScript error: resource://devtools/client/inspector/flexbox/flexbox.js, line 52: TypeError: this.inspector is null
JavaScript error: resource://devtools/client/inspector/grids/grid-inspector.js, line 99: TypeError: this.inspector is null
[Child 9148, Chrome_ChildThread] WARNING: pipe error: 109: file z:/task[Child 11048, Chrome_ChildThre_1575282935/build/src/ipc/chromium/src/chrome/common/ipc_channel_wiad] WARNING: pipe error: 109: file z:/task_1575282935/build/src/ipc/chromium/srcn.cc, line 341
/chrome/common/ipc_channel_win.cc, line 341
[Child 11048, Chrome_ChildThread] WARNING: pipe error: 109: file z:/task_1575282935/build/src/ipc/chromium/src/chrome/common/ipc_channel_win.cc, line 341
[[Parent 8596, Gecko_IOThread] WARNING: pipe error: 109: file z:/task_1575282935/build/src/ipc/chromium/src/chrome/common/ipc_channel_win.cc, line 341
[Child 9072, Chrome_ChildThread] WARNING: pipe error: 109: file z:/task_1575282935/build/src/ipc/chromium/src/chrome/common/ipc_channel_win.cc, line 341
[Child 9072, Chrome_ChildThread] WARNING: pipe error: 109: file z:/task_1575282935/build/src/ipc/chromium/src/chrome/common/ipc_channel_win.cc, line 341
1577928113501	Marionette	INFO	Stopped listening on port 8509

###!!! [Child][RunMessage] Error: Channel closing: too late to send/recv, messages will be lost

[GPU 2876, Chrome_ChildThread] WARNING: pipe error: 109: file z:/task_1575282935/build/src/ipc/chromstmcmscloud.iclaim.cn:6443/mcms2/js/jquery.js, line 3686: unreachable code after return statement
JavaScript warning: https://testmcmscloud.iclaim.cn:6443/mcms2/js/jquery.js, line 3686: unreachable code after return statement
[Parent 8248, Gecko_IOThread] WARNING: pipe error: 109: file z:/task_1575282935/build/src/ipc/chromium/src/chrome/common/ipc_channel_win.cc, line 341
[Child 10952, Chrome_ChildThread] WARNING: pipe error: 109: file z:/task_1575282935/build/src/ipc/chromium/src/chrome/common/ipc_channel_win.cc, line 341
[Child 10952, Chrome_ChildThread] WARNING: pipe error: 109: file z:/task_1575282935/build/src/ipc/chromium/src/chrome/common/ipc_channel_win.cc, line 341
[Child 10972, Chrome_ChildThread] WARNING: pipe error: 109: file z:/task_1575282935/build/src/ipc/chromium/src/chrome/common/ipc_channel_win.cc, line 341
[Child 10972, Chrome_ChildThread] WARNING: pipe error: 109: file z:/task_1575282935/build/src/ipc/chromium/src/chrome/common/ipc_channel_win.cc, line 341
[Parent 8248, Gecko_IOThread] WARNING: pipe error: 109: file z:/task_1575282935/build/src/ipc/chromium/src/chrome/common/ipc_channel_win.cc, line 341
[Child 9952, Chrome1577928115719	Marionette	INFO	Stopped listening on port 9298
[GPU 7008
###!!! [Child][RunMessage] Error: Channel closing: too late to send/recv, messages will be lost

, Chrome_ChildThread] WARNING: pipe error: 109: [Parent 8248, Gecko_IOThread] WARNING: pipe error: 232: file z:/task_1575282935/build/src/ipc/chromium/src/chrome/common/ipc_channel_win.cc, line 502
