2020-05-09 10:05:27,231 -browser_engine.py- BrowserEngine - INFO - 使用Chrome浏览器
2020-05-09 10:05:29,897 -browser_engine.py- BrowserEngine - INFO - 打开医疗云系统
2020-05-09 10:05:34,055 -am_yibanWu.py- yibanWu - INFO - --------------------------  一般损伤+无治疗场景开始执行  -----------------------
2020-05-09 10:05:34,056 -caidan_shouciHomepage1.py- shouci_homepage1 - INFO - 点击首次查勘------处理任务
2020-05-09 10:05:34,239 -base.py- BasePage - INFO - 执行成功
2020-05-09 10:05:37,688 -caidan_shouciHomepage1.py- shouci_homepage1 - INFO - 点选待处理
2020-05-09 10:05:37,737 -base.py- BasePage - INFO - 执行成功
2020-05-09 10:05:39,762 -caidan_shouciHomepage1.py- shouci_homepage1 - INFO - 点击查询
2020-05-09 10:05:39,809 -base.py- BasePage - INFO - 执行成功
2020-05-09 10:05:40,331 -caidan_shouciHomepage1.py- shouci_homepage1 - INFO - 点击报案号
2020-05-09 10:05:45,367 -base.py- BasePage - INFO - 无手机图标
2020-05-09 10:05:53,415 -base.py- BasePage - INFO - 激活当前窗口
2020-05-09 10:05:55,429 -jiuzhen_type.py- jiuzhen - INFO - 点选事故类型
2020-05-09 10:05:55,470 -base.py- BasePage - INFO - 执行成功
2020-05-09 10:05:57,514 -jiuzhen_type.py- jiuzhen - INFO - 点选损失类型为：一般损伤
2020-05-09 10:05:57,544 -base.py- BasePage - INFO - 执行成功
2020-05-09 10:05:59,829 -jiuzhen_type.py- jiuzhen - INFO - 点选就诊类型为：无治疗
2020-05-09 10:05:59,861 -base.py- BasePage - INFO - 执行成功
2020-05-09 10:06:04,051 -yiban_Homepage1.py- yiban_homepage1 - INFO - 输入伤者姓名
2020-05-09 10:06:04,318 -base.py- BasePage - INFO - 执行成功
2020-05-09 10:06:06,319 -yiban_Homepage1.py- yiban_homepage1 - INFO - 输入联系电话
2020-05-09 10:06:06,513 -base.py- BasePage - INFO - 执行成功
2020-05-09 10:06:08,513 -yiban_Homepage1.py- yiban_homepage1 - INFO - 点选三者类型
2020-05-09 10:06:08,574 -base.py- BasePage - INFO - 执行成功
2020-05-09 10:06:11,040 -yiban_Homepage1.py- yiban_homepage1 - INFO - 输入身份证号码
2020-05-09 10:06:15,356 -yiban_Homepage1.py- yiban_homepage1 - INFO - 点选事故责任
2020-05-09 10:06:15,412 -base.py- BasePage - INFO - 执行成功
2020-05-09 10:06:17,865 -base.py- BasePage - INFO - 执行成功
2020-05-09 10:06:24,211 -yiban_Homepage1.py- yiban_homepage1 - INFO - 点击添加到诊断
2020-05-09 10:06:24,259 -base.py- BasePage - INFO - 执行成功
2020-05-09 10:06:26,409 -base.py- BasePage - INFO - 激活当前窗口
2020-05-09 10:06:30,471 -zhenduan_homepage.py- zhenduan_homepage - INFO - 点击伤情分类
2020-05-09 10:06:30,499 -base.py- BasePage - INFO - 执行成功
2020-05-09 10:06:32,581 -zhenduan_homepage.py- zhenduan_homepage - INFO - 点击头部
2020-05-09 10:06:32,620 -base.py- BasePage - INFO - 执行成功
2020-05-09 10:06:34,690 -zhenduan_homepage.py- zhenduan_homepage - INFO - 点击头皮
2020-05-09 10:06:34,740 -base.py- BasePage - INFO - 执行成功
2020-05-09 10:06:37,129 -zhenduan_homepage.py- zhenduan_homepage - INFO - 点选第一个伤情
2020-05-09 10:06:37,179 -base.py- BasePage - INFO - 执行成功
2020-05-09 10:06:39,268 -zhenduan_homepage.py- zhenduan_homepage - INFO - 点击添加到已选择
2020-05-09 10:06:39,311 -base.py- BasePage - INFO - 执行成功
2020-05-09 10:06:41,423 -zhenduan_homepage.py- zhenduan_homepage - INFO - 点击添加到主页面
2020-05-09 10:06:41,453 -base.py- BasePage - INFO - 执行成功
2020-05-09 10:06:46,388 -base.py- BasePage - INFO - 激活当前窗口
2020-05-09 10:06:50,420 -yiban_Homepage1.py- yiban_homepage1 - INFO - 点选任务接收人图标
2020-05-09 10:06:52,459 -base.py- BasePage - INFO - 执行成功
2020-05-09 10:06:58,211 -yiban_Homepage1.py- yiban_homepage1 - INFO - 输入用户姓名
2020-05-09 10:06:58,354 -base.py- BasePage - INFO - 执行成功
2020-05-09 10:07:00,355 -yiban_Homepage1.py- yiban_homepage1 - INFO - 点击查询按钮
2020-05-09 10:07:00,406 -base.py- BasePage - INFO - 执行成功
2020-05-09 10:07:02,930 -yiban_Homepage1.py- yiban_homepage1 - INFO - 双击任务接收人
2020-05-09 10:07:03,067 -base.py- BasePage - INFO - 双击正确
2020-05-09 10:07:05,096 -yiban_Homepage1.py- yiban_homepage1 - INFO - 输入查勘说明
2020-05-09 10:07:05,272 -base.py- BasePage - INFO - 执行成功
2020-05-09 10:07:07,272 -yiban_Homepage1.py- yiban_homepage1 - INFO - 点击提交按钮
2020-05-09 10:07:07,320 -base.py- BasePage - INFO - 执行成功
2020-05-09 10:07:09,442 -yiban_Homepage1.py- yiban_homepage1 - INFO - 点击确认按钮
2020-05-09 10:07:09,478 -base.py- BasePage - INFO - 执行成功
2020-05-09 10:07:17,607 -base.py- BasePage - INFO - 无风险提示弹框
2020-05-09 10:07:17,608 -base.py- BasePage - INFO - 无风险提醒
2020-05-09 10:07:21,717 -base.py- BasePage - INFO - 提交结果成功
2020-05-09 10:07:25,736 -am_yibanWu.py- yibanWu - INFO - --------------------------  一般损伤+无治疗场景执行完毕 -----------------------
2020-05-09 10:37:19,171 -browser_engine.py- BrowserEngine - INFO - 使用Chrome浏览器
2020-05-09 10:37:21,773 -browser_engine.py- BrowserEngine - INFO - 打开医疗云系统
2020-05-09 10:37:25,962 -test_am_yibanWu.py- yibanWu - INFO - --------------------------  一般损伤+无治疗场景开始执行  -----------------------
2020-05-09 10:37:25,962 -caidan_shouciHomepage1.py- shouci_homepage1 - INFO - 点击首次查勘------处理任务
2020-05-09 10:37:26,380 -base.py- BasePage - INFO - 执行成功
2020-05-09 10:37:30,485 -caidan_shouciHomepage1.py- shouci_homepage1 - INFO - 点选待处理
2020-05-09 10:37:30,544 -base.py- BasePage - INFO - 执行成功
2020-05-09 10:37:32,582 -caidan_shouciHomepage1.py- shouci_homepage1 - INFO - 点击查询
2020-05-09 10:37:32,613 -base.py- BasePage - INFO - 执行成功
2020-05-09 10:37:33,040 -caidan_shouciHomepage1.py- shouci_homepage1 - INFO - 点击报案号
2020-05-09 10:37:38,097 -base.py- BasePage - INFO - 无手机图标
2020-05-09 10:37:44,542 -base.py- BasePage - INFO - 激活当前窗口
2020-05-09 10:37:46,562 -jiuzhen_type.py- jiuzhen - INFO - 点选事故类型
2020-05-09 10:37:46,618 -base.py- BasePage - INFO - 执行成功
2020-05-09 10:37:48,649 -jiuzhen_type.py- jiuzhen - INFO - 点选损失类型为：一般损伤
2020-05-09 10:37:48,682 -base.py- BasePage - INFO - 执行成功
2020-05-09 10:37:50,897 -jiuzhen_type.py- jiuzhen - INFO - 点选就诊类型为：无治疗
2020-05-09 10:37:50,928 -base.py- BasePage - INFO - 执行成功
2020-05-09 10:37:55,142 -yiban_Homepage1.py- yiban_homepage1 - INFO - 输入伤者姓名
2020-05-09 10:37:55,447 -base.py- BasePage - INFO - 执行成功
2020-05-09 10:37:57,448 -yiban_Homepage1.py- yiban_homepage1 - INFO - 输入联系电话
2020-05-09 10:37:57,653 -base.py- BasePage - INFO - 执行成功
2020-05-09 10:37:59,653 -yiban_Homepage1.py- yiban_homepage1 - INFO - 点选三者类型
2020-05-09 10:37:59,702 -base.py- BasePage - INFO - 执行成功
2020-05-09 10:38:01,933 -yiban_Homepage1.py- yiban_homepage1 - INFO - 输入身份证号码
2020-05-09 10:38:06,312 -yiban_Homepage1.py- yiban_homepage1 - INFO - 点选事故责任
2020-05-09 10:38:06,346 -base.py- BasePage - INFO - 执行成功
2020-05-09 10:38:08,950 -base.py- BasePage - INFO - 执行成功
2020-05-09 10:38:15,183 -yiban_Homepage1.py- yiban_homepage1 - INFO - 点击添加到诊断
2020-05-09 10:38:15,222 -base.py- BasePage - INFO - 执行成功
2020-05-09 10:38:17,389 -base.py- BasePage - INFO - 激活当前窗口
2020-05-09 10:38:21,430 -zhenduan_homepage.py- zhenduan_homepage - INFO - 点击伤情分类
2020-05-09 10:38:21,458 -base.py- BasePage - INFO - 执行成功
2020-05-09 10:38:23,531 -zhenduan_homepage.py- zhenduan_homepage - INFO - 点击头部
2020-05-09 10:38:23,579 -base.py- BasePage - INFO - 执行成功
2020-05-09 10:38:25,656 -zhenduan_homepage.py- zhenduan_homepage - INFO - 点击头皮
2020-05-09 10:38:25,687 -base.py- BasePage - INFO - 执行成功
2020-05-09 10:38:28,661 -zhenduan_homepage.py- zhenduan_homepage - INFO - 点选第一个伤情
2020-05-09 10:38:28,693 -base.py- BasePage - INFO - 执行成功
2020-05-09 10:38:30,767 -zhenduan_homepage.py- zhenduan_homepage - INFO - 点击添加到已选择
2020-05-09 10:38:30,802 -base.py- BasePage - INFO - 执行成功
2020-05-09 10:38:32,896 -zhenduan_homepage.py- zhenduan_homepage - INFO - 点击添加到主页面
2020-05-09 10:38:32,921 -base.py- BasePage - INFO - 执行成功
2020-05-09 10:38:37,024 -base.py- BasePage - INFO - 激活当前窗口
2020-05-09 10:38:41,062 -yiban_Homepage1.py- yiban_homepage1 - INFO - 点选任务接收人图标
2020-05-09 10:38:43,092 -base.py- BasePage - INFO - 执行成功
2020-05-09 10:38:48,608 -yiban_Homepage1.py- yiban_homepage1 - INFO - 输入用户姓名
2020-05-09 10:38:48,719 -base.py- BasePage - INFO - 执行成功
2020-05-09 10:38:50,720 -yiban_Homepage1.py- yiban_homepage1 - INFO - 点击查询按钮
2020-05-09 10:38:50,752 -base.py- BasePage - INFO - 执行成功
2020-05-09 10:38:53,678 -yiban_Homepage1.py- yiban_homepage1 - INFO - 双击任务接收人
2020-05-09 10:38:53,877 -base.py- BasePage - INFO - 双击正确
2020-05-09 10:38:55,891 -yiban_Homepage1.py- yiban_homepage1 - INFO - 输入查勘说明
2020-05-09 10:38:56,037 -base.py- BasePage - INFO - 执行成功
2020-05-09 10:38:58,038 -yiban_Homepage1.py- yiban_homepage1 - INFO - 点击提交按钮
2020-05-09 10:38:58,069 -base.py- BasePage - INFO - 执行成功
2020-05-09 10:39:00,177 -yiban_Homepage1.py- yiban_homepage1 - INFO - 点击确认按钮
2020-05-09 10:39:00,220 -base.py- BasePage - INFO - 执行成功
2020-05-09 10:39:08,362 -base.py- BasePage - INFO - 无风险提示弹框
2020-05-09 10:39:08,363 -base.py- BasePage - INFO - 无风险提醒
2020-05-09 10:39:12,393 -base.py- BasePage - INFO - 提交结果成功
2020-05-09 10:39:16,413 -test_am_yibanWu.py- yibanWu - INFO - --------------------------  一般损伤+无治疗场景执行完毕 -----------------------
2020-05-09 10:45:39,692 -browser_engine.py- BrowserEngine - INFO - 使用Chrome浏览器
2020-05-09 10:45:42,838 -browser_engine.py- BrowserEngine - INFO - 打开医疗云系统
2020-05-09 10:45:46,970 -test_am_yibanWu.py- yibanWu - INFO - --------------------------  一般损伤+无治疗场景开始执行  -----------------------
2020-05-09 10:45:46,970 -caidan_shouciHomepage1.py- shouci_homepage1 - INFO - 点击首次查勘------处理任务
2020-05-09 10:45:47,034 -base.py- BasePage - INFO - 执行成功
2020-05-09 10:45:52,029 -caidan_shouciHomepage1.py- shouci_homepage1 - INFO - 点选待处理
2020-05-09 10:45:52,080 -base.py- BasePage - INFO - 执行成功
2020-05-09 10:45:54,110 -caidan_shouciHomepage1.py- shouci_homepage1 - INFO - 点击查询
2020-05-09 10:45:54,142 -base.py- BasePage - INFO - 执行成功
2020-05-09 10:45:54,604 -caidan_shouciHomepage1.py- shouci_homepage1 - INFO - 点击报案号
2020-05-09 10:45:59,629 -base.py- BasePage - INFO - 无手机图标
2020-05-09 10:46:07,256 -base.py- BasePage - INFO - 激活当前窗口
2020-05-09 10:46:09,269 -jiuzhen_type.py- jiuzhen - INFO - 点选事故类型
2020-05-09 10:46:09,300 -base.py- BasePage - INFO - 执行成功
2020-05-09 10:46:11,324 -jiuzhen_type.py- jiuzhen - INFO - 点选损失类型为：一般损伤
2020-05-09 10:46:11,356 -base.py- BasePage - INFO - 执行成功
2020-05-09 10:46:13,757 -jiuzhen_type.py- jiuzhen - INFO - 点选就诊类型为：无治疗
2020-05-09 10:46:13,810 -base.py- BasePage - INFO - 执行成功
2020-05-09 10:46:18,032 -yiban_Homepage1.py- yiban_homepage1 - INFO - 输入伤者姓名
2020-05-09 10:46:18,308 -base.py- BasePage - INFO - 执行成功
2020-05-09 10:46:20,308 -yiban_Homepage1.py- yiban_homepage1 - INFO - 输入联系电话
2020-05-09 10:46:20,557 -base.py- BasePage - INFO - 执行成功
2020-05-09 10:46:22,557 -yiban_Homepage1.py- yiban_homepage1 - INFO - 点选三者类型
2020-05-09 10:46:22,594 -base.py- BasePage - INFO - 执行成功
2020-05-09 10:46:24,827 -yiban_Homepage1.py- yiban_homepage1 - INFO - 输入身份证号码
2020-05-09 10:46:29,165 -yiban_Homepage1.py- yiban_homepage1 - INFO - 点选事故责任
2020-05-09 10:46:29,209 -base.py- BasePage - INFO - 执行成功
2020-05-09 10:46:32,181 -base.py- BasePage - INFO - 执行成功
2020-05-09 10:46:38,868 -yiban_Homepage1.py- yiban_homepage1 - INFO - 点击添加到诊断
2020-05-09 10:46:38,926 -base.py- BasePage - INFO - 执行成功
2020-05-09 10:46:41,063 -base.py- BasePage - INFO - 激活当前窗口
2020-05-09 10:46:45,122 -zhenduan_homepage.py- zhenduan_homepage - INFO - 点击伤情分类
2020-05-09 10:46:45,150 -base.py- BasePage - INFO - 执行成功
2020-05-09 10:46:47,223 -zhenduan_homepage.py- zhenduan_homepage - INFO - 点击头部
2020-05-09 10:46:47,270 -base.py- BasePage - INFO - 执行成功
2020-05-09 10:46:49,342 -zhenduan_homepage.py- zhenduan_homepage - INFO - 点击头皮
2020-05-09 10:46:49,369 -base.py- BasePage - INFO - 执行成功
2020-05-09 10:46:51,863 -zhenduan_homepage.py- zhenduan_homepage - INFO - 点选第一个伤情
2020-05-09 10:46:51,908 -base.py- BasePage - INFO - 执行成功
2020-05-09 10:46:53,976 -zhenduan_homepage.py- zhenduan_homepage - INFO - 点击添加到已选择
2020-05-09 10:46:54,026 -base.py- BasePage - INFO - 执行成功
2020-05-09 10:46:56,107 -zhenduan_homepage.py- zhenduan_homepage - INFO - 点击添加到主页面
2020-05-09 10:46:56,133 -base.py- BasePage - INFO - 执行成功
2020-05-09 10:47:00,637 -base.py- BasePage - INFO - 激活当前窗口
2020-05-09 10:47:04,682 -yiban_Homepage1.py- yiban_homepage1 - INFO - 点选任务接收人图标
2020-05-09 10:47:06,716 -base.py- BasePage - INFO - 执行成功
2020-05-09 10:47:11,512 -yiban_Homepage1.py- yiban_homepage1 - INFO - 输入用户姓名
2020-05-09 10:47:11,655 -base.py- BasePage - INFO - 执行成功
2020-05-09 10:47:13,656 -yiban_Homepage1.py- yiban_homepage1 - INFO - 点击查询按钮
2020-05-09 10:47:13,684 -base.py- BasePage - INFO - 执行成功
2020-05-09 10:47:16,205 -yiban_Homepage1.py- yiban_homepage1 - INFO - 双击任务接收人
2020-05-09 10:47:16,345 -base.py- BasePage - INFO - 双击正确
2020-05-09 10:47:18,361 -yiban_Homepage1.py- yiban_homepage1 - INFO - 输入查勘说明
2020-05-09 10:47:18,531 -base.py- BasePage - INFO - 执行成功
2020-05-09 10:47:20,533 -yiban_Homepage1.py- yiban_homepage1 - INFO - 点击提交按钮
2020-05-09 10:47:20,561 -base.py- BasePage - INFO - 执行成功
2020-05-09 10:47:22,649 -yiban_Homepage1.py- yiban_homepage1 - INFO - 点击确认按钮
2020-05-09 10:47:22,682 -base.py- BasePage - INFO - 执行成功
2020-05-09 10:47:30,829 -base.py- BasePage - INFO - 无风险提示弹框
2020-05-09 10:47:30,829 -base.py- BasePage - INFO - 无风险提醒
2020-05-09 10:47:34,889 -base.py- BasePage - INFO - 提交结果成功
2020-05-09 10:47:38,910 -test_am_yibanWu.py- yibanWu - INFO - --------------------------  一般损伤+无治疗场景执行完毕 -----------------------
2020-05-09 10:55:30,156 -browser_engine.py- BrowserEngine - INFO - 使用Chrome浏览器
2020-05-09 10:55:34,173 -browser_engine.py- BrowserEngine - INFO - 打开医疗云系统
2020-05-09 10:55:38,301 -am_yibanWu.py- yibanWu - INFO - --------------------------  一般损伤+无治疗场景开始执行  -----------------------
2020-05-09 10:55:38,301 -caidan_shouciHomepage1.py- shouci_homepage1 - INFO - 点击首次查勘------处理任务
2020-05-09 10:55:38,367 -base.py- BasePage - INFO - 执行成功
2020-05-09 10:55:43,881 -caidan_shouciHomepage1.py- shouci_homepage1 - INFO - 点选待处理
2020-05-09 10:55:43,935 -base.py- BasePage - INFO - 执行成功
2020-05-09 10:55:45,960 -caidan_shouciHomepage1.py- shouci_homepage1 - INFO - 点击查询
2020-05-09 10:55:46,012 -base.py- BasePage - INFO - 执行成功
2020-05-09 10:55:46,876 -caidan_shouciHomepage1.py- shouci_homepage1 - INFO - 点击报案号
2020-05-09 10:55:51,917 -base.py- BasePage - INFO - 无手机图标
2020-05-09 10:55:59,658 -base.py- BasePage - INFO - 激活当前窗口
2020-05-09 10:56:01,669 -jiuzhen_type.py- jiuzhen - INFO - 点选事故类型
2020-05-09 10:56:01,700 -base.py- BasePage - INFO - 执行成功
2020-05-09 10:56:03,725 -jiuzhen_type.py- jiuzhen - INFO - 点选损失类型为：一般损伤
2020-05-09 10:56:03,756 -base.py- BasePage - INFO - 执行成功
2020-05-09 10:56:06,179 -jiuzhen_type.py- jiuzhen - INFO - 点选就诊类型为：无治疗
2020-05-09 10:56:06,213 -base.py- BasePage - INFO - 执行成功
2020-05-09 10:56:10,376 -yiban_Homepage1.py- yiban_homepage1 - INFO - 输入伤者姓名
2020-05-09 10:56:10,649 -base.py- BasePage - INFO - 执行成功
2020-05-09 10:56:12,649 -yiban_Homepage1.py- yiban_homepage1 - INFO - 输入联系电话
2020-05-09 10:56:12,859 -base.py- BasePage - INFO - 执行成功
2020-05-09 10:56:14,860 -yiban_Homepage1.py- yiban_homepage1 - INFO - 点选三者类型
2020-05-09 10:56:14,939 -base.py- BasePage - INFO - 执行成功
2020-05-09 10:56:17,143 -yiban_Homepage1.py- yiban_homepage1 - INFO - 输入身份证号码
2020-05-09 10:56:21,471 -yiban_Homepage1.py- yiban_homepage1 - INFO - 点选事故责任
2020-05-09 10:56:21,550 -base.py- BasePage - INFO - 执行成功
2020-05-09 10:56:24,536 -base.py- BasePage - INFO - 执行成功
2020-05-09 10:56:30,823 -yiban_Homepage1.py- yiban_homepage1 - INFO - 点击添加到诊断
2020-05-09 10:56:30,886 -base.py- BasePage - INFO - 执行成功
2020-05-09 10:56:33,081 -base.py- BasePage - INFO - 激活当前窗口
2020-05-09 10:56:37,119 -zhenduan_homepage.py- zhenduan_homepage - INFO - 点击伤情分类
2020-05-09 10:56:37,147 -base.py- BasePage - INFO - 执行成功
2020-05-09 10:56:39,227 -zhenduan_homepage.py- zhenduan_homepage - INFO - 点击头部
2020-05-09 10:56:39,257 -base.py- BasePage - INFO - 执行成功
2020-05-09 10:56:41,319 -zhenduan_homepage.py- zhenduan_homepage - INFO - 点击头皮
2020-05-09 10:56:41,368 -base.py- BasePage - INFO - 执行成功
2020-05-09 10:56:43,841 -zhenduan_homepage.py- zhenduan_homepage - INFO - 点选第一个伤情
2020-05-09 10:56:43,872 -base.py- BasePage - INFO - 执行成功
2020-05-09 10:56:45,950 -zhenduan_homepage.py- zhenduan_homepage - INFO - 点击添加到已选择
2020-05-09 10:56:45,978 -base.py- BasePage - INFO - 执行成功
2020-05-09 10:56:48,070 -zhenduan_homepage.py- zhenduan_homepage - INFO - 点击添加到主页面
2020-05-09 10:56:48,107 -base.py- BasePage - INFO - 执行成功
2020-05-09 10:56:52,395 -base.py- BasePage - INFO - 激活当前窗口
2020-05-09 10:56:56,436 -yiban_Homepage1.py- yiban_homepage1 - INFO - 点选任务接收人图标
2020-05-09 10:56:58,467 -base.py- BasePage - INFO - 执行成功
2020-05-09 10:57:02,992 -yiban_Homepage1.py- yiban_homepage1 - INFO - 输入用户姓名
2020-05-09 10:57:03,114 -base.py- BasePage - INFO - 执行成功
2020-05-09 10:57:05,115 -yiban_Homepage1.py- yiban_homepage1 - INFO - 点击查询按钮
2020-05-09 10:57:05,174 -base.py- BasePage - INFO - 执行成功
2020-05-09 10:57:08,158 -yiban_Homepage1.py- yiban_homepage1 - INFO - 双击任务接收人
2020-05-09 10:57:08,325 -base.py- BasePage - INFO - 双击正确
2020-05-09 10:57:10,352 -yiban_Homepage1.py- yiban_homepage1 - INFO - 输入查勘说明
2020-05-09 10:57:10,489 -base.py- BasePage - INFO - 执行成功
2020-05-09 10:57:12,490 -yiban_Homepage1.py- yiban_homepage1 - INFO - 点击提交按钮
2020-05-09 10:57:12,562 -base.py- BasePage - INFO - 执行成功
2020-05-09 10:57:14,664 -yiban_Homepage1.py- yiban_homepage1 - INFO - 点击确认按钮
2020-05-09 10:57:14,700 -base.py- BasePage - INFO - 执行成功
2020-05-09 10:57:22,832 -base.py- BasePage - INFO - 无风险提示弹框
2020-05-09 10:57:22,832 -base.py- BasePage - INFO - 无风险提醒
2020-05-09 10:57:26,867 -base.py- BasePage - INFO - 提交结果成功
2020-05-09 10:57:30,888 -am_yibanWu.py- yibanWu - INFO - --------------------------  一般损伤+无治疗场景执行完毕 -----------------------
2020-05-09 10:58:35,623 -browser_engine.py- BrowserEngine - INFO - 使用Chrome浏览器
2020-05-09 10:58:40,054 -browser_engine.py- BrowserEngine - INFO - 打开医疗云系统
2020-05-09 10:58:44,210 -am_yibanWu.py- yibanWu - INFO - --------------------------  一般损伤+无治疗场景开始执行  -----------------------
2020-05-09 10:58:44,210 -caidan_shouciHomepage1.py- shouci_homepage1 - INFO - 点击首次查勘------处理任务
2020-05-09 10:58:44,442 -base.py- BasePage - INFO - 执行成功
2020-05-09 10:58:48,101 -caidan_shouciHomepage1.py- shouci_homepage1 - INFO - 点选待处理
2020-05-09 10:58:48,185 -base.py- BasePage - INFO - 执行成功
2020-05-09 10:58:50,218 -caidan_shouciHomepage1.py- shouci_homepage1 - INFO - 点击查询
2020-05-09 10:58:50,259 -base.py- BasePage - INFO - 执行成功
2020-05-09 10:58:50,863 -caidan_shouciHomepage1.py- shouci_homepage1 - INFO - 点击报案号
2020-05-09 10:58:55,907 -base.py- BasePage - INFO - 无手机图标
2020-05-09 10:59:03,120 -base.py- BasePage - INFO - 激活当前窗口
2020-05-09 10:59:05,137 -jiuzhen_type.py- jiuzhen - INFO - 点选事故类型
2020-05-09 10:59:05,169 -base.py- BasePage - INFO - 执行成功
2020-05-09 10:59:07,198 -jiuzhen_type.py- jiuzhen - INFO - 点选损失类型为：一般损伤
2020-05-09 10:59:07,237 -base.py- BasePage - INFO - 执行成功
2020-05-09 10:59:09,725 -jiuzhen_type.py- jiuzhen - INFO - 点选就诊类型为：无治疗
2020-05-09 10:59:09,767 -base.py- BasePage - INFO - 执行成功
2020-05-09 10:59:13,943 -yiban_Homepage1.py- yiban_homepage1 - INFO - 输入伤者姓名
2020-05-09 10:59:14,307 -base.py- BasePage - INFO - 执行成功
2020-05-09 10:59:16,308 -yiban_Homepage1.py- yiban_homepage1 - INFO - 输入联系电话
2020-05-09 10:59:16,653 -base.py- BasePage - INFO - 执行成功
2020-05-09 10:59:18,653 -yiban_Homepage1.py- yiban_homepage1 - INFO - 点选三者类型
2020-05-09 10:59:18,703 -base.py- BasePage - INFO - 执行成功
2020-05-09 10:59:20,907 -yiban_Homepage1.py- yiban_homepage1 - INFO - 输入身份证号码
2020-05-09 10:59:25,272 -yiban_Homepage1.py- yiban_homepage1 - INFO - 点选事故责任
2020-05-09 10:59:25,328 -base.py- BasePage - INFO - 执行成功
2020-05-09 10:59:28,829 -base.py- BasePage - INFO - 执行成功
2020-05-09 10:59:38,521 -yiban_Homepage1.py- yiban_homepage1 - INFO - 点击添加到诊断
2020-05-09 10:59:38,566 -base.py- BasePage - INFO - 执行成功
2020-05-09 10:59:40,755 -base.py- BasePage - INFO - 激活当前窗口
2020-05-09 10:59:44,790 -zhenduan_homepage.py- zhenduan_homepage - INFO - 点击伤情分类
2020-05-09 10:59:44,823 -base.py- BasePage - INFO - 执行成功
2020-05-09 10:59:46,912 -zhenduan_homepage.py- zhenduan_homepage - INFO - 点击头部
2020-05-09 10:59:46,958 -base.py- BasePage - INFO - 执行成功
2020-05-09 10:59:49,020 -zhenduan_homepage.py- zhenduan_homepage - INFO - 点击头皮
2020-05-09 10:59:49,068 -base.py- BasePage - INFO - 执行成功
2020-05-09 10:59:52,569 -zhenduan_homepage.py- zhenduan_homepage - INFO - 点选第一个伤情
2020-05-09 10:59:52,600 -base.py- BasePage - INFO - 执行成功
2020-05-09 10:59:54,679 -zhenduan_homepage.py- zhenduan_homepage - INFO - 点击添加到已选择
2020-05-09 10:59:54,717 -base.py- BasePage - INFO - 执行成功
2020-05-09 10:59:56,844 -zhenduan_homepage.py- zhenduan_homepage - INFO - 点击添加到主页面
2020-05-09 10:59:56,871 -base.py- BasePage - INFO - 执行成功
2020-05-09 11:00:01,028 -base.py- BasePage - INFO - 激活当前窗口
2020-05-09 11:00:05,078 -yiban_Homepage1.py- yiban_homepage1 - INFO - 点选任务接收人图标
2020-05-09 11:00:07,112 -base.py- BasePage - INFO - 执行成功
2020-05-09 11:00:12,381 -yiban_Homepage1.py- yiban_homepage1 - INFO - 输入用户姓名
2020-05-09 11:00:12,474 -base.py- BasePage - INFO - 执行成功
2020-05-09 11:00:14,476 -yiban_Homepage1.py- yiban_homepage1 - INFO - 点击查询按钮
2020-05-09 11:00:14,516 -base.py- BasePage - INFO - 执行成功
2020-05-09 11:00:17,048 -yiban_Homepage1.py- yiban_homepage1 - INFO - 双击任务接收人
2020-05-09 11:00:17,215 -base.py- BasePage - INFO - 双击正确
2020-05-09 11:00:19,235 -yiban_Homepage1.py- yiban_homepage1 - INFO - 输入查勘说明
2020-05-09 11:00:19,615 -base.py- BasePage - INFO - 执行成功
2020-05-09 11:00:21,616 -yiban_Homepage1.py- yiban_homepage1 - INFO - 点击提交按钮
2020-05-09 11:00:21,654 -base.py- BasePage - INFO - 执行成功
2020-05-09 11:00:23,769 -yiban_Homepage1.py- yiban_homepage1 - INFO - 点击确认按钮
2020-05-09 11:00:23,828 -base.py- BasePage - INFO - 执行成功
2020-05-09 11:00:32,030 -base.py- BasePage - INFO - 无风险提示弹框
2020-05-09 11:00:32,030 -base.py- BasePage - INFO - 无风险提醒
2020-05-09 11:00:36,079 -base.py- BasePage - INFO - 提交结果成功
2020-05-09 11:00:40,093 -am_yibanWu.py- yibanWu - INFO - --------------------------  一般损伤+无治疗场景执行完毕 -----------------------
2020-05-09 11:06:56,698 -browser_engine.py- BrowserEngine - INFO - 使用Chrome浏览器
2020-05-09 11:07:06,192 -browser_engine.py- BrowserEngine - INFO - 打开医疗云系统
2020-05-09 11:07:10,333 -am_yibanWu.py- yibanWu - INFO - --------------------------  一般损伤+无治疗场景开始执行  -----------------------
2020-05-09 11:07:10,333 -caidan_shouciHomepage1.py- shouci_homepage1 - INFO - 点击首次查勘------处理任务
2020-05-09 11:07:10,404 -base.py- BasePage - INFO - 执行成功
2020-05-09 11:07:18,228 -caidan_shouciHomepage1.py- shouci_homepage1 - INFO - 点选待处理
2020-05-09 11:07:18,309 -base.py- BasePage - INFO - 执行成功
2020-05-09 11:07:20,345 -caidan_shouciHomepage1.py- shouci_homepage1 - INFO - 点击查询
2020-05-09 11:07:20,379 -base.py- BasePage - INFO - 执行成功
2020-05-09 11:07:20,865 -caidan_shouciHomepage1.py- shouci_homepage1 - INFO - 点击报案号
2020-05-09 11:07:25,884 -base.py- BasePage - INFO - 无手机图标
2020-05-09 11:07:34,057 -base.py- BasePage - INFO - 激活当前窗口
2020-05-09 11:07:36,091 -jiuzhen_type.py- jiuzhen - INFO - 点选事故类型
2020-05-09 11:07:36,130 -base.py- BasePage - INFO - 执行成功
2020-05-09 11:07:38,157 -jiuzhen_type.py- jiuzhen - INFO - 点选损失类型为：一般损伤
2020-05-09 11:07:38,191 -base.py- BasePage - INFO - 执行成功
2020-05-09 11:07:40,642 -jiuzhen_type.py- jiuzhen - INFO - 点选就诊类型为：无治疗
2020-05-09 11:07:40,675 -base.py- BasePage - INFO - 执行成功
2020-05-09 11:07:44,834 -yiban_Homepage1.py- yiban_homepage1 - INFO - 输入伤者姓名
2020-05-09 11:07:45,141 -base.py- BasePage - INFO - 执行成功
2020-05-09 11:07:47,142 -yiban_Homepage1.py- yiban_homepage1 - INFO - 输入联系电话
2020-05-09 11:07:47,370 -base.py- BasePage - INFO - 执行成功
2020-05-09 11:07:49,370 -yiban_Homepage1.py- yiban_homepage1 - INFO - 点选三者类型
2020-05-09 11:07:49,416 -base.py- BasePage - INFO - 执行成功
2020-05-09 11:07:51,687 -yiban_Homepage1.py- yiban_homepage1 - INFO - 输入身份证号码
2020-05-09 11:07:56,106 -yiban_Homepage1.py- yiban_homepage1 - INFO - 点选事故责任
2020-05-09 11:07:56,170 -base.py- BasePage - INFO - 执行成功
2020-05-09 11:07:58,934 -base.py- BasePage - INFO - 执行成功
2020-05-09 11:08:05,502 -yiban_Homepage1.py- yiban_homepage1 - INFO - 点击添加到诊断
2020-05-09 11:08:05,551 -base.py- BasePage - INFO - 执行成功
2020-05-09 11:08:07,683 -base.py- BasePage - INFO - 激活当前窗口
2020-05-09 11:08:11,744 -zhenduan_homepage.py- zhenduan_homepage - INFO - 点击伤情分类
2020-05-09 11:08:11,773 -base.py- BasePage - INFO - 执行成功
2020-05-09 11:08:13,845 -zhenduan_homepage.py- zhenduan_homepage - INFO - 点击头部
2020-05-09 11:08:13,892 -base.py- BasePage - INFO - 执行成功
2020-05-09 11:08:15,952 -zhenduan_homepage.py- zhenduan_homepage - INFO - 点击头皮
2020-05-09 11:08:15,980 -base.py- BasePage - INFO - 执行成功
2020-05-09 11:08:18,870 -zhenduan_homepage.py- zhenduan_homepage - INFO - 点选第一个伤情
2020-05-09 11:08:18,924 -base.py- BasePage - INFO - 执行成功
2020-05-09 11:08:21,001 -zhenduan_homepage.py- zhenduan_homepage - INFO - 点击添加到已选择
2020-05-09 11:08:21,028 -base.py- BasePage - INFO - 执行成功
2020-05-09 11:08:23,126 -zhenduan_homepage.py- zhenduan_homepage - INFO - 点击添加到主页面
2020-05-09 11:08:23,164 -base.py- BasePage - INFO - 执行成功
2020-05-09 11:08:26,860 -base.py- BasePage - INFO - 激活当前窗口
2020-05-09 11:08:30,890 -yiban_Homepage1.py- yiban_homepage1 - INFO - 点选任务接收人图标
2020-05-09 11:08:32,976 -base.py- BasePage - INFO - 执行成功
2020-05-09 11:08:37,511 -yiban_Homepage1.py- yiban_homepage1 - INFO - 输入用户姓名
2020-05-09 11:08:37,622 -base.py- BasePage - INFO - 执行成功
2020-05-09 11:08:39,622 -yiban_Homepage1.py- yiban_homepage1 - INFO - 点击查询按钮
2020-05-09 11:08:39,650 -base.py- BasePage - INFO - 执行成功
2020-05-09 11:08:43,165 -yiban_Homepage1.py- yiban_homepage1 - INFO - 双击任务接收人
2020-05-09 11:08:43,324 -base.py- BasePage - INFO - 双击正确
2020-05-09 11:08:45,339 -yiban_Homepage1.py- yiban_homepage1 - INFO - 输入查勘说明
2020-05-09 11:08:45,513 -base.py- BasePage - INFO - 执行成功
2020-05-09 11:08:47,514 -yiban_Homepage1.py- yiban_homepage1 - INFO - 点击提交按钮
2020-05-09 11:08:47,551 -base.py- BasePage - INFO - 执行成功
2020-05-09 11:08:49,672 -yiban_Homepage1.py- yiban_homepage1 - INFO - 点击确认按钮
2020-05-09 11:08:49,701 -base.py- BasePage - INFO - 执行成功
2020-05-09 11:08:57,798 -base.py- BasePage - INFO - 无风险提示弹框
2020-05-09 11:08:57,798 -base.py- BasePage - INFO - 无风险提醒
2020-05-09 11:09:01,829 -base.py- BasePage - INFO - 提交结果成功
2020-05-09 11:09:05,853 -am_yibanWu.py- yibanWu - INFO - --------------------------  一般损伤+无治疗场景执行完毕 -----------------------
2020-05-09 11:17:46,140 -browser_engine.py- BrowserEngine - INFO - 使用Chrome浏览器
2020-05-09 11:17:48,229 -browser_engine.py- BrowserEngine - INFO - 打开医疗云系统
2020-05-09 11:17:52,383 -am_yibanWu.py- yibanWu - INFO - --------------------------  一般损伤+无治疗场景开始执行  -----------------------
2020-05-09 11:17:52,383 -caidan_shouciHomepage1.py- shouci_homepage1 - INFO - 点击首次查勘------处理任务
2020-05-09 11:17:52,501 -base.py- BasePage - INFO - 执行成功
2020-05-09 11:17:57,313 -caidan_shouciHomepage1.py- shouci_homepage1 - INFO - 点选待处理
2020-05-09 11:17:57,371 -base.py- BasePage - INFO - 执行成功
2020-05-09 11:17:59,401 -caidan_shouciHomepage1.py- shouci_homepage1 - INFO - 点击查询
2020-05-09 11:17:59,445 -base.py- BasePage - INFO - 执行成功
2020-05-09 11:18:00,470 -caidan_shouciHomepage1.py- shouci_homepage1 - INFO - 点击报案号
2020-05-09 13:33:52,259 -browser_engine.py- BrowserEngine - INFO - 使用Chrome浏览器
