2020-01-07 08:38:49,775 -browser_engine.py- BrowserEngine - INFO - 使用Chrome浏览器
2020-01-07 08:38:51,116 -browser_engine.py- BrowserEngine - INFO - 打开医疗云系统
2020-01-07 08:38:52,289 -am_yibanWu.py- yibanWu - INFO - --------------------------  一般损伤+无治疗场景开始执行  -----------------------
2020-01-07 08:38:52,289 -caidan_shouciHomepage1.py- shouci_homepage1 - INFO - 点击首次查勘------处理任务
2020-01-07 08:38:52,329 -base.py- BasePage - INFO - 执行成功
2020-01-07 08:38:54,840 -caidan_shouciHomepage1.py- shouci_homepage1 - INFO - 点选待处理
2020-01-07 08:38:54,880 -base.py- BasePage - INFO - 执行成功
2020-01-07 08:38:56,902 -caidan_shouciHomepage1.py- shouci_homepage1 - INFO - 点击查询
2020-01-07 08:38:56,960 -base.py- BasePage - INFO - 执行成功
2020-01-07 08:38:57,323 -caidan_shouciHomepage1.py- shouci_homepage1 - INFO - 点击报案号
2020-01-07 08:39:07,351 -base.py- BasePage - INFO - 激活当前窗口
2020-01-07 08:39:09,368 -jiuzhen_type.py- jiuzhen - INFO - 点选事故类型
2020-01-07 08:39:09,398 -base.py- BasePage - INFO - 执行成功
2020-01-07 08:39:11,423 -jiuzhen_type.py- jiuzhen - INFO - 点选损失类型为：一般损伤
2020-01-07 08:39:11,494 -base.py- BasePage - INFO - 执行成功
2020-01-07 08:39:13,618 -jiuzhen_type.py- jiuzhen - INFO - 点选就诊类型为：无治疗
2020-01-07 08:39:13,742 -base.py- BasePage - INFO - 执行成功
2020-01-07 08:39:17,912 -yiban_Homepage1.py- yiban_homepage1 - INFO - 输入伤者姓名
2020-01-07 08:39:18,150 -base.py- BasePage - INFO - 执行成功
2020-01-07 08:39:20,150 -yiban_Homepage1.py- yiban_homepage1 - INFO - 输入联系电话
2020-01-07 08:39:20,332 -base.py- BasePage - INFO - 执行成功
2020-01-07 08:39:22,332 -yiban_Homepage1.py- yiban_homepage1 - INFO - 点选三者类型
2020-01-07 08:39:22,404 -base.py- BasePage - INFO - 执行成功
2020-01-07 08:39:24,516 -yiban_Homepage1.py- yiban_homepage1 - INFO - 输入身份证号码
2020-01-07 08:39:28,832 -yiban_Homepage1.py- yiban_homepage1 - INFO - 点选事故责任
2020-01-07 08:39:28,904 -base.py- BasePage - INFO - 执行成功
2020-01-07 08:39:33,062 -yiban_Homepage1.py- yiban_homepage1 - INFO - 点击添加到诊断
2020-01-07 08:39:33,102 -base.py- BasePage - INFO - 执行成功
2020-01-07 08:39:35,220 -base.py- BasePage - INFO - 激活当前窗口
2020-01-07 08:39:36,279 -zhenduan_homepage.py- zhenduan_homepage - INFO - 点击伤情分类
2020-01-07 08:39:36,322 -base.py- BasePage - INFO - 执行成功
2020-01-07 08:39:38,415 -zhenduan_homepage.py- zhenduan_homepage - INFO - 点击头部
2020-01-07 08:39:38,479 -base.py- BasePage - INFO - 执行成功
2020-01-07 08:39:40,574 -zhenduan_homepage.py- zhenduan_homepage - INFO - 点击头皮
2020-01-07 08:39:40,621 -base.py- BasePage - INFO - 执行成功
2020-01-07 08:39:42,827 -zhenduan_homepage.py- zhenduan_homepage - INFO - 点选第一个伤情
2020-01-07 08:39:42,911 -base.py- BasePage - INFO - 执行成功
2020-01-07 08:39:45,009 -zhenduan_homepage.py- zhenduan_homepage - INFO - 点击添加到已选择
2020-01-07 08:39:45,092 -base.py- BasePage - INFO - 执行成功
2020-01-07 08:39:47,226 -zhenduan_homepage.py- zhenduan_homepage - INFO - 点击添加到主页面
2020-01-07 08:39:47,256 -base.py- BasePage - INFO - 执行成功
2020-01-07 08:39:49,828 -base.py- BasePage - INFO - 激活当前窗口
2020-01-07 08:39:53,865 -yiban_Homepage1.py- yiban_homepage1 - INFO - 点选任务接收人图标
2020-01-07 08:39:55,923 -base.py- BasePage - INFO - 执行成功
2020-01-07 08:40:00,270 -yiban_Homepage1.py- yiban_homepage1 - INFO - 输入用户姓名
2020-01-07 08:40:00,396 -base.py- BasePage - INFO - 执行成功
2020-01-07 08:40:02,396 -yiban_Homepage1.py- yiban_homepage1 - INFO - 点击查询按钮
2020-01-07 08:40:02,447 -base.py- BasePage - INFO - 执行成功
2020-01-07 08:40:04,809 -yiban_Homepage1.py- yiban_homepage1 - INFO - 双击任务接收人
2020-01-07 08:40:05,012 -base.py- BasePage - INFO - 双击正确
2020-01-07 08:40:07,038 -yiban_Homepage1.py- yiban_homepage1 - INFO - 输入查勘说明
2020-01-07 08:40:07,196 -base.py- BasePage - INFO - 执行成功
2020-01-07 08:40:09,196 -yiban_Homepage1.py- yiban_homepage1 - INFO - 点击提交按钮
2020-01-07 08:40:09,279 -base.py- BasePage - INFO - 执行成功
2020-01-07 08:40:11,428 -yiban_Homepage1.py- yiban_homepage1 - INFO - 点击确认按钮
2020-01-07 08:40:11,492 -base.py- BasePage - INFO - 执行成功
2020-01-07 08:40:19,628 -base.py- BasePage - INFO - 无风险提示弹框
2020-01-07 08:40:19,628 -base.py- BasePage - INFO - 无风险提醒
2020-01-07 08:40:23,659 -base.py- BasePage - ERROR - 提交结果失败：'yiban_homepage1' object has no attribute 'content'
2020-01-07 08:40:27,689 -am_yibanWu.py- yibanWu - INFO - --------------------------  一般损伤+无治疗场景执行完毕 -----------------------
2020-01-07 08:44:16,872 -browser_engine.py- BrowserEngine - INFO - 使用Chrome浏览器
2020-01-07 08:44:17,661 -browser_engine.py- BrowserEngine - INFO - 打开医疗云系统
2020-01-07 08:44:18,830 -am_yibanWu.py- yibanWu - INFO - --------------------------  一般损伤+无治疗场景开始执行  -----------------------
2020-01-07 08:44:18,831 -caidan_shouciHomepage1.py- shouci_homepage1 - INFO - 点击首次查勘------处理任务
2020-01-07 08:44:18,895 -base.py- BasePage - INFO - 执行成功
2020-01-07 08:44:21,414 -caidan_shouciHomepage1.py- shouci_homepage1 - INFO - 点选待处理
2020-01-07 08:44:21,467 -base.py- BasePage - INFO - 执行成功
2020-01-07 08:44:23,489 -caidan_shouciHomepage1.py- shouci_homepage1 - INFO - 点击查询
2020-01-07 08:44:23,550 -base.py- BasePage - INFO - 执行成功
2020-01-07 08:44:23,958 -caidan_shouciHomepage1.py- shouci_homepage1 - INFO - 点击报案号
2020-01-07 08:44:34,029 -base.py- BasePage - INFO - 激活当前窗口
2020-01-07 08:44:36,065 -jiuzhen_type.py- jiuzhen - INFO - 点选事故类型
2020-01-07 08:44:36,102 -base.py- BasePage - INFO - 执行成功
2020-01-07 08:44:38,125 -jiuzhen_type.py- jiuzhen - INFO - 点选损失类型为：一般损伤
2020-01-07 08:44:38,187 -base.py- BasePage - INFO - 执行成功
2020-01-07 08:44:40,338 -jiuzhen_type.py- jiuzhen - INFO - 点选就诊类型为：无治疗
2020-01-07 08:44:40,396 -base.py- BasePage - INFO - 执行成功
2020-01-07 08:44:44,534 -yiban_Homepage1.py- yiban_homepage1 - INFO - 输入伤者姓名
2020-01-07 08:44:44,819 -base.py- BasePage - INFO - 执行成功
2020-01-07 08:44:46,819 -yiban_Homepage1.py- yiban_homepage1 - INFO - 输入联系电话
2020-01-07 08:44:47,043 -base.py- BasePage - INFO - 执行成功
2020-01-07 08:44:49,043 -yiban_Homepage1.py- yiban_homepage1 - INFO - 点选三者类型
2020-01-07 08:44:49,125 -base.py- BasePage - INFO - 执行成功
2020-01-07 08:44:51,220 -yiban_Homepage1.py- yiban_homepage1 - INFO - 输入身份证号码
2020-01-07 08:44:55,555 -yiban_Homepage1.py- yiban_homepage1 - INFO - 点选事故责任
2020-01-07 08:44:55,591 -base.py- BasePage - INFO - 执行成功
2020-01-07 08:44:59,822 -yiban_Homepage1.py- yiban_homepage1 - INFO - 点击添加到诊断
2020-01-07 08:44:59,871 -base.py- BasePage - INFO - 执行成功
2020-01-07 08:45:02,016 -base.py- BasePage - INFO - 激活当前窗口
2020-01-07 08:45:03,060 -zhenduan_homepage.py- zhenduan_homepage - INFO - 点击伤情分类
2020-01-07 08:45:03,088 -base.py- BasePage - INFO - 执行成功
2020-01-07 08:45:05,168 -zhenduan_homepage.py- zhenduan_homepage - INFO - 点击头部
2020-01-07 08:45:05,241 -base.py- BasePage - INFO - 执行成功
2020-01-07 08:45:07,313 -zhenduan_homepage.py- zhenduan_homepage - INFO - 点击头皮
2020-01-07 08:45:07,375 -base.py- BasePage - INFO - 执行成功
2020-01-07 08:45:09,607 -zhenduan_homepage.py- zhenduan_homepage - INFO - 点选第一个伤情
2020-01-07 08:45:09,657 -base.py- BasePage - INFO - 执行成功
2020-01-07 08:45:11,744 -zhenduan_homepage.py- zhenduan_homepage - INFO - 点击添加到已选择
2020-01-07 08:45:11,827 -base.py- BasePage - INFO - 执行成功
2020-01-07 08:45:13,985 -zhenduan_homepage.py- zhenduan_homepage - INFO - 点击添加到主页面
2020-01-07 08:45:14,052 -base.py- BasePage - INFO - 执行成功
2020-01-07 08:45:16,721 -base.py- BasePage - INFO - 激活当前窗口
2020-01-07 08:45:20,769 -yiban_Homepage1.py- yiban_homepage1 - INFO - 点选任务接收人图标
2020-01-07 08:45:22,825 -base.py- BasePage - INFO - 执行成功
2020-01-07 08:45:27,957 -yiban_Homepage1.py- yiban_homepage1 - INFO - 输入用户姓名
2020-01-07 08:45:28,080 -base.py- BasePage - INFO - 执行成功
2020-01-07 08:45:30,080 -yiban_Homepage1.py- yiban_homepage1 - INFO - 点击查询按钮
2020-01-07 08:45:30,155 -base.py- BasePage - INFO - 执行成功
2020-01-07 08:45:32,486 -yiban_Homepage1.py- yiban_homepage1 - INFO - 双击任务接收人
2020-01-07 08:45:32,679 -base.py- BasePage - INFO - 双击正确
2020-01-07 08:45:34,710 -yiban_Homepage1.py- yiban_homepage1 - INFO - 输入查勘说明
2020-01-07 08:45:34,871 -base.py- BasePage - INFO - 执行成功
2020-01-07 08:45:36,871 -yiban_Homepage1.py- yiban_homepage1 - INFO - 点击提交按钮
2020-01-07 08:45:36,929 -base.py- BasePage - INFO - 执行成功
2020-01-07 08:45:39,032 -yiban_Homepage1.py- yiban_homepage1 - INFO - 点击确认按钮
2020-01-07 08:45:39,086 -base.py- BasePage - INFO - 执行成功
2020-01-07 08:45:47,226 -base.py- BasePage - INFO - 无风险提示弹框
2020-01-07 08:45:47,226 -base.py- BasePage - INFO - 无风险提醒
2020-01-07 08:45:51,248 -base.py- BasePage - ERROR - 提交结果失败：argument of type 'WebElement' is not iterable
2020-01-07 08:45:55,272 -am_yibanWu.py- yibanWu - INFO - --------------------------  一般损伤+无治疗场景执行完毕 -----------------------
2020-01-07 08:47:19,489 -browser_engine.py- BrowserEngine - INFO - 使用Chrome浏览器
2020-01-07 08:47:24,391 -browser_engine.py- BrowserEngine - INFO - 打开医疗云系统
2020-01-07 08:47:25,539 -am_yibanWu.py- yibanWu - INFO - --------------------------  一般损伤+无治疗场景开始执行  -----------------------
2020-01-07 08:47:25,539 -caidan_shouciHomepage1.py- shouci_homepage1 - INFO - 点击首次查勘------处理任务
2020-01-07 08:47:25,572 -base.py- BasePage - INFO - 执行成功
2020-01-07 08:47:28,013 -caidan_shouciHomepage1.py- shouci_homepage1 - INFO - 点选待处理
2020-01-07 08:47:28,063 -base.py- BasePage - INFO - 执行成功
2020-01-07 08:47:30,088 -caidan_shouciHomepage1.py- shouci_homepage1 - INFO - 点击查询
2020-01-07 08:47:30,142 -base.py- BasePage - INFO - 执行成功
2020-01-07 08:47:30,559 -caidan_shouciHomepage1.py- shouci_homepage1 - INFO - 点击报案号
2020-01-07 08:47:40,575 -base.py- BasePage - INFO - 激活当前窗口
2020-01-07 08:47:42,604 -jiuzhen_type.py- jiuzhen - INFO - 点选事故类型
2020-01-07 08:47:42,687 -base.py- BasePage - INFO - 执行成功
2020-01-07 08:47:44,742 -jiuzhen_type.py- jiuzhen - INFO - 点选损失类型为：一般损伤
2020-01-07 08:47:44,807 -base.py- BasePage - INFO - 执行成功
2020-01-07 08:47:46,915 -jiuzhen_type.py- jiuzhen - INFO - 点选就诊类型为：无治疗
2020-01-07 08:47:46,955 -base.py- BasePage - INFO - 执行成功
2020-01-07 08:47:51,073 -yiban_Homepage1.py- yiban_homepage1 - INFO - 输入伤者姓名
2020-01-07 08:47:51,325 -base.py- BasePage - INFO - 执行成功
2020-01-07 08:47:53,326 -yiban_Homepage1.py- yiban_homepage1 - INFO - 输入联系电话
2020-01-07 08:47:53,529 -base.py- BasePage - INFO - 执行成功
2020-01-07 08:47:55,529 -yiban_Homepage1.py- yiban_homepage1 - INFO - 点选三者类型
2020-01-07 08:47:55,611 -base.py- BasePage - INFO - 执行成功
2020-01-07 08:47:57,719 -yiban_Homepage1.py- yiban_homepage1 - INFO - 输入身份证号码
2020-01-07 08:48:02,022 -yiban_Homepage1.py- yiban_homepage1 - INFO - 点选事故责任
2020-01-07 08:48:02,089 -base.py- BasePage - INFO - 执行成功
2020-01-07 08:48:06,321 -yiban_Homepage1.py- yiban_homepage1 - INFO - 点击添加到诊断
2020-01-07 08:48:06,382 -base.py- BasePage - INFO - 执行成功
2020-01-07 08:48:08,519 -base.py- BasePage - INFO - 激活当前窗口
2020-01-07 08:48:09,583 -zhenduan_homepage.py- zhenduan_homepage - INFO - 点击伤情分类
2020-01-07 08:48:09,623 -base.py- BasePage - INFO - 执行成功
2020-01-07 08:48:11,735 -zhenduan_homepage.py- zhenduan_homepage - INFO - 点击头部
2020-01-07 08:48:11,806 -base.py- BasePage - INFO - 执行成功
2020-01-07 08:48:13,896 -zhenduan_homepage.py- zhenduan_homepage - INFO - 点击头皮
2020-01-07 08:48:13,958 -base.py- BasePage - INFO - 执行成功
2020-01-07 08:48:17,465 -zhenduan_homepage.py- zhenduan_homepage - INFO - 点选第一个伤情
2020-01-07 08:48:17,550 -base.py- BasePage - INFO - 执行成功
2020-01-07 08:48:19,710 -zhenduan_homepage.py- zhenduan_homepage - INFO - 点击添加到已选择
2020-01-07 08:48:19,753 -base.py- BasePage - INFO - 执行成功
2020-01-07 08:48:21,884 -zhenduan_homepage.py- zhenduan_homepage - INFO - 点击添加到主页面
2020-01-07 08:48:21,951 -base.py- BasePage - INFO - 执行成功
2020-01-07 08:48:24,767 -base.py- BasePage - INFO - 激活当前窗口
2020-01-07 08:48:28,820 -yiban_Homepage1.py- yiban_homepage1 - INFO - 点选任务接收人图标
2020-01-07 08:48:30,891 -base.py- BasePage - INFO - 执行成功
2020-01-07 08:48:35,865 -yiban_Homepage1.py- yiban_homepage1 - INFO - 输入用户姓名
2020-01-07 08:48:36,017 -base.py- BasePage - INFO - 执行成功
2020-01-07 08:48:38,017 -yiban_Homepage1.py- yiban_homepage1 - INFO - 点击查询按钮
2020-01-07 08:48:38,092 -base.py- BasePage - INFO - 执行成功
2020-01-07 08:48:40,464 -yiban_Homepage1.py- yiban_homepage1 - INFO - 双击任务接收人
2020-01-07 08:48:40,692 -base.py- BasePage - INFO - 双击正确
2020-01-07 08:48:42,710 -yiban_Homepage1.py- yiban_homepage1 - INFO - 输入查勘说明
2020-01-07 08:48:42,841 -base.py- BasePage - INFO - 执行成功
2020-01-07 08:48:44,841 -yiban_Homepage1.py- yiban_homepage1 - INFO - 点击提交按钮
2020-01-07 08:48:44,900 -base.py- BasePage - INFO - 执行成功
2020-01-07 08:48:47,019 -yiban_Homepage1.py- yiban_homepage1 - INFO - 点击确认按钮
2020-01-07 08:48:47,070 -base.py- BasePage - INFO - 执行成功
2020-01-07 08:48:55,207 -base.py- BasePage - INFO - 无风险提示弹框
2020-01-07 08:48:55,207 -base.py- BasePage - INFO - 无风险提醒
2020-01-07 08:48:59,241 -base.py- BasePage - ERROR - 提交结果失败：
2020-01-07 08:49:03,271 -am_yibanWu.py- yibanWu - INFO - --------------------------  一般损伤+无治疗场景执行完毕 -----------------------
2020-01-07 08:50:17,161 -browser_engine.py- BrowserEngine - INFO - 使用Chrome浏览器
2020-01-07 08:50:18,022 -browser_engine.py- BrowserEngine - INFO - 打开医疗云系统
2020-01-07 08:50:19,171 -am_yibanWu.py- yibanWu - INFO - --------------------------  一般损伤+无治疗场景开始执行  -----------------------
2020-01-07 08:50:19,171 -caidan_shouciHomepage1.py- shouci_homepage1 - INFO - 点击首次查勘------处理任务
2020-01-07 08:50:19,210 -base.py- BasePage - INFO - 执行成功
2020-01-07 08:50:21,676 -caidan_shouciHomepage1.py- shouci_homepage1 - INFO - 点选待处理
2020-01-07 08:50:21,718 -base.py- BasePage - INFO - 执行成功
2020-01-07 08:50:23,739 -caidan_shouciHomepage1.py- shouci_homepage1 - INFO - 点击查询
2020-01-07 08:50:23,784 -base.py- BasePage - INFO - 执行成功
2020-01-07 08:50:24,187 -caidan_shouciHomepage1.py- shouci_homepage1 - INFO - 点击报案号
2020-01-07 08:50:34,270 -base.py- BasePage - INFO - 激活当前窗口
2020-01-07 08:50:36,299 -jiuzhen_type.py- jiuzhen - INFO - 点选事故类型
2020-01-07 08:50:36,350 -base.py- BasePage - INFO - 执行成功
2020-01-07 08:50:38,384 -jiuzhen_type.py- jiuzhen - INFO - 点选损失类型为：一般损伤
2020-01-07 08:50:38,450 -base.py- BasePage - INFO - 执行成功
2020-01-07 08:50:40,561 -jiuzhen_type.py- jiuzhen - INFO - 点选就诊类型为：无治疗
2020-01-07 08:50:40,628 -base.py- BasePage - INFO - 执行成功
2020-01-07 08:50:44,792 -yiban_Homepage1.py- yiban_homepage1 - INFO - 输入伤者姓名
2020-01-07 08:50:45,035 -base.py- BasePage - INFO - 执行成功
2020-01-07 08:50:47,035 -yiban_Homepage1.py- yiban_homepage1 - INFO - 输入联系电话
2020-01-07 08:50:47,246 -base.py- BasePage - INFO - 执行成功
2020-01-07 08:50:49,247 -yiban_Homepage1.py- yiban_homepage1 - INFO - 点选三者类型
2020-01-07 08:50:49,300 -base.py- BasePage - INFO - 执行成功
2020-01-07 08:50:51,430 -yiban_Homepage1.py- yiban_homepage1 - INFO - 输入身份证号码
2020-01-07 08:50:55,704 -yiban_Homepage1.py- yiban_homepage1 - INFO - 点选事故责任
2020-01-07 08:50:55,739 -base.py- BasePage - INFO - 执行成功
2020-01-07 08:50:59,891 -yiban_Homepage1.py- yiban_homepage1 - INFO - 点击添加到诊断
2020-01-07 08:50:59,948 -base.py- BasePage - INFO - 执行成功
2020-01-07 08:51:02,088 -base.py- BasePage - INFO - 激活当前窗口
2020-01-07 08:51:03,136 -zhenduan_homepage.py- zhenduan_homepage - INFO - 点击伤情分类
2020-01-07 08:51:03,168 -base.py- BasePage - INFO - 执行成功
2020-01-07 08:51:05,246 -zhenduan_homepage.py- zhenduan_homepage - INFO - 点击头部
2020-01-07 08:51:05,319 -base.py- BasePage - INFO - 执行成功
2020-01-07 08:51:07,412 -zhenduan_homepage.py- zhenduan_homepage - INFO - 点击头皮
2020-01-07 08:51:07,473 -base.py- BasePage - INFO - 执行成功
2020-01-07 08:51:09,680 -zhenduan_homepage.py- zhenduan_homepage - INFO - 点选第一个伤情
2020-01-07 08:51:09,737 -base.py- BasePage - INFO - 执行成功
2020-01-07 08:51:11,844 -zhenduan_homepage.py- zhenduan_homepage - INFO - 点击添加到已选择
2020-01-07 08:51:11,892 -base.py- BasePage - INFO - 执行成功
2020-01-07 08:51:13,999 -zhenduan_homepage.py- zhenduan_homepage - INFO - 点击添加到主页面
2020-01-07 08:51:14,038 -base.py- BasePage - INFO - 执行成功
2020-01-07 08:51:16,585 -base.py- BasePage - INFO - 激活当前窗口
2020-01-07 08:51:20,628 -yiban_Homepage1.py- yiban_homepage1 - INFO - 点选任务接收人图标
2020-01-07 08:51:22,687 -base.py- BasePage - INFO - 执行成功
2020-01-07 08:51:27,001 -yiban_Homepage1.py- yiban_homepage1 - INFO - 输入用户姓名
2020-01-07 08:51:27,110 -base.py- BasePage - INFO - 执行成功
2020-01-07 08:51:29,110 -yiban_Homepage1.py- yiban_homepage1 - INFO - 点击查询按钮
2020-01-07 08:51:29,152 -base.py- BasePage - INFO - 执行成功
2020-01-07 08:51:31,438 -yiban_Homepage1.py- yiban_homepage1 - INFO - 双击任务接收人
2020-01-07 08:51:31,615 -base.py- BasePage - INFO - 双击正确
2020-01-07 08:51:33,644 -yiban_Homepage1.py- yiban_homepage1 - INFO - 输入查勘说明
2020-01-07 08:51:33,737 -base.py- BasePage - INFO - 执行成功
2020-01-07 08:51:35,737 -yiban_Homepage1.py- yiban_homepage1 - INFO - 点击提交按钮
2020-01-07 08:51:35,798 -base.py- BasePage - INFO - 执行成功
2020-01-07 08:51:37,950 -yiban_Homepage1.py- yiban_homepage1 - INFO - 点击确认按钮
2020-01-07 08:51:37,992 -base.py- BasePage - INFO - 执行成功
2020-01-07 08:51:46,084 -base.py- BasePage - INFO - 无风险提示弹框
2020-01-07 08:51:46,085 -base.py- BasePage - INFO - 无风险提醒
2020-01-07 08:51:50,095 -base.py- BasePage - ERROR - 提交结果失败：
2020-01-07 08:51:54,118 -am_yibanWu.py- yibanWu - INFO - --------------------------  一般损伤+无治疗场景执行完毕 -----------------------
2020-01-07 08:55:05,363 -browser_engine.py- BrowserEngine - INFO - 使用Chrome浏览器
2020-01-07 08:55:07,907 -browser_engine.py- BrowserEngine - INFO - 打开医疗云系统
2020-01-07 08:55:09,069 -am_yibanWu.py- yibanWu - INFO - --------------------------  一般损伤+无治疗场景开始执行  -----------------------
2020-01-07 08:55:09,069 -caidan_shouciHomepage1.py- shouci_homepage1 - INFO - 点击首次查勘------处理任务
2020-01-07 08:55:09,104 -base.py- BasePage - INFO - 执行成功
2020-01-07 08:55:11,569 -caidan_shouciHomepage1.py- shouci_homepage1 - INFO - 点选待处理
2020-01-07 08:55:11,630 -base.py- BasePage - INFO - 执行成功
2020-01-07 08:55:13,654 -caidan_shouciHomepage1.py- shouci_homepage1 - INFO - 点击查询
2020-01-07 08:55:13,689 -base.py- BasePage - INFO - 执行成功
2020-01-07 08:55:14,019 -caidan_shouciHomepage1.py- shouci_homepage1 - INFO - 点击报案号
2020-01-07 08:55:23,937 -base.py- BasePage - INFO - 激活当前窗口
2020-01-07 08:55:25,957 -jiuzhen_type.py- jiuzhen - INFO - 点选事故类型
2020-01-07 08:55:26,000 -base.py- BasePage - INFO - 执行成功
2020-01-07 08:55:28,032 -jiuzhen_type.py- jiuzhen - INFO - 点选损失类型为：一般损伤
2020-01-07 08:55:28,068 -base.py- BasePage - INFO - 执行成功
2020-01-07 08:55:30,183 -jiuzhen_type.py- jiuzhen - INFO - 点选就诊类型为：无治疗
2020-01-07 08:55:30,220 -base.py- BasePage - INFO - 执行成功
2020-01-07 08:55:34,344 -yiban_Homepage1.py- yiban_homepage1 - INFO - 输入伤者姓名
2020-01-07 08:55:34,611 -base.py- BasePage - INFO - 执行成功
2020-01-07 08:55:36,611 -yiban_Homepage1.py- yiban_homepage1 - INFO - 输入联系电话
2020-01-07 08:55:36,823 -base.py- BasePage - INFO - 执行成功
2020-01-07 08:55:38,823 -yiban_Homepage1.py- yiban_homepage1 - INFO - 点选三者类型
2020-01-07 08:55:38,888 -base.py- BasePage - INFO - 执行成功
2020-01-07 08:55:41,000 -yiban_Homepage1.py- yiban_homepage1 - INFO - 输入身份证号码
2020-01-07 08:55:45,315 -yiban_Homepage1.py- yiban_homepage1 - INFO - 点选事故责任
2020-01-07 08:55:45,368 -base.py- BasePage - INFO - 执行成功
2020-01-07 08:55:49,526 -yiban_Homepage1.py- yiban_homepage1 - INFO - 点击添加到诊断
2020-01-07 08:55:49,572 -base.py- BasePage - INFO - 执行成功
2020-01-07 08:55:51,748 -base.py- BasePage - INFO - 激活当前窗口
2020-01-07 08:55:52,791 -zhenduan_homepage.py- zhenduan_homepage - INFO - 点击伤情分类
2020-01-07 08:55:52,832 -base.py- BasePage - INFO - 执行成功
2020-01-07 08:55:54,911 -zhenduan_homepage.py- zhenduan_homepage - INFO - 点击头部
2020-01-07 08:55:54,967 -base.py- BasePage - INFO - 执行成功
2020-01-07 08:55:57,046 -zhenduan_homepage.py- zhenduan_homepage - INFO - 点击头皮
2020-01-07 08:55:57,103 -base.py- BasePage - INFO - 执行成功
2020-01-07 08:55:59,292 -zhenduan_homepage.py- zhenduan_homepage - INFO - 点选第一个伤情
2020-01-07 08:55:59,344 -base.py- BasePage - INFO - 执行成功
2020-01-07 08:56:01,436 -zhenduan_homepage.py- zhenduan_homepage - INFO - 点击添加到已选择
2020-01-07 08:56:01,503 -base.py- BasePage - INFO - 执行成功
2020-01-07 08:56:03,605 -zhenduan_homepage.py- zhenduan_homepage - INFO - 点击添加到主页面
2020-01-07 08:56:03,633 -base.py- BasePage - INFO - 执行成功
2020-01-07 08:56:06,154 -base.py- BasePage - INFO - 激活当前窗口
2020-01-07 08:56:10,180 -yiban_Homepage1.py- yiban_homepage1 - INFO - 点选任务接收人图标
2020-01-07 08:56:12,244 -base.py- BasePage - INFO - 执行成功
2020-01-07 08:56:16,561 -yiban_Homepage1.py- yiban_homepage1 - INFO - 输入用户姓名
2020-01-07 08:56:16,652 -base.py- BasePage - INFO - 执行成功
2020-01-07 08:56:18,652 -yiban_Homepage1.py- yiban_homepage1 - INFO - 点击查询按钮
2020-01-07 08:56:18,702 -base.py- BasePage - INFO - 执行成功
2020-01-07 08:56:21,025 -yiban_Homepage1.py- yiban_homepage1 - INFO - 双击任务接收人
2020-01-07 08:56:21,147 -base.py- BasePage - INFO - 双击正确
2020-01-07 08:56:23,174 -yiban_Homepage1.py- yiban_homepage1 - INFO - 输入查勘说明
2020-01-07 08:56:23,329 -base.py- BasePage - INFO - 执行成功
2020-01-07 08:56:25,329 -yiban_Homepage1.py- yiban_homepage1 - INFO - 点击提交按钮
2020-01-07 08:56:25,384 -base.py- BasePage - INFO - 执行成功
2020-01-07 08:56:27,483 -yiban_Homepage1.py- yiban_homepage1 - INFO - 点击确认按钮
2020-01-07 08:56:27,537 -base.py- BasePage - INFO - 执行成功
2020-01-07 08:56:35,651 -base.py- BasePage - INFO - 无风险提示弹框
2020-01-07 08:56:35,651 -base.py- BasePage - INFO - 无风险提醒
2020-01-07 08:56:39,678 -base.py- BasePage - ERROR - 提交结果失败：
2020-01-07 08:56:43,703 -am_yibanWu.py- yibanWu - INFO - --------------------------  一般损伤+无治疗场景执行完毕 -----------------------
2020-01-07 17:15:29,011 -browser_engine.py- BrowserEngine - INFO - 使用Chrome浏览器
2020-01-07 17:15:31,973 -browser_engine.py- BrowserEngine - INFO - 打开医疗云系统
2020-01-07 17:15:33,143 -am_yibanWu.py- yibanWu - INFO - --------------------------  一般损伤+无治疗场景开始执行  -----------------------
2020-01-07 17:15:33,143 -caidan_shouciHomepage1.py- shouci_homepage1 - INFO - 点击首次查勘------处理任务
2020-01-07 17:15:33,177 -base.py- BasePage - INFO - 执行成功
2020-01-07 17:15:36,409 -caidan_shouciHomepage1.py- shouci_homepage1 - INFO - 点选待处理
2020-01-07 17:15:36,456 -base.py- BasePage - INFO - 执行成功
2020-01-07 17:15:38,479 -caidan_shouciHomepage1.py- shouci_homepage1 - INFO - 点击查询
2020-01-07 17:15:38,511 -base.py- BasePage - INFO - 执行成功
2020-01-07 17:15:38,940 -caidan_shouciHomepage1.py- shouci_homepage1 - INFO - 点击报案号
2020-01-07 17:15:52,171 -base.py- BasePage - INFO - 激活当前窗口
2020-01-07 17:15:54,207 -jiuzhen_type.py- jiuzhen - INFO - 点选事故类型
2020-01-07 17:15:54,272 -base.py- BasePage - INFO - 执行成功
2020-01-07 17:15:56,296 -jiuzhen_type.py- jiuzhen - INFO - 点选损失类型为：一般损伤
2020-01-07 17:15:56,347 -base.py- BasePage - INFO - 执行成功
2020-01-07 17:15:58,548 -jiuzhen_type.py- jiuzhen - INFO - 点选就诊类型为：无治疗
2020-01-07 17:15:58,617 -base.py- BasePage - INFO - 执行成功
2020-01-07 17:16:02,782 -yiban_Homepage1.py- yiban_homepage1 - INFO - 输入伤者姓名
2020-01-07 17:16:03,032 -base.py- BasePage - INFO - 执行成功
2020-01-07 17:16:05,032 -yiban_Homepage1.py- yiban_homepage1 - INFO - 输入联系电话
2020-01-07 17:16:05,259 -base.py- BasePage - INFO - 执行成功
2020-01-07 17:16:07,259 -yiban_Homepage1.py- yiban_homepage1 - INFO - 点选三者类型
2020-01-07 17:16:07,311 -base.py- BasePage - INFO - 执行成功
2020-01-07 17:16:09,450 -yiban_Homepage1.py- yiban_homepage1 - INFO - 输入身份证号码
2020-01-07 17:16:13,750 -yiban_Homepage1.py- yiban_homepage1 - INFO - 点选事故责任
2020-01-07 17:16:13,812 -base.py- BasePage - INFO - 执行成功
2020-01-07 17:16:18,067 -yiban_Homepage1.py- yiban_homepage1 - INFO - 点击添加到诊断
2020-01-07 17:16:18,131 -base.py- BasePage - INFO - 执行成功
2020-01-07 17:16:20,374 -base.py- BasePage - INFO - 激活当前窗口
2020-01-07 17:16:21,430 -zhenduan_homepage.py- zhenduan_homepage - INFO - 点击伤情分类
2020-01-07 17:16:21,484 -base.py- BasePage - INFO - 执行成功
2020-01-07 17:16:23,591 -zhenduan_homepage.py- zhenduan_homepage - INFO - 点击头部
2020-01-07 17:16:23,655 -base.py- BasePage - INFO - 执行成功
2020-01-07 17:16:25,726 -zhenduan_homepage.py- zhenduan_homepage - INFO - 点击头皮
2020-01-07 17:16:25,755 -base.py- BasePage - INFO - 执行成功
2020-01-07 17:16:29,033 -zhenduan_homepage.py- zhenduan_homepage - INFO - 点选第一个伤情
2020-01-07 17:16:29,078 -base.py- BasePage - INFO - 执行成功
2020-01-07 17:16:31,158 -zhenduan_homepage.py- zhenduan_homepage - INFO - 点击添加到已选择
2020-01-07 17:16:31,200 -base.py- BasePage - INFO - 执行成功
2020-01-07 17:16:33,336 -zhenduan_homepage.py- zhenduan_homepage - INFO - 点击添加到主页面
2020-01-07 17:16:33,392 -base.py- BasePage - INFO - 执行成功
2020-01-07 17:16:36,199 -base.py- BasePage - INFO - 激活当前窗口
2020-01-07 17:16:40,235 -yiban_Homepage1.py- yiban_homepage1 - INFO - 点选任务接收人图标
2020-01-07 17:16:42,297 -base.py- BasePage - INFO - 执行成功
2020-01-07 17:16:47,256 -yiban_Homepage1.py- yiban_homepage1 - INFO - 输入用户姓名
2020-01-07 17:16:47,375 -base.py- BasePage - INFO - 执行成功
2020-01-07 17:16:49,376 -yiban_Homepage1.py- yiban_homepage1 - INFO - 点击查询按钮
2020-01-07 17:16:49,427 -base.py- BasePage - INFO - 执行成功
2020-01-07 17:16:51,831 -yiban_Homepage1.py- yiban_homepage1 - INFO - 双击任务接收人
2020-01-07 17:16:52,024 -base.py- BasePage - INFO - 双击正确
2020-01-07 17:16:54,065 -yiban_Homepage1.py- yiban_homepage1 - INFO - 输入查勘说明
2020-01-07 17:16:54,284 -base.py- BasePage - INFO - 执行成功
2020-01-07 17:16:56,284 -yiban_Homepage1.py- yiban_homepage1 - INFO - 点击提交按钮
2020-01-07 17:16:56,338 -base.py- BasePage - INFO - 执行成功
2020-01-07 17:16:58,437 -yiban_Homepage1.py- yiban_homepage1 - INFO - 点击确认按钮
2020-01-07 17:16:58,486 -base.py- BasePage - INFO - 执行成功
2020-01-07 17:17:06,651 -base.py- BasePage - INFO - 无风险提示弹框
2020-01-07 17:17:06,651 -base.py- BasePage - INFO - 无风险提醒
2020-01-07 17:17:10,671 -base.py- BasePage - ERROR - 提交结果失败
2020-01-07 17:17:14,687 -am_yibanWu.py- yibanWu - INFO - --------------------------  一般损伤+无治疗场景执行完毕 -----------------------
