2020-04-24 17:49:43,039 -browser_engine.py- BrowserEngine - INFO - 使用Chrome浏览器
2020-04-24 17:49:44,315 -browser_engine.py- BrowserEngine - INFO - 打开医疗云系统
2020-04-24 17:49:48,440 -am_yibanWu.py- yibanWu - INFO - --------------------------  一般损伤+无治疗场景开始执行  -----------------------
2020-04-24 17:49:48,440 -caidan_shouciHomepage1.py- shouci_homepage1 - INFO - 点击首次查勘------处理任务
2020-04-24 17:49:48,569 -base.py- BasePage - INFO - 执行成功
2020-04-24 17:49:51,389 -caidan_shouciHomepage1.py- shouci_homepage1 - INFO - 点选待处理
2020-04-24 17:49:51,438 -base.py- BasePage - INFO - 执行成功
2020-04-24 17:49:53,478 -caidan_shouciHomepage1.py- shouci_homepage1 - INFO - 点击查询
2020-04-24 17:49:53,512 -base.py- BasePage - INFO - 执行成功
2020-04-24 17:49:53,896 -caidan_shouciHomepage1.py- shouci_homepage1 - INFO - 点击报案号
2020-04-24 17:50:04,242 -base.py- BasePage - INFO - 激活当前窗口
2020-04-24 17:50:06,272 -jiuzhen_type.py- jiuzhen - INFO - 点选事故类型
2020-04-24 17:50:06,331 -base.py- BasePage - INFO - 执行成功
2020-04-24 17:50:08,367 -jiuzhen_type.py- jiuzhen - INFO - 点选损失类型为：一般损伤
2020-04-24 17:50:08,422 -base.py- BasePage - INFO - 执行成功
2020-04-24 17:50:10,566 -jiuzhen_type.py- jiuzhen - INFO - 点选就诊类型为：无治疗
2020-04-24 17:50:10,615 -base.py- BasePage - INFO - 执行成功
2020-04-24 17:50:14,718 -yiban_Homepage1.py- yiban_homepage1 - INFO - 输入伤者姓名
2020-04-24 17:50:15,057 -base.py- BasePage - INFO - 执行成功
2020-04-24 17:50:17,058 -yiban_Homepage1.py- yiban_homepage1 - INFO - 输入联系电话
2020-04-24 17:50:17,268 -base.py- BasePage - INFO - 执行成功
2020-04-24 17:50:19,268 -yiban_Homepage1.py- yiban_homepage1 - INFO - 点选三者类型
2020-04-24 17:50:19,324 -base.py- BasePage - INFO - 执行成功
2020-04-24 17:50:21,453 -yiban_Homepage1.py- yiban_homepage1 - INFO - 输入身份证号码
2020-04-24 17:50:25,853 -yiban_Homepage1.py- yiban_homepage1 - INFO - 点选事故责任
2020-04-24 17:50:25,909 -base.py- BasePage - INFO - 执行成功
2020-04-24 17:50:30,028 -yiban_Homepage1.py- yiban_homepage1 - INFO - 点击添加到诊断
2020-04-24 17:50:30,084 -base.py- BasePage - INFO - 执行成功
2020-04-24 17:50:32,250 -base.py- BasePage - INFO - 激活当前窗口
2020-04-24 17:50:36,329 -zhenduan_homepage.py- zhenduan_homepage - INFO - 点击伤情分类
2020-04-24 17:50:36,355 -base.py- BasePage - INFO - 执行成功
2020-04-24 17:50:38,432 -zhenduan_homepage.py- zhenduan_homepage - INFO - 点击头部
2020-04-24 17:50:38,472 -base.py- BasePage - INFO - 执行成功
2020-04-24 17:50:40,540 -zhenduan_homepage.py- zhenduan_homepage - INFO - 点击头皮
2020-04-24 17:50:40,560 -base.py- BasePage - INFO - 执行成功
2020-04-24 17:50:42,801 -zhenduan_homepage.py- zhenduan_homepage - INFO - 点选第一个伤情
2020-04-24 17:50:42,831 -base.py- BasePage - INFO - 执行成功
2020-04-24 17:50:44,922 -zhenduan_homepage.py- zhenduan_homepage - INFO - 点击添加到已选择
2020-04-24 17:50:44,972 -base.py- BasePage - INFO - 执行成功
2020-04-24 17:50:47,110 -zhenduan_homepage.py- zhenduan_homepage - INFO - 点击添加到主页面
2020-04-24 17:50:47,133 -base.py- BasePage - INFO - 执行成功
2020-04-24 17:50:49,703 -base.py- BasePage - INFO - 激活当前窗口
2020-04-24 17:50:53,737 -yiban_Homepage1.py- yiban_homepage1 - INFO - 点选任务接收人图标
2020-04-24 17:50:55,798 -base.py- BasePage - INFO - 执行成功
2020-04-24 17:51:00,146 -yiban_Homepage1.py- yiban_homepage1 - INFO - 输入用户姓名
2020-04-24 17:51:00,251 -base.py- BasePage - INFO - 执行成功
2020-04-24 17:51:02,252 -yiban_Homepage1.py- yiban_homepage1 - INFO - 点击查询按钮
2020-04-24 17:51:02,280 -base.py- BasePage - INFO - 执行成功
2020-04-24 17:51:04,601 -yiban_Homepage1.py- yiban_homepage1 - INFO - 双击任务接收人
2020-04-24 17:51:04,740 -base.py- BasePage - INFO - 双击正确
2020-04-24 17:51:06,753 -yiban_Homepage1.py- yiban_homepage1 - INFO - 输入查勘说明
2020-04-24 17:51:06,875 -base.py- BasePage - INFO - 执行成功
2020-04-24 17:51:08,875 -yiban_Homepage1.py- yiban_homepage1 - INFO - 点击提交按钮
2020-04-24 17:51:08,935 -base.py- BasePage - INFO - 执行成功
2020-04-24 17:51:11,027 -yiban_Homepage1.py- yiban_homepage1 - INFO - 点击确认按钮
2020-04-24 17:51:22,078 -base.py- BasePage - ERROR - 执行失败(<PageObjects.yiban_Homepage1.yiban_homepage1 object at 0x0000027FC624F438>, ('css selector', 'html body .layui-layer div:last-child .layui-layer-btn0'))
2020-04-24 17:51:22,078 -base.py- BasePage - INFO - 执行成功
2020-04-24 17:51:30,117 -base.py- BasePage - INFO - 无风险提示弹框
2020-04-24 17:51:30,117 -base.py- BasePage - INFO - 无风险提醒
2020-04-24 17:53:04,541 -browser_engine.py- BrowserEngine - INFO - 使用Chrome浏览器
2020-04-24 17:53:07,100 -browser_engine.py- BrowserEngine - INFO - 打开医疗云系统
2020-04-24 17:53:11,247 -am_yibanWu.py- yibanWu - INFO - --------------------------  一般损伤+无治疗场景开始执行  -----------------------
2020-04-24 17:53:11,248 -caidan_shouciHomepage1.py- shouci_homepage1 - INFO - 点击首次查勘------处理任务
2020-04-24 17:53:50,381 -browser_engine.py- BrowserEngine - INFO - 使用Chrome浏览器
2020-04-24 17:53:51,551 -browser_engine.py- BrowserEngine - INFO - 打开医疗云系统
2020-04-24 17:53:55,703 -am_yibanWu.py- yibanWu - INFO - --------------------------  一般损伤+无治疗场景开始执行  -----------------------
2020-04-24 17:53:55,704 -caidan_shouciHomepage1.py- shouci_homepage1 - INFO - 点击首次查勘------处理任务
2020-04-24 17:53:55,746 -base.py- BasePage - INFO - 执行成功
2020-04-24 17:53:58,356 -caidan_shouciHomepage1.py- shouci_homepage1 - INFO - 点选待处理
2020-04-24 17:53:58,400 -base.py- BasePage - INFO - 执行成功
2020-04-24 17:54:00,424 -caidan_shouciHomepage1.py- shouci_homepage1 - INFO - 点击查询
2020-04-24 17:54:00,477 -base.py- BasePage - INFO - 执行成功
2020-04-24 17:54:00,953 -caidan_shouciHomepage1.py- shouci_homepage1 - INFO - 点击报案号
2020-04-24 17:54:10,941 -base.py- BasePage - INFO - 激活当前窗口
2020-04-24 17:54:12,963 -jiuzhen_type.py- jiuzhen - INFO - 点选事故类型
2020-04-24 17:54:13,004 -base.py- BasePage - INFO - 执行成功
2020-04-24 17:54:15,038 -jiuzhen_type.py- jiuzhen - INFO - 点选损失类型为：一般损伤
2020-04-24 17:54:15,082 -base.py- BasePage - INFO - 执行成功
2020-04-24 17:54:17,213 -jiuzhen_type.py- jiuzhen - INFO - 点选就诊类型为：无治疗
2020-04-24 17:54:17,257 -base.py- BasePage - INFO - 执行成功
2020-04-24 17:54:21,367 -yiban_Homepage1.py- yiban_homepage1 - INFO - 输入伤者姓名
2020-04-24 17:54:21,631 -base.py- BasePage - INFO - 执行成功
2020-04-24 17:54:23,633 -yiban_Homepage1.py- yiban_homepage1 - INFO - 输入联系电话
2020-04-24 17:54:23,810 -base.py- BasePage - INFO - 执行成功
2020-04-24 17:54:25,810 -yiban_Homepage1.py- yiban_homepage1 - INFO - 点选三者类型
2020-04-24 17:54:25,866 -base.py- BasePage - INFO - 执行成功
2020-04-24 17:54:27,964 -yiban_Homepage1.py- yiban_homepage1 - INFO - 输入身份证号码
2020-04-24 17:54:32,281 -yiban_Homepage1.py- yiban_homepage1 - INFO - 点选事故责任
2020-04-24 17:54:32,311 -base.py- BasePage - INFO - 执行成功
2020-04-24 17:54:36,362 -yiban_Homepage1.py- yiban_homepage1 - INFO - 点击添加到诊断
2020-04-24 17:54:36,417 -base.py- BasePage - INFO - 执行成功
2020-04-24 17:54:38,552 -base.py- BasePage - INFO - 激活当前窗口
2020-04-24 17:54:42,625 -zhenduan_homepage.py- zhenduan_homepage - INFO - 点击伤情分类
2020-04-24 17:54:42,652 -base.py- BasePage - INFO - 执行成功
2020-04-24 17:54:44,747 -zhenduan_homepage.py- zhenduan_homepage - INFO - 点击头部
2020-04-24 17:54:44,787 -base.py- BasePage - INFO - 执行成功
2020-04-24 17:54:46,852 -zhenduan_homepage.py- zhenduan_homepage - INFO - 点击头皮
2020-04-24 17:54:46,912 -base.py- BasePage - INFO - 执行成功
2020-04-24 17:54:49,245 -zhenduan_homepage.py- zhenduan_homepage - INFO - 点选第一个伤情
2020-04-24 17:54:49,305 -base.py- BasePage - INFO - 执行成功
2020-04-24 17:54:51,376 -zhenduan_homepage.py- zhenduan_homepage - INFO - 点击添加到已选择
2020-04-24 17:54:51,419 -base.py- BasePage - INFO - 执行成功
2020-04-24 17:54:53,602 -zhenduan_homepage.py- zhenduan_homepage - INFO - 点击添加到主页面
2020-04-24 17:54:53,659 -base.py- BasePage - INFO - 执行成功
2020-04-24 17:54:55,916 -base.py- BasePage - INFO - 激活当前窗口
2020-04-24 17:54:59,990 -yiban_Homepage1.py- yiban_homepage1 - INFO - 点选任务接收人图标
2020-04-24 17:55:02,035 -base.py- BasePage - INFO - 执行成功
2020-04-24 17:55:06,987 -yiban_Homepage1.py- yiban_homepage1 - INFO - 输入用户姓名
2020-04-24 17:55:07,134 -base.py- BasePage - INFO - 执行成功
2020-04-24 17:55:09,135 -yiban_Homepage1.py- yiban_homepage1 - INFO - 点击查询按钮
2020-04-24 17:55:09,168 -base.py- BasePage - INFO - 执行成功
2020-04-24 17:55:11,419 -yiban_Homepage1.py- yiban_homepage1 - INFO - 双击任务接收人
2020-04-24 17:55:11,587 -base.py- BasePage - INFO - 双击正确
2020-04-24 17:55:13,611 -yiban_Homepage1.py- yiban_homepage1 - INFO - 输入查勘说明
2020-04-24 17:55:13,735 -base.py- BasePage - INFO - 执行成功
2020-04-24 17:55:15,736 -yiban_Homepage1.py- yiban_homepage1 - INFO - 点击提交按钮
2020-04-24 17:55:15,779 -base.py- BasePage - INFO - 执行成功
2020-04-24 17:55:17,851 -yiban_Homepage1.py- yiban_homepage1 - INFO - 点击确认按钮
2020-04-24 17:55:28,990 -base.py- BasePage - ERROR - 执行失败(<PageObjects.yiban_Homepage1.yiban_homepage1 object at 0x0000013D4C1AF438>, ('css selector', 'html body .layui-layer div:last-child .layui-layer-btn0'))
2020-04-24 17:55:28,991 -base.py- BasePage - INFO - 执行成功
2020-04-24 17:55:37,037 -base.py- BasePage - INFO - 无风险提示弹框
2020-04-24 17:55:37,037 -base.py- BasePage - INFO - 无风险提醒
2020-04-24 17:57:31,018 -browser_engine.py- BrowserEngine - INFO - 使用Chrome浏览器
2020-04-24 17:57:31,973 -browser_engine.py- BrowserEngine - INFO - 打开医疗云系统
2020-04-24 17:57:36,112 -am_yibanWu.py- yibanWu - INFO - --------------------------  一般损伤+无治疗场景开始执行  -----------------------
2020-04-24 17:57:36,113 -caidan_shouciHomepage1.py- shouci_homepage1 - INFO - 点击首次查勘------处理任务
2020-04-24 17:57:36,206 -base.py- BasePage - INFO - 执行成功
2020-04-24 17:57:38,752 -caidan_shouciHomepage1.py- shouci_homepage1 - INFO - 点选待处理
2020-04-24 17:57:38,803 -base.py- BasePage - INFO - 执行成功
2020-04-24 17:57:40,834 -caidan_shouciHomepage1.py- shouci_homepage1 - INFO - 点击查询
2020-04-24 17:57:40,886 -base.py- BasePage - INFO - 执行成功
2020-04-24 17:57:41,168 -caidan_shouciHomepage1.py- shouci_homepage1 - INFO - 点击报案号
2020-04-24 17:57:51,055 -base.py- BasePage - INFO - 激活当前窗口
2020-04-24 17:57:53,084 -jiuzhen_type.py- jiuzhen - INFO - 点选事故类型
2020-04-24 17:57:53,139 -base.py- BasePage - INFO - 执行成功
2020-04-24 17:57:55,196 -jiuzhen_type.py- jiuzhen - INFO - 点选损失类型为：一般损伤
2020-04-24 17:57:55,256 -base.py- BasePage - INFO - 执行成功
2020-04-24 17:57:57,413 -jiuzhen_type.py- jiuzhen - INFO - 点选就诊类型为：无治疗
2020-04-24 17:57:57,454 -base.py- BasePage - INFO - 执行成功
2020-04-24 17:58:01,569 -yiban_Homepage1.py- yiban_homepage1 - INFO - 输入伤者姓名
2020-04-24 17:58:01,916 -base.py- BasePage - INFO - 执行成功
2020-04-24 17:58:03,917 -yiban_Homepage1.py- yiban_homepage1 - INFO - 输入联系电话
2020-04-24 17:58:04,132 -base.py- BasePage - INFO - 执行成功
2020-04-24 17:58:06,133 -yiban_Homepage1.py- yiban_homepage1 - INFO - 点选三者类型
2020-04-24 17:58:06,186 -base.py- BasePage - INFO - 执行成功
2020-04-24 17:58:08,276 -yiban_Homepage1.py- yiban_homepage1 - INFO - 输入身份证号码
2020-04-24 17:58:12,584 -yiban_Homepage1.py- yiban_homepage1 - INFO - 点选事故责任
2020-04-24 17:58:12,613 -base.py- BasePage - INFO - 执行成功
2020-04-24 17:58:16,668 -yiban_Homepage1.py- yiban_homepage1 - INFO - 点击添加到诊断
2020-04-24 17:58:16,714 -base.py- BasePage - INFO - 执行成功
2020-04-24 17:58:18,835 -base.py- BasePage - INFO - 激活当前窗口
2020-04-24 17:58:22,890 -zhenduan_homepage.py- zhenduan_homepage - INFO - 点击伤情分类
2020-04-24 17:58:22,943 -base.py- BasePage - INFO - 执行成功
2020-04-24 17:58:25,046 -zhenduan_homepage.py- zhenduan_homepage - INFO - 点击头部
2020-04-24 17:58:25,099 -base.py- BasePage - INFO - 执行成功
2020-04-24 17:58:27,162 -zhenduan_homepage.py- zhenduan_homepage - INFO - 点击头皮
2020-04-24 17:58:27,216 -base.py- BasePage - INFO - 执行成功
2020-04-24 17:58:29,486 -zhenduan_homepage.py- zhenduan_homepage - INFO - 点选第一个伤情
2020-04-24 17:58:29,538 -base.py- BasePage - INFO - 执行成功
2020-04-24 17:58:31,636 -zhenduan_homepage.py- zhenduan_homepage - INFO - 点击添加到已选择
2020-04-24 17:58:31,681 -base.py- BasePage - INFO - 执行成功
2020-04-24 17:58:33,767 -zhenduan_homepage.py- zhenduan_homepage - INFO - 点击添加到主页面
2020-04-24 17:58:33,797 -base.py- BasePage - INFO - 执行成功
2020-04-24 17:58:36,066 -base.py- BasePage - INFO - 激活当前窗口
2020-04-24 17:58:40,101 -yiban_Homepage1.py- yiban_homepage1 - INFO - 点选任务接收人图标
2020-04-24 17:58:42,156 -base.py- BasePage - INFO - 执行成功
2020-04-24 17:58:46,518 -yiban_Homepage1.py- yiban_homepage1 - INFO - 输入用户姓名
2020-04-24 17:58:46,639 -base.py- BasePage - INFO - 执行成功
2020-04-24 17:58:48,639 -yiban_Homepage1.py- yiban_homepage1 - INFO - 点击查询按钮
2020-04-24 17:58:48,690 -base.py- BasePage - INFO - 执行成功
2020-04-24 17:58:50,990 -yiban_Homepage1.py- yiban_homepage1 - INFO - 双击任务接收人
2020-04-24 17:58:51,162 -base.py- BasePage - INFO - 双击正确
2020-04-24 17:58:53,197 -yiban_Homepage1.py- yiban_homepage1 - INFO - 输入查勘说明
2020-04-24 17:58:53,378 -base.py- BasePage - INFO - 执行成功
2020-04-24 17:58:55,378 -yiban_Homepage1.py- yiban_homepage1 - INFO - 点击提交按钮
2020-04-24 17:58:55,432 -base.py- BasePage - INFO - 执行成功
2020-04-24 17:58:57,541 -yiban_Homepage1.py- yiban_homepage1 - INFO - 点击确认按钮
2020-04-24 17:59:08,617 -base.py- BasePage - ERROR - 执行失败(<PageObjects.yiban_Homepage1.yiban_homepage1 object at 0x000001483029F390>, ('css selector', 'html body .layui-layer div:last-child .layui-layer-btn0'))
2020-04-24 17:59:08,617 -base.py- BasePage - INFO - 执行成功
2020-04-24 17:59:16,689 -base.py- BasePage - INFO - 无风险提示弹框
2020-04-24 17:59:16,689 -base.py- BasePage - INFO - 无风险提醒
2020-04-24 17:59:54,305 -browser_engine.py- BrowserEngine - INFO - 使用Chrome浏览器
2020-04-24 17:59:55,227 -browser_engine.py- BrowserEngine - INFO - 打开医疗云系统
2020-04-24 17:59:59,369 -am_yibanWu.py- yibanWu - INFO - --------------------------  一般损伤+无治疗场景开始执行  -----------------------
2020-04-24 17:59:59,369 -caidan_shouciHomepage1.py- shouci_homepage1 - INFO - 点击首次查勘------处理任务
2020-04-24 17:59:59,524 -base.py- BasePage - INFO - 执行成功
2020-04-24 18:00:02,314 -caidan_shouciHomepage1.py- shouci_homepage1 - INFO - 点选待处理
2020-04-24 18:00:02,400 -base.py- BasePage - INFO - 执行成功
2020-04-24 18:00:04,425 -caidan_shouciHomepage1.py- shouci_homepage1 - INFO - 点击查询
2020-04-24 18:00:04,453 -base.py- BasePage - INFO - 执行成功
2020-04-24 18:00:04,833 -caidan_shouciHomepage1.py- shouci_homepage1 - INFO - 点击报案号
2020-04-24 18:00:14,755 -base.py- BasePage - INFO - 激活当前窗口
2020-04-24 18:00:16,780 -jiuzhen_type.py- jiuzhen - INFO - 点选事故类型
2020-04-24 18:00:16,815 -base.py- BasePage - INFO - 执行成功
2020-04-24 18:00:18,843 -jiuzhen_type.py- jiuzhen - INFO - 点选损失类型为：一般损伤
2020-04-24 18:00:18,907 -base.py- BasePage - INFO - 执行成功
2020-04-24 18:00:21,020 -jiuzhen_type.py- jiuzhen - INFO - 点选就诊类型为：无治疗
2020-04-24 18:00:21,071 -base.py- BasePage - INFO - 执行成功
2020-04-24 18:00:25,179 -yiban_Homepage1.py- yiban_homepage1 - INFO - 输入伤者姓名
2020-04-24 18:00:25,577 -base.py- BasePage - INFO - 执行成功
2020-04-24 18:00:27,579 -yiban_Homepage1.py- yiban_homepage1 - INFO - 输入联系电话
2020-04-24 18:00:27,791 -base.py- BasePage - INFO - 执行成功
2020-04-24 18:00:29,792 -yiban_Homepage1.py- yiban_homepage1 - INFO - 点选三者类型
2020-04-24 18:00:29,833 -base.py- BasePage - INFO - 执行成功
2020-04-24 18:00:31,937 -yiban_Homepage1.py- yiban_homepage1 - INFO - 输入身份证号码
2020-04-24 18:00:36,231 -yiban_Homepage1.py- yiban_homepage1 - INFO - 点选事故责任
2020-04-24 18:00:36,280 -base.py- BasePage - INFO - 执行成功
2020-04-24 18:00:40,407 -yiban_Homepage1.py- yiban_homepage1 - INFO - 点击添加到诊断
2020-04-24 18:00:40,438 -base.py- BasePage - INFO - 执行成功
2020-04-24 18:00:42,606 -base.py- BasePage - INFO - 激活当前窗口
2020-04-24 18:00:46,776 -zhenduan_homepage.py- zhenduan_homepage - INFO - 点击伤情分类
2020-04-24 18:00:46,804 -base.py- BasePage - INFO - 执行成功
2020-04-24 18:00:48,885 -zhenduan_homepage.py- zhenduan_homepage - INFO - 点击头部
2020-04-24 18:00:48,934 -base.py- BasePage - INFO - 执行成功
2020-04-24 18:00:51,008 -zhenduan_homepage.py- zhenduan_homepage - INFO - 点击头皮
2020-04-24 18:00:51,068 -base.py- BasePage - INFO - 执行成功
2020-04-24 18:00:53,304 -zhenduan_homepage.py- zhenduan_homepage - INFO - 点选第一个伤情
2020-04-24 18:00:53,353 -base.py- BasePage - INFO - 执行成功
2020-04-24 18:00:55,444 -zhenduan_homepage.py- zhenduan_homepage - INFO - 点击添加到已选择
2020-04-24 18:00:55,511 -base.py- BasePage - INFO - 执行成功
2020-04-24 18:00:57,646 -zhenduan_homepage.py- zhenduan_homepage - INFO - 点击添加到主页面
2020-04-24 18:00:57,693 -base.py- BasePage - INFO - 执行成功
2020-04-24 18:01:00,266 -base.py- BasePage - INFO - 激活当前窗口
2020-04-24 18:01:04,305 -yiban_Homepage1.py- yiban_homepage1 - INFO - 点选任务接收人图标
2020-04-24 18:01:06,337 -base.py- BasePage - INFO - 执行成功
2020-04-24 18:01:10,670 -yiban_Homepage1.py- yiban_homepage1 - INFO - 输入用户姓名
2020-04-24 18:01:10,794 -base.py- BasePage - INFO - 执行成功
2020-04-24 18:01:12,795 -yiban_Homepage1.py- yiban_homepage1 - INFO - 点击查询按钮
2020-04-24 18:01:12,846 -base.py- BasePage - INFO - 执行成功
2020-04-24 18:01:15,189 -yiban_Homepage1.py- yiban_homepage1 - INFO - 双击任务接收人
2020-04-24 18:01:15,419 -base.py- BasePage - INFO - 双击正确
2020-04-24 18:01:17,453 -yiban_Homepage1.py- yiban_homepage1 - INFO - 输入查勘说明
2020-04-24 18:01:17,645 -base.py- BasePage - INFO - 执行成功
2020-04-24 18:01:19,645 -yiban_Homepage1.py- yiban_homepage1 - INFO - 点击提交按钮
2020-04-24 18:01:19,689 -base.py- BasePage - INFO - 执行成功
2020-04-24 18:01:21,800 -yiban_Homepage1.py- yiban_homepage1 - INFO - 点击确认按钮
2020-04-24 18:01:32,852 -base.py- BasePage - ERROR - 执行失败(<PageObjects.yiban_Homepage1.yiban_homepage1 object at 0x000001EB61C4F3C8>, ('css selector', 'html body .layui-layer div:last-child .layui-layer-btn0'))
2020-04-24 18:01:32,853 -base.py- BasePage - INFO - 执行成功
2020-04-24 18:01:40,899 -base.py- BasePage - INFO - 无风险提示弹框
2020-04-24 18:01:40,899 -base.py- BasePage - INFO - 无风险提醒
2020-04-24 19:23:26,080 -browser_engine.py- BrowserEngine - INFO - 使用Chrome浏览器
2020-04-24 19:23:27,018 -browser_engine.py- BrowserEngine - INFO - 打开医疗云系统
2020-04-24 19:23:31,179 -am_yibanWu.py- yibanWu - INFO - --------------------------  一般损伤+无治疗场景开始执行  -----------------------
2020-04-24 19:23:31,180 -caidan_shouciHomepage1.py- shouci_homepage1 - INFO - 点击首次查勘------处理任务
2020-04-24 19:23:31,396 -base.py- BasePage - INFO - 执行成功
2020-04-24 19:23:34,029 -caidan_shouciHomepage1.py- shouci_homepage1 - INFO - 点选待处理
2020-04-24 19:23:34,075 -base.py- BasePage - INFO - 执行成功
2020-04-24 19:23:36,111 -caidan_shouciHomepage1.py- shouci_homepage1 - INFO - 点击查询
2020-04-24 19:23:36,149 -base.py- BasePage - INFO - 执行成功
2020-04-24 19:23:36,556 -caidan_shouciHomepage1.py- shouci_homepage1 - INFO - 点击报案号
2020-04-24 19:23:46,641 -base.py- BasePage - INFO - 激活当前窗口
2020-04-24 19:23:48,677 -jiuzhen_type.py- jiuzhen - INFO - 点选事故类型
2020-04-24 19:23:48,738 -base.py- BasePage - INFO - 执行成功
2020-04-24 19:23:50,774 -jiuzhen_type.py- jiuzhen - INFO - 点选损失类型为：一般损伤
2020-04-24 19:23:50,836 -base.py- BasePage - INFO - 执行成功
2020-04-24 19:23:53,025 -jiuzhen_type.py- jiuzhen - INFO - 点选就诊类型为：无治疗
2020-04-24 19:23:53,069 -base.py- BasePage - INFO - 执行成功
2020-04-24 19:23:57,209 -yiban_Homepage1.py- yiban_homepage1 - INFO - 输入伤者姓名
2020-04-24 19:23:57,600 -base.py- BasePage - INFO - 执行成功
2020-04-24 19:23:59,603 -yiban_Homepage1.py- yiban_homepage1 - INFO - 输入联系电话
2020-04-24 19:23:59,890 -base.py- BasePage - INFO - 执行成功
2020-04-24 19:24:01,895 -yiban_Homepage1.py- yiban_homepage1 - INFO - 点选三者类型
2020-04-24 19:24:01,949 -base.py- BasePage - INFO - 执行成功
2020-04-24 19:24:04,153 -yiban_Homepage1.py- yiban_homepage1 - INFO - 输入身份证号码
2020-04-24 19:24:08,494 -yiban_Homepage1.py- yiban_homepage1 - INFO - 点选事故责任
2020-04-24 19:24:08,553 -base.py- BasePage - INFO - 执行成功
2020-04-24 19:24:12,695 -yiban_Homepage1.py- yiban_homepage1 - INFO - 点击添加到诊断
2020-04-24 19:24:12,754 -base.py- BasePage - INFO - 执行成功
2020-04-24 19:24:46,717 -browser_engine.py- BrowserEngine - INFO - 使用Chrome浏览器
2020-04-24 19:24:47,570 -browser_engine.py- BrowserEngine - INFO - 打开医疗云系统
2020-04-24 19:24:51,715 -am_yibanWu.py- yibanWu - INFO - --------------------------  一般损伤+无治疗场景开始执行  -----------------------
2020-04-24 19:24:51,715 -caidan_shouciHomepage1.py- shouci_homepage1 - INFO - 点击首次查勘------处理任务
2020-04-24 19:24:51,818 -base.py- BasePage - INFO - 执行成功
2020-04-24 19:24:54,452 -caidan_shouciHomepage1.py- shouci_homepage1 - INFO - 点选待处理
2020-04-24 19:24:54,539 -base.py- BasePage - INFO - 执行成功
2020-04-24 19:24:56,567 -caidan_shouciHomepage1.py- shouci_homepage1 - INFO - 点击查询
2020-04-24 19:24:56,627 -base.py- BasePage - INFO - 执行成功
2020-04-24 19:24:57,116 -caidan_shouciHomepage1.py- shouci_homepage1 - INFO - 点击报案号
2020-04-24 19:25:07,255 -base.py- BasePage - INFO - 激活当前窗口
2020-04-24 19:25:09,290 -jiuzhen_type.py- jiuzhen - INFO - 点选事故类型
2020-04-24 19:25:09,345 -base.py- BasePage - INFO - 执行成功
2020-04-24 19:25:11,395 -jiuzhen_type.py- jiuzhen - INFO - 点选损失类型为：一般损伤
2020-04-24 19:25:11,455 -base.py- BasePage - INFO - 执行成功
2020-04-24 19:25:13,656 -jiuzhen_type.py- jiuzhen - INFO - 点选就诊类型为：无治疗
2020-04-24 19:25:13,711 -base.py- BasePage - INFO - 执行成功
2020-04-24 19:25:17,882 -yiban_Homepage1.py- yiban_homepage1 - INFO - 输入伤者姓名
2020-04-24 19:25:18,252 -base.py- BasePage - INFO - 执行成功
2020-04-24 19:25:20,257 -yiban_Homepage1.py- yiban_homepage1 - INFO - 输入联系电话
2020-04-24 19:25:20,523 -base.py- BasePage - INFO - 执行成功
2020-04-24 19:25:22,523 -yiban_Homepage1.py- yiban_homepage1 - INFO - 点选三者类型
2020-04-24 19:25:22,582 -base.py- BasePage - INFO - 执行成功
2020-04-24 19:25:24,748 -yiban_Homepage1.py- yiban_homepage1 - INFO - 输入身份证号码
2020-04-24 19:25:29,152 -yiban_Homepage1.py- yiban_homepage1 - INFO - 点选事故责任
2020-04-24 19:25:29,186 -base.py- BasePage - INFO - 执行成功
2020-04-24 19:25:33,305 -yiban_Homepage1.py- yiban_homepage1 - INFO - 点击添加到诊断
2020-04-24 19:25:33,358 -base.py- BasePage - INFO - 执行成功
2020-04-24 19:25:35,624 -base.py- BasePage - INFO - 执行成功
2020-04-24 19:25:39,839 -base.py- BasePage - INFO - 激活当前窗口
2020-04-24 19:25:43,911 -zhenduan_homepage.py- zhenduan_homepage - INFO - 点击伤情分类
2020-04-24 19:25:43,966 -base.py- BasePage - INFO - 执行成功
2020-04-24 19:25:46,106 -zhenduan_homepage.py- zhenduan_homepage - INFO - 点击头部
2020-04-24 19:25:46,190 -base.py- BasePage - INFO - 执行成功
2020-04-24 19:25:48,260 -zhenduan_homepage.py- zhenduan_homepage - INFO - 点击头皮
2020-04-24 19:25:48,323 -base.py- BasePage - INFO - 执行成功
2020-04-24 19:25:50,611 -zhenduan_homepage.py- zhenduan_homepage - INFO - 点选第一个伤情
2020-04-24 19:25:50,665 -base.py- BasePage - INFO - 执行成功
2020-04-24 19:25:52,751 -zhenduan_homepage.py- zhenduan_homepage - INFO - 点击添加到已选择
2020-04-24 19:25:52,786 -base.py- BasePage - INFO - 执行成功
2020-04-24 19:25:54,895 -zhenduan_homepage.py- zhenduan_homepage - INFO - 点击添加到主页面
2020-04-24 19:25:54,940 -base.py- BasePage - INFO - 执行成功
2020-04-24 19:25:57,579 -base.py- BasePage - INFO - 激活当前窗口
2020-04-24 19:26:01,629 -yiban_Homepage1.py- yiban_homepage1 - INFO - 点选任务接收人图标
2020-04-24 19:26:03,688 -base.py- BasePage - INFO - 执行成功
2020-04-24 19:26:08,158 -yiban_Homepage1.py- yiban_homepage1 - INFO - 输入用户姓名
2020-04-24 19:26:08,339 -base.py- BasePage - INFO - 执行成功
2020-04-24 19:26:10,342 -yiban_Homepage1.py- yiban_homepage1 - INFO - 点击查询按钮
2020-04-24 19:26:10,400 -base.py- BasePage - INFO - 执行成功
2020-04-24 19:26:12,757 -yiban_Homepage1.py- yiban_homepage1 - INFO - 双击任务接收人
2020-04-24 19:26:12,948 -base.py- BasePage - INFO - 双击正确
2020-04-24 19:26:14,978 -yiban_Homepage1.py- yiban_homepage1 - INFO - 输入查勘说明
2020-04-24 19:26:15,180 -base.py- BasePage - INFO - 执行成功
2020-04-24 19:26:17,184 -yiban_Homepage1.py- yiban_homepage1 - INFO - 点击提交按钮
2020-04-24 19:26:17,241 -base.py- BasePage - INFO - 执行成功
2020-04-24 19:26:19,369 -yiban_Homepage1.py- yiban_homepage1 - INFO - 点击确认按钮
2020-04-24 19:26:19,424 -base.py- BasePage - INFO - 执行成功
2020-04-24 19:26:27,552 -base.py- BasePage - INFO - 无风险提示弹框
2020-04-24 19:26:27,552 -base.py- BasePage - INFO - 无风险提醒
2020-04-24 19:26:31,600 -base.py- BasePage - INFO - 提交结果成功
2020-04-24 19:26:35,632 -am_yibanWu.py- yibanWu - INFO - --------------------------  一般损伤+无治疗场景执行完毕 -----------------------
