2020-01-03 09:15:15,063 -browser_engine.py- BrowserEngine - INFO - 使用Chrome浏览器
2020-01-03 09:15:21,288 -browser_engine.py- BrowserEngine - INFO - 打开医疗云系统
2020-01-03 09:15:22,449 -am_yibanWu.py- yibanWu - INFO - --------------------------  一般损伤+无治疗场景开始执行  -----------------------
2020-01-03 09:15:22,449 -caidan_shouciHomepage1.py- shouci_homepage1 - INFO - 点击首次查勘------处理任务
2020-01-03 09:15:22,488 -base.py- BasePage - INFO - 执行成功
2020-01-03 09:15:26,181 -caidan_shouciHomepage1.py- shouci_homepage1 - INFO - 点选待处理
2020-01-03 09:15:26,271 -base.py- BasePage - INFO - 执行成功
2020-01-03 09:15:28,304 -caidan_shouciHomepage1.py- shouci_homepage1 - INFO - 点击查询
2020-01-03 09:15:28,364 -base.py- BasePage - INFO - 执行成功
2020-01-03 09:15:28,928 -caidan_shouciHomepage1.py- shouci_homepage1 - INFO - 点击报案号
2020-01-03 09:15:40,579 -base.py- BasePage - INFO - 激活当前窗口
2020-01-03 09:15:42,608 -jiuzhen_type.py- jiuzhen - INFO - 点选事故类型
2020-01-03 09:15:42,685 -base.py- BasePage - INFO - 执行成功
2020-01-03 09:15:44,732 -jiuzhen_type.py- jiuzhen - INFO - 点选损失类型为：一般损伤
2020-01-03 09:15:44,814 -base.py- BasePage - INFO - 执行成功
2020-01-03 09:15:46,957 -jiuzhen_type.py- jiuzhen - INFO - 点选就诊类型为：无治疗
2020-01-03 09:15:47,004 -base.py- BasePage - INFO - 执行成功
2020-01-03 09:15:51,109 -yiban_Homepage1.py- yiban_homepage1 - INFO - 输入伤者姓名
2020-01-03 09:15:51,352 -base.py- BasePage - INFO - 执行成功
2020-01-03 09:15:53,353 -yiban_Homepage1.py- yiban_homepage1 - INFO - 输入联系电话
2020-01-03 09:15:53,550 -base.py- BasePage - INFO - 执行成功
2020-01-03 09:15:55,550 -yiban_Homepage1.py- yiban_homepage1 - INFO - 点选三者类型
2020-01-03 09:15:55,596 -base.py- BasePage - INFO - 执行成功
2020-01-03 09:15:57,682 -yiban_Homepage1.py- yiban_homepage1 - INFO - 输入身份证号码
2020-01-03 09:16:01,983 -yiban_Homepage1.py- yiban_homepage1 - INFO - 点选事故责任
2020-01-03 09:16:02,011 -base.py- BasePage - INFO - 执行成功
2020-01-03 09:16:06,043 -yiban_Homepage1.py- yiban_homepage1 - INFO - 点击添加到诊断
2020-01-03 09:16:06,103 -base.py- BasePage - INFO - 执行成功
