2020-04-28 14:21:16,844 -browser_engine.py- BrowserEngine - INFO - 使用Chrome浏览器
2020-04-28 14:21:19,520 -browser_engine.py- BrowserEngine - INFO - 打开医疗云系统
2020-04-28 14:21:23,709 -am_yibanWu.py- yibanWu - INFO - --------------------------  一般损伤+无治疗场景开始执行  -----------------------
2020-04-28 14:21:23,710 -caidan_shouciHomepage1.py- shouci_homepage1 - INFO - 点击首次查勘------处理任务
2020-04-28 14:21:23,833 -base.py- BasePage - INFO - 执行成功
2020-04-28 14:21:26,923 -caidan_shouciHomepage1.py- shouci_homepage1 - INFO - 点选待处理
2020-04-28 14:21:27,007 -base.py- BasePage - INFO - 执行成功
2020-04-28 14:21:29,039 -caidan_shouciHomepage1.py- shouci_homepage1 - INFO - 点击查询
2020-04-28 14:21:29,092 -base.py- BasePage - INFO - 执行成功
2020-04-28 14:21:29,464 -caidan_shouciHomepage1.py- shouci_homepage1 - INFO - 点击报案号
2020-04-28 14:21:40,715 -base.py- BasePage - INFO - 激活当前窗口
2020-04-28 14:21:42,727 -jiuzhen_type.py- jiuzhen - INFO - 点选事故类型
2020-04-28 14:21:42,840 -base.py- BasePage - INFO - 执行成功
2020-04-28 14:21:44,929 -jiuzhen_type.py- jiuzhen - INFO - 点选损失类型为：一般损伤
2020-04-28 14:21:44,969 -base.py- BasePage - INFO - 执行成功
2020-04-28 14:21:47,079 -jiuzhen_type.py- jiuzhen - INFO - 点选就诊类型为：无治疗
2020-04-28 14:21:47,118 -base.py- BasePage - INFO - 执行成功
2020-04-28 14:21:51,249 -yiban_Homepage1.py- yiban_homepage1 - INFO - 输入伤者姓名
2020-04-28 14:21:51,519 -base.py- BasePage - INFO - 执行成功
2020-04-28 14:21:53,520 -yiban_Homepage1.py- yiban_homepage1 - INFO - 输入联系电话
2020-04-28 14:21:53,750 -base.py- BasePage - INFO - 执行成功
2020-04-28 14:21:55,751 -yiban_Homepage1.py- yiban_homepage1 - INFO - 点选三者类型
2020-04-28 14:21:55,794 -base.py- BasePage - INFO - 执行成功
2020-04-28 14:21:57,957 -yiban_Homepage1.py- yiban_homepage1 - INFO - 输入身份证号码
2020-04-28 14:22:02,668 -yiban_Homepage1.py- yiban_homepage1 - INFO - 点选事故责任
2020-04-28 14:22:02,727 -base.py- BasePage - INFO - 执行成功
2020-04-28 14:22:04,969 -base.py- BasePage - INFO - 执行成功
2020-04-28 14:22:11,117 -yiban_Homepage1.py- yiban_homepage1 - INFO - 点击添加到诊断
2020-04-28 14:22:11,148 -base.py- BasePage - INFO - 执行成功
2020-04-28 14:22:13,325 -base.py- BasePage - INFO - 激活当前窗口
2020-04-28 14:22:17,380 -zhenduan_homepage.py- zhenduan_homepage - INFO - 点击伤情分类
2020-04-28 14:22:17,435 -base.py- BasePage - INFO - 执行成功
2020-04-28 14:22:19,631 -zhenduan_homepage.py- zhenduan_homepage - INFO - 点击头部
2020-04-28 14:22:19,660 -base.py- BasePage - INFO - 执行成功
2020-04-28 14:22:21,722 -zhenduan_homepage.py- zhenduan_homepage - INFO - 点击头皮
2020-04-28 14:22:21,776 -base.py- BasePage - INFO - 执行成功
2020-04-28 14:22:24,253 -zhenduan_homepage.py- zhenduan_homepage - INFO - 点选第一个伤情
2020-04-28 14:22:24,282 -base.py- BasePage - INFO - 执行成功
2020-04-28 14:22:26,356 -zhenduan_homepage.py- zhenduan_homepage - INFO - 点击添加到已选择
2020-04-28 14:22:26,404 -base.py- BasePage - INFO - 执行成功
2020-04-28 14:22:28,516 -zhenduan_homepage.py- zhenduan_homepage - INFO - 点击添加到主页面
2020-04-28 14:22:28,549 -base.py- BasePage - INFO - 执行成功
2020-04-28 14:22:31,276 -base.py- BasePage - INFO - 激活当前窗口
2020-04-28 14:22:35,327 -yiban_Homepage1.py- yiban_homepage1 - INFO - 点选任务接收人图标
2020-04-28 14:22:37,385 -base.py- BasePage - INFO - 执行成功
2020-04-28 14:22:42,815 -yiban_Homepage1.py- yiban_homepage1 - INFO - 输入用户姓名
2020-04-28 14:22:42,923 -base.py- BasePage - INFO - 执行成功
2020-04-28 14:22:44,923 -yiban_Homepage1.py- yiban_homepage1 - INFO - 点击查询按钮
2020-04-28 14:22:44,984 -base.py- BasePage - INFO - 执行成功
2020-04-28 14:22:47,302 -yiban_Homepage1.py- yiban_homepage1 - INFO - 双击任务接收人
2020-04-28 14:22:47,461 -base.py- BasePage - INFO - 双击正确
2020-04-28 14:22:49,475 -yiban_Homepage1.py- yiban_homepage1 - INFO - 输入查勘说明
2020-04-28 14:22:49,665 -base.py- BasePage - INFO - 执行成功
2020-04-28 14:22:51,665 -yiban_Homepage1.py- yiban_homepage1 - INFO - 点击提交按钮
2020-04-28 14:22:51,701 -base.py- BasePage - INFO - 执行成功
2020-04-28 14:22:53,808 -yiban_Homepage1.py- yiban_homepage1 - INFO - 点击确认按钮
2020-04-28 14:22:53,836 -base.py- BasePage - INFO - 执行成功
2020-04-28 14:23:01,965 -base.py- BasePage - INFO - 无风险提示弹框
2020-04-28 14:23:01,965 -base.py- BasePage - INFO - 无风险提醒
2020-04-28 14:23:06,039 -base.py- BasePage - INFO - 提交结果成功
2020-04-28 14:23:10,050 -am_yibanWu.py- yibanWu - INFO - --------------------------  一般损伤+无治疗场景执行完毕 -----------------------
2020-04-28 14:33:22,084 -browser_engine.py- BrowserEngine - INFO - 使用Chrome浏览器
2020-04-28 14:33:24,803 -browser_engine.py- BrowserEngine - INFO - 打开医疗云系统
2020-04-28 14:33:29,063 -am_yibanWu.py- yibanWu - INFO - --------------------------  一般损伤+无治疗场景开始执行  -----------------------
2020-04-28 14:33:29,063 -caidan_shouciHomepage1.py- shouci_homepage1 - INFO - 点击首次查勘------处理任务
2020-04-28 14:33:29,200 -base.py- BasePage - INFO - 执行成功
2020-04-28 14:33:32,057 -caidan_shouciHomepage1.py- shouci_homepage1 - INFO - 点选待处理
2020-04-28 14:33:32,100 -base.py- BasePage - INFO - 执行成功
2020-04-28 14:33:34,127 -caidan_shouciHomepage1.py- shouci_homepage1 - INFO - 点击查询
2020-04-28 14:33:34,179 -base.py- BasePage - INFO - 执行成功
2020-04-28 14:33:34,602 -caidan_shouciHomepage1.py- shouci_homepage1 - INFO - 点击报案号
2020-04-28 14:33:39,614 -base.py- BasePage - INFO - 无手机图标
2020-04-28 14:33:45,763 -base.py- BasePage - INFO - 激活当前窗口
2020-04-28 14:33:47,796 -jiuzhen_type.py- jiuzhen - INFO - 点选事故类型
2020-04-28 14:33:47,840 -base.py- BasePage - INFO - 执行成功
2020-04-28 14:33:49,875 -jiuzhen_type.py- jiuzhen - INFO - 点选损失类型为：一般损伤
2020-04-28 14:33:49,927 -base.py- BasePage - INFO - 执行成功
2020-04-28 14:33:52,068 -jiuzhen_type.py- jiuzhen - INFO - 点选就诊类型为：无治疗
2020-04-28 14:33:52,099 -base.py- BasePage - INFO - 执行成功
2020-04-28 14:33:58,533 -yiban_Homepage1.py- yiban_homepage1 - INFO - 输入伤者姓名
2020-04-28 14:33:58,797 -base.py- BasePage - INFO - 执行成功
2020-04-28 14:34:00,798 -yiban_Homepage1.py- yiban_homepage1 - INFO - 输入联系电话
2020-04-28 14:34:01,059 -base.py- BasePage - INFO - 执行成功
2020-04-28 14:34:03,060 -yiban_Homepage1.py- yiban_homepage1 - INFO - 点选三者类型
2020-04-28 14:34:03,095 -base.py- BasePage - INFO - 执行成功
2020-04-28 14:51:23,451 -browser_engine.py- BrowserEngine - INFO - 使用Chrome浏览器
2020-04-28 14:51:29,796 -browser_engine.py- BrowserEngine - INFO - 打开医疗云系统
2020-04-28 14:51:33,959 -am_yibanWu.py- yibanWu - INFO - --------------------------  一般损伤+无治疗场景开始执行  -----------------------
2020-04-28 14:51:33,959 -caidan_shouciHomepage1.py- shouci_homepage1 - INFO - 点击首次查勘------处理任务
2020-04-28 14:51:34,043 -base.py- BasePage - INFO - 执行成功
2020-04-28 14:51:39,333 -caidan_shouciHomepage1.py- shouci_homepage1 - INFO - 点选待处理
2020-04-28 14:51:39,406 -base.py- BasePage - INFO - 执行成功
2020-04-28 14:51:41,434 -caidan_shouciHomepage1.py- shouci_homepage1 - INFO - 点击查询
2020-04-28 14:51:41,490 -base.py- BasePage - INFO - 执行成功
2020-04-28 14:51:42,248 -caidan_shouciHomepage1.py- shouci_homepage1 - INFO - 点击报案号
2020-04-28 14:51:47,291 -base.py- BasePage - INFO - 无手机图标
2020-04-28 14:52:05,314 -base.py- BasePage - INFO - 激活当前窗口
2020-04-28 14:52:07,334 -jiuzhen_type.py- jiuzhen - INFO - 点选事故类型
2020-04-28 14:52:07,367 -base.py- BasePage - INFO - 执行成功
2020-04-28 14:52:09,414 -jiuzhen_type.py- jiuzhen - INFO - 点选损失类型为：一般损伤
2020-04-28 14:52:09,459 -base.py- BasePage - INFO - 执行成功
2020-04-28 14:52:11,770 -jiuzhen_type.py- jiuzhen - INFO - 点选就诊类型为：无治疗
2020-04-28 14:52:11,808 -base.py- BasePage - INFO - 执行成功
2020-04-28 14:52:15,961 -yiban_Homepage1.py- yiban_homepage1 - INFO - 输入伤者姓名
2020-04-28 14:52:16,334 -base.py- BasePage - INFO - 执行成功
2020-04-28 14:52:18,336 -yiban_Homepage1.py- yiban_homepage1 - INFO - 输入联系电话
2020-04-28 14:52:18,754 -base.py- BasePage - INFO - 执行成功
2020-04-28 14:52:20,755 -yiban_Homepage1.py- yiban_homepage1 - INFO - 点选三者类型
2020-04-28 14:52:20,793 -base.py- BasePage - INFO - 执行成功
2020-04-28 14:52:23,518 -yiban_Homepage1.py- yiban_homepage1 - INFO - 输入身份证号码
2020-04-28 14:52:28,025 -yiban_Homepage1.py- yiban_homepage1 - INFO - 点选事故责任
2020-04-28 14:52:28,076 -base.py- BasePage - INFO - 执行成功
2020-04-28 14:52:30,154 -base.py- BasePage - INFO - 执行成功
2020-04-28 14:52:39,006 -yiban_Homepage1.py- yiban_homepage1 - INFO - 点击添加到诊断
2020-04-28 14:52:39,114 -base.py- BasePage - INFO - 执行成功
2020-04-28 14:52:41,660 -base.py- BasePage - INFO - 激活当前窗口
2020-04-28 14:52:45,737 -zhenduan_homepage.py- zhenduan_homepage - INFO - 点击伤情分类
2020-04-28 14:52:50,811 -base.py- BasePage - INFO - 执行成功
2020-04-28 14:52:52,899 -zhenduan_homepage.py- zhenduan_homepage - INFO - 点击头部
2020-04-28 14:52:52,962 -base.py- BasePage - INFO - 执行成功
2020-04-28 14:52:55,030 -zhenduan_homepage.py- zhenduan_homepage - INFO - 点击头皮
2020-04-28 14:52:55,073 -base.py- BasePage - INFO - 执行成功
2020-04-28 14:53:00,237 -zhenduan_homepage.py- zhenduan_homepage - INFO - 点选第一个伤情
2020-04-28 14:53:00,288 -base.py- BasePage - INFO - 执行成功
2020-04-28 14:53:02,368 -zhenduan_homepage.py- zhenduan_homepage - INFO - 点击添加到已选择
2020-04-28 14:53:02,437 -base.py- BasePage - INFO - 执行成功
2020-04-28 14:53:04,570 -zhenduan_homepage.py- zhenduan_homepage - INFO - 点击添加到主页面
2020-04-28 14:53:04,617 -base.py- BasePage - INFO - 执行成功
2020-04-28 14:53:14,046 -base.py- BasePage - INFO - 激活当前窗口
2020-04-28 14:53:18,070 -yiban_Homepage1.py- yiban_homepage1 - INFO - 点选任务接收人图标
2020-04-28 14:53:20,167 -base.py- BasePage - INFO - 执行成功
2020-04-28 14:53:29,280 -yiban_Homepage1.py- yiban_homepage1 - INFO - 输入用户姓名
2020-04-28 14:53:29,376 -base.py- BasePage - INFO - 执行成功
2020-04-28 14:53:31,376 -yiban_Homepage1.py- yiban_homepage1 - INFO - 点击查询按钮
2020-04-28 14:53:31,419 -base.py- BasePage - INFO - 执行成功
2020-04-28 14:53:34,509 -yiban_Homepage1.py- yiban_homepage1 - INFO - 双击任务接收人
2020-04-28 14:53:34,655 -base.py- BasePage - INFO - 双击正确
2020-04-28 14:53:36,673 -yiban_Homepage1.py- yiban_homepage1 - INFO - 输入查勘说明
2020-04-28 14:53:36,819 -base.py- BasePage - INFO - 执行成功
2020-04-28 14:53:38,820 -yiban_Homepage1.py- yiban_homepage1 - INFO - 点击提交按钮
2020-04-28 14:53:38,876 -base.py- BasePage - INFO - 执行成功
2020-04-28 14:53:40,977 -yiban_Homepage1.py- yiban_homepage1 - INFO - 点击确认按钮
2020-04-28 14:53:41,034 -base.py- BasePage - INFO - 执行成功
2020-04-28 14:53:49,157 -base.py- BasePage - INFO - 无风险提示弹框
2020-04-28 14:53:49,158 -base.py- BasePage - INFO - 无风险提醒
2020-04-28 14:53:54,757 -base.py- BasePage - ERROR - 提交结果失败
2020-04-28 14:53:58,775 -am_yibanWu.py- yibanWu - INFO - --------------------------  一般损伤+无治疗场景执行完毕 -----------------------



