2020-01-21 15:54:06,374 -browser_engine.py- BrowserEngine - INFO - 使用Chrome浏览器
2020-01-21 15:54:07,078 -browser_engine.py- BrowserEngine - INFO - 打开医疗云系统
2020-01-21 15:54:08,250 -am_yibanWu.py- yibanWu - INFO - --------------------------  一般损伤+无治疗场景开始执行  -----------------------
2020-01-21 15:54:08,250 -caidan_shouciHomepage1.py- shouci_homepage1 - INFO - 点击首次查勘------处理任务
2020-01-21 15:54:08,293 -base.py- BasePage - INFO - 执行成功
2020-01-21 15:54:10,830 -caidan_shouciHomepage1.py- shouci_homepage1 - INFO - 点选待处理
2020-01-21 15:54:10,883 -base.py- BasePage - INFO - 执行成功
2020-01-21 15:54:12,904 -caidan_shouciHomepage1.py- shouci_homepage1 - INFO - 点击查询
2020-01-21 15:54:12,955 -base.py- BasePage - INFO - 执行成功
2020-01-21 15:54:13,491 -caidan_shouciHomepage1.py- shouci_homepage1 - INFO - 点击报案号
2020-01-21 15:54:23,476 -base.py- BasePage - INFO - 激活当前窗口
2020-01-21 15:54:25,507 -jiuzhen_type.py- jiuzhen - INFO - 点选事故类型
2020-01-21 15:54:25,562 -base.py- BasePage - INFO - 执行成功
2020-01-21 15:54:27,605 -jiuzhen_type.py- jiuzhen - INFO - 点选损失类型为：一般损伤
2020-01-21 15:54:27,690 -base.py- BasePage - INFO - 执行成功
2020-01-21 15:54:29,820 -jiuzhen_type.py- jiuzhen - INFO - 点选就诊类型为：无治疗
2020-01-21 15:54:29,901 -base.py- BasePage - INFO - 执行成功
2020-01-21 15:54:34,042 -yiban_Homepage1.py- yiban_homepage1 - INFO - 输入伤者姓名
2020-01-21 15:54:34,305 -base.py- BasePage - INFO - 执行成功
2020-01-21 15:54:36,305 -yiban_Homepage1.py- yiban_homepage1 - INFO - 输入联系电话
2020-01-21 15:54:36,537 -base.py- BasePage - INFO - 执行成功
2020-01-21 15:54:38,538 -yiban_Homepage1.py- yiban_homepage1 - INFO - 点选三者类型
2020-01-21 15:54:38,610 -base.py- BasePage - INFO - 执行成功
2020-01-21 15:54:40,721 -yiban_Homepage1.py- yiban_homepage1 - INFO - 输入身份证号码
2020-01-21 15:54:45,007 -yiban_Homepage1.py- yiban_homepage1 - INFO - 点选事故责任
2020-01-21 15:54:45,051 -base.py- BasePage - INFO - 执行成功
2020-01-21 15:54:49,192 -yiban_Homepage1.py- yiban_homepage1 - INFO - 点击添加到诊断
2020-01-21 15:54:49,264 -base.py- BasePage - INFO - 执行成功
2020-01-21 15:54:51,469 -base.py- BasePage - INFO - 激活当前窗口
2020-01-21 15:54:52,516 -zhenduan_homepage.py- zhenduan_homepage - INFO - 点击伤情分类
2020-01-21 15:54:52,545 -base.py- BasePage - INFO - 执行成功
2020-01-21 15:54:54,616 -zhenduan_homepage.py- zhenduan_homepage - INFO - 点击头部
2020-01-21 15:54:54,693 -base.py- BasePage - INFO - 执行成功
2020-01-21 15:54:56,801 -zhenduan_homepage.py- zhenduan_homepage - INFO - 点击头皮
2020-01-21 15:54:56,878 -base.py- BasePage - INFO - 执行成功
2020-01-21 15:54:59,104 -zhenduan_homepage.py- zhenduan_homepage - INFO - 点选第一个伤情
2020-01-21 15:54:59,184 -base.py- BasePage - INFO - 执行成功
2020-01-21 15:55:01,343 -zhenduan_homepage.py- zhenduan_homepage - INFO - 点击添加到已选择
2020-01-21 15:55:01,386 -base.py- BasePage - INFO - 执行成功
2020-01-21 15:55:03,491 -zhenduan_homepage.py- zhenduan_homepage - INFO - 点击添加到主页面
2020-01-21 15:55:03,561 -base.py- BasePage - INFO - 执行成功
2020-01-21 15:55:06,170 -base.py- BasePage - INFO - 激活当前窗口
2020-01-21 15:55:10,208 -yiban_Homepage1.py- yiban_homepage1 - INFO - 点选任务接收人图标
2020-01-21 15:55:12,276 -base.py- BasePage - INFO - 执行成功
2020-01-21 15:55:17,413 -yiban_Homepage1.py- yiban_homepage1 - INFO - 输入用户姓名
2020-01-21 15:55:17,568 -base.py- BasePage - INFO - 执行成功
2020-01-21 15:55:19,568 -yiban_Homepage1.py- yiban_homepage1 - INFO - 点击查询按钮
2020-01-21 15:55:19,632 -base.py- BasePage - INFO - 执行成功
2020-01-21 15:55:21,957 -yiban_Homepage1.py- yiban_homepage1 - INFO - 双击任务接收人
2020-01-21 15:55:22,192 -base.py- BasePage - INFO - 双击正确
2020-01-21 15:55:24,223 -yiban_Homepage1.py- yiban_homepage1 - INFO - 输入查勘说明
2020-01-21 15:55:24,441 -base.py- BasePage - INFO - 执行成功
2020-01-21 15:55:26,441 -yiban_Homepage1.py- yiban_homepage1 - INFO - 点击提交按钮
2020-01-21 15:55:26,503 -base.py- BasePage - INFO - 执行成功
2020-01-21 15:55:28,616 -yiban_Homepage1.py- yiban_homepage1 - INFO - 点击确认按钮
2020-01-21 15:55:28,693 -base.py- BasePage - INFO - 执行成功
2020-01-21 15:55:36,921 -base.py- BasePage - INFO - 无风险提示弹框
2020-01-21 15:55:36,922 -base.py- BasePage - INFO - 无风险提醒
2020-01-21 15:57:16,589 -browser_engine.py- BrowserEngine - INFO - 使用Chrome浏览器
2020-01-21 15:57:17,261 -browser_engine.py- BrowserEngine - INFO - 打开医疗云系统
2020-01-21 15:57:18,412 -am_yibanWu.py- yibanWu - INFO - --------------------------  一般损伤+无治疗场景开始执行  -----------------------
2020-01-21 15:57:18,413 -caidan_shouciHomepage1.py- shouci_homepage1 - INFO - 点击首次查勘------处理任务
2020-01-21 15:57:18,451 -base.py- BasePage - INFO - 执行成功
2020-01-21 15:57:20,878 -caidan_shouciHomepage1.py- shouci_homepage1 - INFO - 点选待处理
2020-01-21 15:57:20,925 -base.py- BasePage - INFO - 执行成功
2020-01-21 15:57:22,949 -caidan_shouciHomepage1.py- shouci_homepage1 - INFO - 点击查询
2020-01-21 15:57:23,029 -base.py- BasePage - INFO - 执行成功
2020-01-21 15:57:23,488 -caidan_shouciHomepage1.py- shouci_homepage1 - INFO - 点击报案号
2020-01-21 15:57:33,768 -base.py- BasePage - INFO - 激活当前窗口
2020-01-21 15:57:35,802 -jiuzhen_type.py- jiuzhen - INFO - 点选事故类型
2020-01-21 15:57:35,861 -base.py- BasePage - INFO - 执行成功
2020-01-21 15:57:37,895 -jiuzhen_type.py- jiuzhen - INFO - 点选损失类型为：一般损伤
2020-01-21 15:57:37,926 -base.py- BasePage - INFO - 执行成功
2020-01-21 15:57:40,027 -jiuzhen_type.py- jiuzhen - INFO - 点选就诊类型为：无治疗
2020-01-21 15:57:40,093 -base.py- BasePage - INFO - 执行成功
2020-01-21 15:57:44,222 -yiban_Homepage1.py- yiban_homepage1 - INFO - 输入伤者姓名
2020-01-21 15:57:44,514 -base.py- BasePage - INFO - 执行成功
2020-01-21 15:57:46,514 -yiban_Homepage1.py- yiban_homepage1 - INFO - 输入联系电话
2020-01-21 15:57:46,705 -base.py- BasePage - INFO - 执行成功
2020-01-21 15:57:48,705 -yiban_Homepage1.py- yiban_homepage1 - INFO - 点选三者类型
2020-01-21 15:57:48,774 -base.py- BasePage - INFO - 执行成功
2020-01-21 15:57:50,910 -yiban_Homepage1.py- yiban_homepage1 - INFO - 输入身份证号码
2020-01-21 15:57:55,198 -yiban_Homepage1.py- yiban_homepage1 - INFO - 点选事故责任
2020-01-21 15:57:55,250 -base.py- BasePage - INFO - 执行成功
2020-01-21 15:57:59,398 -yiban_Homepage1.py- yiban_homepage1 - INFO - 点击添加到诊断
2020-01-21 15:57:59,478 -base.py- BasePage - INFO - 执行成功
2020-01-21 15:58:01,676 -base.py- BasePage - INFO - 激活当前窗口
2020-01-21 15:58:02,731 -zhenduan_homepage.py- zhenduan_homepage - INFO - 点击伤情分类
2020-01-21 15:58:02,774 -base.py- BasePage - INFO - 执行成功
2020-01-21 15:58:04,875 -zhenduan_homepage.py- zhenduan_homepage - INFO - 点击头部
2020-01-21 15:58:04,929 -base.py- BasePage - INFO - 执行成功
2020-01-21 15:58:06,990 -zhenduan_homepage.py- zhenduan_homepage - INFO - 点击头皮
2020-01-21 15:58:07,057 -base.py- BasePage - INFO - 执行成功
2020-01-21 15:58:09,280 -zhenduan_homepage.py- zhenduan_homepage - INFO - 点选第一个伤情
2020-01-21 15:58:09,342 -base.py- BasePage - INFO - 执行成功
2020-01-21 15:58:11,452 -zhenduan_homepage.py- zhenduan_homepage - INFO - 点击添加到已选择
2020-01-21 15:58:11,489 -base.py- BasePage - INFO - 执行成功
2020-01-21 15:58:13,604 -zhenduan_homepage.py- zhenduan_homepage - INFO - 点击添加到主页面
2020-01-21 15:58:13,647 -base.py- BasePage - INFO - 执行成功
2020-01-21 15:58:16,300 -base.py- BasePage - INFO - 激活当前窗口
2020-01-21 15:58:20,338 -yiban_Homepage1.py- yiban_homepage1 - INFO - 点选任务接收人图标
2020-01-21 15:58:22,400 -base.py- BasePage - INFO - 执行成功
2020-01-21 15:58:26,781 -yiban_Homepage1.py- yiban_homepage1 - INFO - 输入用户姓名
2020-01-21 15:58:26,919 -base.py- BasePage - INFO - 执行成功
2020-01-21 15:58:28,919 -yiban_Homepage1.py- yiban_homepage1 - INFO - 点击查询按钮
2020-01-21 15:58:28,987 -base.py- BasePage - INFO - 执行成功
2020-01-21 15:58:31,340 -yiban_Homepage1.py- yiban_homepage1 - INFO - 双击任务接收人
2020-01-21 15:58:31,515 -base.py- BasePage - INFO - 双击正确
2020-01-21 15:58:33,550 -yiban_Homepage1.py- yiban_homepage1 - INFO - 输入查勘说明
2020-01-21 15:58:33,682 -base.py- BasePage - INFO - 执行成功
2020-01-21 15:58:35,682 -yiban_Homepage1.py- yiban_homepage1 - INFO - 点击提交按钮
2020-01-21 15:58:35,743 -base.py- BasePage - INFO - 执行成功
2020-01-21 15:58:37,841 -yiban_Homepage1.py- yiban_homepage1 - INFO - 点击确认按钮
2020-01-21 15:58:37,914 -base.py- BasePage - INFO - 执行成功
2020-01-21 15:58:46,056 -base.py- BasePage - INFO - 无风险提示弹框
2020-01-21 15:58:46,056 -base.py- BasePage - INFO - 无风险提醒
2020-01-21 15:58:50,109 -base.py- BasePage - ERROR - 提交结果失败
2020-01-21 15:58:54,138 -am_yibanWu.py- yibanWu - INFO - --------------------------  一般损伤+无治疗场景执行完毕 -----------------------
2020-01-21 15:59:43,845 -browser_engine.py- BrowserEngine - INFO - 使用Chrome浏览器
2020-01-21 15:59:45,824 -browser_engine.py- BrowserEngine - INFO - 打开医疗云系统
2020-01-21 15:59:47,003 -am_yibanWu.py- yibanWu - INFO - --------------------------  一般损伤+无治疗场景开始执行  -----------------------
2020-01-21 15:59:47,003 -caidan_shouciHomepage1.py- shouci_homepage1 - INFO - 点击首次查勘------处理任务
2020-01-21 15:59:47,042 -base.py- BasePage - INFO - 执行成功
2020-01-21 15:59:49,623 -caidan_shouciHomepage1.py- shouci_homepage1 - INFO - 点选待处理
2020-01-21 15:59:49,670 -base.py- BasePage - INFO - 执行成功
2020-01-21 15:59:51,692 -caidan_shouciHomepage1.py- shouci_homepage1 - INFO - 点击查询
2020-01-21 15:59:51,737 -base.py- BasePage - INFO - 执行成功
2020-01-21 15:59:52,068 -caidan_shouciHomepage1.py- shouci_homepage1 - INFO - 点击报案号
2020-01-21 16:00:02,119 -base.py- BasePage - INFO - 激活当前窗口
2020-01-21 16:00:04,156 -jiuzhen_type.py- jiuzhen - INFO - 点选事故类型
2020-01-21 16:00:04,206 -base.py- BasePage - INFO - 执行成功
2020-01-21 16:00:06,236 -jiuzhen_type.py- jiuzhen - INFO - 点选损失类型为：一般损伤
2020-01-21 16:00:06,290 -base.py- BasePage - INFO - 执行成功
2020-01-21 16:00:08,418 -jiuzhen_type.py- jiuzhen - INFO - 点选就诊类型为：无治疗
2020-01-21 16:00:08,473 -base.py- BasePage - INFO - 执行成功
2020-01-21 16:00:12,603 -yiban_Homepage1.py- yiban_homepage1 - INFO - 输入伤者姓名
2020-01-21 16:00:12,867 -base.py- BasePage - INFO - 执行成功
2020-01-21 16:00:14,867 -yiban_Homepage1.py- yiban_homepage1 - INFO - 输入联系电话
2020-01-21 16:00:15,079 -base.py- BasePage - INFO - 执行成功
2020-01-21 16:00:17,079 -yiban_Homepage1.py- yiban_homepage1 - INFO - 点选三者类型
2020-01-21 16:00:17,151 -base.py- BasePage - INFO - 执行成功
2020-01-21 16:00:19,253 -yiban_Homepage1.py- yiban_homepage1 - INFO - 输入身份证号码
2020-01-21 16:00:23,561 -yiban_Homepage1.py- yiban_homepage1 - INFO - 点选事故责任
2020-01-21 16:00:23,636 -base.py- BasePage - INFO - 执行成功
2020-01-21 16:00:28,952 -yiban_Homepage1.py- yiban_homepage1 - INFO - 点击添加到诊断
2020-01-21 16:00:29,018 -base.py- BasePage - INFO - 执行成功
2020-01-21 16:00:31,202 -base.py- BasePage - INFO - 激活当前窗口
2020-01-21 16:00:32,255 -zhenduan_homepage.py- zhenduan_homepage - INFO - 点击伤情分类
2020-01-21 16:00:32,296 -base.py- BasePage - INFO - 执行成功
2020-01-21 16:00:34,411 -zhenduan_homepage.py- zhenduan_homepage - INFO - 点击头部
2020-01-21 16:00:34,490 -base.py- BasePage - INFO - 执行成功
2020-01-21 16:00:36,561 -zhenduan_homepage.py- zhenduan_homepage - INFO - 点击头皮
2020-01-21 16:00:36,630 -base.py- BasePage - INFO - 执行成功
2020-01-21 16:00:38,856 -zhenduan_homepage.py- zhenduan_homepage - INFO - 点选第一个伤情
2020-01-21 16:00:38,924 -base.py- BasePage - INFO - 执行成功
2020-01-21 16:00:41,044 -zhenduan_homepage.py- zhenduan_homepage - INFO - 点击添加到已选择
2020-01-21 16:00:41,111 -base.py- BasePage - INFO - 执行成功
2020-01-21 16:00:43,234 -zhenduan_homepage.py- zhenduan_homepage - INFO - 点击添加到主页面
2020-01-21 16:00:43,296 -base.py- BasePage - INFO - 执行成功
2020-01-21 16:00:45,863 -base.py- BasePage - INFO - 激活当前窗口
2020-01-21 16:00:49,904 -yiban_Homepage1.py- yiban_homepage1 - INFO - 点选任务接收人图标
2020-01-21 16:00:51,986 -base.py- BasePage - INFO - 执行成功
2020-01-21 16:00:56,388 -yiban_Homepage1.py- yiban_homepage1 - INFO - 输入用户姓名
2020-01-21 16:00:56,554 -base.py- BasePage - INFO - 执行成功
2020-01-21 16:00:58,555 -yiban_Homepage1.py- yiban_homepage1 - INFO - 点击查询按钮
2020-01-21 16:00:58,604 -base.py- BasePage - INFO - 执行成功
2020-01-21 16:01:00,920 -yiban_Homepage1.py- yiban_homepage1 - INFO - 双击任务接收人
2020-01-21 16:01:01,086 -base.py- BasePage - INFO - 双击正确
2020-01-21 16:01:03,100 -yiban_Homepage1.py- yiban_homepage1 - INFO - 输入查勘说明
2020-01-21 16:01:03,230 -base.py- BasePage - INFO - 执行成功
2020-01-21 16:01:05,230 -yiban_Homepage1.py- yiban_homepage1 - INFO - 点击提交按钮
2020-01-21 16:01:05,282 -base.py- BasePage - INFO - 执行成功
2020-01-21 16:01:07,395 -yiban_Homepage1.py- yiban_homepage1 - INFO - 点击确认按钮
2020-01-21 16:01:07,468 -base.py- BasePage - INFO - 执行成功
2020-01-21 16:01:15,615 -base.py- BasePage - INFO - 无风险提示弹框
2020-01-21 16:01:15,615 -base.py- BasePage - INFO - 无风险提醒
2020-01-21 16:01:19,660 -base.py- BasePage - INFO - 提交结果成功
2020-01-21 16:01:23,686 -am_yibanWu.py- yibanWu - INFO - --------------------------  一般损伤+无治疗场景执行完毕 -----------------------
2020-01-21 16:02:01,186 -browser_engine.py- BrowserEngine - INFO - 使用Chrome浏览器
2020-01-21 16:02:01,973 -browser_engine.py- BrowserEngine - INFO - 打开医疗云系统
2020-01-21 16:02:03,148 -am_yibanWu.py- yibanWu - INFO - --------------------------  一般损伤+无治疗场景开始执行  -----------------------
2020-01-21 16:02:03,148 -caidan_shouciHomepage1.py- shouci_homepage1 - INFO - 点击首次查勘------处理任务
2020-01-21 16:02:03,191 -base.py- BasePage - INFO - 执行成功
2020-01-21 16:02:06,662 -caidan_shouciHomepage1.py- shouci_homepage1 - INFO - 点选待处理
2020-01-21 16:02:06,759 -base.py- BasePage - INFO - 执行成功
2020-01-21 16:02:08,797 -caidan_shouciHomepage1.py- shouci_homepage1 - INFO - 点击查询
2020-01-21 16:02:08,864 -base.py- BasePage - INFO - 执行成功
2020-01-21 16:02:09,191 -caidan_shouciHomepage1.py- shouci_homepage1 - INFO - 点击报案号
2020-01-21 16:02:19,176 -base.py- BasePage - INFO - 激活当前窗口
2020-01-21 16:02:21,213 -jiuzhen_type.py- jiuzhen - INFO - 点选事故类型
2020-01-21 16:02:21,270 -base.py- BasePage - INFO - 执行成功
2020-01-21 16:02:23,306 -jiuzhen_type.py- jiuzhen - INFO - 点选损失类型为：一般损伤
2020-01-21 16:02:23,374 -base.py- BasePage - INFO - 执行成功
2020-01-21 16:02:25,520 -jiuzhen_type.py- jiuzhen - INFO - 点选就诊类型为：无治疗
2020-01-21 16:02:25,560 -base.py- BasePage - INFO - 执行成功
2020-01-21 16:02:29,683 -yiban_Homepage1.py- yiban_homepage1 - INFO - 输入伤者姓名
2020-01-21 16:02:29,874 -base.py- BasePage - INFO - 执行成功
2020-01-21 16:02:31,874 -yiban_Homepage1.py- yiban_homepage1 - INFO - 输入联系电话
2020-01-21 16:02:32,110 -base.py- BasePage - INFO - 执行成功
2020-01-21 16:02:34,110 -yiban_Homepage1.py- yiban_homepage1 - INFO - 点选三者类型
2020-01-21 16:02:34,180 -base.py- BasePage - INFO - 执行成功
2020-01-21 16:02:36,298 -yiban_Homepage1.py- yiban_homepage1 - INFO - 输入身份证号码
2020-01-21 16:02:40,631 -yiban_Homepage1.py- yiban_homepage1 - INFO - 点选事故责任
2020-01-21 16:02:40,695 -base.py- BasePage - INFO - 执行成功
2020-01-21 16:02:44,832 -yiban_Homepage1.py- yiban_homepage1 - INFO - 点击添加到诊断
2020-01-21 16:02:44,882 -base.py- BasePage - INFO - 执行成功
2020-01-21 16:02:47,050 -base.py- BasePage - INFO - 激活当前窗口
2020-01-21 16:02:48,077 -zhenduan_homepage.py- zhenduan_homepage - INFO - 点击伤情分类
2020-01-21 16:02:48,107 -base.py- BasePage - INFO - 执行成功
2020-01-21 16:02:50,187 -zhenduan_homepage.py- zhenduan_homepage - INFO - 点击头部
2020-01-21 16:02:50,247 -base.py- BasePage - INFO - 执行成功
2020-01-21 16:02:52,320 -zhenduan_homepage.py- zhenduan_homepage - INFO - 点击头皮
2020-01-21 16:02:52,400 -base.py- BasePage - INFO - 执行成功
2020-01-21 16:02:54,621 -zhenduan_homepage.py- zhenduan_homepage - INFO - 点选第一个伤情
2020-01-21 16:02:54,671 -base.py- BasePage - INFO - 执行成功
2020-01-21 16:02:56,755 -zhenduan_homepage.py- zhenduan_homepage - INFO - 点击添加到已选择
2020-01-21 16:02:56,816 -base.py- BasePage - INFO - 执行成功
2020-01-21 16:02:58,933 -zhenduan_homepage.py- zhenduan_homepage - INFO - 点击添加到主页面
2020-01-21 16:02:58,967 -base.py- BasePage - INFO - 执行成功
2020-01-21 16:03:01,430 -base.py- BasePage - INFO - 激活当前窗口
2020-01-21 16:03:05,460 -yiban_Homepage1.py- yiban_homepage1 - INFO - 点选任务接收人图标
2020-01-21 16:03:07,521 -base.py- BasePage - INFO - 执行成功
2020-01-21 16:03:11,855 -yiban_Homepage1.py- yiban_homepage1 - INFO - 输入用户姓名
2020-01-21 16:03:11,975 -base.py- BasePage - INFO - 执行成功
2020-01-21 16:03:13,975 -yiban_Homepage1.py- yiban_homepage1 - INFO - 点击查询按钮
2020-01-21 16:03:14,043 -base.py- BasePage - INFO - 执行成功
2020-01-21 16:03:16,410 -yiban_Homepage1.py- yiban_homepage1 - INFO - 双击任务接收人
2020-01-21 16:03:16,568 -base.py- BasePage - INFO - 双击正确
2020-01-21 16:03:18,586 -yiban_Homepage1.py- yiban_homepage1 - INFO - 输入查勘说明
2020-01-21 16:03:18,735 -base.py- BasePage - INFO - 执行成功
2020-01-21 16:03:20,735 -yiban_Homepage1.py- yiban_homepage1 - INFO - 点击提交按钮
2020-01-21 16:03:20,796 -base.py- BasePage - INFO - 执行成功
2020-01-21 16:03:22,931 -yiban_Homepage1.py- yiban_homepage1 - INFO - 点击确认按钮
2020-01-21 16:03:22,993 -base.py- BasePage - INFO - 执行成功
2020-01-21 16:03:31,159 -base.py- BasePage - INFO - 无风险提示弹框
2020-01-21 16:03:31,159 -base.py- BasePage - INFO - 无风险提醒
2020-01-21 16:03:35,216 -base.py- BasePage - INFO - 提交结果成功
2020-01-21 16:03:39,247 -am_yibanWu.py- yibanWu - INFO - --------------------------  一般损伤+无治疗场景执行完毕 -----------------------
2020-01-21 16:04:38,231 -browser_engine.py- BrowserEngine - INFO - 使用Chrome浏览器
2020-01-21 16:04:39,223 -browser_engine.py- BrowserEngine - INFO - 打开医疗云系统
2020-01-21 16:04:40,393 -am_yibanWu.py- yibanWu - INFO - --------------------------  一般损伤+无治疗场景开始执行  -----------------------
2020-01-21 16:04:40,393 -caidan_shouciHomepage1.py- shouci_homepage1 - INFO - 点击首次查勘------处理任务
2020-01-21 16:04:40,436 -base.py- BasePage - INFO - 执行成功
2020-01-21 16:04:42,890 -caidan_shouciHomepage1.py- shouci_homepage1 - INFO - 点选待处理
2020-01-21 16:04:42,963 -base.py- BasePage - INFO - 执行成功
2020-01-21 16:04:44,985 -caidan_shouciHomepage1.py- shouci_homepage1 - INFO - 点击查询
2020-01-21 16:04:45,049 -base.py- BasePage - INFO - 执行成功
2020-01-21 16:04:45,370 -caidan_shouciHomepage1.py- shouci_homepage1 - INFO - 点击报案号
2020-01-21 16:04:55,278 -base.py- BasePage - INFO - 激活当前窗口
2020-01-21 16:04:57,288 -jiuzhen_type.py- jiuzhen - INFO - 点选事故类型
2020-01-21 16:04:57,319 -base.py- BasePage - INFO - 执行成功
2020-01-21 16:04:59,345 -jiuzhen_type.py- jiuzhen - INFO - 点选损失类型为：一般损伤
2020-01-21 16:04:59,404 -base.py- BasePage - INFO - 执行成功
2020-01-21 16:05:01,522 -jiuzhen_type.py- jiuzhen - INFO - 点选就诊类型为：无治疗
2020-01-21 16:05:01,581 -base.py- BasePage - INFO - 执行成功
2020-01-21 16:05:05,704 -yiban_Homepage1.py- yiban_homepage1 - INFO - 输入伤者姓名
2020-01-21 16:05:05,902 -base.py- BasePage - INFO - 执行成功
2020-01-21 16:05:07,903 -yiban_Homepage1.py- yiban_homepage1 - INFO - 输入联系电话
2020-01-21 16:05:08,087 -base.py- BasePage - INFO - 执行成功
2020-01-21 16:05:10,087 -yiban_Homepage1.py- yiban_homepage1 - INFO - 点选三者类型
2020-01-21 16:05:10,138 -base.py- BasePage - INFO - 执行成功
2020-01-21 16:05:12,317 -yiban_Homepage1.py- yiban_homepage1 - INFO - 输入身份证号码
2020-01-21 16:05:16,608 -yiban_Homepage1.py- yiban_homepage1 - INFO - 点选事故责任
2020-01-21 16:05:16,643 -base.py- BasePage - INFO - 执行成功
2020-01-21 16:05:20,777 -yiban_Homepage1.py- yiban_homepage1 - INFO - 点击添加到诊断
2020-01-21 16:05:20,826 -base.py- BasePage - INFO - 执行成功
2020-01-21 16:05:23,026 -base.py- BasePage - INFO - 激活当前窗口
2020-01-21 16:05:24,092 -zhenduan_homepage.py- zhenduan_homepage - INFO - 点击伤情分类
2020-01-21 16:05:24,142 -base.py- BasePage - INFO - 执行成功
2020-01-21 16:05:26,253 -zhenduan_homepage.py- zhenduan_homepage - INFO - 点击头部
2020-01-21 16:05:26,324 -base.py- BasePage - INFO - 执行成功
2020-01-21 16:05:28,388 -zhenduan_homepage.py- zhenduan_homepage - INFO - 点击头皮
2020-01-21 16:05:28,433 -base.py- BasePage - INFO - 执行成功
2020-01-21 16:05:30,633 -zhenduan_homepage.py- zhenduan_homepage - INFO - 点选第一个伤情
2020-01-21 16:05:30,687 -base.py- BasePage - INFO - 执行成功
2020-01-21 16:05:32,778 -zhenduan_homepage.py- zhenduan_homepage - INFO - 点击添加到已选择
2020-01-21 16:05:32,835 -base.py- BasePage - INFO - 执行成功
2020-01-21 16:05:34,956 -zhenduan_homepage.py- zhenduan_homepage - INFO - 点击添加到主页面
2020-01-21 16:05:35,000 -base.py- BasePage - INFO - 执行成功
2020-01-21 16:05:37,590 -base.py- BasePage - INFO - 激活当前窗口
2020-01-21 16:05:41,626 -yiban_Homepage1.py- yiban_homepage1 - INFO - 点选任务接收人图标
2020-01-21 16:05:43,675 -base.py- BasePage - INFO - 执行成功
2020-01-21 16:05:48,029 -yiban_Homepage1.py- yiban_homepage1 - INFO - 输入用户姓名
2020-01-21 16:05:48,127 -base.py- BasePage - INFO - 执行成功
2020-01-21 16:05:50,128 -yiban_Homepage1.py- yiban_homepage1 - INFO - 点击查询按钮
2020-01-21 16:05:50,187 -base.py- BasePage - INFO - 执行成功
2020-01-21 16:05:52,502 -yiban_Homepage1.py- yiban_homepage1 - INFO - 双击任务接收人
2020-01-21 16:05:52,661 -base.py- BasePage - INFO - 双击正确
2020-01-21 16:05:54,690 -yiban_Homepage1.py- yiban_homepage1 - INFO - 输入查勘说明
2020-01-21 16:05:54,842 -base.py- BasePage - INFO - 执行成功
2020-01-21 16:05:56,842 -yiban_Homepage1.py- yiban_homepage1 - INFO - 点击提交按钮
2020-01-21 16:05:56,894 -base.py- BasePage - INFO - 执行成功
2020-01-21 16:05:59,002 -yiban_Homepage1.py- yiban_homepage1 - INFO - 点击确认按钮
2020-01-21 16:05:59,053 -base.py- BasePage - INFO - 执行成功
2020-01-21 16:06:07,189 -base.py- BasePage - INFO - 无风险提示弹框
2020-01-21 16:06:07,189 -base.py- BasePage - INFO - 无风险提醒
2020-01-21 16:06:11,230 -base.py- BasePage - ERROR - 提交结果失败
2020-01-21 16:06:15,248 -am_yibanWu.py- yibanWu - INFO - --------------------------  一般损伤+无治疗场景执行完毕 -----------------------
2020-01-21 16:07:51,885 -browser_engine.py- BrowserEngine - INFO - 使用Chrome浏览器
2020-01-21 16:07:53,251 -browser_engine.py- BrowserEngine - INFO - 打开医疗云系统
2020-01-21 16:07:54,408 -am_yibanWu.py- yibanWu - INFO - --------------------------  一般损伤+无治疗场景开始执行  -----------------------
2020-01-21 16:07:54,409 -caidan_shouciHomepage1.py- shouci_homepage1 - INFO - 点击首次查勘------处理任务
2020-01-21 16:07:54,441 -base.py- BasePage - INFO - 执行成功
2020-01-21 16:07:57,109 -caidan_shouciHomepage1.py- shouci_homepage1 - INFO - 点选待处理
2020-01-21 16:07:57,158 -base.py- BasePage - INFO - 执行成功
2020-01-21 16:07:59,181 -caidan_shouciHomepage1.py- shouci_homepage1 - INFO - 点击查询
2020-01-21 16:07:59,213 -base.py- BasePage - INFO - 执行成功
2020-01-21 16:07:59,525 -caidan_shouciHomepage1.py- shouci_homepage1 - INFO - 点击报案号
2020-01-21 16:08:09,459 -base.py- BasePage - INFO - 激活当前窗口
2020-01-21 16:08:11,474 -jiuzhen_type.py- jiuzhen - INFO - 点选事故类型
2020-01-21 16:08:11,516 -base.py- BasePage - INFO - 执行成功
2020-01-21 16:08:13,549 -jiuzhen_type.py- jiuzhen - INFO - 点选损失类型为：一般损伤
2020-01-21 16:08:13,614 -base.py- BasePage - INFO - 执行成功
2020-01-21 16:08:15,751 -jiuzhen_type.py- jiuzhen - INFO - 点选就诊类型为：无治疗
2020-01-21 16:08:15,789 -base.py- BasePage - INFO - 执行成功
2020-01-21 16:08:19,924 -yiban_Homepage1.py- yiban_homepage1 - INFO - 输入伤者姓名
2020-01-21 16:08:20,142 -base.py- BasePage - INFO - 执行成功
2020-01-21 16:08:22,142 -yiban_Homepage1.py- yiban_homepage1 - INFO - 输入联系电话
2020-01-21 16:08:22,349 -base.py- BasePage - INFO - 执行成功
2020-01-21 16:08:24,349 -yiban_Homepage1.py- yiban_homepage1 - INFO - 点选三者类型
2020-01-21 16:08:24,418 -base.py- BasePage - INFO - 执行成功
2020-01-21 16:08:26,558 -yiban_Homepage1.py- yiban_homepage1 - INFO - 输入身份证号码
2020-01-21 16:08:30,811 -yiban_Homepage1.py- yiban_homepage1 - INFO - 点选事故责任
2020-01-21 16:08:30,847 -base.py- BasePage - INFO - 执行成功
2020-01-21 16:08:34,982 -yiban_Homepage1.py- yiban_homepage1 - INFO - 点击添加到诊断
2020-01-21 16:08:35,054 -base.py- BasePage - INFO - 执行成功
2020-01-21 16:08:37,226 -base.py- BasePage - INFO - 激活当前窗口
2020-01-21 16:08:38,251 -zhenduan_homepage.py- zhenduan_homepage - INFO - 点击伤情分类
2020-01-21 16:08:38,284 -base.py- BasePage - INFO - 执行成功
2020-01-21 16:08:40,356 -zhenduan_homepage.py- zhenduan_homepage - INFO - 点击头部
2020-01-21 16:08:40,392 -base.py- BasePage - INFO - 执行成功
2020-01-21 16:08:42,467 -zhenduan_homepage.py- zhenduan_homepage - INFO - 点击头皮
2020-01-21 16:08:42,512 -base.py- BasePage - INFO - 执行成功
2020-01-21 16:08:44,720 -zhenduan_homepage.py- zhenduan_homepage - INFO - 点选第一个伤情
2020-01-21 16:08:44,785 -base.py- BasePage - INFO - 执行成功
2020-01-21 16:08:46,880 -zhenduan_homepage.py- zhenduan_homepage - INFO - 点击添加到已选择
2020-01-21 16:08:46,945 -base.py- BasePage - INFO - 执行成功
2020-01-21 16:08:49,054 -zhenduan_homepage.py- zhenduan_homepage - INFO - 点击添加到主页面
2020-01-21 16:08:49,097 -base.py- BasePage - INFO - 执行成功
2020-01-21 16:08:51,684 -base.py- BasePage - INFO - 激活当前窗口
2020-01-21 16:08:55,718 -yiban_Homepage1.py- yiban_homepage1 - INFO - 点选任务接收人图标
2020-01-21 16:08:57,789 -base.py- BasePage - INFO - 执行成功
2020-01-21 16:09:02,145 -yiban_Homepage1.py- yiban_homepage1 - INFO - 输入用户姓名
2020-01-21 16:09:02,275 -base.py- BasePage - INFO - 执行成功
2020-01-21 16:09:04,275 -yiban_Homepage1.py- yiban_homepage1 - INFO - 点击查询按钮
2020-01-21 16:09:04,326 -base.py- BasePage - INFO - 执行成功
2020-01-21 16:09:06,666 -yiban_Homepage1.py- yiban_homepage1 - INFO - 双击任务接收人
2020-01-21 16:09:06,815 -base.py- BasePage - INFO - 双击正确
2020-01-21 16:09:08,853 -yiban_Homepage1.py- yiban_homepage1 - INFO - 输入查勘说明
2020-01-21 16:09:09,043 -base.py- BasePage - INFO - 执行成功
2020-01-21 16:09:11,043 -yiban_Homepage1.py- yiban_homepage1 - INFO - 点击提交按钮
2020-01-21 16:09:11,096 -base.py- BasePage - INFO - 执行成功
2020-01-21 16:09:13,200 -yiban_Homepage1.py- yiban_homepage1 - INFO - 点击确认按钮
2020-01-21 16:09:13,245 -base.py- BasePage - INFO - 执行成功
2020-01-21 16:09:21,396 -base.py- BasePage - INFO - 无风险提示弹框
2020-01-21 16:09:21,397 -base.py- BasePage - INFO - 无风险提醒
2020-01-21 16:09:29,534 -am_yibanWu.py- yibanWu - INFO - --------------------------  一般损伤+无治疗场景执行完毕 -----------------------
2020-01-21 16:11:01,164 -browser_engine.py- BrowserEngine - INFO - 使用Chrome浏览器
2020-01-21 16:11:04,397 -browser_engine.py- BrowserEngine - INFO - 打开医疗云系统
2020-01-21 16:11:05,543 -am_yibanWu.py- yibanWu - INFO - --------------------------  一般损伤+无治疗场景开始执行  -----------------------
2020-01-21 16:11:05,543 -caidan_shouciHomepage1.py- shouci_homepage1 - INFO - 点击首次查勘------处理任务
2020-01-21 16:11:05,579 -base.py- BasePage - INFO - 执行成功
2020-01-21 16:11:08,106 -caidan_shouciHomepage1.py- shouci_homepage1 - INFO - 点选待处理
2020-01-21 16:11:08,151 -base.py- BasePage - INFO - 执行成功
2020-01-21 16:11:10,177 -caidan_shouciHomepage1.py- shouci_homepage1 - INFO - 点击查询
2020-01-21 16:11:10,228 -base.py- BasePage - INFO - 执行成功
2020-01-21 16:11:10,579 -caidan_shouciHomepage1.py- shouci_homepage1 - INFO - 点击报案号
2020-01-21 16:11:20,505 -base.py- BasePage - INFO - 激活当前窗口
2020-01-21 16:11:22,527 -jiuzhen_type.py- jiuzhen - INFO - 点选事故类型
2020-01-21 16:11:22,580 -base.py- BasePage - INFO - 执行成功
2020-01-21 16:11:24,616 -jiuzhen_type.py- jiuzhen - INFO - 点选损失类型为：一般损伤
2020-01-21 16:11:24,692 -base.py- BasePage - INFO - 执行成功
2020-01-21 16:11:26,868 -jiuzhen_type.py- jiuzhen - INFO - 点选就诊类型为：无治疗
2020-01-21 16:11:26,926 -base.py- BasePage - INFO - 执行成功
2020-01-21 16:11:31,051 -yiban_Homepage1.py- yiban_homepage1 - INFO - 输入伤者姓名
2020-01-21 16:11:31,320 -base.py- BasePage - INFO - 执行成功
2020-01-21 16:11:33,321 -yiban_Homepage1.py- yiban_homepage1 - INFO - 输入联系电话
2020-01-21 16:11:33,547 -base.py- BasePage - INFO - 执行成功
2020-01-21 16:11:35,547 -yiban_Homepage1.py- yiban_homepage1 - INFO - 点选三者类型
2020-01-21 16:11:35,581 -base.py- BasePage - INFO - 执行成功
2020-01-21 16:11:37,717 -yiban_Homepage1.py- yiban_homepage1 - INFO - 输入身份证号码
2020-01-21 16:11:42,036 -yiban_Homepage1.py- yiban_homepage1 - INFO - 点选事故责任
2020-01-21 16:11:42,103 -base.py- BasePage - INFO - 执行成功
2020-01-21 16:11:46,252 -yiban_Homepage1.py- yiban_homepage1 - INFO - 点击添加到诊断
2020-01-21 16:11:46,286 -base.py- BasePage - INFO - 执行成功
2020-01-21 16:11:48,731 -base.py- BasePage - INFO - 激活当前窗口
2020-01-21 16:11:49,840 -zhenduan_homepage.py- zhenduan_homepage - INFO - 点击伤情分类
2020-01-21 16:11:49,867 -base.py- BasePage - INFO - 执行成功
2020-01-21 16:11:51,931 -zhenduan_homepage.py- zhenduan_homepage - INFO - 点击头部
2020-01-21 16:11:52,027 -base.py- BasePage - INFO - 执行成功
2020-01-21 16:11:54,105 -zhenduan_homepage.py- zhenduan_homepage - INFO - 点击头皮
2020-01-21 16:11:54,169 -base.py- BasePage - INFO - 执行成功
2020-01-21 16:11:56,402 -zhenduan_homepage.py- zhenduan_homepage - INFO - 点选第一个伤情
2020-01-21 16:11:56,463 -base.py- BasePage - INFO - 执行成功
2020-01-21 16:11:58,599 -zhenduan_homepage.py- zhenduan_homepage - INFO - 点击添加到已选择
2020-01-21 16:11:58,652 -base.py- BasePage - INFO - 执行成功
2020-01-21 16:12:00,800 -zhenduan_homepage.py- zhenduan_homepage - INFO - 点击添加到主页面
2020-01-21 16:12:00,840 -base.py- BasePage - INFO - 执行成功
2020-01-21 16:12:03,290 -base.py- BasePage - INFO - 激活当前窗口
2020-01-21 16:12:07,307 -yiban_Homepage1.py- yiban_homepage1 - INFO - 点选任务接收人图标
2020-01-21 16:12:09,335 -base.py- BasePage - INFO - 执行成功
2020-01-21 16:12:13,626 -yiban_Homepage1.py- yiban_homepage1 - INFO - 输入用户姓名
2020-01-21 16:12:13,768 -base.py- BasePage - INFO - 执行成功
2020-01-21 16:12:15,768 -yiban_Homepage1.py- yiban_homepage1 - INFO - 点击查询按钮
2020-01-21 16:12:15,810 -base.py- BasePage - INFO - 执行成功
2020-01-21 16:12:18,090 -yiban_Homepage1.py- yiban_homepage1 - INFO - 双击任务接收人
2020-01-21 16:12:18,224 -base.py- BasePage - INFO - 双击正确
2020-01-21 16:12:20,255 -yiban_Homepage1.py- yiban_homepage1 - INFO - 输入查勘说明
2020-01-21 16:12:20,379 -base.py- BasePage - INFO - 执行成功
2020-01-21 16:12:22,380 -yiban_Homepage1.py- yiban_homepage1 - INFO - 点击提交按钮
2020-01-21 16:12:22,441 -base.py- BasePage - INFO - 执行成功
2020-01-21 16:12:24,570 -yiban_Homepage1.py- yiban_homepage1 - INFO - 点击确认按钮
2020-01-21 16:12:24,636 -base.py- BasePage - INFO - 执行成功
2020-01-21 16:12:32,795 -base.py- BasePage - INFO - 无风险提示弹框
2020-01-21 16:12:32,795 -base.py- BasePage - INFO - 无风险提醒
2020-01-21 16:12:40,905 -am_yibanWu.py- yibanWu - INFO - --------------------------  一般损伤+无治疗场景执行完毕 -----------------------
2020-01-21 16:13:25,468 -browser_engine.py- BrowserEngine - INFO - 使用Chrome浏览器
2020-01-21 16:13:26,286 -browser_engine.py- BrowserEngine - INFO - 打开医疗云系统
2020-01-21 16:13:27,467 -am_yibanWu.py- yibanWu - INFO - --------------------------  一般损伤+无治疗场景开始执行  -----------------------
2020-01-21 16:13:27,467 -caidan_shouciHomepage1.py- shouci_homepage1 - INFO - 点击首次查勘------处理任务
2020-01-21 16:13:27,507 -base.py- BasePage - INFO - 执行成功
2020-01-21 16:13:29,990 -caidan_shouciHomepage1.py- shouci_homepage1 - INFO - 点选待处理
2020-01-21 16:13:30,033 -base.py- BasePage - INFO - 执行成功
2020-01-21 16:13:32,054 -caidan_shouciHomepage1.py- shouci_homepage1 - INFO - 点击查询
2020-01-21 16:13:32,116 -base.py- BasePage - INFO - 执行成功
2020-01-21 16:13:32,439 -caidan_shouciHomepage1.py- shouci_homepage1 - INFO - 点击报案号
2020-01-21 16:13:42,448 -base.py- BasePage - INFO - 激活当前窗口
2020-01-21 16:13:44,486 -jiuzhen_type.py- jiuzhen - INFO - 点选事故类型
2020-01-21 16:13:44,533 -base.py- BasePage - INFO - 执行成功
2020-01-21 16:13:46,573 -jiuzhen_type.py- jiuzhen - INFO - 点选损失类型为：一般损伤
2020-01-21 16:13:46,644 -base.py- BasePage - INFO - 执行成功
2020-01-21 16:13:48,816 -jiuzhen_type.py- jiuzhen - INFO - 点选就诊类型为：无治疗
2020-01-21 16:13:48,876 -base.py- BasePage - INFO - 执行成功
2020-01-21 16:13:53,031 -yiban_Homepage1.py- yiban_homepage1 - INFO - 输入伤者姓名
2020-01-21 16:13:53,239 -base.py- BasePage - INFO - 执行成功
2020-01-21 16:13:55,240 -yiban_Homepage1.py- yiban_homepage1 - INFO - 输入联系电话
2020-01-21 16:13:55,474 -base.py- BasePage - INFO - 执行成功
2020-01-21 16:13:57,474 -yiban_Homepage1.py- yiban_homepage1 - INFO - 点选三者类型
2020-01-21 16:13:57,537 -base.py- BasePage - INFO - 执行成功
2020-01-21 16:13:59,645 -yiban_Homepage1.py- yiban_homepage1 - INFO - 输入身份证号码
2020-01-21 16:14:03,954 -yiban_Homepage1.py- yiban_homepage1 - INFO - 点选事故责任
2020-01-21 16:14:04,034 -base.py- BasePage - INFO - 执行成功
2020-01-21 16:14:08,171 -yiban_Homepage1.py- yiban_homepage1 - INFO - 点击添加到诊断
2020-01-21 16:14:08,243 -base.py- BasePage - INFO - 执行成功
2020-01-21 16:14:10,524 -base.py- BasePage - INFO - 激活当前窗口
2020-01-21 16:14:11,572 -zhenduan_homepage.py- zhenduan_homepage - INFO - 点击伤情分类
2020-01-21 16:14:11,603 -base.py- BasePage - INFO - 执行成功
2020-01-21 16:14:13,681 -zhenduan_homepage.py- zhenduan_homepage - INFO - 点击头部
2020-01-21 16:14:13,716 -base.py- BasePage - INFO - 执行成功
2020-01-21 16:14:15,777 -zhenduan_homepage.py- zhenduan_homepage - INFO - 点击头皮
2020-01-21 16:14:15,845 -base.py- BasePage - INFO - 执行成功
2020-01-21 16:14:18,047 -zhenduan_homepage.py- zhenduan_homepage - INFO - 点选第一个伤情
2020-01-21 16:14:18,130 -base.py- BasePage - INFO - 执行成功
2020-01-21 16:14:20,239 -zhenduan_homepage.py- zhenduan_homepage - INFO - 点击添加到已选择
2020-01-21 16:14:20,269 -base.py- BasePage - INFO - 执行成功
2020-01-21 16:14:22,384 -zhenduan_homepage.py- zhenduan_homepage - INFO - 点击添加到主页面
2020-01-21 16:14:22,453 -base.py- BasePage - INFO - 执行成功
2020-01-21 16:14:24,987 -base.py- BasePage - INFO - 激活当前窗口
2020-01-21 16:14:29,027 -yiban_Homepage1.py- yiban_homepage1 - INFO - 点选任务接收人图标
2020-01-21 16:14:31,094 -base.py- BasePage - INFO - 执行成功
2020-01-21 16:14:35,444 -yiban_Homepage1.py- yiban_homepage1 - INFO - 输入用户姓名
2020-01-21 16:14:35,578 -base.py- BasePage - INFO - 执行成功
2020-01-21 16:14:37,578 -yiban_Homepage1.py- yiban_homepage1 - INFO - 点击查询按钮
2020-01-21 16:14:37,626 -base.py- BasePage - INFO - 执行成功
2020-01-21 16:14:39,932 -yiban_Homepage1.py- yiban_homepage1 - INFO - 双击任务接收人
2020-01-21 16:14:40,068 -base.py- BasePage - INFO - 双击正确
2020-01-21 16:14:42,102 -yiban_Homepage1.py- yiban_homepage1 - INFO - 输入查勘说明
2020-01-21 16:14:42,287 -base.py- BasePage - INFO - 执行成功
2020-01-21 16:14:44,287 -yiban_Homepage1.py- yiban_homepage1 - INFO - 点击提交按钮
2020-01-21 16:14:44,352 -base.py- BasePage - INFO - 执行成功
2020-01-21 16:14:46,453 -yiban_Homepage1.py- yiban_homepage1 - INFO - 点击确认按钮
2020-01-21 16:14:46,513 -base.py- BasePage - INFO - 执行成功
2020-01-21 16:14:54,624 -base.py- BasePage - INFO - 无风险提示弹框
2020-01-21 16:14:54,624 -base.py- BasePage - INFO - 无风险提醒
2020-01-21 16:14:58,684 -base.py- BasePage - ERROR - 提交结果失败
2020-01-21 16:15:02,702 -am_yibanWu.py- yibanWu - INFO - --------------------------  一般损伤+无治疗场景执行完毕 -----------------------
2020-01-21 16:44:20,054 -browser_engine.py- BrowserEngine - INFO - 使用Chrome浏览器
2020-01-21 16:44:20,813 -browser_engine.py- BrowserEngine - INFO - 打开医疗云系统
2020-01-21 16:44:21,967 -am_yibanWu.py- yibanWu - INFO - --------------------------  一般损伤+无治疗场景开始执行  -----------------------
2020-01-21 16:44:21,967 -caidan_shouciHomepage1.py- shouci_homepage1 - INFO - 点击首次查勘------处理任务
2020-01-21 16:44:22,007 -base.py- BasePage - INFO - 执行成功
2020-01-21 16:44:24,796 -caidan_shouciHomepage1.py- shouci_homepage1 - INFO - 点选待处理
2020-01-21 16:44:24,864 -base.py- BasePage - INFO - 执行成功
2020-01-21 16:44:26,891 -caidan_shouciHomepage1.py- shouci_homepage1 - INFO - 点击查询
2020-01-21 16:44:26,948 -base.py- BasePage - INFO - 执行成功
2020-01-21 16:44:27,264 -caidan_shouciHomepage1.py- shouci_homepage1 - INFO - 点击报案号
2020-01-21 16:44:37,060 -base.py- BasePage - INFO - 激活当前窗口
2020-01-21 16:44:39,072 -jiuzhen_type.py- jiuzhen - INFO - 点选事故类型
2020-01-21 16:44:39,104 -base.py- BasePage - INFO - 执行成功
2020-01-21 16:44:41,131 -jiuzhen_type.py- jiuzhen - INFO - 点选损失类型为：一般损伤
2020-01-21 16:44:41,209 -base.py- BasePage - INFO - 执行成功
2020-01-21 16:44:43,322 -jiuzhen_type.py- jiuzhen - INFO - 点选就诊类型为：无治疗
2020-01-21 16:44:43,356 -base.py- BasePage - INFO - 执行成功
2020-01-21 16:44:47,459 -yiban_Homepage1.py- yiban_homepage1 - INFO - 输入伤者姓名
2020-01-21 16:44:47,705 -base.py- BasePage - INFO - 执行成功
2020-01-21 16:44:49,706 -yiban_Homepage1.py- yiban_homepage1 - INFO - 输入联系电话
2020-01-21 16:44:49,973 -base.py- BasePage - INFO - 执行成功
2020-01-21 16:44:51,973 -yiban_Homepage1.py- yiban_homepage1 - INFO - 点选三者类型
2020-01-21 16:44:52,039 -base.py- BasePage - INFO - 执行成功
2020-01-21 16:44:54,190 -yiban_Homepage1.py- yiban_homepage1 - INFO - 输入身份证号码
2020-01-21 16:44:58,490 -yiban_Homepage1.py- yiban_homepage1 - INFO - 点选事故责任
2020-01-21 16:44:58,564 -base.py- BasePage - INFO - 执行成功
2020-01-21 16:45:02,716 -yiban_Homepage1.py- yiban_homepage1 - INFO - 点击添加到诊断
2020-01-21 16:45:02,774 -base.py- BasePage - INFO - 执行成功
2020-01-21 16:45:04,934 -base.py- BasePage - INFO - 激活当前窗口
2020-01-21 16:45:05,985 -zhenduan_homepage.py- zhenduan_homepage - INFO - 点击伤情分类
2020-01-21 16:45:06,028 -base.py- BasePage - INFO - 执行成功
2020-01-21 16:45:08,102 -zhenduan_homepage.py- zhenduan_homepage - INFO - 点击头部
2020-01-21 16:45:08,168 -base.py- BasePage - INFO - 执行成功
2020-01-21 16:45:10,266 -zhenduan_homepage.py- zhenduan_homepage - INFO - 点击头皮
2020-01-21 16:45:10,297 -base.py- BasePage - INFO - 执行成功
2020-01-21 16:45:12,489 -zhenduan_homepage.py- zhenduan_homepage - INFO - 点选第一个伤情
2020-01-21 16:45:12,566 -base.py- BasePage - INFO - 执行成功
2020-01-21 16:45:14,651 -zhenduan_homepage.py- zhenduan_homepage - INFO - 点击添加到已选择
2020-01-21 16:45:14,712 -base.py- BasePage - INFO - 执行成功
2020-01-21 16:45:16,834 -zhenduan_homepage.py- zhenduan_homepage - INFO - 点击添加到主页面
2020-01-21 16:45:16,879 -base.py- BasePage - INFO - 执行成功
2020-01-21 16:45:19,341 -base.py- BasePage - INFO - 激活当前窗口
2020-01-21 16:45:23,383 -yiban_Homepage1.py- yiban_homepage1 - INFO - 点选任务接收人图标
2020-01-21 16:45:25,450 -base.py- BasePage - INFO - 执行成功
2020-01-21 16:45:29,824 -yiban_Homepage1.py- yiban_homepage1 - INFO - 输入用户姓名
2020-01-21 16:45:29,985 -base.py- BasePage - INFO - 执行成功
2020-01-21 16:45:31,986 -yiban_Homepage1.py- yiban_homepage1 - INFO - 点击查询按钮
2020-01-21 16:45:32,062 -base.py- BasePage - INFO - 执行成功
2020-01-21 16:45:34,383 -yiban_Homepage1.py- yiban_homepage1 - INFO - 双击任务接收人
2020-01-21 16:45:34,569 -base.py- BasePage - INFO - 双击正确
2020-01-21 16:45:36,602 -yiban_Homepage1.py- yiban_homepage1 - INFO - 输入查勘说明
2020-01-21 16:45:36,746 -base.py- BasePage - INFO - 执行成功
2020-01-21 16:45:38,746 -yiban_Homepage1.py- yiban_homepage1 - INFO - 点击提交按钮
2020-01-21 16:45:38,807 -base.py- BasePage - INFO - 执行成功
2020-01-21 16:45:40,907 -yiban_Homepage1.py- yiban_homepage1 - INFO - 点击确认按钮
2020-01-21 16:45:40,960 -base.py- BasePage - INFO - 执行成功
2020-01-21 16:45:49,097 -base.py- BasePage - INFO - 无风险提示弹框
2020-01-21 16:45:49,097 -base.py- BasePage - INFO - 无风险提醒
2020-01-21 16:45:53,150 -base.py- BasePage - INFO - 提交结果成功
2020-01-21 16:45:57,180 -am_yibanWu.py- yibanWu - INFO - --------------------------  一般损伤+无治疗场景执行完毕 -----------------------
