2020-05-18 10:58:52,474 -am_yibanWu.py- yibanWu - INFO - --------------------------  一般损伤+无治疗场景开始执行  -----------------------
2020-05-18 10:58:57,484 -am_eMen.py- xiaoeMen - INFO - --------------------------小额人伤+门诊治疗场景开始执行-----------------------
2020-05-18 10:59:02,493 -am_eWu.py- xiaoeWu - INFO - --------------------------小额人伤+无治疗场景开始执行-----------------------
2020-05-18 10:59:07,502 -am_eZhu.py- xiaoeZhu - INFO - --------------------------小额人伤+住院治疗场景开始执行-----------------------
2020-05-18 11:00:02,038 -am_yibanWu.py- yibanWu - INFO - --------------------------  一般损伤+无治疗场景开始执行  -----------------------
2020-05-18 11:00:07,046 -am_eMen.py- xiaoeMen - INFO - --------------------------小额人伤+门诊治疗场景开始执行-----------------------
2020-05-18 11:02:45,051 -am_yibanWu.py- yibanWu - INFO - --------------------------  一般损伤+无治疗场景开始执行  -----------------------
2020-05-18 11:02:50,052 -am_eMen.py- xiaoeMen - INFO - --------------------------小额人伤+门诊治疗场景开始执行-----------------------
2020-05-18 11:09:38,383 -am_yibanWu.py- yibanWu - INFO - --------------------------  一般损伤+无治疗场景开始执行  -----------------------
2020-05-18 11:09:43,384 -am_eMen.py- xiaoeMen - INFO - --------------------------小额人伤+门诊治疗场景开始执行-----------------------
2020-05-18 11:09:48,388 -am_eWu.py- xiaoeWu - INFO - --------------------------小额人伤+无治疗场景开始执行-----------------------
2020-05-18 11:10:44,719 -am_yibanWu.py- yibanWu - INFO - --------------------------  一般损伤+无治疗场景开始执行  -----------------------
2020-05-18 11:10:49,721 -am_eMen.py- xiaoeMen - INFO - --------------------------小额人伤+门诊治疗场景开始执行-----------------------
2020-05-18 11:11:27,956 -am_yibanWu.py- yibanWu - INFO - --------------------------  一般损伤+无治疗场景开始执行  -----------------------
2020-05-18 11:18:38,286 -browser_engine.py- BrowserEngine - INFO - 使用Chrome浏览器
2020-05-18 11:18:39,480 -browser_engine.py- BrowserEngine - INFO - 打开医疗云系统
2020-05-18 15:01:49,127 -browser_engine.py- BrowserEngine - INFO - 使用Chrome浏览器
2020-05-18 15:01:50,056 -browser_engine.py- BrowserEngine - INFO - 打开医疗云系统
2020-05-18 15:01:54,203 -am_yibanWu.py- yibanWu - INFO - --------------------------  一般损伤+无治疗场景开始执行  -----------------------
2020-05-18 15:01:54,203 -caidan_shouciHomepage1.py- shouci_homepage1 - INFO - 点击首次查勘------处理任务
2020-05-18 15:01:54,289 -base.py- BasePage - INFO - 执行成功
2020-05-18 15:01:57,039 -caidan_shouciHomepage1.py- shouci_homepage1 - INFO - 点选待处理
2020-05-18 15:01:57,096 -base.py- BasePage - INFO - 执行成功
2020-05-18 15:01:59,126 -caidan_shouciHomepage1.py- shouci_homepage1 - INFO - 点击查询
2020-05-18 15:01:59,162 -base.py- BasePage - INFO - 执行成功
2020-05-18 15:01:59,604 -caidan_shouciHomepage1.py- shouci_homepage1 - INFO - 点击报案号
2020-05-18 15:02:04,662 -base.py- BasePage - INFO - 无手机图标
2020-05-18 15:02:09,831 -base.py- BasePage - INFO - 激活当前窗口
2020-05-18 15:02:11,841 -jiuzhen_type.py- jiuzhen - INFO - 点选事故类型
2020-05-18 15:02:11,874 -base.py- BasePage - INFO - 执行成功
2020-05-18 15:02:13,901 -jiuzhen_type.py- jiuzhen - INFO - 点选损失类型为：一般损伤
2020-05-18 15:02:13,946 -base.py- BasePage - INFO - 执行成功
2020-05-18 15:02:16,170 -jiuzhen_type.py- jiuzhen - INFO - 点选就诊类型为：无治疗
2020-05-18 15:02:16,238 -base.py- BasePage - INFO - 执行成功
2020-05-18 15:02:20,429 -yiban_Homepage1.py- yiban_homepage1 - INFO - 输入伤者姓名
2020-05-18 15:02:20,708 -base.py- BasePage - INFO - 执行成功
2020-05-18 15:02:22,709 -yiban_Homepage1.py- yiban_homepage1 - INFO - 输入联系电话
2020-05-18 15:02:22,973 -base.py- BasePage - INFO - 执行成功
2020-05-18 15:02:24,973 -yiban_Homepage1.py- yiban_homepage1 - INFO - 点选三者类型
2020-05-18 15:02:25,036 -base.py- BasePage - INFO - 执行成功
2020-05-18 15:02:27,201 -yiban_Homepage1.py- yiban_homepage1 - INFO - 输入身份证号码
2020-05-18 15:02:31,655 -yiban_Homepage1.py- yiban_homepage1 - INFO - 点选事故责任
2020-05-18 15:02:31,686 -base.py- BasePage - INFO - 执行成功
2020-05-18 15:02:33,914 -base.py- BasePage - INFO - 执行成功
2020-05-18 15:02:40,139 -yiban_Homepage1.py- yiban_homepage1 - INFO - 点击添加到诊断
2020-05-18 15:02:40,182 -base.py- BasePage - INFO - 执行成功
2020-05-18 15:02:45,192 -base.py- BasePage - INFO - 激活当前窗口
2020-05-18 15:02:49,266 -zhenduan_homepage.py- zhenduan_homepage - INFO - 点击伤情分类
2020-05-18 15:02:49,300 -base.py- BasePage - INFO - 执行成功
2020-05-18 15:02:51,409 -zhenduan_homepage.py- zhenduan_homepage - INFO - 点击头部
2020-05-18 15:02:51,459 -base.py- BasePage - INFO - 执行成功
2020-05-18 15:02:53,562 -zhenduan_homepage.py- zhenduan_homepage - INFO - 点击头皮
2020-05-18 15:02:53,600 -base.py- BasePage - INFO - 执行成功
2020-05-18 15:02:55,873 -zhenduan_homepage.py- zhenduan_homepage - INFO - 点选第一个伤情
2020-05-18 15:02:55,928 -base.py- BasePage - INFO - 执行成功
2020-05-18 15:02:58,002 -zhenduan_homepage.py- zhenduan_homepage - INFO - 点击添加到已选择
2020-05-18 15:02:58,058 -base.py- BasePage - INFO - 执行成功
2020-05-18 15:03:00,218 -zhenduan_homepage.py- zhenduan_homepage - INFO - 点击添加到主页面
2020-05-18 15:03:00,264 -base.py- BasePage - INFO - 执行成功
2020-05-18 15:03:03,531 -base.py- BasePage - INFO - 激活当前窗口
2020-05-18 15:03:07,580 -yiban_Homepage1.py- yiban_homepage1 - INFO - 点选任务接收人图标
2020-05-18 15:03:09,622 -base.py- BasePage - INFO - 执行成功
2020-05-18 15:03:14,181 -yiban_Homepage1.py- yiban_homepage1 - INFO - 输入用户姓名
2020-05-18 15:03:14,300 -base.py- BasePage - INFO - 执行成功
2020-05-18 15:03:16,300 -yiban_Homepage1.py- yiban_homepage1 - INFO - 点击查询按钮
2020-05-18 15:03:16,345 -base.py- BasePage - INFO - 执行成功
2020-05-18 15:03:18,914 -yiban_Homepage1.py- yiban_homepage1 - INFO - 双击任务接收人
2020-05-18 15:03:19,050 -base.py- BasePage - INFO - 双击正确
2020-05-18 15:03:21,075 -yiban_Homepage1.py- yiban_homepage1 - INFO - 输入查勘说明
2020-05-18 15:03:21,199 -base.py- BasePage - INFO - 执行成功
2020-05-18 15:03:23,201 -yiban_Homepage1.py- yiban_homepage1 - INFO - 点击提交按钮
2020-05-18 15:03:23,244 -base.py- BasePage - INFO - 执行成功
2020-05-18 15:03:25,339 -yiban_Homepage1.py- yiban_homepage1 - INFO - 点击确认按钮
2020-05-18 15:03:25,531 -base.py- BasePage - INFO - 执行成功
2020-05-18 15:03:33,699 -base.py- BasePage - INFO - 无风险提示弹框
2020-05-18 15:03:33,700 -base.py- BasePage - INFO - 无风险提醒
2020-05-18 15:03:37,766 -base.py- BasePage - INFO - 提交结果成功
2020-05-18 15:03:41,798 -am_yibanWu.py- yibanWu - INFO - --------------------------  一般损伤+无治疗场景执行完毕 -----------------------
2020-05-18 15:03:53,460 -browser_engine.py- BrowserEngine - INFO - 使用Chrome浏览器
2020-05-18 15:03:54,819 -browser_engine.py- BrowserEngine - INFO - 打开医疗云系统
2020-05-18 15:04:51,798 -browser_engine.py- BrowserEngine - INFO - 使用Chrome浏览器
2020-05-18 15:04:52,785 -browser_engine.py- BrowserEngine - INFO - 打开医疗云系统
2020-05-18 15:04:56,930 -am_yibanWu.py- yibanWu - INFO - --------------------------  一般损伤+无治疗场景开始执行  -----------------------
2020-05-18 15:04:56,931 -caidan_shouciHomepage1.py- shouci_homepage1 - INFO - 点击首次查勘------处理任务
2020-05-18 15:04:57,007 -base.py- BasePage - INFO - 执行成功
2020-05-18 15:04:59,655 -caidan_shouciHomepage1.py- shouci_homepage1 - INFO - 点选待处理
2020-05-18 15:04:59,703 -base.py- BasePage - INFO - 执行成功
2020-05-18 15:05:01,734 -caidan_shouciHomepage1.py- shouci_homepage1 - INFO - 点击查询
2020-05-18 15:05:01,772 -base.py- BasePage - INFO - 执行成功
2020-05-18 15:05:02,156 -caidan_shouciHomepage1.py- shouci_homepage1 - INFO - 点击报案号
2020-05-18 15:05:07,164 -base.py- BasePage - INFO - 无手机图标
2020-05-18 15:05:12,256 -base.py- BasePage - INFO - 激活当前窗口
2020-05-18 15:05:14,291 -jiuzhen_type.py- jiuzhen - INFO - 点选事故类型
2020-05-18 15:05:14,329 -base.py- BasePage - INFO - 执行成功
2020-05-18 15:05:16,358 -jiuzhen_type.py- jiuzhen - INFO - 点选损失类型为：一般损伤
2020-05-18 15:05:16,400 -base.py- BasePage - INFO - 执行成功
2020-05-18 15:05:18,592 -jiuzhen_type.py- jiuzhen - INFO - 点选就诊类型为：无治疗
2020-05-18 15:05:18,657 -base.py- BasePage - INFO - 执行成功
2020-05-18 15:05:22,826 -yiban_Homepage1.py- yiban_homepage1 - INFO - 输入伤者姓名
2020-05-18 15:05:23,080 -base.py- BasePage - INFO - 执行成功
2020-05-18 15:05:25,080 -yiban_Homepage1.py- yiban_homepage1 - INFO - 输入联系电话
2020-05-18 15:05:25,311 -base.py- BasePage - INFO - 执行成功
2020-05-18 15:05:27,312 -yiban_Homepage1.py- yiban_homepage1 - INFO - 点选三者类型
2020-05-18 15:05:27,364 -base.py- BasePage - INFO - 执行成功
2020-05-18 15:05:29,559 -yiban_Homepage1.py- yiban_homepage1 - INFO - 输入身份证号码
2020-05-18 15:05:33,892 -yiban_Homepage1.py- yiban_homepage1 - INFO - 点选事故责任
2020-05-18 15:05:33,944 -base.py- BasePage - INFO - 执行成功
2020-05-18 15:05:36,200 -base.py- BasePage - INFO - 执行成功
2020-05-18 15:05:42,416 -yiban_Homepage1.py- yiban_homepage1 - INFO - 点击添加到诊断
2020-05-18 15:05:42,460 -base.py- BasePage - INFO - 执行成功
2020-05-18 15:05:44,761 -base.py- BasePage - INFO - 激活当前窗口
2020-05-18 15:05:48,832 -zhenduan_homepage.py- zhenduan_homepage - INFO - 点击伤情分类
2020-05-18 15:05:48,861 -base.py- BasePage - INFO - 执行成功
2020-05-18 15:05:50,937 -zhenduan_homepage.py- zhenduan_homepage - INFO - 点击头部
2020-05-18 15:05:50,995 -base.py- BasePage - INFO - 执行成功
2020-05-18 15:05:53,090 -zhenduan_homepage.py- zhenduan_homepage - INFO - 点击头皮
2020-05-18 15:05:53,167 -base.py- BasePage - INFO - 执行成功
2020-05-18 15:05:55,424 -zhenduan_homepage.py- zhenduan_homepage - INFO - 点选第一个伤情
2020-05-18 15:05:55,479 -base.py- BasePage - INFO - 执行成功
2020-05-18 15:05:57,564 -zhenduan_homepage.py- zhenduan_homepage - INFO - 点击添加到已选择
2020-05-18 15:05:57,618 -base.py- BasePage - INFO - 执行成功
2020-05-18 15:05:59,734 -zhenduan_homepage.py- zhenduan_homepage - INFO - 点击添加到主页面
2020-05-18 15:05:59,788 -base.py- BasePage - INFO - 执行成功
2020-05-18 15:06:02,940 -base.py- BasePage - INFO - 激活当前窗口
2020-05-18 15:06:06,981 -yiban_Homepage1.py- yiban_homepage1 - INFO - 点选任务接收人图标
2020-05-18 15:06:09,258 -base.py- BasePage - INFO - 执行成功
2020-05-18 15:06:13,734 -yiban_Homepage1.py- yiban_homepage1 - INFO - 输入用户姓名
2020-05-18 15:06:13,856 -base.py- BasePage - INFO - 执行成功
2020-05-18 15:06:15,856 -yiban_Homepage1.py- yiban_homepage1 - INFO - 点击查询按钮
2020-05-18 15:06:15,891 -base.py- BasePage - INFO - 执行成功
2020-05-18 15:06:18,319 -yiban_Homepage1.py- yiban_homepage1 - INFO - 双击任务接收人
2020-05-18 15:06:18,477 -base.py- BasePage - INFO - 双击正确
2020-05-18 15:06:20,512 -yiban_Homepage1.py- yiban_homepage1 - INFO - 输入查勘说明
2020-05-18 15:06:20,679 -base.py- BasePage - INFO - 执行成功
2020-05-18 15:06:22,680 -yiban_Homepage1.py- yiban_homepage1 - INFO - 点击提交按钮
2020-05-18 15:06:22,725 -base.py- BasePage - INFO - 执行成功
2020-05-18 15:06:24,857 -yiban_Homepage1.py- yiban_homepage1 - INFO - 点击确认按钮
2020-05-18 15:06:24,918 -base.py- BasePage - INFO - 执行成功
2020-05-18 15:06:33,055 -base.py- BasePage - INFO - 无风险提示弹框
2020-05-18 15:06:33,055 -base.py- BasePage - INFO - 无风险提醒
2020-05-18 15:06:37,100 -base.py- BasePage - INFO - 提交结果成功
2020-05-18 15:06:41,136 -am_yibanWu.py- yibanWu - INFO - --------------------------  一般损伤+无治疗场景执行完毕 -----------------------
2020-05-18 15:08:23,160 -browser_engine.py- BrowserEngine - INFO - 使用Chrome浏览器
2020-05-18 15:08:24,138 -browser_engine.py- BrowserEngine - INFO - 打开医疗云系统
2020-05-18 15:08:28,406 -am_yibanWu.py- yibanWu - INFO - --------------------------  一般损伤+无治疗场景开始执行  -----------------------
2020-05-18 15:08:28,406 -caidan_shouciHomepage1.py- shouci_homepage1 - INFO - 点击首次查勘------处理任务
2020-05-18 15:08:28,611 -base.py- BasePage - INFO - 执行成功
2020-05-18 15:08:31,268 -caidan_shouciHomepage1.py- shouci_homepage1 - INFO - 点选待处理
2020-05-18 15:08:31,328 -base.py- BasePage - INFO - 执行成功
2020-05-18 15:08:33,363 -caidan_shouciHomepage1.py- shouci_homepage1 - INFO - 点击查询
2020-05-18 15:08:33,399 -base.py- BasePage - INFO - 执行成功
2020-05-18 15:08:33,800 -caidan_shouciHomepage1.py- shouci_homepage1 - INFO - 点击报案号
2020-05-18 15:08:38,855 -base.py- BasePage - INFO - 无手机图标
2020-05-18 15:08:43,972 -base.py- BasePage - INFO - 激活当前窗口
2020-05-18 15:08:46,003 -jiuzhen_type.py- jiuzhen - INFO - 点选事故类型
2020-05-18 15:08:46,045 -base.py- BasePage - INFO - 执行成功
2020-05-18 15:08:48,076 -jiuzhen_type.py- jiuzhen - INFO - 点选损失类型为：一般损伤
2020-05-18 15:08:48,243 -base.py- BasePage - INFO - 执行成功
2020-05-18 15:08:50,446 -jiuzhen_type.py- jiuzhen - INFO - 点选就诊类型为：无治疗
2020-05-18 15:08:50,496 -base.py- BasePage - INFO - 执行成功
2020-05-18 15:08:54,647 -yiban_Homepage1.py- yiban_homepage1 - INFO - 输入伤者姓名
2020-05-18 15:08:54,932 -base.py- BasePage - INFO - 执行成功
2020-05-18 15:08:56,933 -yiban_Homepage1.py- yiban_homepage1 - INFO - 输入联系电话
2020-05-18 15:08:57,137 -base.py- BasePage - INFO - 执行成功
2020-05-18 15:08:59,138 -yiban_Homepage1.py- yiban_homepage1 - INFO - 点选三者类型
2020-05-18 15:08:59,204 -base.py- BasePage - INFO - 执行成功
2020-05-18 15:09:01,377 -yiban_Homepage1.py- yiban_homepage1 - INFO - 输入身份证号码
2020-05-18 15:09:05,700 -yiban_Homepage1.py- yiban_homepage1 - INFO - 点选事故责任
2020-05-18 15:09:05,731 -base.py- BasePage - INFO - 执行成功
2020-05-18 15:09:07,931 -base.py- BasePage - INFO - 执行成功
2020-05-18 15:09:14,131 -yiban_Homepage1.py- yiban_homepage1 - INFO - 点击添加到诊断
2020-05-18 15:09:14,169 -base.py- BasePage - INFO - 执行成功
2020-05-18 15:09:16,395 -base.py- BasePage - INFO - 激活当前窗口
2020-05-18 15:09:20,441 -zhenduan_homepage.py- zhenduan_homepage - INFO - 点击伤情分类
2020-05-18 15:09:20,477 -base.py- BasePage - INFO - 执行成功
2020-05-18 15:09:22,577 -zhenduan_homepage.py- zhenduan_homepage - INFO - 点击头部
2020-05-18 15:09:22,625 -base.py- BasePage - INFO - 执行成功
2020-05-18 15:09:24,688 -zhenduan_homepage.py- zhenduan_homepage - INFO - 点击头皮
2020-05-18 15:09:24,748 -base.py- BasePage - INFO - 执行成功
2020-05-18 15:09:27,103 -zhenduan_homepage.py- zhenduan_homepage - INFO - 点选第一个伤情
2020-05-18 15:09:27,158 -base.py- BasePage - INFO - 执行成功
2020-05-18 15:09:29,241 -zhenduan_homepage.py- zhenduan_homepage - INFO - 点击添加到已选择
2020-05-18 15:09:29,304 -base.py- BasePage - INFO - 执行成功
2020-05-18 15:09:31,408 -zhenduan_homepage.py- zhenduan_homepage - INFO - 点击添加到主页面
2020-05-18 15:09:31,435 -base.py- BasePage - INFO - 执行成功
2020-05-18 15:09:34,464 -base.py- BasePage - INFO - 激活当前窗口
2020-05-18 15:09:38,487 -yiban_Homepage1.py- yiban_homepage1 - INFO - 点选任务接收人图标
2020-05-18 15:09:40,716 -base.py- BasePage - INFO - 执行成功
2020-05-18 15:09:45,245 -yiban_Homepage1.py- yiban_homepage1 - INFO - 输入用户姓名
2020-05-18 15:09:45,353 -base.py- BasePage - INFO - 执行成功
2020-05-18 15:09:47,353 -yiban_Homepage1.py- yiban_homepage1 - INFO - 点击查询按钮
2020-05-18 15:09:47,402 -base.py- BasePage - INFO - 执行成功
2020-05-18 15:09:49,828 -yiban_Homepage1.py- yiban_homepage1 - INFO - 双击任务接收人
2020-05-18 15:09:49,984 -base.py- BasePage - INFO - 双击正确
2020-05-18 15:09:52,014 -yiban_Homepage1.py- yiban_homepage1 - INFO - 输入查勘说明
2020-05-18 15:09:52,165 -base.py- BasePage - INFO - 执行成功
2020-05-18 15:09:54,167 -yiban_Homepage1.py- yiban_homepage1 - INFO - 点击提交按钮
2020-05-18 15:09:54,230 -base.py- BasePage - INFO - 执行成功
2020-05-18 15:09:56,326 -yiban_Homepage1.py- yiban_homepage1 - INFO - 点击确认按钮
2020-05-18 15:09:56,369 -base.py- BasePage - INFO - 执行成功
2020-05-18 15:10:04,478 -base.py- BasePage - INFO - 无风险提示弹框
2020-05-18 15:10:04,479 -base.py- BasePage - INFO - 无风险提醒
2020-05-18 15:10:08,518 -base.py- BasePage - INFO - 提交结果成功
2020-05-18 15:10:12,532 -am_yibanWu.py- yibanWu - INFO - --------------------------  一般损伤+无治疗场景执行完毕 -----------------------
2020-05-18 15:14:43,735 -browser_engine.py- BrowserEngine - INFO - 使用Chrome浏览器
2020-05-18 15:14:44,934 -browser_engine.py- BrowserEngine - INFO - 打开医疗云系统
2020-05-18 15:14:49,143 -am_yibanWu.py- yibanWu - INFO - --------------------------  一般损伤+无治疗场景开始执行  -----------------------
2020-05-18 15:14:49,143 -caidan_shouciHomepage1.py- shouci_homepage1 - INFO - 点击首次查勘------处理任务
2020-05-18 15:14:49,240 -base.py- BasePage - INFO - 执行成功
2020-05-18 15:14:51,954 -caidan_shouciHomepage1.py- shouci_homepage1 - INFO - 点选待处理
2020-05-18 15:14:52,028 -base.py- BasePage - INFO - 执行成功
2020-05-18 15:14:54,067 -caidan_shouciHomepage1.py- shouci_homepage1 - INFO - 点击查询
2020-05-18 15:14:54,104 -base.py- BasePage - INFO - 执行成功
2020-05-18 15:14:54,549 -caidan_shouciHomepage1.py- shouci_homepage1 - INFO - 点击报案号
2020-05-18 15:14:59,580 -base.py- BasePage - INFO - 无手机图标
2020-05-18 15:15:04,765 -base.py- BasePage - INFO - 激活当前窗口
2020-05-18 15:15:06,786 -jiuzhen_type.py- jiuzhen - INFO - 点选事故类型
2020-05-18 15:15:06,836 -base.py- BasePage - INFO - 执行成功
2020-05-18 15:15:08,879 -jiuzhen_type.py- jiuzhen - INFO - 点选损失类型为：一般损伤
2020-05-18 15:15:08,929 -base.py- BasePage - INFO - 执行成功
2020-05-18 15:15:11,142 -jiuzhen_type.py- jiuzhen - INFO - 点选就诊类型为：无治疗
2020-05-18 15:15:11,179 -base.py- BasePage - INFO - 执行成功
2020-05-18 15:15:15,353 -yiban_Homepage1.py- yiban_homepage1 - INFO - 输入伤者姓名
2020-05-18 15:15:15,651 -base.py- BasePage - INFO - 执行成功
2020-05-18 15:15:17,652 -yiban_Homepage1.py- yiban_homepage1 - INFO - 输入联系电话
2020-05-18 15:15:17,868 -base.py- BasePage - INFO - 执行成功
2020-05-18 15:15:19,868 -yiban_Homepage1.py- yiban_homepage1 - INFO - 点选三者类型
2020-05-18 15:15:19,911 -base.py- BasePage - INFO - 执行成功
2020-05-18 15:15:22,114 -yiban_Homepage1.py- yiban_homepage1 - INFO - 输入身份证号码
2020-05-18 15:15:26,479 -yiban_Homepage1.py- yiban_homepage1 - INFO - 点选事故责任
2020-05-18 15:15:26,520 -base.py- BasePage - INFO - 执行成功
2020-05-18 15:15:28,755 -base.py- BasePage - INFO - 执行成功
2020-05-18 15:15:34,968 -yiban_Homepage1.py- yiban_homepage1 - INFO - 点击添加到诊断
2020-05-18 15:15:35,014 -base.py- BasePage - INFO - 执行成功
2020-05-18 15:15:37,309 -base.py- BasePage - INFO - 激活当前窗口
2020-05-18 15:15:41,389 -zhenduan_homepage.py- zhenduan_homepage - INFO - 点击伤情分类
2020-05-18 15:15:41,428 -base.py- BasePage - INFO - 执行成功
2020-05-18 15:15:43,541 -zhenduan_homepage.py- zhenduan_homepage - INFO - 点击头部
2020-05-18 15:15:43,585 -base.py- BasePage - INFO - 执行成功
2020-05-18 15:15:45,656 -zhenduan_homepage.py- zhenduan_homepage - INFO - 点击头皮
2020-05-18 15:15:45,709 -base.py- BasePage - INFO - 执行成功
2020-05-18 15:15:47,982 -zhenduan_homepage.py- zhenduan_homepage - INFO - 点选第一个伤情
2020-05-18 15:15:48,032 -base.py- BasePage - INFO - 执行成功
2020-05-18 15:15:50,115 -zhenduan_homepage.py- zhenduan_homepage - INFO - 点击添加到已选择
2020-05-18 15:15:50,147 -base.py- BasePage - INFO - 执行成功
2020-05-18 15:15:52,254 -zhenduan_homepage.py- zhenduan_homepage - INFO - 点击添加到主页面
2020-05-18 15:15:52,295 -base.py- BasePage - INFO - 执行成功
2020-05-18 15:15:55,497 -base.py- BasePage - INFO - 激活当前窗口
2020-05-18 15:15:59,524 -yiban_Homepage1.py- yiban_homepage1 - INFO - 点选任务接收人图标
2020-05-18 15:16:01,574 -base.py- BasePage - INFO - 执行成功
2020-05-18 15:16:06,063 -yiban_Homepage1.py- yiban_homepage1 - INFO - 输入用户姓名
2020-05-18 15:16:06,176 -base.py- BasePage - INFO - 执行成功
2020-05-18 15:16:08,177 -yiban_Homepage1.py- yiban_homepage1 - INFO - 点击查询按钮
2020-05-18 15:16:08,227 -base.py- BasePage - INFO - 执行成功
2020-05-18 15:16:10,887 -yiban_Homepage1.py- yiban_homepage1 - INFO - 双击任务接收人
2020-05-18 15:16:11,046 -base.py- BasePage - INFO - 双击正确
2020-05-18 15:16:13,066 -yiban_Homepage1.py- yiban_homepage1 - INFO - 输入查勘说明
2020-05-18 15:16:13,257 -base.py- BasePage - INFO - 执行成功
2020-05-18 15:16:15,257 -yiban_Homepage1.py- yiban_homepage1 - INFO - 点击提交按钮
2020-05-18 15:16:15,292 -base.py- BasePage - INFO - 执行成功
2020-05-18 15:16:17,407 -yiban_Homepage1.py- yiban_homepage1 - INFO - 点击确认按钮
2020-05-18 15:16:17,470 -base.py- BasePage - INFO - 执行成功
2020-05-18 15:16:25,602 -base.py- BasePage - INFO - 无风险提示弹框
2020-05-18 15:16:25,602 -base.py- BasePage - INFO - 无风险提醒
2020-05-18 15:16:29,628 -base.py- BasePage - INFO - 提交结果成功
2020-05-18 15:16:33,647 -am_yibanWu.py- yibanWu - INFO - --------------------------  一般损伤+无治疗场景执行完毕 -----------------------
2020-05-18 15:21:09,980 -browser_engine.py- BrowserEngine - INFO - 使用Chrome浏览器
2020-05-18 15:21:11,034 -browser_engine.py- BrowserEngine - INFO - 打开医疗云系统
2020-05-18 15:21:15,298 -am_yibanWu.py- yibanWu - INFO - --------------------------  一般损伤+无治疗场景开始执行  -----------------------
2020-05-18 15:21:15,298 -caidan_shouciHomepage1.py- shouci_homepage1 - INFO - 点击首次查勘------处理任务
2020-05-18 15:21:15,446 -base.py- BasePage - INFO - 执行成功
2020-05-18 15:21:18,171 -caidan_shouciHomepage1.py- shouci_homepage1 - INFO - 点选待处理
2020-05-18 15:21:18,227 -base.py- BasePage - INFO - 执行成功
2020-05-18 15:21:20,260 -caidan_shouciHomepage1.py- shouci_homepage1 - INFO - 点击查询
2020-05-18 15:21:20,300 -base.py- BasePage - INFO - 执行成功
2020-05-18 15:21:20,725 -caidan_shouciHomepage1.py- shouci_homepage1 - INFO - 点击报案号
2020-05-18 15:21:25,739 -base.py- BasePage - INFO - 无手机图标
2020-05-18 15:21:31,012 -base.py- BasePage - INFO - 激活当前窗口
2020-05-18 15:21:33,041 -jiuzhen_type.py- jiuzhen - INFO - 点选事故类型
2020-05-18 15:21:33,074 -base.py- BasePage - INFO - 执行成功
2020-05-18 15:21:35,101 -jiuzhen_type.py- jiuzhen - INFO - 点选损失类型为：一般损伤
2020-05-18 15:21:35,147 -base.py- BasePage - INFO - 执行成功
2020-05-18 15:21:37,359 -jiuzhen_type.py- jiuzhen - INFO - 点选就诊类型为：无治疗
2020-05-18 15:21:37,392 -base.py- BasePage - INFO - 执行成功
2020-05-18 15:21:41,548 -yiban_Homepage1.py- yiban_homepage1 - INFO - 输入伤者姓名
2020-05-18 15:21:41,800 -base.py- BasePage - INFO - 执行成功
2020-05-18 15:21:43,801 -yiban_Homepage1.py- yiban_homepage1 - INFO - 输入联系电话
2020-05-18 15:21:44,019 -base.py- BasePage - INFO - 执行成功
2020-05-18 15:21:46,019 -yiban_Homepage1.py- yiban_homepage1 - INFO - 点选三者类型
2020-05-18 15:21:46,080 -base.py- BasePage - INFO - 执行成功
2020-05-18 15:21:48,250 -yiban_Homepage1.py- yiban_homepage1 - INFO - 输入身份证号码
2020-05-18 15:21:52,614 -yiban_Homepage1.py- yiban_homepage1 - INFO - 点选事故责任
2020-05-18 15:21:52,672 -base.py- BasePage - INFO - 执行成功
2020-05-18 15:21:54,890 -base.py- BasePage - INFO - 执行成功
2020-05-18 15:22:01,086 -yiban_Homepage1.py- yiban_homepage1 - INFO - 点击添加到诊断
2020-05-18 15:22:01,120 -base.py- BasePage - INFO - 执行成功
2020-05-18 15:22:03,336 -base.py- BasePage - INFO - 激活当前窗口
2020-05-18 15:22:07,400 -zhenduan_homepage.py- zhenduan_homepage - INFO - 点击伤情分类
2020-05-18 15:22:07,472 -base.py- BasePage - INFO - 执行成功
2020-05-18 15:22:09,645 -zhenduan_homepage.py- zhenduan_homepage - INFO - 点击头部
2020-05-18 15:22:09,676 -base.py- BasePage - INFO - 执行成功
2020-05-18 15:22:11,771 -zhenduan_homepage.py- zhenduan_homepage - INFO - 点击头皮
2020-05-18 15:22:11,814 -base.py- BasePage - INFO - 执行成功
2020-05-18 15:22:14,105 -zhenduan_homepage.py- zhenduan_homepage - INFO - 点选第一个伤情
2020-05-18 15:22:14,134 -base.py- BasePage - INFO - 执行成功
2020-05-18 15:22:16,207 -zhenduan_homepage.py- zhenduan_homepage - INFO - 点击添加到已选择
2020-05-18 15:22:16,258 -base.py- BasePage - INFO - 执行成功
2020-05-18 15:22:18,385 -zhenduan_homepage.py- zhenduan_homepage - INFO - 点击添加到主页面
2020-05-18 15:22:18,417 -base.py- BasePage - INFO - 执行成功
2020-05-18 15:22:21,494 -base.py- BasePage - INFO - 激活当前窗口
2020-05-18 15:22:25,531 -yiban_Homepage1.py- yiban_homepage1 - INFO - 点选任务接收人图标
2020-05-18 15:22:27,601 -base.py- BasePage - INFO - 执行成功
2020-05-18 15:22:32,045 -yiban_Homepage1.py- yiban_homepage1 - INFO - 输入用户姓名
2020-05-18 15:22:32,167 -base.py- BasePage - INFO - 执行成功
2020-05-18 15:22:34,168 -yiban_Homepage1.py- yiban_homepage1 - INFO - 点击查询按钮
2020-05-18 15:22:34,216 -base.py- BasePage - INFO - 执行成功
2020-05-18 15:22:36,732 -yiban_Homepage1.py- yiban_homepage1 - INFO - 双击任务接收人
2020-05-18 15:22:37,025 -base.py- BasePage - INFO - 双击正确
2020-05-18 15:22:39,038 -yiban_Homepage1.py- yiban_homepage1 - INFO - 输入查勘说明
2020-05-18 15:22:39,184 -base.py- BasePage - INFO - 执行成功
2020-05-18 15:22:41,184 -yiban_Homepage1.py- yiban_homepage1 - INFO - 点击提交按钮
2020-05-18 15:22:41,222 -base.py- BasePage - INFO - 执行成功
2020-05-18 15:22:43,342 -yiban_Homepage1.py- yiban_homepage1 - INFO - 点击确认按钮
2020-05-18 15:22:43,377 -base.py- BasePage - INFO - 执行成功
2020-05-18 15:22:51,586 -base.py- BasePage - INFO - 无风险提示弹框
2020-05-18 15:22:51,587 -base.py- BasePage - INFO - 无风险提醒
2020-05-18 15:22:55,614 -base.py- BasePage - INFO - 提交结果成功
2020-05-18 15:22:59,644 -am_yibanWu.py- yibanWu - INFO - --------------------------  一般损伤+无治疗场景执行完毕 -----------------------
2020-05-18 15:25:02,936 -browser_engine.py- BrowserEngine - INFO - 使用Chrome浏览器
2020-05-18 15:25:03,870 -browser_engine.py- BrowserEngine - INFO - 打开医疗云系统
2020-05-18 15:25:08,083 -am_yibanWu.py- yibanWu - INFO - --------------------------  一般损伤+无治疗场景开始执行  -----------------------
2020-05-18 15:25:08,083 -caidan_shouciHomepage1.py- shouci_homepage1 - INFO - 点击首次查勘------处理任务
2020-05-18 15:25:08,294 -base.py- BasePage - INFO - 执行成功
2020-05-18 15:25:10,958 -caidan_shouciHomepage1.py- shouci_homepage1 - INFO - 点选待处理
2020-05-18 15:25:11,023 -base.py- BasePage - INFO - 执行成功
2020-05-18 15:25:13,049 -caidan_shouciHomepage1.py- shouci_homepage1 - INFO - 点击查询
2020-05-18 15:25:13,122 -base.py- BasePage - INFO - 执行成功
2020-05-18 15:25:13,605 -caidan_shouciHomepage1.py- shouci_homepage1 - INFO - 点击报案号
2020-05-18 15:25:18,645 -base.py- BasePage - INFO - 无手机图标
2020-05-18 15:25:23,737 -base.py- BasePage - INFO - 激活当前窗口
2020-05-18 15:25:25,760 -jiuzhen_type.py- jiuzhen - INFO - 点选事故类型
2020-05-18 15:25:25,796 -base.py- BasePage - INFO - 执行成功
2020-05-18 15:25:27,827 -jiuzhen_type.py- jiuzhen - INFO - 点选损失类型为：一般损伤
2020-05-18 15:25:27,874 -base.py- BasePage - INFO - 执行成功
2020-05-18 15:25:30,081 -jiuzhen_type.py- jiuzhen - INFO - 点选就诊类型为：无治疗
2020-05-18 15:25:30,115 -base.py- BasePage - INFO - 执行成功
2020-05-18 15:25:34,387 -yiban_Homepage1.py- yiban_homepage1 - INFO - 输入伤者姓名
2020-05-18 15:25:34,640 -base.py- BasePage - INFO - 执行成功
2020-05-18 15:25:36,641 -yiban_Homepage1.py- yiban_homepage1 - INFO - 输入联系电话
2020-05-18 15:25:37,052 -base.py- BasePage - INFO - 执行成功
2020-05-18 15:25:39,054 -yiban_Homepage1.py- yiban_homepage1 - INFO - 点选三者类型
2020-05-18 15:25:39,104 -base.py- BasePage - INFO - 执行成功
2020-05-18 15:25:41,254 -yiban_Homepage1.py- yiban_homepage1 - INFO - 输入身份证号码
2020-05-18 15:25:45,577 -yiban_Homepage1.py- yiban_homepage1 - INFO - 点选事故责任
2020-05-18 15:25:45,638 -base.py- BasePage - INFO - 执行成功
2020-05-18 15:25:47,921 -base.py- BasePage - INFO - 执行成功
2020-05-18 15:25:54,127 -yiban_Homepage1.py- yiban_homepage1 - INFO - 点击添加到诊断
2020-05-18 15:25:54,185 -base.py- BasePage - INFO - 执行成功
2020-05-18 15:25:56,399 -base.py- BasePage - INFO - 激活当前窗口
2020-05-18 15:26:00,449 -zhenduan_homepage.py- zhenduan_homepage - INFO - 点击伤情分类
2020-05-18 15:26:00,485 -base.py- BasePage - INFO - 执行成功
2020-05-18 15:26:02,597 -zhenduan_homepage.py- zhenduan_homepage - INFO - 点击头部
2020-05-18 15:26:02,632 -base.py- BasePage - INFO - 执行成功
2020-05-18 15:26:04,711 -zhenduan_homepage.py- zhenduan_homepage - INFO - 点击头皮
2020-05-18 15:26:04,743 -base.py- BasePage - INFO - 执行成功
2020-05-18 15:26:07,048 -zhenduan_homepage.py- zhenduan_homepage - INFO - 点选第一个伤情
2020-05-18 15:26:07,106 -base.py- BasePage - INFO - 执行成功
2020-05-18 15:26:09,247 -zhenduan_homepage.py- zhenduan_homepage - INFO - 点击添加到已选择
2020-05-18 15:26:09,293 -base.py- BasePage - INFO - 执行成功
2020-05-18 15:26:11,401 -zhenduan_homepage.py- zhenduan_homepage - INFO - 点击添加到主页面
2020-05-18 15:26:11,472 -base.py- BasePage - INFO - 执行成功
2020-05-18 15:26:14,599 -base.py- BasePage - INFO - 激活当前窗口
2020-05-18 15:26:18,667 -yiban_Homepage1.py- yiban_homepage1 - INFO - 点选任务接收人图标
2020-05-18 15:26:20,703 -base.py- BasePage - INFO - 执行成功
2020-05-18 15:26:25,145 -yiban_Homepage1.py- yiban_homepage1 - INFO - 输入用户姓名
2020-05-18 15:26:25,257 -base.py- BasePage - INFO - 执行成功
2020-05-18 15:26:27,257 -yiban_Homepage1.py- yiban_homepage1 - INFO - 点击查询按钮
2020-05-18 15:26:27,319 -base.py- BasePage - INFO - 执行成功
2020-05-18 15:26:29,772 -yiban_Homepage1.py- yiban_homepage1 - INFO - 双击任务接收人
2020-05-18 15:26:29,932 -base.py- BasePage - INFO - 双击正确
2020-05-18 15:26:31,947 -yiban_Homepage1.py- yiban_homepage1 - INFO - 输入查勘说明
2020-05-18 15:26:32,085 -base.py- BasePage - INFO - 执行成功
2020-05-18 15:26:34,085 -yiban_Homepage1.py- yiban_homepage1 - INFO - 点击提交按钮
2020-05-18 15:26:34,133 -base.py- BasePage - INFO - 执行成功
2020-05-18 15:26:36,238 -yiban_Homepage1.py- yiban_homepage1 - INFO - 点击确认按钮
2020-05-18 15:26:36,277 -base.py- BasePage - INFO - 执行成功
2020-05-18 15:26:44,438 -base.py- BasePage - INFO - 无风险提示弹框
2020-05-18 15:26:44,438 -base.py- BasePage - INFO - 无风险提醒
2020-05-18 15:26:48,481 -base.py- BasePage - INFO - 提交结果成功
2020-05-18 15:26:52,501 -am_yibanWu.py- yibanWu - INFO - --------------------------  一般损伤+无治疗场景执行完毕 -----------------------
2020-05-18 15:28:11,370 -browser_engine.py- BrowserEngine - INFO - 使用Chrome浏览器
2020-05-18 15:28:12,916 -browser_engine.py- BrowserEngine - INFO - 打开医疗云系统
2020-05-18 15:28:17,398 -am_yibanWu.py- yibanWu - INFO - --------------------------  一般损伤+无治疗场景开始执行  -----------------------
2020-05-18 15:28:17,399 -caidan_shouciHomepage1.py- shouci_homepage1 - INFO - 点击首次查勘------处理任务
2020-05-18 15:28:17,572 -base.py- BasePage - INFO - 执行成功
2020-05-18 15:28:20,359 -caidan_shouciHomepage1.py- shouci_homepage1 - INFO - 点选待处理
2020-05-18 15:28:20,443 -base.py- BasePage - INFO - 执行成功
2020-05-18 15:28:22,493 -caidan_shouciHomepage1.py- shouci_homepage1 - INFO - 点击查询
2020-05-18 15:28:22,645 -base.py- BasePage - INFO - 执行成功
2020-05-18 15:28:23,177 -caidan_shouciHomepage1.py- shouci_homepage1 - INFO - 点击报案号
2020-05-18 15:28:28,237 -base.py- BasePage - INFO - 无手机图标
2020-05-18 15:28:33,566 -base.py- BasePage - INFO - 激活当前窗口
2020-05-18 15:28:35,590 -jiuzhen_type.py- jiuzhen - INFO - 点选事故类型
2020-05-18 15:28:35,640 -base.py- BasePage - INFO - 执行成功
2020-05-18 15:28:37,682 -jiuzhen_type.py- jiuzhen - INFO - 点选损失类型为：一般损伤
2020-05-18 15:28:37,722 -base.py- BasePage - INFO - 执行成功
2020-05-18 15:28:39,912 -jiuzhen_type.py- jiuzhen - INFO - 点选就诊类型为：无治疗
2020-05-18 15:28:39,954 -base.py- BasePage - INFO - 执行成功
2020-05-18 15:28:44,129 -yiban_Homepage1.py- yiban_homepage1 - INFO - 输入伤者姓名
2020-05-18 15:28:44,490 -base.py- BasePage - INFO - 执行成功
2020-05-18 15:28:46,492 -yiban_Homepage1.py- yiban_homepage1 - INFO - 输入联系电话
2020-05-18 15:28:46,826 -base.py- BasePage - INFO - 执行成功
2020-05-18 15:28:48,827 -yiban_Homepage1.py- yiban_homepage1 - INFO - 点选三者类型
2020-05-18 15:28:48,863 -base.py- BasePage - INFO - 执行成功
2020-05-18 15:28:51,048 -yiban_Homepage1.py- yiban_homepage1 - INFO - 输入身份证号码
2020-05-18 15:28:55,450 -yiban_Homepage1.py- yiban_homepage1 - INFO - 点选事故责任
2020-05-18 15:28:55,491 -base.py- BasePage - INFO - 执行成功
2020-05-18 15:28:57,733 -base.py- BasePage - INFO - 执行成功
2020-05-18 15:29:03,915 -yiban_Homepage1.py- yiban_homepage1 - INFO - 点击添加到诊断
2020-05-18 15:29:03,952 -base.py- BasePage - INFO - 执行成功
2020-05-18 15:29:06,183 -base.py- BasePage - INFO - 激活当前窗口
2020-05-18 15:29:10,253 -zhenduan_homepage.py- zhenduan_homepage - INFO - 点击伤情分类
2020-05-18 15:29:10,287 -base.py- BasePage - INFO - 执行成功
2020-05-18 15:29:12,396 -zhenduan_homepage.py- zhenduan_homepage - INFO - 点击头部
2020-05-18 15:29:12,439 -base.py- BasePage - INFO - 执行成功
2020-05-18 15:29:14,515 -zhenduan_homepage.py- zhenduan_homepage - INFO - 点击头皮
2020-05-18 15:29:14,581 -base.py- BasePage - INFO - 执行成功
2020-05-18 15:29:16,926 -zhenduan_homepage.py- zhenduan_homepage - INFO - 点选第一个伤情
2020-05-18 15:29:16,960 -base.py- BasePage - INFO - 执行成功
2020-05-18 15:29:19,042 -zhenduan_homepage.py- zhenduan_homepage - INFO - 点击添加到已选择
2020-05-18 15:29:19,080 -base.py- BasePage - INFO - 执行成功
2020-05-18 15:29:21,183 -zhenduan_homepage.py- zhenduan_homepage - INFO - 点击添加到主页面
2020-05-18 15:29:21,216 -base.py- BasePage - INFO - 执行成功
2020-05-18 15:29:24,519 -base.py- BasePage - INFO - 激活当前窗口
2020-05-18 15:29:28,545 -yiban_Homepage1.py- yiban_homepage1 - INFO - 点选任务接收人图标
2020-05-18 15:29:30,583 -base.py- BasePage - INFO - 执行成功
2020-05-18 15:29:35,086 -yiban_Homepage1.py- yiban_homepage1 - INFO - 输入用户姓名
2020-05-18 15:29:35,234 -base.py- BasePage - INFO - 执行成功
2020-05-18 15:29:37,235 -yiban_Homepage1.py- yiban_homepage1 - INFO - 点击查询按钮
2020-05-18 15:29:37,271 -base.py- BasePage - INFO - 执行成功
2020-05-18 15:29:39,748 -yiban_Homepage1.py- yiban_homepage1 - INFO - 双击任务接收人
2020-05-18 15:29:39,929 -base.py- BasePage - INFO - 双击正确
2020-05-18 15:29:41,959 -yiban_Homepage1.py- yiban_homepage1 - INFO - 输入查勘说明
2020-05-18 15:29:42,146 -base.py- BasePage - INFO - 执行成功
2020-05-18 15:29:44,146 -yiban_Homepage1.py- yiban_homepage1 - INFO - 点击提交按钮
2020-05-18 15:29:44,180 -base.py- BasePage - INFO - 执行成功
2020-05-18 15:29:46,288 -yiban_Homepage1.py- yiban_homepage1 - INFO - 点击确认按钮
2020-05-18 15:29:46,328 -base.py- BasePage - INFO - 执行成功
2020-05-18 15:29:54,486 -base.py- BasePage - INFO - 无风险提示弹框
2020-05-18 15:29:54,486 -base.py- BasePage - INFO - 无风险提醒
2020-05-18 15:29:58,528 -base.py- BasePage - INFO - 提交结果成功
2020-05-18 15:30:02,611 -am_yibanWu.py- yibanWu - INFO - --------------------------  一般损伤+无治疗场景执行完毕 -----------------------
2020-05-18 15:31:36,634 -browser_engine.py- BrowserEngine - INFO - 使用Chrome浏览器
2020-05-18 15:31:37,882 -browser_engine.py- BrowserEngine - INFO - 打开医疗云系统
2020-05-18 15:31:42,128 -am_yibanWu.py- yibanWu - INFO - --------------------------  一般损伤+无治疗场景开始执行  -----------------------
2020-05-18 15:31:42,128 -caidan_shouciHomepage1.py- shouci_homepage1 - INFO - 点击首次查勘------处理任务
2020-05-18 15:31:42,298 -base.py- BasePage - INFO - 执行成功
2020-05-18 15:31:45,026 -caidan_shouciHomepage1.py- shouci_homepage1 - INFO - 点选待处理
2020-05-18 15:31:45,092 -base.py- BasePage - INFO - 执行成功
2020-05-18 15:31:47,138 -caidan_shouciHomepage1.py- shouci_homepage1 - INFO - 点击查询
2020-05-18 15:31:47,188 -base.py- BasePage - INFO - 执行成功
2020-05-18 15:31:47,671 -caidan_shouciHomepage1.py- shouci_homepage1 - INFO - 点击报案号
2020-05-18 15:31:52,681 -base.py- BasePage - INFO - 无手机图标
2020-05-18 15:31:57,931 -base.py- BasePage - INFO - 激活当前窗口
2020-05-18 15:31:59,949 -jiuzhen_type.py- jiuzhen - INFO - 点选事故类型
2020-05-18 15:31:59,990 -base.py- BasePage - INFO - 执行成功
2020-05-18 15:32:02,039 -jiuzhen_type.py- jiuzhen - INFO - 点选损失类型为：一般损伤
2020-05-18 15:32:02,092 -base.py- BasePage - INFO - 执行成功
2020-05-18 15:32:04,296 -jiuzhen_type.py- jiuzhen - INFO - 点选就诊类型为：无治疗
2020-05-18 15:32:04,357 -base.py- BasePage - INFO - 执行成功
2020-05-18 15:32:08,604 -yiban_Homepage1.py- yiban_homepage1 - INFO - 输入伤者姓名
2020-05-18 15:32:08,971 -base.py- BasePage - INFO - 执行成功
2020-05-18 15:32:10,971 -yiban_Homepage1.py- yiban_homepage1 - INFO - 输入联系电话
2020-05-18 15:32:11,253 -base.py- BasePage - INFO - 执行成功
2020-05-18 15:32:13,253 -yiban_Homepage1.py- yiban_homepage1 - INFO - 点选三者类型
2020-05-18 15:32:13,309 -base.py- BasePage - INFO - 执行成功
2020-05-18 15:32:15,496 -yiban_Homepage1.py- yiban_homepage1 - INFO - 输入身份证号码
2020-05-18 15:32:19,887 -yiban_Homepage1.py- yiban_homepage1 - INFO - 点选事故责任
2020-05-18 15:32:19,968 -base.py- BasePage - INFO - 执行成功
2020-05-18 15:32:22,190 -base.py- BasePage - INFO - 执行成功
2020-05-18 15:32:28,413 -yiban_Homepage1.py- yiban_homepage1 - INFO - 点击添加到诊断
2020-05-18 15:32:28,454 -base.py- BasePage - INFO - 执行成功
2020-05-18 15:32:30,818 -base.py- BasePage - INFO - 激活当前窗口
2020-05-18 15:32:34,878 -zhenduan_homepage.py- zhenduan_homepage - INFO - 点击伤情分类
2020-05-18 15:32:34,919 -base.py- BasePage - INFO - 执行成功
2020-05-18 15:32:37,023 -zhenduan_homepage.py- zhenduan_homepage - INFO - 点击头部
2020-05-18 15:32:37,107 -base.py- BasePage - INFO - 执行成功
2020-05-18 15:32:39,240 -zhenduan_homepage.py- zhenduan_homepage - INFO - 点击头皮
2020-05-18 15:32:39,299 -base.py- BasePage - INFO - 执行成功
2020-05-18 15:32:41,617 -zhenduan_homepage.py- zhenduan_homepage - INFO - 点选第一个伤情
2020-05-18 15:32:41,661 -base.py- BasePage - INFO - 执行成功
2020-05-18 15:32:43,767 -zhenduan_homepage.py- zhenduan_homepage - INFO - 点击添加到已选择
2020-05-18 15:32:43,812 -base.py- BasePage - INFO - 执行成功
2020-05-18 15:32:45,986 -zhenduan_homepage.py- zhenduan_homepage - INFO - 点击添加到主页面
2020-05-18 15:32:46,033 -base.py- BasePage - INFO - 执行成功
2020-05-18 15:32:49,348 -base.py- BasePage - INFO - 激活当前窗口
2020-05-18 15:32:53,393 -yiban_Homepage1.py- yiban_homepage1 - INFO - 点选任务接收人图标
2020-05-18 15:32:55,466 -base.py- BasePage - INFO - 执行成功
2020-05-18 15:33:00,071 -yiban_Homepage1.py- yiban_homepage1 - INFO - 输入用户姓名
2020-05-18 15:33:00,184 -base.py- BasePage - INFO - 执行成功
2020-05-18 15:33:02,185 -yiban_Homepage1.py- yiban_homepage1 - INFO - 点击查询按钮
2020-05-18 15:33:02,229 -base.py- BasePage - INFO - 执行成功
2020-05-18 15:33:04,746 -yiban_Homepage1.py- yiban_homepage1 - INFO - 双击任务接收人
2020-05-18 15:33:04,945 -base.py- BasePage - INFO - 双击正确
2020-05-18 15:33:06,962 -yiban_Homepage1.py- yiban_homepage1 - INFO - 输入查勘说明
2020-05-18 15:33:07,110 -base.py- BasePage - INFO - 执行成功
2020-05-18 15:33:09,110 -yiban_Homepage1.py- yiban_homepage1 - INFO - 点击提交按钮
2020-05-18 15:33:09,160 -base.py- BasePage - INFO - 执行成功
2020-05-18 15:33:11,289 -yiban_Homepage1.py- yiban_homepage1 - INFO - 点击确认按钮
2020-05-18 15:33:11,327 -base.py- BasePage - INFO - 执行成功
2020-05-18 15:33:19,477 -base.py- BasePage - INFO - 无风险提示弹框
2020-05-18 15:33:19,477 -base.py- BasePage - INFO - 无风险提醒
2020-05-18 15:33:23,515 -base.py- BasePage - INFO - 提交结果成功
2020-05-18 15:33:27,534 -am_yibanWu.py- yibanWu - INFO - --------------------------  一般损伤+无治疗场景执行完毕 -----------------------
2020-05-18 15:38:05,765 -browser_engine.py- BrowserEngine - INFO - 使用Chrome浏览器
2020-05-18 15:38:07,553 -browser_engine.py- BrowserEngine - INFO - 打开医疗云系统
2020-05-18 15:38:12,295 -am_eMen.py- xiaoeMen - INFO - --------------------------小额人伤+门诊治疗场景开始执行-----------------------
2020-05-18 15:38:12,295 -caidan_shouciHomepage1.py- shouci_homepage1 - INFO - 点击首次查勘------处理任务
2020-05-18 15:38:12,439 -base.py- BasePage - INFO - 执行成功
2020-05-18 15:38:15,595 -caidan_shouciHomepage1.py- shouci_homepage1 - INFO - 点选待处理
2020-05-18 15:38:15,706 -base.py- BasePage - INFO - 执行成功
2020-05-18 15:38:17,759 -caidan_shouciHomepage1.py- shouci_homepage1 - INFO - 点击查询
2020-05-18 15:38:17,821 -base.py- BasePage - INFO - 执行成功
2020-05-18 15:38:19,039 -caidan_shouciHomepage1.py- shouci_homepage1 - INFO - 点击报案号
2020-05-18 15:38:24,084 -base.py- BasePage - INFO - 无手机图标
2020-05-18 15:38:29,468 -base.py- BasePage - INFO - 激活当前窗口
2020-05-18 15:38:31,486 -jiuzhen_type.py- jiuzhen - INFO - 点选事故类型
2020-05-18 15:38:31,534 -base.py- BasePage - INFO - 执行成功
2020-05-18 15:38:33,571 -jiuzhen_type.py- jiuzhen - INFO - 点选损失类型为：小额人伤
2020-05-18 15:38:33,621 -base.py- BasePage - INFO - 执行成功
2020-05-18 15:38:35,827 -jiuzhen_type.py- jiuzhen - INFO - 点选就诊类型为：门诊治疗
2020-05-18 15:38:35,918 -base.py- BasePage - INFO - 执行成功
2020-05-18 15:38:38,187 -yiban_Homepage1.py- yiban_homepage1 - INFO - 输入伤者姓名
2020-05-18 15:38:38,781 -base.py- BasePage - INFO - 执行成功
2020-05-18 15:38:40,782 -yiban_Homepage1.py- yiban_homepage1 - INFO - 输入联系电话
2020-05-18 15:38:41,530 -base.py- BasePage - INFO - 执行成功
2020-05-18 15:38:43,530 -yiban_Homepage1.py- yiban_homepage1 - INFO - 点选三者类型
2020-05-18 15:38:43,595 -base.py- BasePage - INFO - 执行成功
2020-05-18 15:38:45,903 -yiban_Homepage1.py- yiban_homepage1 - INFO - 输入身份证号码
2020-05-18 15:38:51,207 -yiban_Homepage1.py- yiban_homepage1 - INFO - 点选事故责任
2020-05-18 15:38:51,255 -base.py- BasePage - INFO - 执行成功
2020-05-18 15:38:53,438 -yiban_Homepage1.py- yiban_homepage1 - INFO - 点选增加医院
2020-05-18 15:38:55,539 -base.py- BasePage - INFO - 执行成功
2020-05-18 15:38:57,697 -yiban_Homepage1.py- yiban_homepage1 - INFO - 点击添加就诊医院图标
2020-05-18 15:38:57,762 -base.py- BasePage - INFO - 执行成功
2020-05-18 15:39:02,485 -yiban_Homepage1.py- yiban_homepage1 - INFO - 单击击就诊医院
2020-05-18 15:39:02,507 -base.py- BasePage - INFO - 执行成功
2020-05-18 15:39:04,713 -yiban_Homepage1.py- yiban_homepage1 - INFO - 点选门诊/住院日期
2020-05-18 15:39:04,758 -base.py- BasePage - INFO - 执行成功
2020-05-18 15:39:04,972 -yiban_Homepage1.py- yiban_homepage1 - INFO - 点选日期
2020-05-18 15:39:08,992 -yiban_Homepage1.py- yiban_homepage1 - INFO - 点选日期为当天的日期
2020-05-18 15:39:09,064 -base.py- BasePage - INFO - 执行成功
2020-05-18 15:39:15,287 -yiban_Homepage1.py- yiban_homepage1 - INFO - 点击添加到诊断
2020-05-18 15:39:15,361 -base.py- BasePage - INFO - 执行成功
2020-05-18 15:39:17,931 -base.py- BasePage - INFO - 激活当前窗口
2020-05-18 15:39:21,994 -zhenduan_homepage.py- zhenduan_homepage - INFO - 输入伤情名称
2020-05-18 15:39:22,042 -base.py- BasePage - INFO - 执行成功
2020-05-18 15:39:24,275 -base.py- BasePage - INFO - 执行成功
2020-05-18 15:39:26,278 -zhenduan_homepage.py- zhenduan_homepage - INFO - 点击查询按钮
2020-05-18 15:39:26,332 -base.py- BasePage - INFO - 执行成功
2020-05-18 15:39:29,073 -zhenduan_homepage.py- zhenduan_homepage - INFO - 点选第一个伤情
2020-05-18 15:39:29,131 -base.py- BasePage - INFO - 执行成功
2020-05-18 15:39:31,239 -zhenduan_homepage.py- zhenduan_homepage - INFO - 点击添加到已选择
2020-05-18 15:39:31,286 -base.py- BasePage - INFO - 执行成功
2020-05-18 15:39:33,430 -zhenduan_homepage.py- zhenduan_homepage - INFO - 点击添加到主页面
2020-05-18 15:39:33,466 -base.py- BasePage - INFO - 执行成功
2020-05-18 15:39:36,724 -base.py- BasePage - INFO - 激活当前窗口
2020-05-18 15:39:41,021 -yiban_Homepage1.py- yiban_homepage1 - INFO - 编辑估损医疗费
2020-05-18 15:39:41,354 -base.py- BasePage - INFO - 执行成功
2020-05-18 15:39:43,355 -yiban_Homepage1.py- yiban_homepage1 - INFO - 编辑误工费
2020-05-18 15:39:43,556 -base.py- BasePage - INFO - 执行成功
2020-05-18 15:39:45,556 -yiban_Homepage1.py- yiban_homepage1 - INFO - 输入查勘说明
2020-05-18 15:39:45,796 -base.py- BasePage - INFO - 执行成功
2020-05-18 15:39:47,796 -yiban_Homepage1.py- yiban_homepage1 - INFO - 点击提交按钮
2020-05-18 15:39:47,845 -base.py- BasePage - INFO - 执行成功
2020-05-18 15:39:50,003 -yiban_Homepage1.py- yiban_homepage1 - INFO - 点击确认按钮
2020-05-18 15:40:01,539 -base.py- BasePage - ERROR - 执行失败(<PageObjects.yiban_Homepage1.yiban_homepage1 object at 0x00000227739E4DD8>, ('css selector', 'html body .layui-layer div:last-child .layui-layer-btn0'))
2020-05-18 15:40:01,549 -base.py- BasePage - INFO - 执行成功
2020-05-18 15:40:09,645 -base.py- BasePage - INFO - 无风险提示弹框
2020-05-18 15:40:09,645 -base.py- BasePage - INFO - 无风险提醒
2020-05-18 15:40:11,646 -yiban_Homepage1.py- yiban_homepage1 - INFO - 执行小额门诊/住院案件提交
2020-05-18 15:40:30,206 -browser_engine.py- BrowserEngine - INFO - 使用Chrome浏览器
2020-05-18 15:40:32,574 -browser_engine.py- BrowserEngine - INFO - 打开医疗云系统
2020-05-18 15:40:37,122 -am_eWu.py- xiaoeWu - INFO - --------------------------小额人伤+无治疗场景开始执行-----------------------
2020-05-18 15:40:37,122 -caidan_shouciHomepage1.py- shouci_homepage1 - INFO - 点击首次查勘------处理任务
2020-05-18 15:40:37,569 -base.py- BasePage - INFO - 执行成功
2020-05-18 15:40:40,917 -caidan_shouciHomepage1.py- shouci_homepage1 - INFO - 点选待处理
2020-05-18 15:40:41,016 -base.py- BasePage - INFO - 执行成功
2020-05-18 15:40:43,094 -caidan_shouciHomepage1.py- shouci_homepage1 - INFO - 点击查询
2020-05-18 15:40:43,158 -base.py- BasePage - INFO - 执行成功
2020-05-18 15:40:43,758 -caidan_shouciHomepage1.py- shouci_homepage1 - INFO - 点击报案号
2020-05-18 15:40:48,840 -base.py- BasePage - INFO - 无手机图标
2020-05-18 15:40:54,680 -base.py- BasePage - INFO - 激活当前窗口
2020-05-18 15:40:56,715 -jiuzhen_type.py- jiuzhen - INFO - 点选事故类型
2020-05-18 15:40:56,795 -base.py- BasePage - INFO - 执行成功
2020-05-18 15:40:58,849 -jiuzhen_type.py- jiuzhen - INFO - 点选损失类型为：小额
2020-05-18 15:40:58,980 -base.py- BasePage - INFO - 执行成功
2020-05-18 15:41:03,206 -yiban_Homepage1.py- yiban_homepage1 - INFO - 输入伤者姓名
2020-05-18 15:41:03,740 -base.py- BasePage - INFO - 执行成功
2020-05-18 15:44:39,821 -browser_engine.py- BrowserEngine - INFO - 使用Chrome浏览器
2020-05-18 15:44:40,962 -browser_engine.py- BrowserEngine - INFO - 打开医疗云系统
2020-05-18 15:44:45,199 -bm_yibanMen.py- yibanMen - INFO - --------------------------一般损伤+门诊治疗场景开始执行-----------------------
2020-05-18 15:44:45,200 -caidan_shouciHomepage1.py- shouci_homepage1 - INFO - 点击首次查勘------处理任务
2020-05-18 15:44:45,486 -base.py- BasePage - INFO - 执行成功
2020-05-18 15:44:48,491 -caidan_shouciHomepage1.py- shouci_homepage1 - INFO - 点选待处理
2020-05-18 15:44:48,572 -base.py- BasePage - INFO - 执行成功
2020-05-18 15:44:50,617 -caidan_shouciHomepage1.py- shouci_homepage1 - INFO - 点击查询
2020-05-18 15:44:50,667 -base.py- BasePage - INFO - 执行成功
2020-05-18 15:44:51,401 -caidan_shouciHomepage1.py- shouci_homepage1 - INFO - 点击报案号
2020-05-18 15:44:56,441 -base.py- BasePage - INFO - 无手机图标
2020-05-18 15:45:02,222 -base.py- BasePage - INFO - 激活当前窗口
2020-05-18 15:45:04,435 -jiuzhen_type.py- jiuzhen - INFO - 点选事故类型
2020-05-18 15:45:04,521 -base.py- BasePage - INFO - 执行成功
2020-05-18 15:45:06,587 -jiuzhen_type.py- jiuzhen - INFO - 点选损失类型为：一般损伤
2020-05-18 15:45:06,686 -base.py- BasePage - INFO - 执行成功
2020-05-18 15:45:08,913 -jiuzhen_type.py- jiuzhen - INFO - 点选就诊类型为：门诊治疗
2020-05-18 15:45:10,915 -yiban_Homepage1.py- yiban_homepage1 - INFO - 输入伤者姓名
2020-05-18 15:45:11,295 -base.py- BasePage - INFO - 执行成功
2020-05-18 15:45:13,297 -yiban_Homepage1.py- yiban_homepage1 - INFO - 输入联系电话
2020-05-18 15:45:13,739 -base.py- BasePage - INFO - 执行成功
2020-05-18 15:45:15,739 -yiban_Homepage1.py- yiban_homepage1 - INFO - 点选三者类型
2020-05-18 15:45:15,795 -base.py- BasePage - INFO - 执行成功
2020-05-18 15:45:18,028 -yiban_Homepage1.py- yiban_homepage1 - INFO - 输入身份证号码
2020-05-18 15:45:22,670 -yiban_Homepage1.py- yiban_homepage1 - INFO - 点选事故责任
2020-05-18 15:45:22,721 -base.py- BasePage - INFO - 执行成功
2020-05-18 15:45:24,903 -yiban_Homepage1.py- yiban_homepage1 - INFO - 点选增加医院
2020-05-18 15:45:26,962 -base.py- BasePage - INFO - 执行成功
2020-05-18 15:45:29,083 -yiban_Homepage1.py- yiban_homepage1 - INFO - 点击添加就诊医院图标
2020-05-18 15:45:29,141 -base.py- BasePage - INFO - 执行成功
2020-05-18 15:45:33,965 -yiban_Homepage1.py- yiban_homepage1 - INFO - 单击击就诊医院
2020-05-18 15:45:33,986 -base.py- BasePage - INFO - 执行成功
2020-05-18 15:45:36,219 -yiban_Homepage1.py- yiban_homepage1 - INFO - 点选门诊/住院日期
2020-05-18 15:45:36,268 -base.py- BasePage - INFO - 执行成功
2020-05-18 15:45:36,503 -yiban_Homepage1.py- yiban_homepage1 - INFO - 点选日期
2020-05-18 15:45:40,521 -yiban_Homepage1.py- yiban_homepage1 - INFO - 点选日期为当天的日期
2020-05-18 15:45:40,603 -base.py- BasePage - INFO - 执行成功
2020-05-18 15:45:46,897 -yiban_Homepage1.py- yiban_homepage1 - INFO - 点击添加到诊断
2020-05-18 15:45:46,948 -base.py- BasePage - INFO - 执行成功
2020-05-18 15:45:49,321 -base.py- BasePage - INFO - 激活当前窗口
2020-05-18 15:45:53,387 -zhenduan_homepage.py- zhenduan_homepage - INFO - 点击伤情分类
2020-05-18 15:45:53,436 -base.py- BasePage - INFO - 执行成功
2020-05-18 15:45:55,542 -zhenduan_homepage.py- zhenduan_homepage - INFO - 点击头部
2020-05-18 15:45:55,601 -base.py- BasePage - INFO - 执行成功
2020-05-18 15:45:57,709 -zhenduan_homepage.py- zhenduan_homepage - INFO - 点击头皮
2020-05-18 15:45:57,760 -base.py- BasePage - INFO - 执行成功
2020-05-18 15:46:00,105 -zhenduan_homepage.py- zhenduan_homepage - INFO - 点选第一个伤情
2020-05-18 15:46:00,179 -base.py- BasePage - INFO - 执行成功
2020-05-18 15:46:02,340 -zhenduan_homepage.py- zhenduan_homepage - INFO - 点击添加到已选择
2020-05-18 15:46:02,391 -base.py- BasePage - INFO - 执行成功
2020-05-18 15:46:04,527 -zhenduan_homepage.py- zhenduan_homepage - INFO - 点击添加到主页面
2020-05-18 15:46:04,561 -base.py- BasePage - INFO - 执行成功
2020-05-18 15:46:07,676 -base.py- BasePage - INFO - 激活当前窗口
2020-05-18 15:46:13,718 -yiban_Homepage1.py- yiban_homepage1 - INFO - 点选任务接收人图标
2020-05-18 15:46:15,782 -base.py- BasePage - INFO - 执行成功
2020-05-18 15:46:20,472 -yiban_Homepage1.py- yiban_homepage1 - INFO - 输入用户姓名
2020-05-18 15:46:20,897 -base.py- BasePage - INFO - 执行成功
2020-05-18 15:46:22,899 -yiban_Homepage1.py- yiban_homepage1 - INFO - 点击查询按钮
2020-05-18 15:46:23,006 -base.py- BasePage - INFO - 执行成功
2020-05-18 15:46:25,609 -yiban_Homepage1.py- yiban_homepage1 - INFO - 双击任务接收人
2020-05-18 15:46:25,972 -base.py- BasePage - INFO - 双击正确
2020-05-18 15:46:28,006 -yiban_Homepage1.py- yiban_homepage1 - INFO - 输入查勘说明
2020-05-18 15:46:28,488 -base.py- BasePage - INFO - 执行成功
2020-05-18 15:46:30,490 -yiban_Homepage1.py- yiban_homepage1 - INFO - 点击提交按钮
2020-05-18 15:46:30,546 -base.py- BasePage - INFO - 执行成功
2020-05-18 15:46:32,784 -yiban_Homepage1.py- yiban_homepage1 - INFO - 点击确认按钮
2020-05-18 15:46:43,869 -base.py- BasePage - ERROR - 执行失败(<PageObjects.yiban_Homepage1.yiban_homepage1 object at 0x000001F16ED56F28>, ('css selector', 'html body .layui-layer div:last-child .layui-layer-btn0'))
2020-05-18 15:46:43,869 -base.py- BasePage - INFO - 执行成功
2020-05-18 15:46:51,917 -base.py- BasePage - INFO - 无风险提示弹框
2020-05-18 15:46:51,917 -base.py- BasePage - INFO - 无风险提醒
2020-05-18 15:48:26,356 -browser_engine.py- BrowserEngine - INFO - 使用Chrome浏览器
2020-05-18 15:48:27,935 -browser_engine.py- BrowserEngine - INFO - 打开医疗云系统
2020-05-18 15:48:32,436 -bm_yibanMen.py- yibanMen - INFO - --------------------------一般损伤+门诊治疗场景开始执行-----------------------
2020-05-18 15:48:32,436 -caidan_shouciHomepage1.py- shouci_homepage1 - INFO - 点击首次查勘------处理任务
2020-05-18 15:48:32,633 -base.py- BasePage - INFO - 执行成功
2020-05-18 15:48:35,767 -caidan_shouciHomepage1.py- shouci_homepage1 - INFO - 点选待处理
2020-05-18 15:48:35,867 -base.py- BasePage - INFO - 执行成功
2020-05-18 15:48:38,458 -caidan_shouciHomepage1.py- shouci_homepage1 - INFO - 点击查询
2020-05-18 15:48:38,508 -base.py- BasePage - INFO - 执行成功
2020-05-18 15:48:39,091 -caidan_shouciHomepage1.py- shouci_homepage1 - INFO - 点击报案号
2020-05-18 15:48:44,138 -base.py- BasePage - INFO - 无手机图标
2020-05-18 15:48:49,751 -base.py- BasePage - INFO - 激活当前窗口
2020-05-18 15:48:51,779 -jiuzhen_type.py- jiuzhen - INFO - 点选事故类型
2020-05-18 15:48:51,847 -base.py- BasePage - INFO - 执行成功
2020-05-18 15:48:53,896 -jiuzhen_type.py- jiuzhen - INFO - 点选损失类型为：一般损伤
2020-05-18 15:48:53,958 -base.py- BasePage - INFO - 执行成功
2020-05-18 15:48:56,209 -jiuzhen_type.py- jiuzhen - INFO - 点选就诊类型为：门诊治疗
2020-05-18 15:48:58,210 -yiban_Homepage1.py- yiban_homepage1 - INFO - 输入伤者姓名
2020-05-18 15:48:58,656 -base.py- BasePage - INFO - 执行成功
2020-05-18 15:49:00,657 -yiban_Homepage1.py- yiban_homepage1 - INFO - 输入联系电话
2020-05-18 15:49:00,989 -base.py- BasePage - INFO - 执行成功
2020-05-18 15:49:02,991 -yiban_Homepage1.py- yiban_homepage1 - INFO - 点选三者类型
2020-05-18 15:49:03,090 -base.py- BasePage - INFO - 执行成功
2020-05-18 15:49:05,373 -yiban_Homepage1.py- yiban_homepage1 - INFO - 输入身份证号码
2020-05-18 15:49:09,965 -yiban_Homepage1.py- yiban_homepage1 - INFO - 点选事故责任
2020-05-18 15:49:10,025 -base.py- BasePage - INFO - 执行成功
2020-05-18 15:49:12,229 -yiban_Homepage1.py- yiban_homepage1 - INFO - 点选增加医院
2020-05-18 15:49:14,310 -base.py- BasePage - INFO - 执行成功
2020-05-18 15:49:16,482 -yiban_Homepage1.py- yiban_homepage1 - INFO - 点击添加就诊医院图标
2020-05-18 15:49:16,540 -base.py- BasePage - INFO - 执行成功
2020-05-18 15:49:21,371 -yiban_Homepage1.py- yiban_homepage1 - INFO - 单击击就诊医院
2020-05-18 15:49:21,401 -base.py- BasePage - INFO - 执行成功
2020-05-18 15:49:23,984 -yiban_Homepage1.py- yiban_homepage1 - INFO - 点选门诊/住院日期
2020-05-18 15:49:24,033 -base.py- BasePage - INFO - 执行成功
2020-05-18 15:49:24,310 -yiban_Homepage1.py- yiban_homepage1 - INFO - 点选日期
2020-05-18 15:49:28,333 -yiban_Homepage1.py- yiban_homepage1 - INFO - 点选日期为当天的日期
2020-05-18 15:49:28,391 -base.py- BasePage - INFO - 执行成功
2020-05-18 15:49:34,638 -yiban_Homepage1.py- yiban_homepage1 - INFO - 点击添加到诊断
2020-05-18 15:49:34,701 -base.py- BasePage - INFO - 执行成功
2020-05-18 15:49:37,003 -base.py- BasePage - INFO - 激活当前窗口
2020-05-18 15:49:41,147 -zhenduan_homepage.py- zhenduan_homepage - INFO - 点击伤情分类
2020-05-18 15:49:41,283 -base.py- BasePage - INFO - 执行成功
2020-05-18 15:49:43,480 -zhenduan_homepage.py- zhenduan_homepage - INFO - 点击头部
2020-05-18 15:49:43,562 -base.py- BasePage - INFO - 执行成功
2020-05-18 15:49:45,699 -zhenduan_homepage.py- zhenduan_homepage - INFO - 点击头皮
2020-05-18 15:49:45,745 -base.py- BasePage - INFO - 执行成功
2020-05-18 15:49:48,145 -zhenduan_homepage.py- zhenduan_homepage - INFO - 点选第一个伤情
2020-05-18 15:49:48,180 -base.py- BasePage - INFO - 执行成功
2020-05-18 15:49:50,427 -zhenduan_homepage.py- zhenduan_homepage - INFO - 点击添加到已选择
2020-05-18 15:49:50,458 -base.py- BasePage - INFO - 执行成功
2020-05-18 15:49:52,640 -zhenduan_homepage.py- zhenduan_homepage - INFO - 点击添加到主页面
2020-05-18 15:49:52,694 -base.py- BasePage - INFO - 执行成功
2020-05-18 15:49:55,752 -base.py- BasePage - INFO - 激活当前窗口
2020-05-18 15:50:01,780 -yiban_Homepage1.py- yiban_homepage1 - INFO - 点选任务接收人图标
2020-05-18 15:50:03,816 -base.py- BasePage - INFO - 执行成功
2020-05-18 15:50:08,305 -yiban_Homepage1.py- yiban_homepage1 - INFO - 输入用户姓名
2020-05-18 15:50:08,416 -base.py- BasePage - INFO - 执行成功
2020-05-18 15:50:10,417 -yiban_Homepage1.py- yiban_homepage1 - INFO - 点击查询按钮
2020-05-18 15:50:10,453 -base.py- BasePage - INFO - 执行成功
2020-05-18 15:50:12,936 -yiban_Homepage1.py- yiban_homepage1 - INFO - 双击任务接收人
2020-05-18 15:50:13,080 -base.py- BasePage - INFO - 双击正确
2020-05-18 15:50:15,098 -yiban_Homepage1.py- yiban_homepage1 - INFO - 输入查勘说明
2020-05-18 15:50:15,259 -base.py- BasePage - INFO - 执行成功
2020-05-18 15:50:17,260 -yiban_Homepage1.py- yiban_homepage1 - INFO - 点击提交按钮
2020-05-18 15:50:17,311 -base.py- BasePage - INFO - 执行成功
2020-05-18 15:50:19,590 -yiban_Homepage1.py- yiban_homepage1 - INFO - 点击确认按钮
2020-05-18 15:50:30,649 -base.py- BasePage - ERROR - 执行失败(<PageObjects.yiban_Homepage1.yiban_homepage1 object at 0x000001C304DCAE10>, ('css selector', 'html body .layui-layer div:last-child .layui-layer-btn0'))
2020-05-18 15:50:30,649 -base.py- BasePage - INFO - 执行成功
2020-05-18 15:50:38,707 -base.py- BasePage - INFO - 无风险提示弹框
2020-05-18 15:50:38,708 -base.py- BasePage - INFO - 无风险提醒
2020-05-18 15:55:28,937 -browser_engine.py- BrowserEngine - INFO - 使用Chrome浏览器
2020-05-18 15:55:30,190 -browser_engine.py- BrowserEngine - INFO - 打开医疗云系统
2020-05-18 15:55:34,588 -bm_yibanMen.py- yibanMen - INFO - --------------------------一般损伤+门诊治疗场景开始执行-----------------------
2020-05-18 15:55:34,588 -caidan_shouciHomepage1.py- shouci_homepage1 - INFO - 点击首次查勘------处理任务
2020-05-18 15:55:34,739 -base.py- BasePage - INFO - 执行成功
2020-05-18 15:55:37,861 -caidan_shouciHomepage1.py- shouci_homepage1 - INFO - 点选待处理
2020-05-18 15:55:38,031 -base.py- BasePage - INFO - 执行成功
2020-05-18 15:55:40,113 -caidan_shouciHomepage1.py- shouci_homepage1 - INFO - 点击查询
2020-05-18 15:55:40,159 -base.py- BasePage - INFO - 执行成功
2020-05-18 15:55:40,617 -caidan_shouciHomepage1.py- shouci_homepage1 - INFO - 点击报案号
2020-05-18 15:55:45,667 -base.py- BasePage - INFO - 无手机图标
2020-05-18 15:55:51,587 -base.py- BasePage - INFO - 激活当前窗口
2020-05-18 15:55:53,612 -jiuzhen_type.py- jiuzhen - INFO - 点选事故类型
2020-05-18 15:55:53,656 -base.py- BasePage - INFO - 执行成功
2020-05-18 15:55:55,697 -jiuzhen_type.py- jiuzhen - INFO - 点选损失类型为：一般损伤
2020-05-18 15:55:55,796 -base.py- BasePage - INFO - 执行成功
2020-05-18 15:55:57,997 -jiuzhen_type.py- jiuzhen - INFO - 点选就诊类型为：门诊治疗
2020-05-18 15:56:00,001 -yiban_Homepage1.py- yiban_homepage1 - INFO - 输入伤者姓名
2020-05-18 15:56:00,659 -base.py- BasePage - INFO - 执行成功
2020-05-18 15:56:02,659 -yiban_Homepage1.py- yiban_homepage1 - INFO - 输入联系电话
2020-05-18 15:56:02,889 -base.py- BasePage - INFO - 执行成功
2020-05-18 15:56:04,890 -yiban_Homepage1.py- yiban_homepage1 - INFO - 点选三者类型
2020-05-18 15:56:04,933 -base.py- BasePage - INFO - 执行成功
2020-05-18 15:56:07,109 -yiban_Homepage1.py- yiban_homepage1 - INFO - 输入身份证号码
2020-05-18 15:56:11,613 -yiban_Homepage1.py- yiban_homepage1 - INFO - 点选事故责任
2020-05-18 15:56:11,658 -base.py- BasePage - INFO - 执行成功
2020-05-18 15:56:13,847 -yiban_Homepage1.py- yiban_homepage1 - INFO - 点选增加医院
2020-05-18 15:56:15,908 -base.py- BasePage - INFO - 执行成功
2020-05-18 15:56:18,062 -yiban_Homepage1.py- yiban_homepage1 - INFO - 点击添加就诊医院图标
2020-05-18 15:56:18,109 -base.py- BasePage - INFO - 执行成功
2020-05-18 15:56:22,807 -yiban_Homepage1.py- yiban_homepage1 - INFO - 单击击就诊医院
2020-05-18 15:56:22,851 -base.py- BasePage - INFO - 执行成功
2020-05-18 15:56:25,151 -yiban_Homepage1.py- yiban_homepage1 - INFO - 点选门诊/住院日期
2020-05-18 15:56:25,213 -base.py- BasePage - INFO - 执行成功
2020-05-18 15:56:25,468 -yiban_Homepage1.py- yiban_homepage1 - INFO - 点选日期
2020-05-18 15:56:29,495 -yiban_Homepage1.py- yiban_homepage1 - INFO - 点选日期为当天的日期
2020-05-18 15:56:29,549 -base.py- BasePage - INFO - 执行成功
2020-05-18 15:56:35,855 -yiban_Homepage1.py- yiban_homepage1 - INFO - 点击添加到诊断
2020-05-18 15:56:35,903 -base.py- BasePage - INFO - 执行成功
2020-05-18 15:56:38,222 -base.py- BasePage - INFO - 激活当前窗口
2020-05-18 15:56:42,275 -zhenduan_homepage.py- zhenduan_homepage - INFO - 点击伤情分类
2020-05-18 15:56:42,317 -base.py- BasePage - INFO - 执行成功
2020-05-18 15:56:44,429 -zhenduan_homepage.py- zhenduan_homepage - INFO - 点击头部
2020-05-18 15:56:44,474 -base.py- BasePage - INFO - 执行成功
2020-05-18 15:56:46,546 -zhenduan_homepage.py- zhenduan_homepage - INFO - 点击头皮
2020-05-18 15:56:46,583 -base.py- BasePage - INFO - 执行成功
2020-05-18 15:56:48,948 -zhenduan_homepage.py- zhenduan_homepage - INFO - 点选第一个伤情
2020-05-18 15:56:48,993 -base.py- BasePage - INFO - 执行成功
2020-05-18 15:56:51,092 -zhenduan_homepage.py- zhenduan_homepage - INFO - 点击添加到已选择
2020-05-18 15:56:51,152 -base.py- BasePage - INFO - 执行成功
2020-05-18 15:56:53,248 -zhenduan_homepage.py- zhenduan_homepage - INFO - 点击添加到主页面
2020-05-18 15:56:53,277 -base.py- BasePage - INFO - 执行成功
2020-05-18 15:56:56,337 -base.py- BasePage - INFO - 激活当前窗口
2020-05-18 15:57:02,432 -yiban_Homepage1.py- yiban_homepage1 - INFO - 点选任务接收人图标
2020-05-18 15:57:04,477 -base.py- BasePage - INFO - 执行成功
2020-05-18 15:57:08,978 -yiban_Homepage1.py- yiban_homepage1 - INFO - 输入用户姓名
2020-05-18 15:57:09,089 -base.py- BasePage - INFO - 执行成功
2020-05-18 15:57:11,091 -yiban_Homepage1.py- yiban_homepage1 - INFO - 点击查询按钮
2020-05-18 15:57:11,134 -base.py- BasePage - INFO - 执行成功
2020-05-18 15:57:13,617 -yiban_Homepage1.py- yiban_homepage1 - INFO - 双击任务接收人
2020-05-18 15:57:13,865 -base.py- BasePage - INFO - 双击正确
2020-05-18 15:57:15,885 -yiban_Homepage1.py- yiban_homepage1 - INFO - 输入查勘说明
2020-05-18 15:57:16,105 -base.py- BasePage - INFO - 执行成功
2020-05-18 15:57:18,106 -yiban_Homepage1.py- yiban_homepage1 - INFO - 点击提交按钮
2020-05-18 15:57:18,144 -base.py- BasePage - INFO - 执行成功
2020-05-18 15:57:20,282 -yiban_Homepage1.py- yiban_homepage1 - INFO - 点击确认按钮
2020-05-18 15:57:31,384 -base.py- BasePage - ERROR - 执行失败(<PageObjects.yiban_Homepage1.yiban_homepage1 object at 0x0000024AFEDB6F60>, ('css selector', 'html body .layui-layer div:last-child .layui-layer-btn0'))
2020-05-18 15:57:31,384 -base.py- BasePage - INFO - 执行成功
2020-05-18 15:57:39,455 -base.py- BasePage - INFO - 无风险提示弹框
2020-05-18 15:57:39,455 -base.py- BasePage - INFO - 无风险提醒
2020-05-18 16:03:22,200 -browser_engine.py- BrowserEngine - INFO - 使用Chrome浏览器
2020-05-18 16:03:23,783 -browser_engine.py- BrowserEngine - INFO - 打开医疗云系统
2020-05-18 16:03:28,049 -bm_yibanWu.py- yibanWu - INFO - --------------------------  一般损伤+无治疗场景开始执行  -----------------------
2020-05-18 16:03:28,050 -caidan_shouciHomepage1.py- shouci_homepage1 - INFO - 点击首次查勘------处理任务
2020-05-18 16:03:28,181 -base.py- BasePage - INFO - 执行成功
2020-05-18 16:03:31,264 -caidan_shouciHomepage1.py- shouci_homepage1 - INFO - 点选待处理
2020-05-18 16:03:31,426 -base.py- BasePage - INFO - 执行成功
2020-05-18 16:03:33,463 -caidan_shouciHomepage1.py- shouci_homepage1 - INFO - 点击查询
2020-05-18 16:03:33,521 -base.py- BasePage - INFO - 执行成功
2020-05-18 16:03:33,992 -caidan_shouciHomepage1.py- shouci_homepage1 - INFO - 点击报案号
2020-05-18 16:03:39,035 -base.py- BasePage - INFO - 无手机图标
2020-05-18 16:03:44,608 -base.py- BasePage - INFO - 激活当前窗口
2020-05-18 16:03:47,011 -jiuzhen_type.py- jiuzhen - INFO - 点选事故类型
2020-05-18 16:03:47,083 -base.py- BasePage - INFO - 执行成功
2020-05-18 16:03:49,146 -jiuzhen_type.py- jiuzhen - INFO - 点选损失类型为：一般损伤
2020-05-18 16:03:49,197 -base.py- BasePage - INFO - 执行成功
2020-05-18 16:03:51,423 -jiuzhen_type.py- jiuzhen - INFO - 点选就诊类型为：无治疗
2020-05-18 16:03:51,469 -base.py- BasePage - INFO - 执行成功
2020-05-18 16:03:55,663 -yiban_Homepage1.py- yiban_homepage1 - INFO - 输入伤者姓名
2020-05-18 16:03:56,025 -base.py- BasePage - INFO - 执行成功
2020-05-18 16:03:58,027 -yiban_Homepage1.py- yiban_homepage1 - INFO - 输入联系电话
2020-05-18 16:03:58,351 -base.py- BasePage - INFO - 执行成功
2020-05-18 16:04:00,352 -yiban_Homepage1.py- yiban_homepage1 - INFO - 点选三者类型
2020-05-18 16:04:00,402 -base.py- BasePage - INFO - 执行成功
2020-05-18 16:04:02,620 -yiban_Homepage1.py- yiban_homepage1 - INFO - 输入身份证号码
2020-05-18 16:04:07,439 -yiban_Homepage1.py- yiban_homepage1 - INFO - 点选事故责任
2020-05-18 16:04:07,525 -base.py- BasePage - INFO - 执行成功
2020-05-18 16:04:09,908 -base.py- BasePage - INFO - 执行成功
2020-05-18 16:04:16,191 -yiban_Homepage1.py- yiban_homepage1 - INFO - 点击添加到诊断
2020-05-18 16:04:16,248 -base.py- BasePage - INFO - 执行成功
2020-05-18 16:04:18,601 -base.py- BasePage - INFO - 激活当前窗口
2020-05-18 16:04:22,676 -zhenduan_homepage.py- zhenduan_homepage - INFO - 点击伤情分类
2020-05-18 16:04:22,726 -base.py- BasePage - INFO - 执行成功
2020-05-18 16:04:24,917 -zhenduan_homepage.py- zhenduan_homepage - INFO - 点击头部
2020-05-18 16:04:24,962 -base.py- BasePage - INFO - 执行成功
2020-05-18 16:04:27,155 -zhenduan_homepage.py- zhenduan_homepage - INFO - 点击头皮
2020-05-18 16:04:27,209 -base.py- BasePage - INFO - 执行成功
2020-05-18 16:04:29,904 -zhenduan_homepage.py- zhenduan_homepage - INFO - 点选第一个伤情
2020-05-18 16:04:29,970 -base.py- BasePage - INFO - 执行成功
2020-05-18 16:04:32,189 -zhenduan_homepage.py- zhenduan_homepage - INFO - 点击添加到已选择
2020-05-18 16:04:32,247 -base.py- BasePage - INFO - 执行成功
2020-05-18 16:04:34,580 -zhenduan_homepage.py- zhenduan_homepage - INFO - 点击添加到主页面
2020-05-18 16:04:34,630 -base.py- BasePage - INFO - 执行成功
2020-05-18 16:04:38,329 -base.py- BasePage - INFO - 激活当前窗口
2020-05-18 16:04:42,389 -yiban_Homepage1.py- yiban_homepage1 - INFO - 点选任务接收人图标
2020-05-18 16:04:44,454 -base.py- BasePage - INFO - 执行成功
2020-05-18 16:04:49,205 -yiban_Homepage1.py- yiban_homepage1 - INFO - 输入用户姓名
2020-05-18 16:04:49,373 -base.py- BasePage - INFO - 执行成功
2020-05-18 16:04:51,377 -yiban_Homepage1.py- yiban_homepage1 - INFO - 点击查询按钮
2020-05-18 16:04:51,429 -base.py- BasePage - INFO - 执行成功
2020-05-18 16:04:54,029 -yiban_Homepage1.py- yiban_homepage1 - INFO - 双击任务接收人
2020-05-18 16:04:54,394 -base.py- BasePage - INFO - 双击正确
2020-05-18 16:04:56,430 -yiban_Homepage1.py- yiban_homepage1 - INFO - 输入查勘说明
2020-05-18 16:04:56,779 -base.py- BasePage - INFO - 执行成功
2020-05-18 16:04:58,780 -yiban_Homepage1.py- yiban_homepage1 - INFO - 点击提交按钮
2020-05-18 16:04:58,840 -base.py- BasePage - INFO - 执行成功
2020-05-18 16:05:01,042 -yiban_Homepage1.py- yiban_homepage1 - INFO - 点击确认按钮
2020-05-18 16:05:01,108 -base.py- BasePage - INFO - 执行成功
2020-05-18 16:05:09,431 -base.py- BasePage - INFO - 无风险提示弹框
2020-05-18 16:05:09,431 -base.py- BasePage - INFO - 无风险提醒
2020-05-18 16:05:13,532 -base.py- BasePage - INFO - 提交结果成功
2020-05-18 16:05:17,556 -bm_yibanWu.py- yibanWu - INFO - --------------------------  一般损伤+无治疗场景执行完毕 -----------------------
2020-05-18 16:22:44,858 -browser_engine.py- BrowserEngine - INFO - 使用Chrome浏览器
2020-05-18 16:22:46,020 -browser_engine.py- BrowserEngine - INFO - 打开医疗云系统
2020-05-18 16:22:50,387 -bm_yibanWu.py- yibanWu - INFO - --------------------------  一般损伤+无治疗场景开始执行  -----------------------
2020-05-18 16:22:50,387 -caidan_shouciHomepage1.py- shouci_homepage1 - INFO - 点击首次查勘------处理任务
2020-05-18 16:22:50,531 -base.py- BasePage - INFO - 执行成功
2020-05-18 16:22:53,295 -caidan_shouciHomepage1.py- shouci_homepage1 - INFO - 点选待处理
2020-05-18 16:22:53,348 -base.py- BasePage - INFO - 执行成功
2020-05-18 16:22:55,379 -caidan_shouciHomepage1.py- shouci_homepage1 - INFO - 点击查询
2020-05-18 16:22:55,416 -base.py- BasePage - INFO - 执行成功
2020-05-18 16:22:55,842 -caidan_shouciHomepage1.py- shouci_homepage1 - INFO - 点击报案号
2020-05-18 16:23:00,852 -base.py- BasePage - INFO - 无手机图标
2020-05-18 16:23:06,122 -base.py- BasePage - INFO - 激活当前窗口
2020-05-18 16:23:08,146 -jiuzhen_type.py- jiuzhen - INFO - 点选事故类型
2020-05-18 16:23:08,185 -base.py- BasePage - INFO - 执行成功
2020-05-18 16:23:10,213 -jiuzhen_type.py- jiuzhen - INFO - 点选损失类型为：一般损伤
2020-05-18 16:23:10,248 -base.py- BasePage - INFO - 执行成功
2020-05-18 16:23:12,443 -jiuzhen_type.py- jiuzhen - INFO - 点选就诊类型为：无治疗
2020-05-18 16:23:12,481 -base.py- BasePage - INFO - 执行成功
2020-05-18 16:23:16,633 -yiban_Homepage1.py- yiban_homepage1 - INFO - 输入伤者姓名
2020-05-18 16:23:16,973 -base.py- BasePage - INFO - 执行成功
2020-05-18 16:23:18,974 -yiban_Homepage1.py- yiban_homepage1 - INFO - 输入联系电话
2020-05-18 16:23:19,365 -base.py- BasePage - INFO - 执行成功
2020-05-18 16:23:21,365 -yiban_Homepage1.py- yiban_homepage1 - INFO - 点选三者类型
2020-05-18 16:23:21,416 -base.py- BasePage - INFO - 执行成功
2020-05-18 16:23:23,576 -yiban_Homepage1.py- yiban_homepage1 - INFO - 输入身份证号码
2020-05-18 16:23:28,253 -yiban_Homepage1.py- yiban_homepage1 - INFO - 点选事故责任
2020-05-18 16:23:28,295 -base.py- BasePage - INFO - 执行成功
2020-05-18 16:23:30,516 -base.py- BasePage - INFO - 执行成功
2020-05-18 16:23:36,712 -yiban_Homepage1.py- yiban_homepage1 - INFO - 点击添加到诊断
2020-05-18 16:23:36,752 -base.py- BasePage - INFO - 执行成功
2020-05-18 16:23:38,965 -base.py- BasePage - INFO - 激活当前窗口
2020-05-18 16:23:43,028 -zhenduan_homepage.py- zhenduan_homepage - INFO - 点击伤情分类
2020-05-18 16:23:43,061 -base.py- BasePage - INFO - 执行成功
2020-05-18 16:23:45,143 -zhenduan_homepage.py- zhenduan_homepage - INFO - 点击头部
2020-05-18 16:23:45,234 -base.py- BasePage - INFO - 执行成功
2020-05-18 16:23:47,307 -zhenduan_homepage.py- zhenduan_homepage - INFO - 点击头皮
2020-05-18 16:23:47,346 -base.py- BasePage - INFO - 执行成功
2020-05-18 16:23:49,746 -zhenduan_homepage.py- zhenduan_homepage - INFO - 点选第一个伤情
2020-05-18 16:23:49,840 -base.py- BasePage - INFO - 执行成功
2020-05-18 16:23:52,130 -zhenduan_homepage.py- zhenduan_homepage - INFO - 点击添加到已选择
2020-05-18 16:23:52,167 -base.py- BasePage - INFO - 执行成功
2020-05-18 16:23:54,380 -zhenduan_homepage.py- zhenduan_homepage - INFO - 点击添加到主页面
2020-05-18 16:23:54,443 -base.py- BasePage - INFO - 执行成功
2020-05-18 16:23:57,518 -base.py- BasePage - INFO - 激活当前窗口
2020-05-18 16:24:01,546 -yiban_Homepage1.py- yiban_homepage1 - INFO - 点选任务接收人图标
2020-05-18 16:24:03,579 -base.py- BasePage - INFO - 执行成功
2020-05-18 16:24:08,040 -yiban_Homepage1.py- yiban_homepage1 - INFO - 输入用户姓名
2020-05-18 16:24:08,141 -base.py- BasePage - INFO - 执行成功
2020-05-18 16:24:10,141 -yiban_Homepage1.py- yiban_homepage1 - INFO - 点击查询按钮
2020-05-18 16:24:10,179 -base.py- BasePage - INFO - 执行成功
2020-05-18 16:24:12,625 -yiban_Homepage1.py- yiban_homepage1 - INFO - 双击任务接收人
2020-05-18 16:24:12,803 -base.py- BasePage - INFO - 双击正确
2020-05-18 16:24:14,823 -yiban_Homepage1.py- yiban_homepage1 - INFO - 输入查勘说明
2020-05-18 16:24:14,979 -base.py- BasePage - INFO - 执行成功
2020-05-18 16:24:16,979 -yiban_Homepage1.py- yiban_homepage1 - INFO - 点击提交按钮
2020-05-18 16:24:17,016 -base.py- BasePage - INFO - 执行成功
2020-05-18 16:24:19,127 -yiban_Homepage1.py- yiban_homepage1 - INFO - 点击确认按钮
2020-05-18 16:24:19,166 -base.py- BasePage - INFO - 执行成功
2020-05-18 16:24:27,324 -base.py- BasePage - INFO - 无风险提示弹框
2020-05-18 16:24:27,324 -base.py- BasePage - INFO - 无风险提醒
2020-05-18 16:24:31,370 -base.py- BasePage - INFO - 提交结果成功
2020-05-18 16:24:35,405 -bm_yibanWu.py- yibanWu - INFO - --------------------------  一般损伤+无治疗场景执行完毕 -----------------------
2020-05-18 16:32:49,155 -browser_engine.py- BrowserEngine - INFO - 使用Chrome浏览器
2020-05-18 16:32:51,341 -browser_engine.py- BrowserEngine - INFO - 打开医疗云系统
2020-05-18 16:32:55,673 -am_yibanWu.py- yibanWu - INFO - --------------------------  一般损伤+无治疗场景开始执行  -----------------------
2020-05-18 16:32:55,673 -caidan_shouciHomepage1.py- shouci_homepage1 - INFO - 点击首次查勘------处理任务
2020-05-18 16:32:55,861 -base.py- BasePage - INFO - 执行成功
2020-05-18 16:32:58,983 -caidan_shouciHomepage1.py- shouci_homepage1 - INFO - 点选待处理
2020-05-18 16:32:59,066 -base.py- BasePage - INFO - 执行成功
2020-05-18 16:33:01,097 -caidan_shouciHomepage1.py- shouci_homepage1 - INFO - 点击查询
2020-05-18 16:33:01,142 -base.py- BasePage - INFO - 执行成功
2020-05-18 16:33:01,548 -caidan_shouciHomepage1.py- shouci_homepage1 - INFO - 点击报案号
2020-05-18 16:33:06,712 -base.py- BasePage - INFO - 无手机图标
2020-05-18 16:33:12,272 -base.py- BasePage - INFO - 激活当前窗口
2020-05-18 16:33:14,304 -jiuzhen_type.py- jiuzhen - INFO - 点选事故类型
2020-05-18 16:33:14,336 -base.py- BasePage - INFO - 执行成功
2020-05-18 16:33:16,369 -jiuzhen_type.py- jiuzhen - INFO - 点选损失类型为：一般损伤
2020-05-18 16:33:16,404 -base.py- BasePage - INFO - 执行成功
2020-05-18 16:33:18,627 -jiuzhen_type.py- jiuzhen - INFO - 点选就诊类型为：无治疗
2020-05-18 16:33:18,675 -base.py- BasePage - INFO - 执行成功
2020-05-18 16:33:22,871 -yiban_Homepage1.py- yiban_homepage1 - INFO - 输入伤者姓名
2020-05-18 16:33:23,189 -base.py- BasePage - INFO - 执行成功
2020-05-18 16:33:25,189 -yiban_Homepage1.py- yiban_homepage1 - INFO - 输入联系电话
2020-05-18 16:33:25,373 -base.py- BasePage - INFO - 执行成功
2020-05-18 16:33:27,374 -yiban_Homepage1.py- yiban_homepage1 - INFO - 点选三者类型
2020-05-18 16:33:27,412 -base.py- BasePage - INFO - 执行成功
2020-05-18 16:33:29,583 -yiban_Homepage1.py- yiban_homepage1 - INFO - 输入身份证号码
2020-05-18 16:33:33,959 -yiban_Homepage1.py- yiban_homepage1 - INFO - 点选事故责任
2020-05-18 16:33:33,994 -base.py- BasePage - INFO - 执行成功
2020-05-18 16:33:36,227 -base.py- BasePage - INFO - 执行成功
2020-05-18 16:33:42,440 -yiban_Homepage1.py- yiban_homepage1 - INFO - 点击添加到诊断
2020-05-18 16:33:42,483 -base.py- BasePage - INFO - 执行成功
2020-05-18 16:33:44,781 -base.py- BasePage - INFO - 激活当前窗口
2020-05-18 16:33:48,871 -zhenduan_homepage.py- zhenduan_homepage - INFO - 点击伤情分类
2020-05-18 16:33:48,903 -base.py- BasePage - INFO - 执行成功
2020-05-18 16:33:51,002 -zhenduan_homepage.py- zhenduan_homepage - INFO - 点击头部
2020-05-18 16:33:51,062 -base.py- BasePage - INFO - 执行成功
2020-05-18 16:33:53,128 -zhenduan_homepage.py- zhenduan_homepage - INFO - 点击头皮
2020-05-18 16:33:53,160 -base.py- BasePage - INFO - 执行成功
2020-05-18 16:33:55,476 -zhenduan_homepage.py- zhenduan_homepage - INFO - 点选第一个伤情
2020-05-18 16:33:55,530 -base.py- BasePage - INFO - 执行成功
2020-05-18 16:33:57,665 -zhenduan_homepage.py- zhenduan_homepage - INFO - 点击添加到已选择
2020-05-18 16:33:57,705 -base.py- BasePage - INFO - 执行成功
2020-05-18 16:33:59,865 -zhenduan_homepage.py- zhenduan_homepage - INFO - 点击添加到主页面
2020-05-18 16:33:59,953 -base.py- BasePage - INFO - 执行成功
2020-05-18 16:34:03,299 -base.py- BasePage - INFO - 激活当前窗口
2020-05-18 16:34:07,320 -yiban_Homepage1.py- yiban_homepage1 - INFO - 点选任务接收人图标
2020-05-18 16:34:09,364 -base.py- BasePage - INFO - 执行成功
2020-05-18 16:34:13,844 -yiban_Homepage1.py- yiban_homepage1 - INFO - 输入用户姓名
2020-05-18 16:34:14,031 -base.py- BasePage - INFO - 执行成功
2020-05-18 16:34:16,032 -yiban_Homepage1.py- yiban_homepage1 - INFO - 点击查询按钮
2020-05-18 16:34:16,246 -base.py- BasePage - INFO - 执行成功
2020-05-18 16:34:19,294 -yiban_Homepage1.py- yiban_homepage1 - INFO - 双击任务接收人
2020-05-18 16:34:19,540 -base.py- BasePage - INFO - 双击正确
2020-05-18 16:34:21,566 -yiban_Homepage1.py- yiban_homepage1 - INFO - 输入查勘说明
2020-05-18 16:34:21,781 -base.py- BasePage - INFO - 执行成功
2020-05-18 16:34:23,782 -yiban_Homepage1.py- yiban_homepage1 - INFO - 点击提交按钮
2020-05-18 16:34:23,823 -base.py- BasePage - INFO - 执行成功
2020-05-18 16:34:25,951 -yiban_Homepage1.py- yiban_homepage1 - INFO - 点击确认按钮
2020-05-18 16:34:25,991 -base.py- BasePage - INFO - 执行成功
2020-05-18 16:34:34,148 -base.py- BasePage - INFO - 无风险提示弹框
2020-05-18 16:34:34,149 -base.py- BasePage - INFO - 无风险提醒
2020-05-18 16:34:38,179 -base.py- BasePage - INFO - 提交结果成功
2020-05-18 16:34:42,193 -am_yibanWu.py- yibanWu - INFO - --------------------------  一般损伤+无治疗场景执行完毕 -----------------------
2020-05-18 16:37:59,111 -browser_engine.py- BrowserEngine - INFO - 使用Chrome浏览器
2020-05-18 16:38:15,823 -browser_engine.py- BrowserEngine - INFO - 使用Chrome浏览器
2020-05-18 16:38:19,355 -browser_engine.py- BrowserEngine - INFO - 打开医疗云系统
2020-05-18 16:38:23,627 -am_yibanWu.py- yibanWu - INFO - --------------------------  一般损伤+无治疗场景开始执行  -----------------------
2020-05-18 16:38:23,627 -caidan_shouciHomepage1.py- shouci_homepage1 - INFO - 点击首次查勘------处理任务
2020-05-18 16:38:23,781 -base.py- BasePage - INFO - 执行成功
2020-05-18 16:38:26,725 -caidan_shouciHomepage1.py- shouci_homepage1 - INFO - 点选待处理
2020-05-18 16:38:26,779 -base.py- BasePage - INFO - 执行成功
2020-05-18 16:38:28,814 -caidan_shouciHomepage1.py- shouci_homepage1 - INFO - 点击查询
2020-05-18 16:38:28,869 -base.py- BasePage - INFO - 执行成功
2020-05-18 16:38:29,249 -caidan_shouciHomepage1.py- shouci_homepage1 - INFO - 点击报案号
2020-05-18 16:38:34,276 -base.py- BasePage - INFO - 无手机图标
2020-05-18 16:38:39,379 -base.py- BasePage - INFO - 激活当前窗口
2020-05-18 16:38:41,395 -jiuzhen_type.py- jiuzhen - INFO - 点选事故类型
2020-05-18 16:38:41,430 -base.py- BasePage - INFO - 执行成功
2020-05-18 16:38:43,462 -jiuzhen_type.py- jiuzhen - INFO - 点选损失类型为：一般损伤
2020-05-18 16:38:43,506 -base.py- BasePage - INFO - 执行成功
2020-05-18 16:38:45,713 -jiuzhen_type.py- jiuzhen - INFO - 点选就诊类型为：无治疗
2020-05-18 16:38:45,769 -base.py- BasePage - INFO - 执行成功
2020-05-18 16:38:49,931 -yiban_Homepage1.py- yiban_homepage1 - INFO - 输入伤者姓名
2020-05-18 16:38:50,174 -base.py- BasePage - INFO - 执行成功
2020-05-18 16:38:52,174 -yiban_Homepage1.py- yiban_homepage1 - INFO - 输入联系电话
2020-05-18 16:38:52,397 -base.py- BasePage - INFO - 执行成功
2020-05-18 16:38:54,398 -yiban_Homepage1.py- yiban_homepage1 - INFO - 点选三者类型
2020-05-18 16:38:54,443 -base.py- BasePage - INFO - 执行成功
2020-05-18 16:38:56,654 -yiban_Homepage1.py- yiban_homepage1 - INFO - 输入身份证号码
2020-05-18 16:39:01,547 -yiban_Homepage1.py- yiban_homepage1 - INFO - 点选事故责任
2020-05-18 16:39:01,589 -base.py- BasePage - INFO - 执行成功
2020-05-18 16:39:03,802 -base.py- BasePage - INFO - 执行成功
2020-05-18 16:39:09,989 -yiban_Homepage1.py- yiban_homepage1 - INFO - 点击添加到诊断
2020-05-18 16:39:10,027 -base.py- BasePage - INFO - 执行成功
2020-05-18 16:39:12,214 -base.py- BasePage - INFO - 激活当前窗口
2020-05-18 16:39:16,282 -zhenduan_homepage.py- zhenduan_homepage - INFO - 点击伤情分类
2020-05-18 16:39:16,336 -base.py- BasePage - INFO - 执行成功
2020-05-18 16:39:18,475 -zhenduan_homepage.py- zhenduan_homepage - INFO - 点击头部
2020-05-18 16:39:18,533 -base.py- BasePage - INFO - 执行成功
2020-05-18 16:39:20,595 -zhenduan_homepage.py- zhenduan_homepage - INFO - 点击头皮
2020-05-18 16:39:20,628 -base.py- BasePage - INFO - 执行成功
2020-05-18 16:39:22,942 -zhenduan_homepage.py- zhenduan_homepage - INFO - 点选第一个伤情
2020-05-18 16:39:23,000 -base.py- BasePage - INFO - 执行成功
2020-05-18 16:39:25,106 -zhenduan_homepage.py- zhenduan_homepage - INFO - 点击添加到已选择
2020-05-18 16:39:25,158 -base.py- BasePage - INFO - 执行成功
2020-05-18 16:39:27,256 -zhenduan_homepage.py- zhenduan_homepage - INFO - 点击添加到主页面
2020-05-18 16:39:27,332 -base.py- BasePage - INFO - 执行成功
2020-05-18 16:39:30,348 -base.py- BasePage - INFO - 激活当前窗口
2020-05-18 16:39:34,378 -yiban_Homepage1.py- yiban_homepage1 - INFO - 点选任务接收人图标
2020-05-18 16:39:36,437 -base.py- BasePage - INFO - 执行成功
2020-05-18 16:39:40,892 -yiban_Homepage1.py- yiban_homepage1 - INFO - 输入用户姓名
2020-05-18 16:39:40,990 -base.py- BasePage - INFO - 执行成功
2020-05-18 16:39:42,990 -yiban_Homepage1.py- yiban_homepage1 - INFO - 点击查询按钮
2020-05-18 16:39:43,073 -base.py- BasePage - INFO - 执行成功
2020-05-18 16:39:45,574 -yiban_Homepage1.py- yiban_homepage1 - INFO - 双击任务接收人
2020-05-18 16:39:45,753 -base.py- BasePage - INFO - 双击正确
2020-05-18 16:39:47,769 -yiban_Homepage1.py- yiban_homepage1 - INFO - 输入查勘说明
2020-05-18 16:39:47,993 -base.py- BasePage - INFO - 执行成功
2020-05-18 16:39:49,995 -yiban_Homepage1.py- yiban_homepage1 - INFO - 点击提交按钮
2020-05-18 16:39:50,030 -base.py- BasePage - INFO - 执行成功
2020-05-18 16:39:52,167 -yiban_Homepage1.py- yiban_homepage1 - INFO - 点击确认按钮
2020-05-18 16:39:52,526 -base.py- BasePage - INFO - 执行成功
2020-05-18 16:40:00,714 -base.py- BasePage - INFO - 无风险提示弹框
2020-05-18 16:40:00,714 -base.py- BasePage - INFO - 无风险提醒
2020-05-18 16:40:04,833 -base.py- BasePage - INFO - 提交结果成功
2020-05-18 16:40:08,848 -am_yibanWu.py- yibanWu - INFO - --------------------------  一般损伤+无治疗场景执行完毕 -----------------------
2020-05-18 16:40:53,993 -browser_engine.py- BrowserEngine - INFO - 使用Chrome浏览器
2020-05-18 16:40:55,101 -browser_engine.py- BrowserEngine - INFO - 打开医疗云系统
2020-05-18 16:40:59,327 -am_yibanWu.py- yibanWu - INFO - --------------------------  一般损伤+无治疗场景开始执行  -----------------------
2020-05-18 16:40:59,327 -caidan_shouciHomepage1.py- shouci_homepage1 - INFO - 点击首次查勘------处理任务
2020-05-18 16:40:59,487 -base.py- BasePage - INFO - 执行成功
2020-05-18 16:41:02,358 -caidan_shouciHomepage1.py- shouci_homepage1 - INFO - 点选待处理
2020-05-18 16:41:02,408 -base.py- BasePage - INFO - 执行成功
2020-05-18 16:41:04,450 -caidan_shouciHomepage1.py- shouci_homepage1 - INFO - 点击查询
2020-05-18 16:41:04,519 -base.py- BasePage - INFO - 执行成功
2020-05-18 16:41:05,025 -caidan_shouciHomepage1.py- shouci_homepage1 - INFO - 点击报案号
2020-05-18 16:41:10,073 -base.py- BasePage - INFO - 无手机图标
2020-05-18 16:41:16,073 -base.py- BasePage - INFO - 激活当前窗口
2020-05-18 16:41:18,205 -jiuzhen_type.py- jiuzhen - INFO - 点选事故类型
2020-05-18 16:41:18,270 -base.py- BasePage - INFO - 执行成功
2020-05-18 16:41:20,321 -jiuzhen_type.py- jiuzhen - INFO - 点选损失类型为：一般损伤
2020-05-18 16:41:20,353 -base.py- BasePage - INFO - 执行成功
2020-05-18 16:41:22,585 -jiuzhen_type.py- jiuzhen - INFO - 点选就诊类型为：无治疗
2020-05-18 16:41:22,621 -base.py- BasePage - INFO - 执行成功
2020-05-18 16:41:26,785 -yiban_Homepage1.py- yiban_homepage1 - INFO - 输入伤者姓名
2020-05-18 16:41:27,070 -base.py- BasePage - INFO - 执行成功
2020-05-18 16:41:29,071 -yiban_Homepage1.py- yiban_homepage1 - INFO - 输入联系电话
2020-05-18 16:41:29,423 -base.py- BasePage - INFO - 执行成功
2020-05-18 16:41:31,425 -yiban_Homepage1.py- yiban_homepage1 - INFO - 点选三者类型
2020-05-18 16:41:31,462 -base.py- BasePage - INFO - 执行成功
2020-05-18 16:41:33,669 -yiban_Homepage1.py- yiban_homepage1 - INFO - 输入身份证号码
2020-05-18 16:41:38,040 -yiban_Homepage1.py- yiban_homepage1 - INFO - 点选事故责任
2020-05-18 16:41:38,094 -base.py- BasePage - INFO - 执行成功
2020-05-18 16:41:40,331 -base.py- BasePage - INFO - 执行成功
2020-05-18 16:41:46,523 -yiban_Homepage1.py- yiban_homepage1 - INFO - 点击添加到诊断
2020-05-18 16:41:46,563 -base.py- BasePage - INFO - 执行成功
2020-05-18 16:41:48,833 -base.py- BasePage - INFO - 激活当前窗口
2020-05-18 16:41:52,919 -zhenduan_homepage.py- zhenduan_homepage - INFO - 点击伤情分类
2020-05-18 16:41:52,961 -base.py- BasePage - INFO - 执行成功
2020-05-18 16:41:55,053 -zhenduan_homepage.py- zhenduan_homepage - INFO - 点击头部
2020-05-18 16:41:55,089 -base.py- BasePage - INFO - 执行成功
2020-05-18 16:41:57,158 -zhenduan_homepage.py- zhenduan_homepage - INFO - 点击头皮
2020-05-18 16:41:57,197 -base.py- BasePage - INFO - 执行成功
2020-05-18 16:41:59,634 -zhenduan_homepage.py- zhenduan_homepage - INFO - 点选第一个伤情
2020-05-18 16:41:59,677 -base.py- BasePage - INFO - 执行成功
2020-05-18 16:42:01,788 -zhenduan_homepage.py- zhenduan_homepage - INFO - 点击添加到已选择
2020-05-18 16:42:01,852 -base.py- BasePage - INFO - 执行成功
2020-05-18 16:42:03,961 -zhenduan_homepage.py- zhenduan_homepage - INFO - 点击添加到主页面
2020-05-18 16:42:03,999 -base.py- BasePage - INFO - 执行成功
2020-05-18 16:42:07,997 -base.py- BasePage - INFO - 激活当前窗口
2020-05-18 16:42:12,041 -yiban_Homepage1.py- yiban_homepage1 - INFO - 点选任务接收人图标
2020-05-18 16:42:14,098 -base.py- BasePage - INFO - 执行成功
2020-05-18 16:42:18,716 -yiban_Homepage1.py- yiban_homepage1 - INFO - 输入用户姓名
2020-05-18 16:42:18,835 -base.py- BasePage - INFO - 执行成功
2020-05-18 16:42:20,836 -yiban_Homepage1.py- yiban_homepage1 - INFO - 点击查询按钮
2020-05-18 16:42:20,929 -base.py- BasePage - INFO - 执行成功
2020-05-18 16:42:23,726 -yiban_Homepage1.py- yiban_homepage1 - INFO - 双击任务接收人
2020-05-18 16:42:23,911 -base.py- BasePage - INFO - 双击正确
2020-05-18 16:42:25,958 -yiban_Homepage1.py- yiban_homepage1 - INFO - 输入查勘说明
2020-05-18 16:42:26,259 -base.py- BasePage - INFO - 执行成功
2020-05-18 16:42:28,260 -yiban_Homepage1.py- yiban_homepage1 - INFO - 点击提交按钮
2020-05-18 16:42:28,299 -base.py- BasePage - INFO - 执行成功
2020-05-18 16:42:30,396 -yiban_Homepage1.py- yiban_homepage1 - INFO - 点击确认按钮
2020-05-18 16:42:30,437 -base.py- BasePage - INFO - 执行成功
2020-05-18 16:42:38,602 -base.py- BasePage - INFO - 无风险提示弹框
2020-05-18 16:42:38,602 -base.py- BasePage - INFO - 无风险提醒
2020-05-18 16:42:42,686 -base.py- BasePage - INFO - 提交结果成功
2020-05-18 16:42:46,698 -am_yibanWu.py- yibanWu - INFO - --------------------------  一般损伤+无治疗场景执行完毕 -----------------------
