2020-01-06 09:12:14,363 -browser_engine.py- BrowserEngine - INFO - 使用Chrome浏览器
2020-01-06 09:12:20,332 -browser_engine.py- BrowserEngine - INFO - 打开医疗云系统
2020-01-06 09:12:21,455 -am_shangcan_Men.py- shangcanMen - INFO - --------------------------伤残+门诊治疗场景开始执行-----------------------
2020-01-06 09:12:21,455 -caidan_shouciHomepage1.py- shouci_homepage1 - INFO - 点击首次查勘------处理任务
2020-01-06 09:12:21,489 -base.py- BasePage - INFO - 执行成功
2020-01-06 09:12:25,251 -caidan_shouciHomepage1.py- shouci_homepage1 - INFO - 点选待处理
2020-01-06 09:12:25,340 -base.py- BasePage - INFO - 执行成功
2020-01-06 09:12:27,375 -caidan_shouciHomepage1.py- shouci_homepage1 - INFO - 点击查询
2020-01-06 09:12:27,435 -base.py- BasePage - INFO - 执行成功
2020-01-06 09:12:27,987 -caidan_shouciHomepage1.py- shouci_homepage1 - INFO - 点击报案号
2020-01-06 09:12:50,497 -base.py- BasePage - INFO - 激活当前窗口
2020-01-06 09:12:52,510 -jiuzhen_type.py- jiuzhen - INFO - 点选事故类型
2020-01-06 09:12:52,543 -base.py- BasePage - INFO - 执行成功
2020-01-06 09:12:54,568 -jiuzhen_type.py- jiuzhen - INFO - 点选损失类型为：伤残
2020-01-06 09:12:54,637 -base.py- BasePage - INFO - 执行成功
2020-01-06 09:12:57,236 -jiuzhen_type.py- jiuzhen - INFO - 点选就诊类型为：门诊治疗
2020-01-06 09:12:57,300 -base.py- BasePage - INFO - 执行成功
2020-01-06 09:12:59,487 -yiban_Homepage1.py- yiban_homepage1 - INFO - 输入伤者姓名
2020-01-06 09:12:59,683 -base.py- BasePage - INFO - 执行成功
2020-01-06 09:13:01,683 -yiban_Homepage1.py- yiban_homepage1 - INFO - 输入联系电话
2020-01-06 09:13:01,960 -base.py- BasePage - INFO - 执行成功
2020-01-06 09:13:03,960 -yiban_Homepage1.py- yiban_homepage1 - INFO - 点选三者类型
2020-01-06 09:13:04,044 -base.py- BasePage - INFO - 执行成功
2020-01-06 09:13:06,162 -yiban_Homepage1.py- yiban_homepage1 - INFO - 输入身份证号码
2020-01-06 09:13:10,473 -yiban_Homepage1.py- yiban_homepage1 - INFO - 点选事故责任
2020-01-06 09:13:10,522 -base.py- BasePage - INFO - 执行成功
2020-01-06 09:13:12,550 -yiban_Homepage1.py- yiban_homepage1 - INFO - 点选增加医院
2020-01-06 09:13:14,609 -base.py- BasePage - INFO - 执行成功
2020-01-06 09:13:16,700 -yiban_Homepage1.py- yiban_homepage1 - INFO - 点击添加就诊医院图标
2020-01-06 09:13:16,762 -base.py- BasePage - INFO - 执行成功
2020-01-06 09:13:22,369 -yiban_Homepage1.py- yiban_homepage1 - INFO - 单击击就诊医院
2020-01-06 09:13:22,407 -base.py- BasePage - INFO - 执行成功
2020-01-06 09:13:24,559 -yiban_Homepage1.py- yiban_homepage1 - INFO - 点选门诊/住院日期
2020-01-06 09:13:24,605 -base.py- BasePage - INFO - 执行成功
2020-01-06 09:13:24,771 -yiban_Homepage1.py- yiban_homepage1 - INFO - 点选日期
2020-01-06 09:13:28,820 -yiban_Homepage1.py- yiban_homepage1 - INFO - 点选日期为当天的日期
2020-01-06 09:13:28,883 -base.py- BasePage - INFO - 执行成功
2020-01-06 09:13:35,070 -yiban_Homepage1.py- yiban_homepage1 - INFO - 点击添加到诊断
2020-01-06 09:13:35,152 -base.py- BasePage - INFO - 执行成功
2020-01-06 09:13:37,410 -base.py- BasePage - INFO - 激活当前窗口
2020-01-06 09:13:38,442 -zhenduan_homepage.py- zhenduan_homepage - INFO - 点击伤情分类
2020-01-06 09:13:38,480 -base.py- BasePage - INFO - 执行成功
2020-01-06 09:13:40,572 -zhenduan_homepage.py- zhenduan_homepage - INFO - 点击头部
2020-01-06 09:13:40,636 -base.py- BasePage - INFO - 执行成功
2020-01-06 09:13:42,733 -zhenduan_homepage.py- zhenduan_homepage - INFO - 点击头皮
2020-01-06 09:13:42,800 -base.py- BasePage - INFO - 执行成功
2020-01-06 09:13:45,758 -zhenduan_homepage.py- zhenduan_homepage - INFO - 点选第一个伤情
2020-01-06 09:13:45,832 -base.py- BasePage - INFO - 执行成功
2020-01-06 09:13:47,898 -zhenduan_homepage.py- zhenduan_homepage - INFO - 点击添加到已选择
2020-01-06 09:13:47,973 -base.py- BasePage - INFO - 执行成功
2020-01-06 09:13:50,100 -zhenduan_homepage.py- zhenduan_homepage - INFO - 点击添加到主页面
2020-01-06 09:13:50,136 -base.py- BasePage - INFO - 执行成功
2020-01-06 09:13:52,409 -base.py- BasePage - INFO - 激活当前窗口
2020-01-06 09:13:56,443 -yiban_Homepage1.py- yiban_homepage1 - INFO - 点选护理人身份--亲属
2020-01-06 09:13:56,511 -base.py- BasePage - INFO - 执行成功
2020-01-06 09:13:58,573 -yiban_Homepage1.py- yiban_homepage1 - INFO - 输入护理人姓名
2020-01-06 09:13:58,754 -base.py- BasePage - INFO - 执行成功
2020-01-06 09:14:02,776 -yiban_Homepage1.py- yiban_homepage1 - INFO - 输入后续治疗费
2020-01-06 09:14:02,931 -base.py- BasePage - INFO - 执行成功
2020-01-06 09:14:04,943 -base.py- BasePage - INFO - 激活当前窗口
2020-01-06 09:14:10,990 -yiban_Homepage1.py- yiban_homepage1 - INFO - 点选任务接收人图标
2020-01-06 09:14:13,019 -base.py- BasePage - INFO - 执行成功
2020-01-06 09:14:18,079 -yiban_Homepage1.py- yiban_homepage1 - INFO - 输入用户姓名
2020-01-06 09:14:18,191 -base.py- BasePage - INFO - 执行成功
2020-01-06 09:14:20,191 -yiban_Homepage1.py- yiban_homepage1 - INFO - 点击查询按钮
2020-01-06 09:14:20,265 -base.py- BasePage - INFO - 执行成功
2020-01-06 09:14:22,539 -yiban_Homepage1.py- yiban_homepage1 - INFO - 双击任务接收人
2020-01-06 09:14:22,737 -base.py- BasePage - INFO - 双击正确
2020-01-06 09:14:24,751 -yiban_Homepage1.py- yiban_homepage1 - INFO - 输入查勘说明
2020-01-06 09:14:24,854 -base.py- BasePage - INFO - 执行成功
2020-01-06 09:14:45,445 -browser_engine.py- BrowserEngine - INFO - 使用Chrome浏览器
2020-01-06 09:14:46,395 -browser_engine.py- BrowserEngine - INFO - 打开医疗云系统
2020-01-06 09:14:47,517 -am_shangcan_Men.py- shangcanMen - INFO - --------------------------伤残+门诊治疗场景开始执行-----------------------
2020-01-06 09:14:47,517 -caidan_shouciHomepage1.py- shouci_homepage1 - INFO - 点击首次查勘------处理任务
2020-01-06 09:14:47,555 -base.py- BasePage - INFO - 执行成功
2020-01-06 09:14:50,845 -caidan_shouciHomepage1.py- shouci_homepage1 - INFO - 点选待处理
2020-01-06 09:14:50,942 -base.py- BasePage - INFO - 执行成功
2020-01-06 09:14:52,974 -caidan_shouciHomepage1.py- shouci_homepage1 - INFO - 点击查询
2020-01-06 09:14:52,997 -base.py- BasePage - INFO - 执行成功
2020-01-06 09:14:53,628 -caidan_shouciHomepage1.py- shouci_homepage1 - INFO - 点击报案号
2020-01-06 09:15:05,999 -base.py- BasePage - INFO - 激活当前窗口
2020-01-06 09:15:08,021 -jiuzhen_type.py- jiuzhen - INFO - 点选事故类型
2020-01-06 09:15:08,064 -base.py- BasePage - INFO - 执行成功
2020-01-06 09:15:10,090 -jiuzhen_type.py- jiuzhen - INFO - 点选损失类型为：伤残
2020-01-06 09:15:10,141 -base.py- BasePage - INFO - 执行成功
2020-01-06 09:15:12,470 -jiuzhen_type.py- jiuzhen - INFO - 点选就诊类型为：门诊治疗
2020-01-06 09:15:12,534 -base.py- BasePage - INFO - 执行成功
2020-01-06 09:15:14,730 -yiban_Homepage1.py- yiban_homepage1 - INFO - 输入伤者姓名
2020-01-06 09:15:14,934 -base.py- BasePage - INFO - 执行成功
2020-01-06 09:15:16,934 -yiban_Homepage1.py- yiban_homepage1 - INFO - 输入联系电话
2020-01-06 09:15:17,170 -base.py- BasePage - INFO - 执行成功
2020-01-06 09:15:19,170 -yiban_Homepage1.py- yiban_homepage1 - INFO - 点选三者类型
2020-01-06 09:15:19,241 -base.py- BasePage - INFO - 执行成功
2020-01-06 09:15:21,370 -yiban_Homepage1.py- yiban_homepage1 - INFO - 输入身份证号码
2020-01-06 09:15:25,759 -yiban_Homepage1.py- yiban_homepage1 - INFO - 点选事故责任
2020-01-06 09:15:25,820 -base.py- BasePage - INFO - 执行成功
2020-01-06 09:15:28,076 -yiban_Homepage1.py- yiban_homepage1 - INFO - 点选增加医院
2020-01-06 09:15:30,124 -base.py- BasePage - INFO - 执行成功
2020-01-06 09:15:32,197 -yiban_Homepage1.py- yiban_homepage1 - INFO - 点击添加就诊医院图标
2020-01-06 09:15:32,247 -base.py- BasePage - INFO - 执行成功
2020-01-06 09:15:37,762 -yiban_Homepage1.py- yiban_homepage1 - INFO - 单击击就诊医院
2020-01-06 09:15:37,788 -base.py- BasePage - INFO - 执行成功
2020-01-06 09:15:39,966 -yiban_Homepage1.py- yiban_homepage1 - INFO - 点选门诊/住院日期
2020-01-06 09:15:40,044 -base.py- BasePage - INFO - 执行成功
2020-01-06 09:15:40,213 -yiban_Homepage1.py- yiban_homepage1 - INFO - 点选日期
2020-01-06 09:15:44,233 -yiban_Homepage1.py- yiban_homepage1 - INFO - 点选日期为当天的日期
2020-01-06 09:15:44,314 -base.py- BasePage - INFO - 执行成功
2020-01-06 09:15:50,558 -yiban_Homepage1.py- yiban_homepage1 - INFO - 点击添加到诊断
2020-01-06 09:15:50,627 -base.py- BasePage - INFO - 执行成功
2020-01-06 09:15:52,780 -base.py- BasePage - INFO - 激活当前窗口
2020-01-06 09:15:53,843 -zhenduan_homepage.py- zhenduan_homepage - INFO - 点击伤情分类
2020-01-06 09:15:53,917 -base.py- BasePage - INFO - 执行成功
2020-01-06 09:15:55,992 -zhenduan_homepage.py- zhenduan_homepage - INFO - 点击头部
2020-01-06 09:15:56,021 -base.py- BasePage - INFO - 执行成功
2020-01-06 09:15:58,075 -zhenduan_homepage.py- zhenduan_homepage - INFO - 点击头皮
2020-01-06 09:15:58,149 -base.py- BasePage - INFO - 执行成功
2020-01-06 09:16:01,052 -zhenduan_homepage.py- zhenduan_homepage - INFO - 点选第一个伤情
2020-01-06 09:16:01,134 -base.py- BasePage - INFO - 执行成功
2020-01-06 09:16:03,273 -zhenduan_homepage.py- zhenduan_homepage - INFO - 点击添加到已选择
2020-01-06 09:16:03,319 -base.py- BasePage - INFO - 执行成功
2020-01-06 09:16:05,437 -zhenduan_homepage.py- zhenduan_homepage - INFO - 点击添加到主页面
2020-01-06 09:16:05,471 -base.py- BasePage - INFO - 执行成功
2020-01-06 09:16:08,029 -base.py- BasePage - INFO - 激活当前窗口
2020-01-06 09:16:12,057 -yiban_Homepage1.py- yiban_homepage1 - INFO - 点选护理人身份--亲属
2020-01-06 09:16:12,112 -base.py- BasePage - INFO - 执行成功
2020-01-06 09:16:14,149 -yiban_Homepage1.py- yiban_homepage1 - INFO - 输入护理人姓名
2020-01-06 09:16:14,373 -base.py- BasePage - INFO - 执行成功
2020-01-06 09:16:18,378 -yiban_Homepage1.py- yiban_homepage1 - INFO - 输入后续治疗费
2020-01-06 09:16:18,510 -base.py- BasePage - INFO - 执行成功
2020-01-06 09:16:20,555 -base.py- BasePage - INFO - 激活当前窗口
2020-01-06 09:16:41,426 -browser_engine.py- BrowserEngine - INFO - 使用Chrome浏览器
2020-01-06 09:16:43,833 -browser_engine.py- BrowserEngine - INFO - 打开医疗云系统
2020-01-06 09:16:44,960 -am_shangcan_Men.py- shangcanMen - INFO - --------------------------伤残+门诊治疗场景开始执行-----------------------
2020-01-06 09:16:44,960 -caidan_shouciHomepage1.py- shouci_homepage1 - INFO - 点击首次查勘------处理任务
2020-01-06 09:16:45,002 -base.py- BasePage - INFO - 执行成功
2020-01-06 09:16:47,994 -caidan_shouciHomepage1.py- shouci_homepage1 - INFO - 点选待处理
2020-01-06 09:16:48,041 -base.py- BasePage - INFO - 执行成功
2020-01-06 09:16:50,065 -caidan_shouciHomepage1.py- shouci_homepage1 - INFO - 点击查询
2020-01-06 09:16:50,117 -base.py- BasePage - INFO - 执行成功
2020-01-06 09:16:50,504 -caidan_shouciHomepage1.py- shouci_homepage1 - INFO - 点击报案号
2020-01-06 09:17:01,740 -base.py- BasePage - INFO - 激活当前窗口
2020-01-06 09:17:03,776 -jiuzhen_type.py- jiuzhen - INFO - 点选事故类型
2020-01-06 09:17:03,827 -base.py- BasePage - INFO - 执行成功
2020-01-06 09:17:05,868 -jiuzhen_type.py- jiuzhen - INFO - 点选损失类型为：伤残
2020-01-06 09:17:05,912 -base.py- BasePage - INFO - 执行成功
2020-01-06 09:17:08,338 -jiuzhen_type.py- jiuzhen - INFO - 点选就诊类型为：门诊治疗
2020-01-06 09:17:08,372 -base.py- BasePage - INFO - 执行成功
2020-01-06 09:17:10,560 -yiban_Homepage1.py- yiban_homepage1 - INFO - 输入伤者姓名
2020-01-06 09:17:10,843 -base.py- BasePage - INFO - 执行成功
2020-01-06 09:17:12,843 -yiban_Homepage1.py- yiban_homepage1 - INFO - 输入联系电话
2020-01-06 09:17:13,073 -base.py- BasePage - INFO - 执行成功
2020-01-06 09:17:15,074 -yiban_Homepage1.py- yiban_homepage1 - INFO - 点选三者类型
2020-01-06 09:17:15,138 -base.py- BasePage - INFO - 执行成功
2020-01-06 09:17:17,271 -yiban_Homepage1.py- yiban_homepage1 - INFO - 输入身份证号码
2020-01-06 09:17:21,670 -yiban_Homepage1.py- yiban_homepage1 - INFO - 点选事故责任
2020-01-06 09:17:21,743 -base.py- BasePage - INFO - 执行成功
2020-01-06 09:17:23,910 -yiban_Homepage1.py- yiban_homepage1 - INFO - 点选增加医院
2020-01-06 09:17:25,952 -base.py- BasePage - INFO - 执行成功
2020-01-06 09:17:28,047 -yiban_Homepage1.py- yiban_homepage1 - INFO - 点击添加就诊医院图标
2020-01-06 09:17:28,107 -base.py- BasePage - INFO - 执行成功
2020-01-06 09:17:33,196 -yiban_Homepage1.py- yiban_homepage1 - INFO - 单击击就诊医院
2020-01-06 09:17:33,228 -base.py- BasePage - INFO - 执行成功
2020-01-06 09:17:35,427 -yiban_Homepage1.py- yiban_homepage1 - INFO - 点选门诊/住院日期
2020-01-06 09:17:35,473 -base.py- BasePage - INFO - 执行成功
2020-01-06 09:17:35,630 -yiban_Homepage1.py- yiban_homepage1 - INFO - 点选日期
2020-01-06 09:17:39,646 -yiban_Homepage1.py- yiban_homepage1 - INFO - 点选日期为当天的日期
2020-01-06 09:17:39,713 -base.py- BasePage - INFO - 执行成功
2020-01-06 09:17:45,943 -yiban_Homepage1.py- yiban_homepage1 - INFO - 点击添加到诊断
2020-01-06 09:17:46,009 -base.py- BasePage - INFO - 执行成功
2020-01-06 09:17:48,180 -base.py- BasePage - INFO - 激活当前窗口
2020-01-06 09:17:49,244 -zhenduan_homepage.py- zhenduan_homepage - INFO - 点击伤情分类
2020-01-06 09:17:49,292 -base.py- BasePage - INFO - 执行成功
2020-01-06 09:17:51,405 -zhenduan_homepage.py- zhenduan_homepage - INFO - 点击头部
2020-01-06 09:17:51,484 -base.py- BasePage - INFO - 执行成功
2020-01-06 09:17:53,579 -zhenduan_homepage.py- zhenduan_homepage - INFO - 点击头皮
2020-01-06 09:17:53,650 -base.py- BasePage - INFO - 执行成功
2020-01-06 09:17:55,859 -zhenduan_homepage.py- zhenduan_homepage - INFO - 点选第一个伤情
2020-01-06 09:17:55,915 -base.py- BasePage - INFO - 执行成功
2020-01-06 09:17:58,008 -zhenduan_homepage.py- zhenduan_homepage - INFO - 点击添加到已选择
2020-01-06 09:17:58,073 -base.py- BasePage - INFO - 执行成功
2020-01-06 09:18:00,212 -zhenduan_homepage.py- zhenduan_homepage - INFO - 点击添加到主页面
2020-01-06 09:18:00,277 -base.py- BasePage - INFO - 执行成功
2020-01-06 09:18:02,724 -base.py- BasePage - INFO - 激活当前窗口
2020-01-06 09:18:06,756 -yiban_Homepage1.py- yiban_homepage1 - INFO - 点选护理人身份--亲属
2020-01-06 09:18:06,808 -base.py- BasePage - INFO - 执行成功
2020-01-06 09:18:08,856 -yiban_Homepage1.py- yiban_homepage1 - INFO - 输入护理人姓名
2020-01-06 09:18:09,041 -base.py- BasePage - INFO - 执行成功
2020-01-06 09:18:13,057 -yiban_Homepage1.py- yiban_homepage1 - INFO - 输入后续治疗费
2020-01-06 09:18:13,253 -base.py- BasePage - INFO - 执行成功
2020-01-06 09:18:15,266 -base.py- BasePage - INFO - 激活当前窗口
2020-01-06 09:18:21,300 -yiban_Homepage1.py- yiban_homepage1 - INFO - 点选任务接收人图标
2020-01-06 09:18:23,361 -base.py- BasePage - INFO - 执行成功
2020-01-06 09:18:28,275 -yiban_Homepage1.py- yiban_homepage1 - INFO - 输入用户姓名
2020-01-06 09:18:28,358 -base.py- BasePage - INFO - 执行成功
2020-01-06 09:18:30,358 -yiban_Homepage1.py- yiban_homepage1 - INFO - 点击查询按钮
2020-01-06 09:18:30,421 -base.py- BasePage - INFO - 执行成功
2020-01-06 09:18:32,754 -yiban_Homepage1.py- yiban_homepage1 - INFO - 双击任务接收人
2020-01-06 09:18:32,908 -base.py- BasePage - INFO - 双击正确
2020-01-06 09:18:34,930 -yiban_Homepage1.py- yiban_homepage1 - INFO - 输入查勘说明
2020-01-06 09:18:35,079 -base.py- BasePage - INFO - 执行成功
2020-01-06 09:18:37,079 -yiban_Homepage1.py- yiban_homepage1 - INFO - 点击提交按钮
2020-01-06 09:18:37,146 -base.py- BasePage - INFO - 执行成功
2020-01-06 09:18:39,232 -yiban_Homepage1.py- yiban_homepage1 - INFO - 点击确认按钮
2020-01-06 09:18:39,294 -base.py- BasePage - INFO - 执行成功
2020-01-06 09:18:42,450 -base.py- BasePage - INFO - 有风险提示弹框
2020-01-06 09:18:42,462 -base.py- BasePage - INFO - 点击风险提醒-确定按钮
2020-01-06 09:21:55,697 -browser_engine.py- BrowserEngine - INFO - 使用Chrome浏览器
2020-01-06 09:21:57,567 -browser_engine.py- BrowserEngine - INFO - 打开医疗云系统
2020-01-06 09:21:58,694 -am_yibanWu.py- yibanWu - INFO - --------------------------  一般损伤+无治疗场景开始执行  -----------------------
2020-01-06 09:21:58,694 -caidan_shouciHomepage1.py- shouci_homepage1 - INFO - 点击首次查勘------处理任务
2020-01-06 09:21:58,730 -base.py- BasePage - INFO - 执行成功
2020-01-06 09:22:01,217 -caidan_shouciHomepage1.py- shouci_homepage1 - INFO - 点选待处理
2020-01-06 09:22:01,300 -base.py- BasePage - INFO - 执行成功
2020-01-06 09:22:03,324 -caidan_shouciHomepage1.py- shouci_homepage1 - INFO - 点击查询
2020-01-06 09:22:03,383 -base.py- BasePage - INFO - 执行成功
2020-01-06 09:22:03,745 -caidan_shouciHomepage1.py- shouci_homepage1 - INFO - 点击报案号
2020-01-06 09:22:13,717 -base.py- BasePage - INFO - 激活当前窗口
2020-01-06 09:22:15,751 -jiuzhen_type.py- jiuzhen - INFO - 点选事故类型
2020-01-06 09:22:15,810 -base.py- BasePage - INFO - 执行成功
2020-01-06 09:22:17,855 -jiuzhen_type.py- jiuzhen - INFO - 点选损失类型为：一般损伤
2020-01-06 09:22:17,905 -base.py- BasePage - INFO - 执行成功
2020-01-06 09:22:20,038 -jiuzhen_type.py- jiuzhen - INFO - 点选就诊类型为：无治疗
2020-01-06 09:22:20,105 -base.py- BasePage - INFO - 执行成功
2020-01-06 09:22:24,240 -yiban_Homepage1.py- yiban_homepage1 - INFO - 输入伤者姓名
2020-01-06 09:22:24,459 -base.py- BasePage - INFO - 执行成功
2020-01-06 09:22:26,459 -yiban_Homepage1.py- yiban_homepage1 - INFO - 输入联系电话
2020-01-06 09:22:26,672 -base.py- BasePage - INFO - 执行成功
2020-01-06 09:22:28,672 -yiban_Homepage1.py- yiban_homepage1 - INFO - 点选三者类型
2020-01-06 09:22:28,725 -base.py- BasePage - INFO - 执行成功
2020-01-06 09:22:30,846 -yiban_Homepage1.py- yiban_homepage1 - INFO - 输入身份证号码
2020-01-06 09:22:35,135 -yiban_Homepage1.py- yiban_homepage1 - INFO - 点选事故责任
2020-01-06 09:22:35,182 -base.py- BasePage - INFO - 执行成功
2020-01-06 09:22:39,324 -yiban_Homepage1.py- yiban_homepage1 - INFO - 点击添加到诊断
2020-01-06 09:22:39,355 -base.py- BasePage - INFO - 执行成功
2020-01-06 09:22:41,508 -base.py- BasePage - INFO - 激活当前窗口
2020-01-06 09:22:42,557 -zhenduan_homepage.py- zhenduan_homepage - INFO - 点击伤情分类
2020-01-06 09:22:42,588 -base.py- BasePage - INFO - 执行成功
2020-01-06 09:22:44,658 -zhenduan_homepage.py- zhenduan_homepage - INFO - 点击头部
2020-01-06 09:22:44,722 -base.py- BasePage - INFO - 执行成功
2020-01-06 09:22:46,793 -zhenduan_homepage.py- zhenduan_homepage - INFO - 点击头皮
2020-01-06 09:22:46,851 -base.py- BasePage - INFO - 执行成功
2020-01-06 09:22:49,072 -zhenduan_homepage.py- zhenduan_homepage - INFO - 点选第一个伤情
2020-01-06 09:22:49,132 -base.py- BasePage - INFO - 执行成功
2020-01-06 09:22:51,230 -zhenduan_homepage.py- zhenduan_homepage - INFO - 点击添加到已选择
2020-01-06 09:22:51,303 -base.py- BasePage - INFO - 执行成功
2020-01-06 09:22:53,406 -zhenduan_homepage.py- zhenduan_homepage - INFO - 点击添加到主页面
2020-01-06 09:22:53,473 -base.py- BasePage - INFO - 执行成功
2020-01-06 09:22:56,286 -base.py- BasePage - INFO - 激活当前窗口
2020-01-06 09:23:00,318 -yiban_Homepage1.py- yiban_homepage1 - INFO - 点选任务接收人图标
2020-01-06 09:23:02,388 -base.py- BasePage - INFO - 执行成功
2020-01-06 09:23:07,451 -yiban_Homepage1.py- yiban_homepage1 - INFO - 输入用户姓名
2020-01-06 09:23:07,550 -base.py- BasePage - INFO - 执行成功
2020-01-06 09:23:09,550 -yiban_Homepage1.py- yiban_homepage1 - INFO - 点击查询按钮
2020-01-06 09:23:09,616 -base.py- BasePage - INFO - 执行成功
2020-01-06 09:23:12,022 -yiban_Homepage1.py- yiban_homepage1 - INFO - 双击任务接收人
2020-01-06 09:23:12,177 -base.py- BasePage - INFO - 双击正确
2020-01-06 09:23:14,191 -yiban_Homepage1.py- yiban_homepage1 - INFO - 输入查勘说明
2020-01-06 09:23:14,315 -base.py- BasePage - INFO - 执行成功
2020-01-06 09:23:16,315 -yiban_Homepage1.py- yiban_homepage1 - INFO - 点击提交按钮
2020-01-06 09:23:16,362 -base.py- BasePage - INFO - 执行成功
2020-01-06 09:23:44,901 -browser_engine.py- BrowserEngine - INFO - 使用Chrome浏览器
2020-01-06 09:23:47,718 -browser_engine.py- BrowserEngine - INFO - 打开医疗云系统
2020-01-06 09:23:48,835 -am_yibanWu.py- yibanWu - INFO - --------------------------  一般损伤+无治疗场景开始执行  -----------------------
2020-01-06 09:23:48,835 -caidan_shouciHomepage1.py- shouci_homepage1 - INFO - 点击首次查勘------处理任务
2020-01-06 09:23:48,872 -base.py- BasePage - INFO - 执行成功
2020-01-06 09:23:51,443 -caidan_shouciHomepage1.py- shouci_homepage1 - INFO - 点选待处理
2020-01-06 09:23:51,489 -base.py- BasePage - INFO - 执行成功
2020-01-06 09:23:53,510 -caidan_shouciHomepage1.py- shouci_homepage1 - INFO - 点击查询
2020-01-06 09:23:53,557 -base.py- BasePage - INFO - 执行成功
2020-01-06 09:23:53,978 -caidan_shouciHomepage1.py- shouci_homepage1 - INFO - 点击报案号
2020-01-06 09:24:04,488 -base.py- BasePage - INFO - 激活当前窗口
2020-01-06 09:24:06,520 -jiuzhen_type.py- jiuzhen - INFO - 点选事故类型
2020-01-06 09:24:06,601 -base.py- BasePage - INFO - 执行成功
2020-01-06 09:24:08,649 -jiuzhen_type.py- jiuzhen - INFO - 点选损失类型为：一般损伤
2020-01-06 09:24:08,726 -base.py- BasePage - INFO - 执行成功
2020-01-06 09:24:10,884 -jiuzhen_type.py- jiuzhen - INFO - 点选就诊类型为：无治疗
2020-01-06 09:24:10,942 -base.py- BasePage - INFO - 执行成功
2020-01-06 09:24:15,062 -yiban_Homepage1.py- yiban_homepage1 - INFO - 输入伤者姓名
2020-01-06 09:24:15,263 -base.py- BasePage - INFO - 执行成功
2020-01-06 09:24:17,263 -yiban_Homepage1.py- yiban_homepage1 - INFO - 输入联系电话
2020-01-06 09:24:17,466 -base.py- BasePage - INFO - 执行成功
2020-01-06 09:24:19,466 -yiban_Homepage1.py- yiban_homepage1 - INFO - 点选三者类型
2020-01-06 09:24:19,526 -base.py- BasePage - INFO - 执行成功
2020-01-06 09:24:21,649 -yiban_Homepage1.py- yiban_homepage1 - INFO - 输入身份证号码
2020-01-06 09:24:25,936 -yiban_Homepage1.py- yiban_homepage1 - INFO - 点选事故责任
2020-01-06 09:24:26,012 -base.py- BasePage - INFO - 执行成功
2020-01-06 09:24:30,156 -yiban_Homepage1.py- yiban_homepage1 - INFO - 点击添加到诊断
2020-01-06 09:24:30,188 -base.py- BasePage - INFO - 执行成功
2020-01-06 09:24:32,297 -base.py- BasePage - INFO - 激活当前窗口
2020-01-06 09:24:33,347 -zhenduan_homepage.py- zhenduan_homepage - INFO - 点击伤情分类
2020-01-06 09:24:33,380 -base.py- BasePage - INFO - 执行成功
2020-01-06 09:24:35,458 -zhenduan_homepage.py- zhenduan_homepage - INFO - 点击头部
2020-01-06 09:24:35,513 -base.py- BasePage - INFO - 执行成功
2020-01-06 09:24:37,597 -zhenduan_homepage.py- zhenduan_homepage - INFO - 点击头皮
2020-01-06 09:24:37,681 -base.py- BasePage - INFO - 执行成功
2020-01-06 09:24:39,892 -zhenduan_homepage.py- zhenduan_homepage - INFO - 点选第一个伤情
2020-01-06 09:24:39,942 -base.py- BasePage - INFO - 执行成功
2020-01-06 09:24:42,024 -zhenduan_homepage.py- zhenduan_homepage - INFO - 点击添加到已选择
2020-01-06 09:24:42,096 -base.py- BasePage - INFO - 执行成功
2020-01-06 09:24:44,227 -zhenduan_homepage.py- zhenduan_homepage - INFO - 点击添加到主页面
2020-01-06 09:24:44,286 -base.py- BasePage - INFO - 执行成功
2020-01-06 09:24:47,135 -base.py- BasePage - INFO - 激活当前窗口
2020-01-06 09:24:51,155 -yiban_Homepage1.py- yiban_homepage1 - INFO - 点选任务接收人图标
2020-01-06 09:24:53,227 -base.py- BasePage - INFO - 执行成功
2020-01-06 09:24:57,573 -yiban_Homepage1.py- yiban_homepage1 - INFO - 输入用户姓名
2020-01-06 09:24:57,691 -base.py- BasePage - INFO - 执行成功
2020-01-06 09:24:59,691 -yiban_Homepage1.py- yiban_homepage1 - INFO - 点击查询按钮
2020-01-06 09:24:59,754 -base.py- BasePage - INFO - 执行成功
2020-01-06 09:25:02,025 -yiban_Homepage1.py- yiban_homepage1 - INFO - 双击任务接收人
2020-01-06 09:25:02,222 -base.py- BasePage - INFO - 双击正确
2020-01-06 09:25:04,243 -yiban_Homepage1.py- yiban_homepage1 - INFO - 输入查勘说明
2020-01-06 09:25:04,340 -base.py- BasePage - INFO - 执行成功
2020-01-06 09:25:06,340 -yiban_Homepage1.py- yiban_homepage1 - INFO - 点击提交按钮
2020-01-06 09:25:06,409 -base.py- BasePage - INFO - 执行成功
2020-01-06 09:25:08,543 -yiban_Homepage1.py- yiban_homepage1 - INFO - 点击确认按钮
2020-01-06 09:25:08,607 -base.py- BasePage - INFO - 执行成功
2020-01-06 09:25:16,748 -base.py- BasePage - INFO - 无风险提示弹框
2020-01-06 09:25:16,748 -base.py- BasePage - INFO - 无风险提醒
2020-01-06 09:30:01,213 -browser_engine.py- BrowserEngine - INFO - 使用Chrome浏览器
2020-01-06 09:30:03,318 -browser_engine.py- BrowserEngine - INFO - 打开医疗云系统
2020-01-06 09:30:04,437 -am_yibanWu.py- yibanWu - INFO - --------------------------  一般损伤+无治疗场景开始执行  -----------------------
2020-01-06 09:30:04,437 -caidan_shouciHomepage1.py- shouci_homepage1 - INFO - 点击首次查勘------处理任务
2020-01-06 09:30:04,473 -base.py- BasePage - INFO - 执行成功
2020-01-06 09:30:07,307 -caidan_shouciHomepage1.py- shouci_homepage1 - INFO - 点选待处理
2020-01-06 09:30:07,376 -base.py- BasePage - INFO - 执行成功
2020-01-06 09:30:09,414 -caidan_shouciHomepage1.py- shouci_homepage1 - INFO - 点击查询
2020-01-06 09:30:09,462 -base.py- BasePage - INFO - 执行成功
2020-01-06 09:30:09,989 -caidan_shouciHomepage1.py- shouci_homepage1 - INFO - 点击报案号
2020-01-06 09:30:21,783 -base.py- BasePage - INFO - 激活当前窗口
2020-01-06 09:30:23,805 -jiuzhen_type.py- jiuzhen - INFO - 点选事故类型
2020-01-06 09:30:34,883 -base.py- BasePage - ERROR - 执行失败(<PageObjects.jiuzhen_type.jiuzhen object at 0x0000000003315C18>, ('css selector', 'html body #baseInfor table tr:nth-child(5) td:nth-child(2) option:nth-child(2)'))
2020-01-06 09:30:34,884 -base.py- BasePage - INFO - 执行成功
2020-01-06 09:30:36,910 -jiuzhen_type.py- jiuzhen - INFO - 点选损失类型为：一般损伤
2020-01-06 09:30:47,994 -base.py- BasePage - ERROR - 执行失败(<PageObjects.jiuzhen_type.jiuzhen object at 0x0000000003315C18>, ('css selector', 'html body #baseInfor table tr:nth-child(5) td:nth-child(4) option:nth-child(3)'))
2020-01-06 09:30:47,994 -base.py- BasePage - INFO - 执行成功
2020-01-06 09:30:50,007 -jiuzhen_type.py- jiuzhen - INFO - 点选就诊类型为：无治疗
2020-01-06 09:31:01,071 -base.py- BasePage - ERROR - 执行失败(<PageObjects.jiuzhen_type.jiuzhen object at 0x0000000003315C18>, ('css selector', 'html body #baseInfor table tr:nth-child(5) td:nth-child(6) input'))
2020-01-06 09:31:01,071 -base.py- BasePage - INFO - 执行成功
2020-01-06 09:31:05,094 -yiban_Homepage1.py- yiban_homepage1 - INFO - 输入伤者姓名
2020-01-06 09:31:16,195 -base.py- BasePage - ERROR - 执行失败(<PageObjects.yiban_Homepage1.yiban_homepage1 object at 0x0000000003328358>, ('css selector', 'html body #baseInfor table tr:nth-child(6) td:nth-child(2) .textfield'))
