2020-04-27 11:09:46,775 -browser_engine.py- BrowserEngine - INFO - 使用Chrome浏览器
2020-04-27 11:09:47,981 -browser_engine.py- BrowserEngine - INFO - 打开医疗云系统
2020-04-27 11:09:52,125 -am_yibanWu.py- yibanWu - INFO - --------------------------  一般损伤+无治疗场景开始执行  -----------------------
2020-04-27 11:09:52,126 -caidan_shouciHomepage1.py- shouci_homepage1 - INFO - 点击首次查勘------处理任务
2020-04-27 11:09:52,250 -base.py- BasePage - INFO - 执行成功
2020-04-27 11:09:54,969 -caidan_shouciHomepage1.py- shouci_homepage1 - INFO - 点选待处理
2020-04-27 11:09:55,029 -base.py- BasePage - INFO - 执行成功
2020-04-27 11:09:57,066 -caidan_shouciHomepage1.py- shouci_homepage1 - INFO - 点击查询
2020-04-27 11:09:57,125 -base.py- BasePage - INFO - 执行成功
2020-04-27 11:09:57,554 -caidan_shouciHomepage1.py- shouci_homepage1 - INFO - 点击报案号
2020-04-27 11:10:07,594 -base.py- BasePage - INFO - 激活当前窗口
2020-04-27 11:10:09,607 -jiuzhen_type.py- jiuzhen - INFO - 点选事故类型
2020-04-27 11:10:09,637 -base.py- BasePage - INFO - 执行成功
2020-04-27 11:10:11,672 -jiuzhen_type.py- jiuzhen - INFO - 点选损失类型为：一般损伤
2020-04-27 11:10:11,706 -base.py- BasePage - INFO - 执行成功
2020-04-27 11:10:13,829 -jiuzhen_type.py- jiuzhen - INFO - 点选就诊类型为：无治疗
2020-04-27 11:10:13,860 -base.py- BasePage - INFO - 执行成功
2020-04-27 11:10:17,977 -yiban_Homepage1.py- yiban_homepage1 - INFO - 输入伤者姓名
2020-04-27 11:10:18,231 -base.py- BasePage - INFO - 执行成功
2020-04-27 11:10:20,233 -yiban_Homepage1.py- yiban_homepage1 - INFO - 输入联系电话
2020-04-27 11:10:20,534 -base.py- BasePage - INFO - 执行成功
2020-04-27 11:10:22,535 -yiban_Homepage1.py- yiban_homepage1 - INFO - 点选三者类型
2020-04-27 11:10:22,566 -base.py- BasePage - INFO - 执行成功
2020-04-27 11:10:24,691 -yiban_Homepage1.py- yiban_homepage1 - INFO - 输入身份证号码
2020-04-27 11:10:29,079 -yiban_Homepage1.py- yiban_homepage1 - INFO - 点选事故责任
2020-04-27 11:10:29,112 -base.py- BasePage - INFO - 执行成功
2020-04-27 11:10:33,202 -yiban_Homepage1.py- yiban_homepage1 - INFO - 点击添加到诊断
2020-04-27 11:10:33,236 -base.py- BasePage - INFO - 执行成功
2020-04-27 11:10:35,576 -base.py- BasePage - INFO - 执行成功
2020-04-27 11:10:39,700 -base.py- BasePage - INFO - 激活当前窗口
2020-04-27 11:10:43,817 -zhenduan_homepage.py- zhenduan_homepage - INFO - 点击伤情分类
2020-04-27 11:10:43,882 -base.py- BasePage - INFO - 执行成功
2020-04-27 11:10:46,011 -zhenduan_homepage.py- zhenduan_homepage - INFO - 点击头部
2020-04-27 11:10:46,042 -base.py- BasePage - INFO - 执行成功
2020-04-27 11:10:48,132 -zhenduan_homepage.py- zhenduan_homepage - INFO - 点击头皮
2020-04-27 11:10:48,182 -base.py- BasePage - INFO - 执行成功
2020-04-27 11:10:50,435 -zhenduan_homepage.py- zhenduan_homepage - INFO - 点选第一个伤情
2020-04-27 11:10:50,466 -base.py- BasePage - INFO - 执行成功
2020-04-27 11:10:52,542 -zhenduan_homepage.py- zhenduan_homepage - INFO - 点击添加到已选择
2020-04-27 11:10:52,576 -base.py- BasePage - INFO - 执行成功
2020-04-27 11:10:54,668 -zhenduan_homepage.py- zhenduan_homepage - INFO - 点击添加到主页面
2020-04-27 11:10:54,701 -base.py- BasePage - INFO - 执行成功
2020-04-27 11:10:57,308 -base.py- BasePage - INFO - 激活当前窗口
2020-04-27 11:11:01,332 -yiban_Homepage1.py- yiban_homepage1 - INFO - 点选任务接收人图标
2020-04-27 11:11:03,376 -base.py- BasePage - INFO - 执行成功
2020-04-27 11:11:07,778 -yiban_Homepage1.py- yiban_homepage1 - INFO - 输入用户姓名
2020-04-27 11:11:07,866 -base.py- BasePage - INFO - 执行成功
2020-04-27 11:11:09,866 -yiban_Homepage1.py- yiban_homepage1 - INFO - 点击查询按钮
2020-04-27 11:11:09,898 -base.py- BasePage - INFO - 执行成功
2020-04-27 11:11:12,200 -yiban_Homepage1.py- yiban_homepage1 - INFO - 双击任务接收人
2020-04-27 11:11:12,394 -base.py- BasePage - INFO - 双击正确
2020-04-27 11:11:14,419 -yiban_Homepage1.py- yiban_homepage1 - INFO - 输入查勘说明
2020-04-27 11:11:14,636 -base.py- BasePage - INFO - 执行成功
2020-04-27 11:11:16,636 -yiban_Homepage1.py- yiban_homepage1 - INFO - 点击提交按钮
2020-04-27 11:11:16,672 -base.py- BasePage - INFO - 执行成功
2020-04-27 11:11:18,900 -yiban_Homepage1.py- yiban_homepage1 - INFO - 点击确认按钮
2020-04-27 11:11:18,957 -base.py- BasePage - INFO - 执行成功
2020-04-27 11:11:27,084 -base.py- BasePage - INFO - 无风险提示弹框
2020-04-27 11:11:27,084 -base.py- BasePage - INFO - 无风险提醒
2020-04-27 11:11:31,136 -base.py- BasePage - INFO - 提交结果成功
2020-04-27 11:11:35,150 -am_yibanWu.py- yibanWu - INFO - --------------------------  一般损伤+无治疗场景执行完毕 -----------------------
