2020-01-15 16:46:12,293 -browser_engine.py- BrowserEngine - INFO - 使用Chrome浏览器
2020-01-15 16:46:15,575 -browser_engine.py- BrowserEngine - INFO - 打开医疗云系统
2020-01-15 16:46:16,744 -am_yibanWu.py- yibanWu - INFO - --------------------------  一般损伤+无治疗场景开始执行  -----------------------
2020-01-15 16:46:16,744 -caidan_shouciHomepage1.py- shouci_homepage1 - INFO - 点击首次查勘------处理任务
2020-01-15 16:46:16,812 -base.py- BasePage - INFO - 执行成功
2020-01-15 16:46:19,428 -caidan_shouciHomepage1.py- shouci_homepage1 - INFO - 点选待处理
2020-01-15 16:46:19,472 -base.py- BasePage - INFO - 执行成功
2020-01-15 16:46:21,494 -caidan_shouciHomepage1.py- shouci_homepage1 - INFO - 点击查询
2020-01-15 16:46:21,542 -base.py- BasePage - INFO - 执行成功
2020-01-15 16:46:21,943 -caidan_shouciHomepage1.py- shouci_homepage1 - INFO - 点击报案号
2020-01-15 16:46:31,957 -base.py- BasePage - INFO - 激活当前窗口
2020-01-15 16:46:33,971 -jiuzhen_type.py- jiuzhen - INFO - 点选事故类型
2020-01-15 16:46:34,000 -base.py- BasePage - INFO - 执行成功
2020-01-15 16:46:36,033 -jiuzhen_type.py- jiuzhen - INFO - 点选损失类型为：一般损伤
2020-01-15 16:46:36,059 -base.py- BasePage - INFO - 执行成功
2020-01-15 16:46:38,157 -jiuzhen_type.py- jiuzhen - INFO - 点选就诊类型为：无治疗
2020-01-15 16:46:38,186 -base.py- BasePage - INFO - 执行成功
2020-01-15 16:46:42,291 -yiban_Homepage1.py- yiban_homepage1 - INFO - 输入伤者姓名
2020-01-15 16:46:42,581 -base.py- BasePage - INFO - 执行成功
2020-01-15 16:46:44,582 -yiban_Homepage1.py- yiban_homepage1 - INFO - 输入联系电话
2020-01-15 16:46:44,743 -base.py- BasePage - INFO - 执行成功
2020-01-15 16:46:46,743 -yiban_Homepage1.py- yiban_homepage1 - INFO - 点选三者类型
2020-01-15 16:46:46,782 -base.py- BasePage - INFO - 执行成功
2020-01-15 16:46:48,894 -yiban_Homepage1.py- yiban_homepage1 - INFO - 输入身份证号码
2020-01-15 16:46:53,251 -yiban_Homepage1.py- yiban_homepage1 - INFO - 点选事故责任
2020-01-15 16:46:53,313 -base.py- BasePage - INFO - 执行成功
2020-01-15 16:46:57,441 -yiban_Homepage1.py- yiban_homepage1 - INFO - 点击添加到诊断
2020-01-15 16:46:57,471 -base.py- BasePage - INFO - 执行成功
2020-01-15 16:46:59,607 -base.py- BasePage - INFO - 激活当前窗口
2020-01-15 16:47:00,666 -zhenduan_homepage.py- zhenduan_homepage - INFO - 点击伤情分类
2020-01-15 16:47:00,709 -base.py- BasePage - INFO - 执行成功
2020-01-15 16:47:02,785 -zhenduan_homepage.py- zhenduan_homepage - INFO - 点击头部
2020-01-15 16:47:02,816 -base.py- BasePage - INFO - 执行成功
2020-01-15 16:47:04,871 -zhenduan_homepage.py- zhenduan_homepage - INFO - 点击头皮
2020-01-15 16:47:04,929 -base.py- BasePage - INFO - 执行成功
2020-01-15 16:47:07,153 -zhenduan_homepage.py- zhenduan_homepage - INFO - 点选第一个伤情
2020-01-15 16:47:07,220 -base.py- BasePage - INFO - 执行成功
2020-01-15 16:47:09,302 -zhenduan_homepage.py- zhenduan_homepage - INFO - 点击添加到已选择
2020-01-15 16:47:09,363 -base.py- BasePage - INFO - 执行成功
2020-01-15 16:47:11,466 -zhenduan_homepage.py- zhenduan_homepage - INFO - 点击添加到主页面
2020-01-15 16:47:11,511 -base.py- BasePage - INFO - 执行成功
2020-01-15 16:47:14,092 -base.py- BasePage - INFO - 激活当前窗口
2020-01-15 16:47:18,134 -yiban_Homepage1.py- yiban_homepage1 - INFO - 点选任务接收人图标
2020-01-15 16:47:20,187 -base.py- BasePage - INFO - 执行成功
2020-01-15 16:47:24,493 -yiban_Homepage1.py- yiban_homepage1 - INFO - 输入用户姓名
2020-01-15 16:47:24,564 -base.py- BasePage - INFO - 执行成功
2020-01-15 16:47:26,565 -yiban_Homepage1.py- yiban_homepage1 - INFO - 点击查询按钮
2020-01-15 16:47:26,622 -base.py- BasePage - INFO - 执行成功
2020-01-15 16:47:29,098 -yiban_Homepage1.py- yiban_homepage1 - INFO - 双击任务接收人
2020-01-15 16:47:29,231 -base.py- BasePage - INFO - 双击正确
2020-01-15 16:47:31,245 -yiban_Homepage1.py- yiban_homepage1 - INFO - 输入查勘说明
2020-01-15 16:47:31,356 -base.py- BasePage - INFO - 执行成功
2020-01-15 16:47:33,356 -yiban_Homepage1.py- yiban_homepage1 - INFO - 点击提交按钮
2020-01-15 16:47:33,419 -base.py- BasePage - INFO - 执行成功
2020-01-15 16:47:35,527 -yiban_Homepage1.py- yiban_homepage1 - INFO - 点击确认按钮
2020-01-15 16:47:35,587 -base.py- BasePage - INFO - 执行成功
2020-01-15 16:47:43,740 -base.py- BasePage - INFO - 无风险提示弹框
2020-01-15 16:47:43,741 -base.py- BasePage - INFO - 无风险提醒
2020-01-15 16:47:47,777 -base.py- BasePage - ERROR - 提交结果失败
2020-01-15 16:47:51,811 -am_yibanWu.py- yibanWu - INFO - --------------------------  一般损伤+无治疗场景执行完毕 -----------------------
2020-01-15 16:57:28,958 -browser_engine.py- BrowserEngine - INFO - 使用Chrome浏览器
2020-01-15 16:57:30,425 -browser_engine.py- BrowserEngine - INFO - 打开医疗云系统
2020-01-15 16:57:31,625 -am_eMen.py- xiaoeMen - INFO - --------------------------小额人伤+门诊治疗场景开始执行-----------------------
2020-01-15 16:57:31,626 -caidan_shouciHomepage1.py- shouci_homepage1 - INFO - 点击首次查勘------处理任务
2020-01-15 16:57:31,668 -base.py- BasePage - INFO - 执行成功
2020-01-15 17:59:12,158 -browser_engine.py- BrowserEngine - INFO - 使用Chrome浏览器
2020-01-15 17:59:13,522 -browser_engine.py- BrowserEngine - INFO - 打开医疗云系统
