2020-05-08 10:19:35,570 -browser_engine.py- BrowserEngine - INFO - 使用Chrome浏览器
2020-05-08 10:19:37,480 -browser_engine.py- BrowserEngine - INFO - 打开医疗云系统
2020-05-08 10:19:41,880 -am_yibanWu.py- yibanWu - INFO - --------------------------  一般损伤+无治疗场景开始执行  -----------------------
2020-05-08 10:19:41,881 -caidan_shouciHomepage1.py- shouci_homepage1 - INFO - 点击首次查勘------处理任务
2020-05-08 10:19:42,135 -base.py- BasePage - INFO - 执行成功
2020-05-08 10:19:45,069 -caidan_shouciHomepage1.py- shouci_homepage1 - INFO - 点选待处理
2020-05-08 10:19:45,129 -base.py- BasePage - INFO - 执行成功
2020-05-08 10:19:47,162 -caidan_shouciHomepage1.py- shouci_homepage1 - INFO - 点击查询
2020-05-08 10:19:47,238 -base.py- BasePage - INFO - 执行成功
2020-05-08 10:19:47,616 -caidan_shouciHomepage1.py- shouci_homepage1 - INFO - 点击报案号
2020-05-08 10:19:52,635 -base.py- BasePage - INFO - 无手机图标
2020-05-08 10:19:58,265 -base.py- BasePage - INFO - 激活当前窗口
2020-05-08 10:20:00,274 -jiuzhen_type.py- jiuzhen - INFO - 点选事故类型
2020-05-08 10:20:00,305 -base.py- BasePage - INFO - 执行成功
2020-05-08 10:20:02,332 -jiuzhen_type.py- jiuzhen - INFO - 点选损失类型为：一般损伤
2020-05-08 10:20:02,361 -base.py- BasePage - INFO - 执行成功
2020-05-08 10:20:04,664 -jiuzhen_type.py- jiuzhen - INFO - 点选就诊类型为：无治疗
2020-05-08 10:20:04,695 -base.py- BasePage - INFO - 执行成功
2020-05-08 10:20:08,885 -yiban_Homepage1.py- yiban_homepage1 - INFO - 输入伤者姓名
2020-05-08 10:20:09,140 -base.py- BasePage - INFO - 执行成功
2020-05-08 10:20:11,141 -yiban_Homepage1.py- yiban_homepage1 - INFO - 输入联系电话
2020-05-08 10:20:11,352 -base.py- BasePage - INFO - 执行成功
2020-05-08 10:20:13,354 -yiban_Homepage1.py- yiban_homepage1 - INFO - 点选三者类型
2020-05-08 10:20:13,402 -base.py- BasePage - INFO - 执行成功
2020-05-08 10:20:15,570 -yiban_Homepage1.py- yiban_homepage1 - INFO - 输入身份证号码
2020-05-08 10:20:20,039 -yiban_Homepage1.py- yiban_homepage1 - INFO - 点选事故责任
2020-05-08 10:20:20,096 -base.py- BasePage - INFO - 执行成功
2020-05-08 10:20:22,352 -base.py- BasePage - INFO - 执行成功
2020-05-08 10:20:28,667 -yiban_Homepage1.py- yiban_homepage1 - INFO - 点击添加到诊断
2020-05-08 10:20:28,726 -base.py- BasePage - INFO - 执行成功
2020-05-08 10:20:30,927 -base.py- BasePage - INFO - 激活当前窗口
2020-05-08 10:20:34,987 -zhenduan_homepage.py- zhenduan_homepage - INFO - 点击伤情分类
2020-05-08 10:20:35,022 -base.py- BasePage - INFO - 执行成功
2020-05-08 10:20:37,096 -zhenduan_homepage.py- zhenduan_homepage - INFO - 点击头部
2020-05-08 10:20:37,133 -base.py- BasePage - INFO - 执行成功
2020-05-08 10:20:39,228 -zhenduan_homepage.py- zhenduan_homepage - INFO - 点击头皮
2020-05-08 10:20:39,267 -base.py- BasePage - INFO - 执行成功
2020-05-08 10:20:41,550 -zhenduan_homepage.py- zhenduan_homepage - INFO - 点选第一个伤情
2020-05-08 10:20:41,579 -base.py- BasePage - INFO - 执行成功
2020-05-08 10:20:43,648 -zhenduan_homepage.py- zhenduan_homepage - INFO - 点击添加到已选择
2020-05-08 10:20:43,686 -base.py- BasePage - INFO - 执行成功
2020-05-08 10:20:45,816 -zhenduan_homepage.py- zhenduan_homepage - INFO - 点击添加到主页面
2020-05-08 10:20:45,874 -base.py- BasePage - INFO - 执行成功
2020-05-08 10:20:49,062 -base.py- BasePage - INFO - 激活当前窗口
2020-05-08 10:20:53,112 -yiban_Homepage1.py- yiban_homepage1 - INFO - 点选任务接收人图标
2020-05-08 10:20:55,168 -base.py- BasePage - INFO - 执行成功
2020-05-08 10:20:59,646 -yiban_Homepage1.py- yiban_homepage1 - INFO - 输入用户姓名
2020-05-08 10:20:59,802 -base.py- BasePage - INFO - 执行成功
2020-05-08 10:21:01,802 -yiban_Homepage1.py- yiban_homepage1 - INFO - 点击查询按钮
2020-05-08 10:21:01,857 -base.py- BasePage - INFO - 执行成功
2020-05-08 10:21:04,303 -yiban_Homepage1.py- yiban_homepage1 - INFO - 双击任务接收人
2020-05-08 10:21:04,722 -base.py- BasePage - INFO - 双击正确
2020-05-08 10:21:06,736 -yiban_Homepage1.py- yiban_homepage1 - INFO - 输入查勘说明
2020-05-08 10:21:06,921 -base.py- BasePage - INFO - 执行成功
2020-05-08 10:21:08,922 -yiban_Homepage1.py- yiban_homepage1 - INFO - 点击提交按钮
2020-05-08 10:21:08,972 -base.py- BasePage - INFO - 执行成功
2020-05-08 10:21:11,077 -yiban_Homepage1.py- yiban_homepage1 - INFO - 点击确认按钮
2020-05-08 10:21:11,134 -base.py- BasePage - INFO - 执行成功
2020-05-08 10:21:19,261 -base.py- BasePage - INFO - 无风险提示弹框
2020-05-08 10:21:19,262 -base.py- BasePage - INFO - 无风险提醒
2020-05-08 10:21:23,310 -base.py- BasePage - INFO - 提交结果成功
2020-05-08 10:21:27,328 -am_yibanWu.py- yibanWu - INFO - --------------------------  一般损伤+无治疗场景执行完毕 -----------------------
2020-05-08 10:22:18,821 -browser_engine.py- BrowserEngine - INFO - 使用Chrome浏览器
2020-05-08 10:22:19,998 -browser_engine.py- BrowserEngine - INFO - 打开医疗云系统
2020-05-08 10:22:24,174 -am_yibanWu.py- yibanWu - INFO - --------------------------  一般损伤+无治疗场景开始执行  -----------------------
2020-05-08 10:22:24,174 -caidan_shouciHomepage1.py- shouci_homepage1 - INFO - 点击首次查勘------处理任务
2020-05-08 10:22:24,324 -base.py- BasePage - INFO - 执行成功
2020-05-08 10:22:27,053 -caidan_shouciHomepage1.py- shouci_homepage1 - INFO - 点选待处理
2020-05-08 10:22:27,103 -base.py- BasePage - INFO - 执行成功
2020-05-08 10:22:29,130 -caidan_shouciHomepage1.py- shouci_homepage1 - INFO - 点击查询
2020-05-08 10:22:29,168 -base.py- BasePage - INFO - 执行成功
2020-05-08 10:22:29,616 -caidan_shouciHomepage1.py- shouci_homepage1 - INFO - 点击报案号
2020-05-08 10:22:34,655 -base.py- BasePage - INFO - 无手机图标
2020-05-08 10:22:40,042 -base.py- BasePage - INFO - 激活当前窗口
2020-05-08 10:22:42,058 -jiuzhen_type.py- jiuzhen - INFO - 点选事故类型
2020-05-08 10:22:42,090 -base.py- BasePage - INFO - 执行成功
2020-05-08 10:22:44,119 -jiuzhen_type.py- jiuzhen - INFO - 点选损失类型为：一般损伤
2020-05-08 10:22:44,153 -base.py- BasePage - INFO - 执行成功
2020-05-08 10:22:46,368 -jiuzhen_type.py- jiuzhen - INFO - 点选就诊类型为：无治疗
2020-05-08 10:22:46,404 -base.py- BasePage - INFO - 执行成功
2020-05-08 10:22:50,555 -yiban_Homepage1.py- yiban_homepage1 - INFO - 输入伤者姓名
2020-05-08 10:22:50,879 -base.py- BasePage - INFO - 执行成功
2020-05-08 10:22:52,880 -yiban_Homepage1.py- yiban_homepage1 - INFO - 输入联系电话
2020-05-08 10:22:53,112 -base.py- BasePage - INFO - 执行成功
2020-05-08 10:22:55,113 -yiban_Homepage1.py- yiban_homepage1 - INFO - 点选三者类型
2020-05-08 10:22:55,152 -base.py- BasePage - INFO - 执行成功
2020-05-08 10:22:57,349 -yiban_Homepage1.py- yiban_homepage1 - INFO - 输入身份证号码
2020-05-08 10:23:01,740 -yiban_Homepage1.py- yiban_homepage1 - INFO - 点选事故责任
2020-05-08 10:23:01,783 -base.py- BasePage - INFO - 执行成功
2020-05-08 10:23:04,013 -base.py- BasePage - INFO - 执行成功
2020-05-08 10:23:10,236 -yiban_Homepage1.py- yiban_homepage1 - INFO - 点击添加到诊断
2020-05-08 10:23:10,275 -base.py- BasePage - INFO - 执行成功
2020-05-08 10:23:12,432 -base.py- BasePage - INFO - 激活当前窗口
2020-05-08 10:23:16,495 -zhenduan_homepage.py- zhenduan_homepage - INFO - 点击伤情分类
2020-05-08 10:23:16,527 -base.py- BasePage - INFO - 执行成功
2020-05-08 10:23:18,604 -zhenduan_homepage.py- zhenduan_homepage - INFO - 点击头部
2020-05-08 10:23:18,655 -base.py- BasePage - INFO - 执行成功
2020-05-08 10:23:20,745 -zhenduan_homepage.py- zhenduan_homepage - INFO - 点击头皮
2020-05-08 10:23:20,801 -base.py- BasePage - INFO - 执行成功
2020-05-08 10:23:23,265 -zhenduan_homepage.py- zhenduan_homepage - INFO - 点选第一个伤情
2020-05-08 10:23:23,330 -base.py- BasePage - INFO - 执行成功
2020-05-08 10:23:25,408 -zhenduan_homepage.py- zhenduan_homepage - INFO - 点击添加到已选择
2020-05-08 10:23:25,462 -base.py- BasePage - INFO - 执行成功
2020-05-08 10:23:27,549 -zhenduan_homepage.py- zhenduan_homepage - INFO - 点击添加到主页面
2020-05-08 10:23:27,577 -base.py- BasePage - INFO - 执行成功
2020-05-08 10:23:30,799 -base.py- BasePage - INFO - 激活当前窗口
2020-05-08 10:23:34,845 -yiban_Homepage1.py- yiban_homepage1 - INFO - 点选任务接收人图标
2020-05-08 10:23:36,891 -base.py- BasePage - INFO - 执行成功
2020-05-08 10:23:41,373 -yiban_Homepage1.py- yiban_homepage1 - INFO - 输入用户姓名
2020-05-08 10:23:41,513 -base.py- BasePage - INFO - 执行成功
2020-05-08 10:23:43,514 -yiban_Homepage1.py- yiban_homepage1 - INFO - 点击查询按钮
2020-05-08 10:23:43,566 -base.py- BasePage - INFO - 执行成功
2020-05-08 10:23:45,997 -yiban_Homepage1.py- yiban_homepage1 - INFO - 双击任务接收人
2020-05-08 10:23:46,142 -base.py- BasePage - INFO - 双击正确
2020-05-08 10:23:48,158 -yiban_Homepage1.py- yiban_homepage1 - INFO - 输入查勘说明
2020-05-08 10:23:48,327 -base.py- BasePage - INFO - 执行成功
2020-05-08 10:23:50,328 -yiban_Homepage1.py- yiban_homepage1 - INFO - 点击提交按钮
2020-05-08 10:23:50,359 -base.py- BasePage - INFO - 执行成功
2020-05-08 10:23:52,468 -yiban_Homepage1.py- yiban_homepage1 - INFO - 点击确认按钮
2020-05-08 10:23:52,522 -base.py- BasePage - INFO - 执行成功
2020-05-08 10:24:00,984 -base.py- BasePage - INFO - 无风险提示弹框
2020-05-08 10:24:00,984 -base.py- BasePage - INFO - 无风险提醒
2020-05-08 10:24:05,018 -base.py- BasePage - INFO - 提交结果成功
2020-05-08 10:24:09,031 -am_yibanWu.py- yibanWu - INFO - --------------------------  一般损伤+无治疗场景执行完毕 -----------------------
2020-05-08 10:25:47,548 -browser_engine.py- BrowserEngine - INFO - 使用Chrome浏览器
2020-05-08 10:25:49,243 -browser_engine.py- BrowserEngine - INFO - 打开医疗云系统
2020-05-08 10:25:53,473 -am_yibanWu.py- yibanWu - INFO - --------------------------  一般损伤+无治疗场景开始执行  -----------------------
2020-05-08 10:25:53,473 -caidan_shouciHomepage1.py- shouci_homepage1 - INFO - 点击首次查勘------处理任务
2020-05-08 10:25:53,658 -base.py- BasePage - INFO - 执行成功
2020-05-08 10:25:56,438 -caidan_shouciHomepage1.py- shouci_homepage1 - INFO - 点选待处理
2020-05-08 10:25:56,531 -base.py- BasePage - INFO - 执行成功
2020-05-08 10:25:58,560 -caidan_shouciHomepage1.py- shouci_homepage1 - INFO - 点击查询
2020-05-08 10:25:58,613 -base.py- BasePage - INFO - 执行成功
2020-05-08 10:26:04,197 -caidan_shouciHomepage1.py- shouci_homepage1 - INFO - 点击报案号
2020-05-08 10:26:09,212 -base.py- BasePage - INFO - 无手机图标
2020-05-08 10:26:19,589 -base.py- BasePage - INFO - 激活当前窗口
2020-05-08 10:26:21,806 -jiuzhen_type.py- jiuzhen - INFO - 点选事故类型
2020-05-08 10:26:21,852 -base.py- BasePage - INFO - 执行成功
2020-05-08 10:26:23,900 -jiuzhen_type.py- jiuzhen - INFO - 点选损失类型为：一般损伤
2020-05-08 10:26:23,962 -base.py- BasePage - INFO - 执行成功
2020-05-08 10:26:26,166 -jiuzhen_type.py- jiuzhen - INFO - 点选就诊类型为：无治疗
2020-05-08 10:26:26,208 -base.py- BasePage - INFO - 执行成功
2020-05-08 10:26:30,395 -yiban_Homepage1.py- yiban_homepage1 - INFO - 输入伤者姓名
2020-05-08 10:26:30,737 -base.py- BasePage - INFO - 执行成功
2020-05-08 10:26:32,738 -yiban_Homepage1.py- yiban_homepage1 - INFO - 输入联系电话
2020-05-08 10:26:33,010 -base.py- BasePage - INFO - 执行成功
2020-05-08 10:26:35,010 -yiban_Homepage1.py- yiban_homepage1 - INFO - 点选三者类型
2020-05-08 10:26:35,093 -base.py- BasePage - INFO - 执行成功
2020-05-08 10:26:37,247 -yiban_Homepage1.py- yiban_homepage1 - INFO - 输入身份证号码
2020-05-08 10:26:41,614 -yiban_Homepage1.py- yiban_homepage1 - INFO - 点选事故责任
2020-05-08 10:26:41,647 -base.py- BasePage - INFO - 执行成功
2020-05-08 10:26:43,902 -base.py- BasePage - INFO - 执行成功
2020-05-08 10:26:50,121 -yiban_Homepage1.py- yiban_homepage1 - INFO - 点击添加到诊断
2020-05-08 10:26:50,160 -base.py- BasePage - INFO - 执行成功
2020-05-08 10:26:52,392 -base.py- BasePage - INFO - 激活当前窗口
2020-05-08 10:26:56,456 -zhenduan_homepage.py- zhenduan_homepage - INFO - 点击伤情分类
2020-05-08 10:26:56,487 -base.py- BasePage - INFO - 执行成功
2020-05-08 10:26:58,560 -zhenduan_homepage.py- zhenduan_homepage - INFO - 点击头部
2020-05-08 10:26:58,614 -base.py- BasePage - INFO - 执行成功
2020-05-08 10:27:00,686 -zhenduan_homepage.py- zhenduan_homepage - INFO - 点击头皮
2020-05-08 10:27:00,751 -base.py- BasePage - INFO - 执行成功
2020-05-08 10:27:03,060 -zhenduan_homepage.py- zhenduan_homepage - INFO - 点选第一个伤情
2020-05-08 10:27:03,095 -base.py- BasePage - INFO - 执行成功
2020-05-08 10:27:05,168 -zhenduan_homepage.py- zhenduan_homepage - INFO - 点击添加到已选择
2020-05-08 10:27:05,195 -base.py- BasePage - INFO - 执行成功
2020-05-08 10:27:07,286 -zhenduan_homepage.py- zhenduan_homepage - INFO - 点击添加到主页面
2020-05-08 10:27:07,316 -base.py- BasePage - INFO - 执行成功
2020-05-08 10:27:10,327 -base.py- BasePage - INFO - 激活当前窗口
2020-05-08 10:27:14,374 -yiban_Homepage1.py- yiban_homepage1 - INFO - 点选任务接收人图标
2020-05-08 10:27:16,428 -base.py- BasePage - INFO - 执行成功
2020-05-08 10:27:20,900 -yiban_Homepage1.py- yiban_homepage1 - INFO - 输入用户姓名
2020-05-08 10:27:21,021 -base.py- BasePage - INFO - 执行成功
2020-05-08 10:27:23,022 -yiban_Homepage1.py- yiban_homepage1 - INFO - 点击查询按钮
2020-05-08 10:27:23,054 -base.py- BasePage - INFO - 执行成功
2020-05-08 10:27:25,668 -yiban_Homepage1.py- yiban_homepage1 - INFO - 双击任务接收人
2020-05-08 10:27:25,847 -base.py- BasePage - INFO - 双击正确
2020-05-08 10:27:27,881 -yiban_Homepage1.py- yiban_homepage1 - INFO - 输入查勘说明
2020-05-08 10:27:28,029 -base.py- BasePage - INFO - 执行成功
2020-05-08 10:27:30,029 -yiban_Homepage1.py- yiban_homepage1 - INFO - 点击提交按钮
2020-05-08 10:27:30,059 -base.py- BasePage - INFO - 执行成功
2020-05-08 10:27:32,145 -yiban_Homepage1.py- yiban_homepage1 - INFO - 点击确认按钮
2020-05-08 10:27:32,206 -base.py- BasePage - INFO - 执行成功
2020-05-08 10:27:40,379 -base.py- BasePage - INFO - 无风险提示弹框
2020-05-08 10:27:40,380 -base.py- BasePage - INFO - 无风险提醒
2020-05-08 10:27:44,438 -base.py- BasePage - INFO - 提交结果成功
2020-05-08 10:27:48,451 -am_yibanWu.py- yibanWu - INFO - --------------------------  一般损伤+无治疗场景执行完毕 -----------------------



++++++++++++++++++++++++++++++++++++++++++++++++++++++++++++++++++++++
2020-05-08 10:28:16,852 -browser_engine.py- BrowserEngine - INFO - 使用Chrome浏览器
2020-05-08 10:28:18,463 -browser_engine.py- BrowserEngine - INFO - 打开医疗云系统
2020-05-08 10:28:22,804 -am_yibanWu.py- yibanWu - INFO - --------------------------  一般损伤+无治疗场景开始执行  -----------------------
2020-05-08 10:28:22,804 -caidan_shouciHomepage1.py- shouci_homepage1 - INFO - 点击首次查勘------处理任务
2020-05-08 10:28:22,889 -base.py- BasePage - INFO - 执行成功
2020-05-08 10:28:25,589 -caidan_shouciHomepage1.py- shouci_homepage1 - INFO - 点选待处理
2020-05-08 10:28:25,655 -base.py- BasePage - INFO - 执行成功
2020-05-08 10:28:27,685 -caidan_shouciHomepage1.py- shouci_homepage1 - INFO - 点击查询
2020-05-08 10:28:27,728 -base.py- BasePage - INFO - 执行成功
2020-05-08 10:28:28,195 -caidan_shouciHomepage1.py- shouci_homepage1 - INFO - 点击报案号
2020-05-08 10:28:33,217 -base.py- BasePage - INFO - 无手机图标
2020-05-08 10:28:38,337 -base.py- BasePage - INFO - 激活当前窗口
2020-05-08 11:17:43,042 -browser_engine.py- BrowserEngine - INFO - 使用Chrome浏览器
2020-05-08 11:17:45,533 -browser_engine.py- BrowserEngine - INFO - 打开医疗云系统
2020-05-08 11:17:49,718 -am_yibanWu.py- yibanWu - INFO - --------------------------  一般损伤+无治疗场景开始执行  -----------------------
2020-05-08 11:17:49,721 -caidan_shouciHomepage1.py- shouci_homepage1 - INFO - 点击首次查勘------处理任务
2020-05-08 11:18:40,907 -browser_engine.py- BrowserEngine - INFO - 使用Chrome浏览器
2020-05-08 11:18:44,869 -browser_engine.py- BrowserEngine - INFO - 打开医疗云系统
2020-05-08 11:18:49,066 -am_yibanWu.py- yibanWu - INFO - --------------------------  一般损伤+无治疗场景开始执行  -----------------------
2020-05-08 11:18:49,066 -caidan_shouciHomepage1.py- shouci_homepage1 - INFO - 点击首次查勘------处理任务
2020-05-08 11:20:57,073 -browser_engine.py- BrowserEngine - INFO - 使用Chrome浏览器
2020-05-08 11:22:51,275 -browser_engine.py- BrowserEngine - INFO - 使用Chrome浏览器
2020-05-08 11:22:54,648 -browser_engine.py- BrowserEngine - INFO - 打开医疗云系统
2020-05-08 11:22:58,856 -am_yibanWu.py- yibanWu - INFO - --------------------------  一般损伤+无治疗场景开始执行  -----------------------
2020-05-08 11:22:58,857 -caidan_shouciHomepage1.py- shouci_homepage1 - INFO - 点击首次查勘------处理任务
2020-05-08 11:41:06,399 -browser_engine.py- BrowserEngine - INFO - 使用Chrome浏览器
2020-05-08 11:41:08,147 -browser_engine.py- BrowserEngine - INFO - 打开医疗云系统
2020-05-08 11:41:12,456 -am_yibanWu.py- yibanWu - INFO - --------------------------  一般损伤+无治疗场景开始执行  -----------------------
2020-05-08 11:41:12,457 -caidan_shouciHomepage1.py- shouci_homepage1 - INFO - 点击首次查勘------处理任务
2020-05-08 11:41:12,656 -base.py- BasePage - INFO - 执行成功
2020-05-08 11:41:15,823 -caidan_shouciHomepage1.py- shouci_homepage1 - INFO - 点选待处理
2020-05-08 11:41:15,920 -base.py- BasePage - INFO - 执行成功
2020-05-08 11:41:17,959 -caidan_shouciHomepage1.py- shouci_homepage1 - INFO - 点击查询
2020-05-08 11:41:18,071 -base.py- BasePage - INFO - 执行成功
2020-05-08 11:41:18,715 -caidan_shouciHomepage1.py- shouci_homepage1 - INFO - 点击报案号
2020-05-08 11:41:23,764 -base.py- BasePage - INFO - 无手机图标
2020-05-08 11:41:29,625 -base.py- BasePage - INFO - 激活当前窗口
2020-05-08 11:41:31,643 -jiuzhen_type.py- jiuzhen - INFO - 点选事故类型
2020-05-08 11:41:31,691 -base.py- BasePage - INFO - 执行成功
2020-05-08 11:41:33,726 -jiuzhen_type.py- jiuzhen - INFO - 点选损失类型为：一般损伤
2020-05-08 11:41:33,774 -base.py- BasePage - INFO - 执行成功
2020-05-08 11:41:35,975 -jiuzhen_type.py- jiuzhen - INFO - 点选就诊类型为：无治疗
2020-05-08 11:41:36,023 -base.py- BasePage - INFO - 执行成功
2020-05-08 11:41:40,197 -yiban_Homepage1.py- yiban_homepage1 - INFO - 输入伤者姓名
2020-05-08 11:41:40,600 -base.py- BasePage - INFO - 执行成功
2020-05-08 11:41:42,600 -yiban_Homepage1.py- yiban_homepage1 - INFO - 输入联系电话
2020-05-08 11:41:42,884 -base.py- BasePage - INFO - 执行成功
2020-05-08 11:41:44,886 -yiban_Homepage1.py- yiban_homepage1 - INFO - 点选三者类型
2020-05-08 11:41:44,933 -base.py- BasePage - INFO - 执行成功
2020-05-08 11:41:47,115 -yiban_Homepage1.py- yiban_homepage1 - INFO - 输入身份证号码
2020-05-08 11:41:52,021 -yiban_Homepage1.py- yiban_homepage1 - INFO - 点选事故责任
2020-05-08 11:41:52,069 -base.py- BasePage - INFO - 执行成功
2020-05-08 11:41:54,303 -base.py- BasePage - INFO - 执行成功
2020-05-08 11:42:00,500 -yiban_Homepage1.py- yiban_homepage1 - INFO - 点击添加到诊断
2020-05-08 11:42:00,547 -base.py- BasePage - INFO - 执行成功
2020-05-08 11:42:02,780 -base.py- BasePage - INFO - 激活当前窗口
2020-05-08 11:42:06,836 -zhenduan_homepage.py- zhenduan_homepage - INFO - 点击伤情分类
2020-05-08 11:42:06,892 -base.py- BasePage - INFO - 执行成功
2020-05-08 11:42:09,057 -zhenduan_homepage.py- zhenduan_homepage - INFO - 点击头部
2020-05-08 11:42:09,113 -base.py- BasePage - INFO - 执行成功
2020-05-08 11:42:11,238 -zhenduan_homepage.py- zhenduan_homepage - INFO - 点击头皮
2020-05-08 11:42:11,286 -base.py- BasePage - INFO - 执行成功
2020-05-08 11:42:13,631 -zhenduan_homepage.py- zhenduan_homepage - INFO - 点选第一个伤情
2020-05-08 11:42:13,668 -base.py- BasePage - INFO - 执行成功
2020-05-08 11:42:15,765 -zhenduan_homepage.py- zhenduan_homepage - INFO - 点击添加到已选择
2020-05-08 11:42:15,807 -base.py- BasePage - INFO - 执行成功
2020-05-08 11:42:17,912 -zhenduan_homepage.py- zhenduan_homepage - INFO - 点击添加到主页面
2020-05-08 11:42:17,955 -base.py- BasePage - INFO - 执行成功
2020-05-08 11:42:21,050 -base.py- BasePage - INFO - 激活当前窗口
2020-05-08 11:42:25,086 -yiban_Homepage1.py- yiban_homepage1 - INFO - 点选任务接收人图标
2020-05-08 11:42:27,133 -base.py- BasePage - INFO - 执行成功
2020-05-08 11:42:31,678 -yiban_Homepage1.py- yiban_homepage1 - INFO - 输入用户姓名
2020-05-08 11:42:31,850 -base.py- BasePage - INFO - 执行成功
2020-05-08 11:42:33,850 -yiban_Homepage1.py- yiban_homepage1 - INFO - 点击查询按钮
2020-05-08 11:42:33,896 -base.py- BasePage - INFO - 执行成功
2020-05-08 11:42:36,426 -yiban_Homepage1.py- yiban_homepage1 - INFO - 双击任务接收人
2020-05-08 11:42:36,609 -base.py- BasePage - INFO - 双击正确
2020-05-08 11:42:38,628 -yiban_Homepage1.py- yiban_homepage1 - INFO - 输入查勘说明
2020-05-08 11:42:38,924 -base.py- BasePage - INFO - 执行成功
2020-05-08 11:42:40,925 -yiban_Homepage1.py- yiban_homepage1 - INFO - 点击提交按钮
2020-05-08 11:42:40,973 -base.py- BasePage - INFO - 执行成功
2020-05-08 11:42:43,085 -yiban_Homepage1.py- yiban_homepage1 - INFO - 点击确认按钮
2020-05-08 11:42:43,170 -base.py- BasePage - INFO - 执行成功
2020-05-08 11:42:51,407 -base.py- BasePage - INFO - 无风险提示弹框
2020-05-08 11:42:51,407 -base.py- BasePage - INFO - 无风险提醒
2020-05-08 11:42:55,452 -base.py- BasePage - INFO - 提交结果成功
2020-05-08 11:42:59,471 -am_yibanWu.py- yibanWu - INFO - --------------------------  一般损伤+无治疗场景执行完毕 -----------------------
2020-05-08 11:44:37,743 -browser_engine.py- BrowserEngine - INFO - 使用Chrome浏览器
2020-05-08 11:44:39,738 -browser_engine.py- BrowserEngine - INFO - 打开医疗云系统
2020-05-08 11:44:44,684 -am_yibanWu.py- yibanWu - INFO - --------------------------  一般损伤+无治疗场景开始执行  -----------------------
2020-05-08 11:44:44,684 -caidan_shouciHomepage1.py- shouci_homepage1 - INFO - 点击首次查勘------处理任务
2020-05-08 11:44:44,919 -base.py- BasePage - INFO - 执行成功
2020-05-08 11:44:48,584 -caidan_shouciHomepage1.py- shouci_homepage1 - INFO - 点选待处理
2020-05-08 11:44:49,815 -base.py- BasePage - INFO - 执行成功
2020-05-08 11:44:52,143 -caidan_shouciHomepage1.py- shouci_homepage1 - INFO - 点击查询
2020-05-08 11:44:52,234 -base.py- BasePage - INFO - 执行成功
2020-05-08 11:44:53,049 -caidan_shouciHomepage1.py- shouci_homepage1 - INFO - 点击报案号
2020-05-08 11:44:58,083 -base.py- BasePage - INFO - 无手机图标
2020-05-08 11:45:03,975 -base.py- BasePage - INFO - 激活当前窗口
2020-05-08 11:45:05,995 -jiuzhen_type.py- jiuzhen - INFO - 点选事故类型
2020-05-08 11:45:06,042 -base.py- BasePage - INFO - 执行成功
2020-05-08 11:45:08,077 -jiuzhen_type.py- jiuzhen - INFO - 点选损失类型为：一般损伤
2020-05-08 11:45:08,131 -base.py- BasePage - INFO - 执行成功
2020-05-08 11:45:10,345 -jiuzhen_type.py- jiuzhen - INFO - 点选就诊类型为：无治疗
2020-05-08 11:45:10,394 -base.py- BasePage - INFO - 执行成功
2020-05-08 11:45:14,584 -yiban_Homepage1.py- yiban_homepage1 - INFO - 输入伤者姓名
2020-05-08 11:45:15,055 -base.py- BasePage - INFO - 执行成功
2020-05-08 11:45:17,057 -yiban_Homepage1.py- yiban_homepage1 - INFO - 输入联系电话
2020-05-08 11:45:17,507 -base.py- BasePage - INFO - 执行成功
2020-05-08 11:45:19,507 -yiban_Homepage1.py- yiban_homepage1 - INFO - 点选三者类型
2020-05-08 11:45:19,562 -base.py- BasePage - INFO - 执行成功
2020-05-08 11:45:21,795 -yiban_Homepage1.py- yiban_homepage1 - INFO - 输入身份证号码
2020-05-08 11:45:26,502 -yiban_Homepage1.py- yiban_homepage1 - INFO - 点选事故责任
2020-05-08 11:45:26,573 -base.py- BasePage - INFO - 执行成功
2020-05-08 11:45:28,870 -base.py- BasePage - INFO - 执行成功
2020-05-08 11:45:35,087 -yiban_Homepage1.py- yiban_homepage1 - INFO - 点击添加到诊断
2020-05-08 11:45:35,141 -base.py- BasePage - INFO - 执行成功
2020-05-08 11:45:37,436 -base.py- BasePage - INFO - 激活当前窗口
2020-05-08 11:45:41,494 -zhenduan_homepage.py- zhenduan_homepage - INFO - 点击伤情分类
2020-05-08 11:45:41,543 -base.py- BasePage - INFO - 执行成功
2020-05-08 11:45:43,661 -zhenduan_homepage.py- zhenduan_homepage - INFO - 点击头部
2020-05-08 11:45:43,710 -base.py- BasePage - INFO - 执行成功
2020-05-08 11:45:45,791 -zhenduan_homepage.py- zhenduan_homepage - INFO - 点击头皮
2020-05-08 11:45:45,838 -base.py- BasePage - INFO - 执行成功
2020-05-08 11:45:48,174 -zhenduan_homepage.py- zhenduan_homepage - INFO - 点选第一个伤情
2020-05-08 11:45:48,224 -base.py- BasePage - INFO - 执行成功
2020-05-08 11:45:50,354 -zhenduan_homepage.py- zhenduan_homepage - INFO - 点击添加到已选择
2020-05-08 11:45:50,406 -base.py- BasePage - INFO - 执行成功
2020-05-08 11:45:52,537 -zhenduan_homepage.py- zhenduan_homepage - INFO - 点击添加到主页面
2020-05-08 11:45:52,578 -base.py- BasePage - INFO - 执行成功
2020-05-08 11:49:10,334 -base.py- BasePage - INFO - 激活当前窗口
2020-05-08 11:49:28,601 -yiban_Homepage1.py- yiban_homepage1 - INFO - 点选任务接收人图标
2020-05-08 11:50:18,039 -base.py- BasePage - INFO - 执行成功
2020-05-08 13:22:58,725 -browser_engine.py- BrowserEngine - INFO - 使用Chrome浏览器
2020-05-08 13:23:01,121 -browser_engine.py- BrowserEngine - INFO - 打开医疗云系统
2020-05-08 13:23:05,551 -am_yibanWu.py- yibanWu - INFO - --------------------------  一般损伤+无治疗场景开始执行  -----------------------
2020-05-08 13:23:05,551 -caidan_shouciHomepage1.py- shouci_homepage1 - INFO - 点击首次查勘------处理任务
2020-05-08 13:23:05,630 -base.py- BasePage - INFO - 执行成功
2020-05-08 13:23:08,733 -caidan_shouciHomepage1.py- shouci_homepage1 - INFO - 点选待处理
2020-05-08 13:23:08,813 -base.py- BasePage - INFO - 执行成功
2020-05-08 13:23:10,884 -caidan_shouciHomepage1.py- shouci_homepage1 - INFO - 点击查询
2020-05-08 13:23:10,942 -base.py- BasePage - INFO - 执行成功
2020-05-08 13:23:12,025 -caidan_shouciHomepage1.py- shouci_homepage1 - INFO - 点击报案号
2020-05-08 13:23:17,061 -base.py- BasePage - INFO - 无手机图标
2020-05-08 13:23:22,741 -base.py- BasePage - INFO - 激活当前窗口
2020-05-08 13:23:24,766 -jiuzhen_type.py- jiuzhen - INFO - 点选事故类型
2020-05-08 13:23:24,826 -base.py- BasePage - INFO - 执行成功
2020-05-08 13:23:26,869 -jiuzhen_type.py- jiuzhen - INFO - 点选损失类型为：一般损伤
2020-05-08 13:23:26,926 -base.py- BasePage - INFO - 执行成功
2020-05-08 13:23:29,165 -jiuzhen_type.py- jiuzhen - INFO - 点选就诊类型为：无治疗
2020-05-08 13:23:29,240 -base.py- BasePage - INFO - 执行成功
2020-05-08 13:23:33,508 -yiban_Homepage1.py- yiban_homepage1 - INFO - 输入伤者姓名
2020-05-08 13:23:34,070 -base.py- BasePage - INFO - 执行成功
2020-05-08 13:23:36,072 -yiban_Homepage1.py- yiban_homepage1 - INFO - 输入联系电话
2020-05-08 13:23:36,391 -base.py- BasePage - INFO - 执行成功
2020-05-08 13:23:38,394 -yiban_Homepage1.py- yiban_homepage1 - INFO - 点选三者类型
2020-05-08 13:23:38,448 -base.py- BasePage - INFO - 执行成功
2020-05-08 13:23:40,835 -yiban_Homepage1.py- yiban_homepage1 - INFO - 输入身份证号码
2020-05-08 13:23:45,485 -yiban_Homepage1.py- yiban_homepage1 - INFO - 点选事故责任
2020-05-08 13:23:45,540 -base.py- BasePage - INFO - 执行成功
2020-05-08 13:23:47,837 -base.py- BasePage - INFO - 执行成功
2020-05-08 13:23:54,070 -yiban_Homepage1.py- yiban_homepage1 - INFO - 点击添加到诊断
2020-05-08 13:23:54,151 -base.py- BasePage - INFO - 执行成功
2020-05-08 13:23:56,768 -base.py- BasePage - INFO - 激活当前窗口
2020-05-08 13:24:00,826 -zhenduan_homepage.py- zhenduan_homepage - INFO - 点击伤情分类
2020-05-08 13:24:00,865 -base.py- BasePage - INFO - 执行成功
2020-05-08 13:24:02,980 -zhenduan_homepage.py- zhenduan_homepage - INFO - 点击头部
2020-05-08 13:24:03,039 -base.py- BasePage - INFO - 执行成功
2020-05-08 13:24:05,135 -zhenduan_homepage.py- zhenduan_homepage - INFO - 点击头皮
2020-05-08 13:24:05,187 -base.py- BasePage - INFO - 执行成功
2020-05-08 13:24:07,608 -zhenduan_homepage.py- zhenduan_homepage - INFO - 点选第一个伤情
2020-05-08 13:24:07,653 -base.py- BasePage - INFO - 执行成功
2020-05-08 13:24:09,778 -zhenduan_homepage.py- zhenduan_homepage - INFO - 点击添加到已选择
2020-05-08 13:24:09,819 -base.py- BasePage - INFO - 执行成功
2020-05-08 13:24:11,976 -zhenduan_homepage.py- zhenduan_homepage - INFO - 点击添加到主页面
2020-05-08 13:24:12,012 -base.py- BasePage - INFO - 执行成功
2020-05-08 13:26:00,831 -base.py- BasePage - INFO - 激活当前窗口
2020-05-08 13:27:41,838 -yiban_Homepage1.py- yiban_homepage1 - INFO - 点选任务接收人图标
2020-05-08 13:27:43,887 -base.py- BasePage - INFO - 执行成功
2020-05-08 13:27:48,627 -yiban_Homepage1.py- yiban_homepage1 - INFO - 输入用户姓名
2020-05-08 13:27:48,770 -base.py- BasePage - INFO - 执行成功
2020-05-08 13:27:50,772 -yiban_Homepage1.py- yiban_homepage1 - INFO - 点击查询按钮
2020-05-08 13:27:50,831 -base.py- BasePage - INFO - 执行成功
2020-05-08 13:27:54,133 -yiban_Homepage1.py- yiban_homepage1 - INFO - 双击任务接收人
2020-05-08 13:27:54,430 -base.py- BasePage - INFO - 双击正确
2020-05-08 13:29:44,070 -browser_engine.py- BrowserEngine - INFO - 使用Chrome浏览器
2020-05-08 13:29:45,873 -browser_engine.py- BrowserEngine - INFO - 打开医疗云系统
2020-05-08 13:29:50,048 -am_yibanWu.py- yibanWu - INFO - --------------------------  一般损伤+无治疗场景开始执行  -----------------------
2020-05-08 13:29:50,048 -caidan_shouciHomepage1.py- shouci_homepage1 - INFO - 点击首次查勘------处理任务
2020-05-08 13:29:50,113 -base.py- BasePage - INFO - 执行成功
2020-05-08 13:29:53,692 -caidan_shouciHomepage1.py- shouci_homepage1 - INFO - 点选待处理
2020-05-08 13:29:53,755 -base.py- BasePage - INFO - 执行成功
2020-05-08 13:29:55,787 -caidan_shouciHomepage1.py- shouci_homepage1 - INFO - 点击查询
2020-05-08 13:29:55,830 -base.py- BasePage - INFO - 执行成功
2020-05-08 13:29:57,614 -caidan_shouciHomepage1.py- shouci_homepage1 - INFO - 点击报案号
2020-05-08 13:30:02,622 -base.py- BasePage - INFO - 无手机图标
2020-05-08 13:30:09,785 -base.py- BasePage - INFO - 激活当前窗口
2020-05-08 13:30:11,821 -jiuzhen_type.py- jiuzhen - INFO - 点选事故类型
2020-05-08 13:30:11,862 -base.py- BasePage - INFO - 执行成功
2020-05-08 13:30:13,889 -jiuzhen_type.py- jiuzhen - INFO - 点选损失类型为：一般损伤
2020-05-08 13:30:13,958 -base.py- BasePage - INFO - 执行成功
2020-05-08 13:30:16,706 -jiuzhen_type.py- jiuzhen - INFO - 点选就诊类型为：无治疗
2020-05-08 13:30:16,740 -base.py- BasePage - INFO - 执行成功
2020-05-08 13:30:21,243 -yiban_Homepage1.py- yiban_homepage1 - INFO - 输入伤者姓名
2020-05-08 13:30:21,578 -base.py- BasePage - INFO - 执行成功
2020-05-08 13:30:23,578 -yiban_Homepage1.py- yiban_homepage1 - INFO - 输入联系电话
2020-05-08 13:30:23,804 -base.py- BasePage - INFO - 执行成功
2020-05-08 13:30:25,804 -yiban_Homepage1.py- yiban_homepage1 - INFO - 点选三者类型
2020-05-08 13:30:25,864 -base.py- BasePage - INFO - 执行成功
2020-05-08 13:30:28,501 -yiban_Homepage1.py- yiban_homepage1 - INFO - 输入身份证号码
2020-05-08 13:30:32,939 -yiban_Homepage1.py- yiban_homepage1 - INFO - 点选事故责任
2020-05-08 13:30:32,989 -base.py- BasePage - INFO - 执行成功
2020-05-08 13:30:35,906 -base.py- BasePage - INFO - 执行成功
2020-05-08 13:30:43,165 -yiban_Homepage1.py- yiban_homepage1 - INFO - 点击添加到诊断
2020-05-08 13:30:43,216 -base.py- BasePage - INFO - 执行成功
2020-05-08 13:30:45,381 -base.py- BasePage - INFO - 激活当前窗口
2020-05-08 13:30:49,465 -zhenduan_homepage.py- zhenduan_homepage - INFO - 点击伤情分类
2020-05-08 13:30:49,520 -base.py- BasePage - INFO - 执行成功
2020-05-08 13:30:51,656 -zhenduan_homepage.py- zhenduan_homepage - INFO - 点击头部
2020-05-08 13:30:51,730 -base.py- BasePage - INFO - 执行成功
2020-05-08 13:30:53,790 -zhenduan_homepage.py- zhenduan_homepage - INFO - 点击头皮
2020-05-08 13:30:53,824 -base.py- BasePage - INFO - 执行成功
2020-05-08 13:30:56,153 -zhenduan_homepage.py- zhenduan_homepage - INFO - 点选第一个伤情
2020-05-08 13:30:56,209 -base.py- BasePage - INFO - 执行成功
2020-05-08 13:30:58,303 -zhenduan_homepage.py- zhenduan_homepage - INFO - 点击添加到已选择
2020-05-08 13:30:58,352 -base.py- BasePage - INFO - 执行成功
2020-05-08 13:31:00,459 -zhenduan_homepage.py- zhenduan_homepage - INFO - 点击添加到主页面
2020-05-08 13:31:00,535 -base.py- BasePage - INFO - 执行成功
2020-05-08 13:31:05,275 -base.py- BasePage - INFO - 激活当前窗口
2020-05-08 13:31:09,300 -yiban_Homepage1.py- yiban_homepage1 - INFO - 点选任务接收人图标
2020-05-08 13:31:11,362 -base.py- BasePage - INFO - 执行成功
2020-05-08 13:32:14,582 -browser_engine.py- BrowserEngine - INFO - 使用Chrome浏览器
2020-05-08 13:32:16,275 -browser_engine.py- BrowserEngine - INFO - 打开医疗云系统
2020-05-08 13:32:20,470 -am_yibanWu.py- yibanWu - INFO - --------------------------  一般损伤+无治疗场景开始执行  -----------------------
2020-05-08 13:32:20,472 -caidan_shouciHomepage1.py- shouci_homepage1 - INFO - 点击首次查勘------处理任务
2020-05-08 13:32:20,545 -base.py- BasePage - INFO - 执行成功
2020-05-08 13:32:23,780 -caidan_shouciHomepage1.py- shouci_homepage1 - INFO - 点选待处理
2020-05-08 13:32:23,853 -base.py- BasePage - INFO - 执行成功
2020-05-08 13:32:25,894 -caidan_shouciHomepage1.py- shouci_homepage1 - INFO - 点击查询
2020-05-08 13:32:25,931 -base.py- BasePage - INFO - 执行成功
2020-05-08 13:32:26,376 -caidan_shouciHomepage1.py- shouci_homepage1 - INFO - 点击报案号
2020-05-08 13:32:31,389 -base.py- BasePage - INFO - 无手机图标
2020-05-08 13:32:38,238 -base.py- BasePage - INFO - 激活当前窗口
2020-05-08 13:32:40,252 -jiuzhen_type.py- jiuzhen - INFO - 点选事故类型
2020-05-08 13:32:40,291 -base.py- BasePage - INFO - 执行成功
2020-05-08 13:32:42,319 -jiuzhen_type.py- jiuzhen - INFO - 点选损失类型为：一般损伤
2020-05-08 13:32:42,361 -base.py- BasePage - INFO - 执行成功
2020-05-08 13:32:44,868 -jiuzhen_type.py- jiuzhen - INFO - 点选就诊类型为：无治疗
2020-05-08 13:32:44,920 -base.py- BasePage - INFO - 执行成功
2020-05-08 13:32:49,422 -yiban_Homepage1.py- yiban_homepage1 - INFO - 输入伤者姓名
2020-05-08 13:32:49,840 -base.py- BasePage - INFO - 执行成功
2020-05-08 13:32:51,841 -yiban_Homepage1.py- yiban_homepage1 - INFO - 输入联系电话
2020-05-08 13:32:52,126 -base.py- BasePage - INFO - 执行成功
2020-05-08 13:32:54,128 -yiban_Homepage1.py- yiban_homepage1 - INFO - 点选三者类型
2020-05-08 13:32:54,169 -base.py- BasePage - INFO - 执行成功
2020-05-08 13:32:56,784 -yiban_Homepage1.py- yiban_homepage1 - INFO - 输入身份证号码
2020-05-08 13:33:01,196 -yiban_Homepage1.py- yiban_homepage1 - INFO - 点选事故责任
2020-05-08 13:33:01,252 -base.py- BasePage - INFO - 执行成功
2020-05-08 13:33:03,511 -base.py- BasePage - INFO - 执行成功
2020-05-08 13:33:09,887 -yiban_Homepage1.py- yiban_homepage1 - INFO - 点击添加到诊断
2020-05-08 13:33:09,932 -base.py- BasePage - INFO - 执行成功
2020-05-08 13:33:12,179 -base.py- BasePage - INFO - 激活当前窗口
2020-05-08 13:33:16,227 -zhenduan_homepage.py- zhenduan_homepage - INFO - 点击伤情分类
2020-05-08 13:33:16,263 -base.py- BasePage - INFO - 执行成功
2020-05-08 13:33:18,350 -zhenduan_homepage.py- zhenduan_homepage - INFO - 点击头部
2020-05-08 13:33:18,404 -base.py- BasePage - INFO - 执行成功
2020-05-08 13:33:20,472 -zhenduan_homepage.py- zhenduan_homepage - INFO - 点击头皮
2020-05-08 13:33:20,529 -base.py- BasePage - INFO - 执行成功
2020-05-08 13:33:22,859 -zhenduan_homepage.py- zhenduan_homepage - INFO - 点选第一个伤情
2020-05-08 13:33:22,896 -base.py- BasePage - INFO - 执行成功
2020-05-08 13:33:24,988 -zhenduan_homepage.py- zhenduan_homepage - INFO - 点击添加到已选择
2020-05-08 13:33:25,050 -base.py- BasePage - INFO - 执行成功
2020-05-08 13:33:27,170 -zhenduan_homepage.py- zhenduan_homepage - INFO - 点击添加到主页面
2020-05-08 13:33:27,207 -base.py- BasePage - INFO - 执行成功
2020-05-08 13:33:30,273 -base.py- BasePage - INFO - 激活当前窗口
2020-05-08 13:33:34,300 -yiban_Homepage1.py- yiban_homepage1 - INFO - 点选任务接收人图标
2020-05-08 13:33:36,341 -base.py- BasePage - INFO - 执行成功
2020-05-08 14:01:06,254 -browser_engine.py- BrowserEngine - INFO - 使用Chrome浏览器
2020-05-08 14:01:07,382 -browser_engine.py- BrowserEngine - INFO - 打开医疗云系统
2020-05-08 14:01:11,664 -am_yibanMen.py- yibanMen - INFO - --------------------------一般损伤+门诊治疗场景开始执行-----------------------
2020-05-08 14:01:11,665 -caidan_shouciHomepage1.py- shouci_homepage1 - INFO - 点击首次查勘------处理任务
2020-05-08 14:01:11,788 -base.py- BasePage - INFO - 执行成功
2020-05-08 14:01:14,883 -caidan_shouciHomepage1.py- shouci_homepage1 - INFO - 点选待处理
2020-05-08 14:01:14,970 -base.py- BasePage - INFO - 执行成功
2020-05-08 14:01:17,006 -caidan_shouciHomepage1.py- shouci_homepage1 - INFO - 点击查询
2020-05-08 14:01:17,056 -base.py- BasePage - INFO - 执行成功
2020-05-08 14:01:17,571 -caidan_shouciHomepage1.py- shouci_homepage1 - INFO - 点击报案号
2020-05-08 14:01:22,599 -base.py- BasePage - INFO - 无手机图标
2020-05-08 14:01:27,971 -base.py- BasePage - INFO - 激活当前窗口
2020-05-08 14:01:29,990 -jiuzhen_type.py- jiuzhen - INFO - 点选事故类型
2020-05-08 14:01:30,033 -base.py- BasePage - INFO - 执行成功
2020-05-08 14:01:32,068 -jiuzhen_type.py- jiuzhen - INFO - 点选损失类型为：一般损伤
2020-05-08 14:01:32,121 -base.py- BasePage - INFO - 执行成功
2020-05-08 14:01:34,339 -jiuzhen_type.py- jiuzhen - INFO - 点选就诊类型为：门诊治疗
2020-05-08 14:01:36,341 -yiban_Homepage1.py- yiban_homepage1 - INFO - 输入伤者姓名
2020-05-08 14:01:36,735 -base.py- BasePage - INFO - 执行成功
2020-05-08 14:01:38,735 -yiban_Homepage1.py- yiban_homepage1 - INFO - 输入联系电话
2020-05-08 14:01:39,217 -base.py- BasePage - INFO - 执行成功
2020-05-08 14:01:41,218 -yiban_Homepage1.py- yiban_homepage1 - INFO - 点选三者类型
2020-05-08 14:01:41,662 -base.py- BasePage - INFO - 执行成功
2020-05-08 14:01:43,842 -yiban_Homepage1.py- yiban_homepage1 - INFO - 输入身份证号码
2020-05-08 14:01:48,239 -yiban_Homepage1.py- yiban_homepage1 - INFO - 点选事故责任
2020-05-08 14:01:48,300 -base.py- BasePage - INFO - 执行成功
2020-05-08 14:01:50,486 -yiban_Homepage1.py- yiban_homepage1 - INFO - 点选增加医院
2020-05-08 14:01:52,585 -base.py- BasePage - INFO - 执行成功
2020-05-08 14:01:54,749 -yiban_Homepage1.py- yiban_homepage1 - INFO - 点击添加就诊医院图标
2020-05-08 14:01:54,787 -base.py- BasePage - INFO - 执行成功
2020-05-08 14:01:59,303 -yiban_Homepage1.py- yiban_homepage1 - INFO - 单击击就诊医院
2020-05-08 14:01:59,331 -base.py- BasePage - INFO - 执行成功
2020-05-08 14:02:01,561 -yiban_Homepage1.py- yiban_homepage1 - INFO - 点选门诊/住院日期
2020-05-08 14:02:01,605 -base.py- BasePage - INFO - 执行成功
2020-05-08 14:02:01,795 -yiban_Homepage1.py- yiban_homepage1 - INFO - 点选日期
2020-05-08 14:02:05,811 -yiban_Homepage1.py- yiban_homepage1 - INFO - 点选日期为当天的日期
2020-05-08 14:02:05,852 -base.py- BasePage - INFO - 执行成功
2020-05-08 14:02:12,019 -yiban_Homepage1.py- yiban_homepage1 - INFO - 点击添加到诊断
2020-05-08 14:02:12,060 -base.py- BasePage - INFO - 执行成功
2020-05-08 14:02:14,286 -base.py- BasePage - INFO - 激活当前窗口
2020-05-08 14:02:18,359 -zhenduan_homepage.py- zhenduan_homepage - INFO - 点击伤情分类
2020-05-08 14:02:18,391 -base.py- BasePage - INFO - 执行成功
2020-05-08 14:02:20,469 -zhenduan_homepage.py- zhenduan_homepage - INFO - 点击头部
2020-05-08 14:02:20,522 -base.py- BasePage - INFO - 执行成功
2020-05-08 14:02:22,585 -zhenduan_homepage.py- zhenduan_homepage - INFO - 点击头皮
2020-05-08 14:02:22,618 -base.py- BasePage - INFO - 执行成功
2020-05-08 14:02:24,905 -zhenduan_homepage.py- zhenduan_homepage - INFO - 点选第一个伤情
2020-05-08 14:02:24,975 -base.py- BasePage - INFO - 执行成功
2020-05-08 14:02:27,068 -zhenduan_homepage.py- zhenduan_homepage - INFO - 点击添加到已选择
2020-05-08 14:02:27,127 -base.py- BasePage - INFO - 执行成功
2020-05-08 14:02:29,230 -zhenduan_homepage.py- zhenduan_homepage - INFO - 点击添加到主页面
2020-05-08 14:02:29,275 -base.py- BasePage - INFO - 执行成功
2020-05-08 14:02:32,338 -base.py- BasePage - INFO - 激活当前窗口
2020-05-08 14:02:38,362 -yiban_Homepage1.py- yiban_homepage1 - INFO - 点选任务接收人图标
2020-05-08 14:02:40,402 -base.py- BasePage - INFO - 执行成功
2020-05-08 14:43:24,045 -browser_engine.py- BrowserEngine - INFO - 使用Chrome浏览器
2020-05-08 14:43:27,931 -browser_engine.py- BrowserEngine - INFO - 打开医疗云系统
2020-05-08 14:43:32,132 -am_yibanWu.py- yibanWu - INFO - --------------------------  一般损伤+无治疗场景开始执行  -----------------------
2020-05-08 14:43:32,133 -caidan_shouciHomepage1.py- shouci_homepage1 - INFO - 点击首次查勘------处理任务
2020-05-08 14:43:32,213 -base.py- BasePage - INFO - 执行成功
2020-05-08 14:43:35,343 -caidan_shouciHomepage1.py- shouci_homepage1 - INFO - 点选待处理
2020-05-08 14:43:35,389 -base.py- BasePage - INFO - 执行成功
2020-05-08 14:43:37,414 -caidan_shouciHomepage1.py- shouci_homepage1 - INFO - 点击查询
2020-05-08 14:43:37,475 -base.py- BasePage - INFO - 执行成功
2020-05-08 14:43:37,930 -caidan_shouciHomepage1.py- shouci_homepage1 - INFO - 点击报案号
2020-05-08 14:43:42,971 -base.py- BasePage - INFO - 无手机图标
2020-05-08 14:43:49,710 -base.py- BasePage - INFO - 激活当前窗口
2020-05-08 14:43:51,731 -jiuzhen_type.py- jiuzhen - INFO - 点选事故类型
2020-05-08 14:43:51,768 -base.py- BasePage - INFO - 执行成功
2020-05-08 14:43:53,796 -jiuzhen_type.py- jiuzhen - INFO - 点选损失类型为：一般损伤
2020-05-08 14:43:53,833 -base.py- BasePage - INFO - 执行成功
2020-05-08 14:43:56,075 -jiuzhen_type.py- jiuzhen - INFO - 点选就诊类型为：无治疗
2020-05-08 14:43:56,144 -base.py- BasePage - INFO - 执行成功
2020-05-08 14:44:00,340 -yiban_Homepage1.py- yiban_homepage1 - INFO - 输入伤者姓名
2020-05-08 14:44:00,685 -base.py- BasePage - INFO - 执行成功
2020-05-08 14:44:02,685 -yiban_Homepage1.py- yiban_homepage1 - INFO - 输入联系电话
2020-05-08 14:44:02,889 -base.py- BasePage - INFO - 执行成功
2020-05-08 14:44:04,890 -yiban_Homepage1.py- yiban_homepage1 - INFO - 点选三者类型
2020-05-08 14:44:04,919 -base.py- BasePage - INFO - 执行成功
2020-05-08 14:44:07,079 -yiban_Homepage1.py- yiban_homepage1 - INFO - 输入身份证号码
2020-05-08 14:44:11,413 -yiban_Homepage1.py- yiban_homepage1 - INFO - 点选事故责任
2020-05-08 14:44:11,468 -base.py- BasePage - INFO - 执行成功
2020-05-08 14:44:13,719 -base.py- BasePage - INFO - 执行成功
2020-05-08 14:44:19,939 -yiban_Homepage1.py- yiban_homepage1 - INFO - 点击添加到诊断
2020-05-08 14:44:19,994 -base.py- BasePage - INFO - 执行成功
2020-05-08 14:44:22,166 -base.py- BasePage - INFO - 激活当前窗口
2020-05-08 14:44:26,222 -zhenduan_homepage.py- zhenduan_homepage - INFO - 点击伤情分类
2020-05-08 14:44:26,249 -base.py- BasePage - INFO - 执行成功
2020-05-08 14:44:28,322 -zhenduan_homepage.py- zhenduan_homepage - INFO - 点击头部
2020-05-08 14:44:28,373 -base.py- BasePage - INFO - 执行成功
2020-05-08 14:44:30,445 -zhenduan_homepage.py- zhenduan_homepage - INFO - 点击头皮
2020-05-08 14:44:30,501 -base.py- BasePage - INFO - 执行成功
2020-05-08 14:44:32,797 -zhenduan_homepage.py- zhenduan_homepage - INFO - 点选第一个伤情
2020-05-08 14:44:32,832 -base.py- BasePage - INFO - 执行成功
2020-05-08 14:44:34,904 -zhenduan_homepage.py- zhenduan_homepage - INFO - 点击添加到已选择
2020-05-08 14:44:34,959 -base.py- BasePage - INFO - 执行成功
2020-05-08 14:44:37,083 -zhenduan_homepage.py- zhenduan_homepage - INFO - 点击添加到主页面
2020-05-08 14:44:37,125 -base.py- BasePage - INFO - 执行成功
2020-05-08 14:44:40,097 -base.py- BasePage - INFO - 激活当前窗口
2020-05-08 14:44:44,131 -yiban_Homepage1.py- yiban_homepage1 - INFO - 点选任务接收人图标
2020-05-08 14:44:46,172 -base.py- BasePage - INFO - 执行成功
2020-05-08 14:44:50,655 -yiban_Homepage1.py- yiban_homepage1 - INFO - 输入用户姓名
2020-05-08 14:44:50,792 -base.py- BasePage - INFO - 执行成功
2020-05-08 14:44:52,792 -yiban_Homepage1.py- yiban_homepage1 - INFO - 点击查询按钮
2020-05-08 14:44:52,845 -base.py- BasePage - INFO - 执行成功
2020-05-08 14:44:55,287 -yiban_Homepage1.py- yiban_homepage1 - INFO - 双击任务接收人
2020-05-08 14:44:55,467 -base.py- BasePage - INFO - 双击正确
2020-05-08 14:44:57,494 -yiban_Homepage1.py- yiban_homepage1 - INFO - 输入查勘说明
2020-05-08 14:44:57,685 -base.py- BasePage - INFO - 执行成功
2020-05-08 14:44:59,685 -yiban_Homepage1.py- yiban_homepage1 - INFO - 点击提交按钮
2020-05-08 14:44:59,728 -base.py- BasePage - INFO - 执行成功
2020-05-08 14:45:01,820 -yiban_Homepage1.py- yiban_homepage1 - INFO - 点击确认按钮
2020-05-08 14:45:01,865 -base.py- BasePage - INFO - 执行成功
2020-05-08 14:45:09,987 -base.py- BasePage - INFO - 无风险提示弹框
2020-05-08 14:45:09,988 -base.py- BasePage - INFO - 无风险提醒
2020-05-08 14:45:14,035 -base.py- BasePage - INFO - 提交结果成功
2020-05-08 14:45:18,048 -am_yibanWu.py- yibanWu - INFO - --------------------------  一般损伤+无治疗场景执行完毕 -----------------------
2020-05-08 14:47:54,481 -browser_engine.py- BrowserEngine - INFO - 使用Chrome浏览器
2020-05-08 14:47:56,840 -browser_engine.py- BrowserEngine - INFO - 打开医疗云系统
2020-05-08 14:48:01,048 -am_yibanWu.py- yibanWu - INFO - --------------------------  一般损伤+无治疗场景开始执行  -----------------------
2020-05-08 14:48:01,049 -caidan_shouciHomepage1.py- shouci_homepage1 - INFO - 点击首次查勘------处理任务
2020-05-08 14:48:01,204 -base.py- BasePage - INFO - 执行成功
2020-05-08 14:48:04,424 -caidan_shouciHomepage1.py- shouci_homepage1 - INFO - 点选待处理
2020-05-08 14:48:04,490 -base.py- BasePage - INFO - 执行成功
2020-05-08 14:48:06,533 -caidan_shouciHomepage1.py- shouci_homepage1 - INFO - 点击查询
2020-05-08 14:48:06,569 -base.py- BasePage - INFO - 执行成功
2020-05-08 14:48:07,040 -caidan_shouciHomepage1.py- shouci_homepage1 - INFO - 点击报案号
2020-05-08 14:48:12,076 -base.py- BasePage - INFO - 无手机图标
2020-05-08 14:48:19,461 -base.py- BasePage - INFO - 激活当前窗口
2020-05-08 14:48:21,476 -jiuzhen_type.py- jiuzhen - INFO - 点选事故类型
2020-05-08 14:48:21,509 -base.py- BasePage - INFO - 执行成功
2020-05-08 14:48:23,538 -jiuzhen_type.py- jiuzhen - INFO - 点选损失类型为：一般损伤
2020-05-08 14:48:23,572 -base.py- BasePage - INFO - 执行成功
2020-05-08 14:48:25,766 -jiuzhen_type.py- jiuzhen - INFO - 点选就诊类型为：无治疗
2020-05-08 14:48:25,860 -base.py- BasePage - INFO - 执行成功
2020-05-08 14:48:30,020 -yiban_Homepage1.py- yiban_homepage1 - INFO - 输入伤者姓名
2020-05-08 14:48:30,275 -base.py- BasePage - INFO - 执行成功
2020-05-08 14:48:32,276 -yiban_Homepage1.py- yiban_homepage1 - INFO - 输入联系电话
2020-05-08 14:48:32,501 -base.py- BasePage - INFO - 执行成功
2020-05-08 14:48:34,501 -yiban_Homepage1.py- yiban_homepage1 - INFO - 点选三者类型
2020-05-08 14:48:34,537 -base.py- BasePage - INFO - 执行成功
2020-05-08 14:48:36,730 -yiban_Homepage1.py- yiban_homepage1 - INFO - 输入身份证号码
2020-05-08 14:48:41,063 -yiban_Homepage1.py- yiban_homepage1 - INFO - 点选事故责任
2020-05-08 14:48:41,101 -base.py- BasePage - INFO - 执行成功
2020-05-08 14:48:43,323 -base.py- BasePage - INFO - 执行成功
2020-05-08 14:48:49,555 -yiban_Homepage1.py- yiban_homepage1 - INFO - 点击添加到诊断
2020-05-08 14:48:49,598 -base.py- BasePage - INFO - 执行成功
2020-05-08 14:48:51,870 -base.py- BasePage - INFO - 激活当前窗口
2020-05-08 14:48:55,920 -zhenduan_homepage.py- zhenduan_homepage - INFO - 点击伤情分类
2020-05-08 14:48:55,950 -base.py- BasePage - INFO - 执行成功
2020-05-08 14:48:58,093 -zhenduan_homepage.py- zhenduan_homepage - INFO - 点击头部
2020-05-08 14:48:58,509 -base.py- BasePage - INFO - 执行成功
2020-05-08 14:49:00,589 -zhenduan_homepage.py- zhenduan_homepage - INFO - 点击头皮
2020-05-08 14:49:00,658 -base.py- BasePage - INFO - 执行成功
2020-05-08 14:49:05,509 -zhenduan_homepage.py- zhenduan_homepage - INFO - 点选第一个伤情
2020-05-08 14:49:05,548 -base.py- BasePage - INFO - 执行成功
2020-05-08 14:49:07,634 -zhenduan_homepage.py- zhenduan_homepage - INFO - 点击添加到已选择
2020-05-08 14:49:07,705 -base.py- BasePage - INFO - 执行成功
2020-05-08 14:49:09,816 -zhenduan_homepage.py- zhenduan_homepage - INFO - 点击添加到主页面
2020-05-08 14:49:09,861 -base.py- BasePage - INFO - 执行成功
2020-05-08 14:49:20,823 -base.py- BasePage - INFO - 激活当前窗口
2020-05-08 14:49:25,058 -yiban_Homepage1.py- yiban_homepage1 - INFO - 点选任务接收人图标
2020-05-08 14:49:27,103 -base.py- BasePage - INFO - 执行成功
2020-05-08 14:49:32,941 -yiban_Homepage1.py- yiban_homepage1 - INFO - 输入用户姓名
2020-05-08 14:49:33,042 -base.py- BasePage - INFO - 执行成功
2020-05-08 14:49:35,043 -yiban_Homepage1.py- yiban_homepage1 - INFO - 点击查询按钮
2020-05-08 14:49:35,160 -base.py- BasePage - INFO - 执行成功
2020-05-08 14:49:39,943 -yiban_Homepage1.py- yiban_homepage1 - INFO - 双击任务接收人
2020-05-08 14:49:40,111 -base.py- BasePage - INFO - 双击正确
2020-05-08 14:49:42,128 -yiban_Homepage1.py- yiban_homepage1 - INFO - 输入查勘说明
2020-05-08 14:49:42,287 -base.py- BasePage - INFO - 执行成功
2020-05-08 14:49:44,287 -yiban_Homepage1.py- yiban_homepage1 - INFO - 点击提交按钮
2020-05-08 14:49:44,350 -base.py- BasePage - INFO - 执行成功
2020-05-08 14:49:46,457 -yiban_Homepage1.py- yiban_homepage1 - INFO - 点击确认按钮
2020-05-08 14:49:46,496 -base.py- BasePage - INFO - 执行成功
2020-05-08 14:49:57,105 -base.py- BasePage - INFO - 无风险提示弹框
2020-05-08 14:49:57,105 -base.py- BasePage - INFO - 无风险提醒
2020-05-08 14:50:01,142 -base.py- BasePage - INFO - 提交结果成功
2020-05-08 14:50:05,159 -am_yibanWu.py- yibanWu - INFO - --------------------------  一般损伤+无治疗场景执行完毕 -----------------------
2020-05-08 14:59:00,764 -browser_engine.py- BrowserEngine - INFO - 使用Chrome浏览器
2020-05-08 14:59:02,517 -browser_engine.py- BrowserEngine - INFO - 打开医疗云系统
2020-05-08 14:59:06,777 -am_yibanWu.py- yibanWu - INFO - --------------------------  一般损伤+无治疗场景开始执行  -----------------------
2020-05-08 14:59:06,777 -caidan_shouciHomepage1.py- shouci_homepage1 - INFO - 点击首次查勘------处理任务
2020-05-08 14:59:06,951 -base.py- BasePage - INFO - 执行成功
2020-05-08 14:59:09,827 -caidan_shouciHomepage1.py- shouci_homepage1 - INFO - 点选待处理
2020-05-08 14:59:09,893 -base.py- BasePage - INFO - 执行成功
2020-05-08 14:59:11,935 -caidan_shouciHomepage1.py- shouci_homepage1 - INFO - 点击查询
2020-05-08 14:59:11,971 -base.py- BasePage - INFO - 执行成功
2020-05-08 14:59:12,407 -caidan_shouciHomepage1.py- shouci_homepage1 - INFO - 点击报案号
2020-05-08 14:59:17,432 -base.py- BasePage - INFO - 无手机图标
2020-05-08 14:59:23,223 -base.py- BasePage - INFO - 激活当前窗口
2020-05-08 14:59:25,241 -jiuzhen_type.py- jiuzhen - INFO - 点选事故类型
2020-05-08 14:59:25,290 -base.py- BasePage - INFO - 执行成功
2020-05-08 14:59:27,328 -jiuzhen_type.py- jiuzhen - INFO - 点选损失类型为：一般损伤
2020-05-08 14:59:27,367 -base.py- BasePage - INFO - 执行成功
2020-05-08 14:59:29,589 -jiuzhen_type.py- jiuzhen - INFO - 点选就诊类型为：无治疗
2020-05-08 14:59:29,632 -base.py- BasePage - INFO - 执行成功
2020-05-08 14:59:33,804 -yiban_Homepage1.py- yiban_homepage1 - INFO - 输入伤者姓名
2020-05-08 14:59:34,167 -base.py- BasePage - INFO - 执行成功
2020-05-08 14:59:36,167 -yiban_Homepage1.py- yiban_homepage1 - INFO - 输入联系电话
2020-05-08 14:59:36,408 -base.py- BasePage - INFO - 执行成功
2020-05-08 14:59:38,408 -yiban_Homepage1.py- yiban_homepage1 - INFO - 点选三者类型
2020-05-08 14:59:38,450 -base.py- BasePage - INFO - 执行成功
2020-05-08 14:59:40,658 -yiban_Homepage1.py- yiban_homepage1 - INFO - 输入身份证号码
2020-05-08 14:59:45,123 -yiban_Homepage1.py- yiban_homepage1 - INFO - 点选事故责任
2020-05-08 14:59:45,164 -base.py- BasePage - INFO - 执行成功
2020-05-08 14:59:47,391 -base.py- BasePage - INFO - 执行成功
2020-05-08 14:59:53,597 -yiban_Homepage1.py- yiban_homepage1 - INFO - 点击添加到诊断
2020-05-08 14:59:53,634 -base.py- BasePage - INFO - 执行成功
2020-05-08 14:59:55,831 -base.py- BasePage - INFO - 激活当前窗口
2020-05-08 14:59:59,877 -zhenduan_homepage.py- zhenduan_homepage - INFO - 点击伤情分类
2020-05-08 14:59:59,912 -base.py- BasePage - INFO - 执行成功
2020-05-08 15:00:02,028 -zhenduan_homepage.py- zhenduan_homepage - INFO - 点击头部
2020-05-08 15:00:02,066 -base.py- BasePage - INFO - 执行成功
2020-05-08 15:00:04,137 -zhenduan_homepage.py- zhenduan_homepage - INFO - 点击头皮
2020-05-08 15:00:04,187 -base.py- BasePage - INFO - 执行成功
2020-05-08 15:00:06,582 -zhenduan_homepage.py- zhenduan_homepage - INFO - 点选第一个伤情
2020-05-08 15:00:06,613 -base.py- BasePage - INFO - 执行成功
2020-05-08 15:00:08,698 -zhenduan_homepage.py- zhenduan_homepage - INFO - 点击添加到已选择
2020-05-08 15:00:08,735 -base.py- BasePage - INFO - 执行成功
2020-05-08 15:00:10,832 -zhenduan_homepage.py- zhenduan_homepage - INFO - 点击添加到主页面
2020-05-08 15:00:10,860 -base.py- BasePage - INFO - 执行成功
2020-05-08 15:00:13,924 -base.py- BasePage - INFO - 激活当前窗口
2020-05-08 15:00:17,957 -yiban_Homepage1.py- yiban_homepage1 - INFO - 点选任务接收人图标
2020-05-08 15:00:19,998 -base.py- BasePage - INFO - 执行成功
2020-05-08 15:00:24,506 -yiban_Homepage1.py- yiban_homepage1 - INFO - 输入用户姓名
2020-05-08 15:00:24,670 -base.py- BasePage - INFO - 执行成功
2020-05-08 15:00:26,672 -yiban_Homepage1.py- yiban_homepage1 - INFO - 点击查询按钮
2020-05-08 15:00:26,715 -base.py- BasePage - INFO - 执行成功
2020-05-08 15:00:29,180 -yiban_Homepage1.py- yiban_homepage1 - INFO - 双击任务接收人
2020-05-08 15:00:29,365 -base.py- BasePage - INFO - 双击正确
2020-05-08 15:00:31,381 -yiban_Homepage1.py- yiban_homepage1 - INFO - 输入查勘说明
2020-05-08 15:00:31,608 -base.py- BasePage - INFO - 执行成功
2020-05-08 15:00:33,608 -yiban_Homepage1.py- yiban_homepage1 - INFO - 点击提交按钮
2020-05-08 15:00:33,646 -base.py- BasePage - INFO - 执行成功
2020-05-08 15:00:35,773 -yiban_Homepage1.py- yiban_homepage1 - INFO - 点击确认按钮
2020-05-08 15:00:35,818 -base.py- BasePage - INFO - 执行成功
2020-05-08 15:00:43,965 -base.py- BasePage - INFO - 无风险提示弹框
2020-05-08 15:00:43,965 -base.py- BasePage - INFO - 无风险提醒
2020-05-08 15:00:48,005 -base.py- BasePage - INFO - 提交结果成功
2020-05-08 15:00:52,021 -am_yibanWu.py- yibanWu - INFO - --------------------------  一般损伤+无治疗场景执行完毕 -----------------------
